## SLURM PROLOG ###############################################################
##    Job ID : 1331606
##  Job Name : ch_pinn_fh
##  Nodelist : node2349
##      CPUs : 
##  Mem/Node : 16384 MB
## Directory : /oscar/home/dwong33/DRP/Optimizing_the_Optimizer_PINNs
##   Job Started : Mon Apr  6 10:16:29 PM EDT 2026
###############################################################################
========================================================================
SLURM Job ID:       1331606
Array Task ID:      18
Config index:       6
Config file:        configs/v2_fh_ablation/H4_rad_k2_2p0.yaml
Seed:               1
Reference file:     reference_solution_t10_dt0p01.npz
Hostname:           node2349.oscar.ccv.brown.edu
Date:               Mon Apr  6 10:16:33 PM EDT 2026
Working directory:  /oscar/home/dwong33/DRP/Optimizing_the_Optimizer_PINNs
Python:             /oscar/home/dwong33/DRP/.venv/bin/python
========================================================================
======================================================================
Cahn-Hilliard PINN — Batch Training
Config: configs/v2_fh_ablation/H4_rad_k2_2p0.yaml
Seed override: 1
======================================================================
Config : H4_rad_k2_2p0
  PDE  : dU/dt = 1.0*lap(lap U + 1.0*U + 1.0*U^3)
  Domain: x=[0.0,128.0], y=[0.0,128.0], t=[0.0,10.0]
  Net  : (3, 20, 20, 20, 20, 1)  activation=tanh
  Train: Adam(1000) -> SSBroyden2(50000)
  Samp : Nint=10000, N0=1000, Nb=500, RAD=on
  Device: cpu

Trainable parameters : 1361
Reference eval: /oscar/home/dwong33/DRP/Optimizing_the_Optimizer_PINNs/reference_solution_t10_dt0p01.npz (21 times)
Phase 1 optimizer: ADAM  lr=0.001
Adam  epoch   500/1000  loss=2.9593e-02  pde=6.3761e-06  ic=5.9112e-03  bc=6.0271e-06
Adam  epoch  1000/1000  loss=3.1183e-02  pde=4.1638e-06  ic=6.2303e-03  bc=5.5694e-06

Adam phase complete: 508.2s  final loss=3.1183e-02
SSBroyden2  iter   500/50000  loss=8.5209e-03  pde=5.6944e-04  ic=1.5242e-03  bc=6.6134e-05
SSBroyden2  iter  1000/50000  loss=3.5984e-03  pde=6.7249e-04  ic=5.4015e-04  bc=4.5018e-05
SSBroyden2  iter  1500/50000  loss=2.2281e-03  pde=3.7080e-04  ic=3.3605e-04  bc=3.5401e-05
SSBroyden2  iter  2000/50000  loss=1.2984e-03  pde=2.8312e-04  ic=1.8502e-04  bc=1.8029e-05
SSBroyden2  iter  2500/50000  loss=9.7438e-04  pde=2.7342e-04  ic=1.3488e-04  bc=5.3090e-06
SSBroyden2  iter  3000/50000  loss=6.8738e-04  pde=2.4356e-04  ic=8.4069e-05  bc=4.6949e-06
SSBroyden2  iter  3500/50000  loss=7.4708e-04  pde=2.7018e-04  ic=9.0527e-05  bc=4.8542e-06
SSBroyden2  iter  4000/50000  loss=6.9301e-04  pde=2.3825e-04  ic=8.6200e-05  bc=4.7512e-06
SSBroyden2  iter  4500/50000  loss=6.2327e-04  pde=2.4408e-04  ic=7.0315e-05  bc=5.5231e-06
SSBroyden2  iter  5000/50000  loss=5.2762e-04  pde=2.2769e-04  ic=5.7043e-05  bc=2.9434e-06
SSBroyden2  iter  5500/50000  loss=5.4570e-04  pde=2.4599e-04  ic=5.6805e-05  bc=3.1360e-06
SSBroyden2  iter  6000/50000  loss=5.4500e-04  pde=2.3419e-04  ic=5.8385e-05  bc=3.7783e-06
SSBroyden2  iter  6500/50000  loss=5.3187e-04  pde=2.3795e-04  ic=5.6039e-05  bc=2.7462e-06
SSBroyden2  iter  7000/50000  loss=5.5654e-04  pde=2.4920e-04  ic=5.8520e-05  bc=2.9474e-06
SSBroyden2  iter  7500/50000  loss=5.0788e-04  pde=2.3074e-04  ic=5.2139e-05  bc=3.2892e-06
SSBroyden2  iter  8000/50000  loss=5.0382e-04  pde=2.2372e-04  ic=5.3501e-05  bc=2.5178e-06
SSBroyden2  iter  8500/50000  loss=4.6105e-04  pde=2.2692e-04  ic=4.4011e-05  bc=2.8139e-06
SSBroyden2  iter  9000/50000  loss=5.0707e-04  pde=2.4088e-04  ic=5.0964e-05  bc=2.2731e-06
SSBroyden2  iter  9500/50000  loss=5.1422e-04  pde=2.3295e-04  ic=5.3427e-05  bc=2.8256e-06
SSBroyden2  iter 10000/50000  loss=4.7631e-04  pde=2.2746e-04  ic=4.7123e-05  bc=2.6466e-06
SSBroyden2  iter 10500/50000  loss=5.2637e-04  pde=2.2502e-04  ic=5.7167e-05  bc=3.1029e-06
SSBroyden2  iter 11000/50000  loss=5.0310e-04  pde=2.1705e-04  ic=5.4472e-05  bc=2.7394e-06
SSBroyden2  iter 11500/50000  loss=5.0377e-04  pde=2.2028e-04  ic=5.4221e-05  bc=2.4780e-06
SSBroyden2  iter 12000/50000  loss=4.7411e-04  pde=2.4197e-04  ic=4.4283e-05  bc=2.1447e-06
SSBroyden2  iter 12500/50000  loss=4.6886e-04  pde=2.1331e-04  ic=4.9663e-05  bc=1.4473e-06
SSBroyden2  iter 13000/50000  loss=4.6977e-04  pde=2.3293e-04  ic=4.5152e-05  bc=2.2167e-06
SSBroyden2  iter 13500/50000  loss=4.8956e-04  pde=2.2803e-04  ic=4.9364e-05  bc=2.9433e-06
SSBroyden2  iter 14000/50000  loss=4.7462e-04  pde=2.2476e-04  ic=4.7559e-05  bc=2.4123e-06
SSBroyden2  iter 14500/50000  loss=4.3271e-04  pde=2.2743e-04  ic=3.9472e-05  bc=1.5831e-06
SSBroyden2  iter 15000/50000  loss=4.1602e-04  pde=2.2402e-04  ic=3.6494e-05  bc=1.9075e-06
SSBroyden2  iter 15500/50000  loss=4.2898e-04  pde=2.1734e-04  ic=3.9911e-05  bc=2.4171e-06
SSBroyden2  iter 16000/50000  loss=4.3461e-04  pde=2.2040e-04  ic=4.0758e-05  bc=2.0821e-06
SSBroyden2  iter 16500/50000  loss=4.5030e-04  pde=2.2101e-04  ic=4.3290e-05  bc=2.5675e-06
SSBroyden2  iter 17000/50000  loss=4.4792e-04  pde=2.1877e-04  ic=4.3504e-05  bc=2.3270e-06
SSBroyden2  iter 17500/50000  loss=4.3462e-04  pde=2.3002e-04  ic=3.8464e-05  bc=2.4550e-06
SSBroyden2  iter 18000/50000  loss=4.5523e-04  pde=2.2459e-04  ic=4.4296e-05  bc=1.8326e-06
SSBroyden2  iter 18500/50000  loss=4.4465e-04  pde=2.2236e-04  ic=4.1919e-05  bc=2.5390e-06
SSBroyden2  iter 19000/50000  loss=3.7508e-04  pde=2.0008e-04  ic=3.3160e-05  bc=1.8393e-06
SSBroyden2  iter 19500/50000  loss=4.2503e-04  pde=2.0537e-04  ic=4.1930e-05  bc=2.0032e-06
SSBroyden2  iter 20000/50000  loss=4.3267e-04  pde=2.2786e-04  ic=3.9291e-05  bc=1.6695e-06
SSBroyden2  iter 20500/50000  loss=4.1343e-04  pde=2.1145e-04  ic=3.8284e-05  bc=2.1118e-06
SSBroyden2  iter 21000/50000  loss=3.8134e-04  pde=1.9805e-04  ic=3.4596e-05  bc=2.0616e-06
SSBroyden2  iter 21500/50000  loss=3.9306e-04  pde=2.0840e-04  ic=3.5061e-05  bc=1.8705e-06
SSBroyden2  iter 22000/50000  loss=3.8844e-04  pde=2.0481e-04  ic=3.4626e-05  bc=2.0990e-06
SSBroyden2  iter 22500/50000  loss=3.5267e-04  pde=1.9697e-04  ic=2.9212e-05  bc=1.9286e-06
SSBroyden2  iter 23000/50000  loss=4.0690e-04  pde=2.1400e-04  ic=3.6769e-05  bc=1.8110e-06
SSBroyden2  iter 23500/50000  loss=3.9576e-04  pde=2.2032e-04  ic=3.2983e-05  bc=2.1039e-06
SSBroyden2  iter 24000/50000  loss=4.5788e-04  pde=2.2767e-04  ic=4.3370e-05  bc=2.6721e-06
SSBroyden2  iter 24500/50000  loss=3.9423e-04  pde=2.2358e-04  ic=3.2850e-05  bc=1.2792e-06
SSBroyden2  iter 25000/50000  loss=3.8220e-04  pde=2.1259e-04  ic=3.2550e-05  bc=1.3732e-06
SSBroyden2  iter 25500/50000  loss=4.0852e-04  pde=2.1262e-04  ic=3.7014e-05  bc=2.1656e-06
SSBroyden2  iter 26000/50000  loss=3.7432e-04  pde=2.0441e-04  ic=3.2571e-05  bc=1.4114e-06
SSBroyden2  iter 26500/50000  loss=3.9926e-04  pde=2.0418e-04  ic=3.7431e-05  bc=1.5849e-06
SSBroyden2  iter 27000/50000  loss=3.8818e-04  pde=1.9643e-04  ic=3.5883e-05  bc=2.4676e-06
SSBroyden2  iter 27500/50000  loss=3.9086e-04  pde=2.2367e-04  ic=3.1629e-05  bc=1.8073e-06
SSBroyden2  iter 28000/50000  loss=3.8819e-04  pde=2.1733e-04  ic=3.2146e-05  bc=2.0268e-06
SSBroyden2  iter 28500/50000  loss=3.8527e-04  pde=2.0552e-04  ic=3.4182e-05  bc=1.7686e-06
SSBroyden2  iter 29000/50000  loss=3.8319e-04  pde=2.1396e-04  ic=3.1810e-05  bc=2.0348e-06
SSBroyden2  iter 29500/50000  loss=3.5691e-04  pde=1.9654e-04  ic=3.0122e-05  bc=1.9514e-06
SSBroyden2  iter 30000/50000  loss=3.5917e-04  pde=2.0903e-04  ic=2.8402e-05  bc=1.6261e-06
SSBroyden2  iter 30500/50000  loss=4.1767e-04  pde=2.2155e-04  ic=3.6916e-05  bc=2.3069e-06
SSBroyden2  iter 31000/50000  loss=3.8685e-04  pde=2.1149e-04  ic=3.3045e-05  bc=2.0270e-06
SSBroyden2  iter 31500/50000  loss=3.6313e-04  pde=2.0740e-04  ic=2.9626e-05  bc=1.5189e-06
SSBroyden2  iter 32000/50000  loss=3.8842e-04  pde=2.3118e-04  ic=2.9791e-05  bc=1.6578e-06
SSBroyden2  iter 32500/50000  loss=3.4071e-04  pde=2.0579e-04  ic=2.5650e-05  bc=1.3349e-06
SSBroyden2  iter 33000/50000  loss=3.7150e-04  pde=2.1019e-04  ic=3.0234e-05  bc=2.0289e-06
SSBroyden2  iter 33500/50000  loss=3.5736e-04  pde=2.0463e-04  ic=2.9106e-05  bc=1.4389e-06
SSBroyden2  iter 34000/50000  loss=3.4510e-04  pde=1.9939e-04  ic=2.7645e-05  bc=1.4963e-06
SSBroyden2  iter 34500/50000  loss=3.7424e-04  pde=2.1646e-04  ic=2.9894e-05  bc=1.6612e-06
SSBroyden2  iter 35000/50000  loss=3.5994e-04  pde=2.1184e-04  ic=2.8131e-05  bc=1.4899e-06
SSBroyden2  iter 35500/50000  loss=3.6548e-04  pde=1.9990e-04  ic=3.1861e-05  bc=1.2560e-06
SSBroyden2  iter 36000/50000  loss=3.8314e-04  pde=2.2120e-04  ic=3.0166e-05  bc=2.2218e-06
SSBroyden2  iter 36500/50000  loss=3.9982e-04  pde=2.0641e-04  ic=3.5977e-05  bc=2.7063e-06
SSBroyden2  iter 37000/50000  loss=3.6958e-04  pde=2.0984e-04  ic=3.0650e-05  bc=1.2975e-06
SSBroyden2  iter 37500/50000  loss=3.5061e-04  pde=2.0836e-04  ic=2.6995e-05  bc=1.4552e-06
SSBroyden2  iter 38000/50000  loss=3.5550e-04  pde=2.0429e-04  ic=2.8361e-05  bc=1.8805e-06
SSBroyden2  iter 38500/50000  loss=3.7283e-04  pde=2.0572e-04  ic=3.1906e-05  bc=1.5164e-06
SSBroyden2  iter 39000/50000  loss=3.6381e-04  pde=2.0568e-04  ic=2.9992e-05  bc=1.6354e-06
SSBroyden2  iter 39500/50000  loss=3.7531e-04  pde=2.1178e-04  ic=3.1353e-05  bc=1.3525e-06
SSBroyden2  iter 40000/50000  loss=3.8284e-04  pde=2.1693e-04  ic=3.1640e-05  bc=1.5420e-06
SSBroyden2  iter 40500/50000  loss=3.8495e-04  pde=2.1564e-04  ic=3.2688e-05  bc=1.1742e-06
SSBroyden2  iter 41000/50000  loss=3.7948e-04  pde=2.0156e-04  ic=3.4050e-05  bc=1.5336e-06
SSBroyden2  iter 41500/50000  loss=3.4899e-04  pde=1.9398e-04  ic=2.9573e-05  bc=1.4293e-06
SSBroyden2  iter 42000/50000  loss=3.5541e-04  pde=2.1165e-04  ic=2.7089e-05  bc=1.6639e-06
SSBroyden2  iter 42500/50000  loss=3.4835e-04  pde=1.9729e-04  ic=2.8433e-05  bc=1.7790e-06
SSBroyden2  iter 43000/50000  loss=3.3567e-04  pde=2.0327e-04  ic=2.4395e-05  bc=2.0847e-06
SSBroyden2  iter 43500/50000  loss=3.4442e-04  pde=2.1261e-04  ic=2.4897e-05  bc=1.4658e-06
SSBroyden2  iter 44000/50000  loss=3.4347e-04  pde=2.0233e-04  ic=2.6827e-05  bc=1.4011e-06
SSBroyden2  iter 44500/50000  loss=3.4544e-04  pde=2.0409e-04  ic=2.6172e-05  bc=2.0973e-06
SSBroyden2  iter 45000/50000  loss=3.3411e-04  pde=2.0201e-04  ic=2.5310e-05  bc=1.1093e-06
SSBroyden2  iter 45500/50000  loss=3.5566e-04  pde=2.0695e-04  ic=2.8000e-05  bc=1.7413e-06
SSBroyden2  iter 46000/50000  loss=3.5142e-04  pde=1.9700e-04  ic=2.9019e-05  bc=1.8637e-06
SSBroyden2  iter 46500/50000  loss=3.4912e-04  pde=2.0255e-04  ic=2.7711e-05  bc=1.6020e-06
SSBroyden2  iter 47000/50000  loss=3.3810e-04  pde=2.0004e-04  ic=2.6089e-05  bc=1.5223e-06
SSBroyden2  iter 47500/50000  loss=3.6942e-04  pde=2.0550e-04  ic=3.0603e-05  bc=2.1815e-06
SSBroyden2  iter 48000/50000  loss=3.5358e-04  pde=2.0357e-04  ic=2.8081e-05  bc=1.9205e-06
SSBroyden2  iter 48500/50000  loss=3.7028e-04  pde=2.0190e-04  ic=3.1889e-05  bc=1.7872e-06
SSBroyden2  iter 49000/50000  loss=3.5603e-04  pde=2.0252e-04  ic=2.8810e-05  bc=1.8907e-06
SSBroyden2  iter 49500/50000  loss=3.7187e-04  pde=1.9819e-04  ic=3.2705e-05  bc=2.0298e-06
SSBroyden2  iter 50000/50000  loss=3.4416e-04  pde=2.0657e-04  ic=2.5964e-05  bc=1.5553e-06

SSBroyden2 phase complete: 36205.9s
Total training time: 36714.1s

Model saved to results/H4_rad_k2_2p0/seed_1/model.pt
Metrics saved to results/H4_rad_k2_2p0/seed_1/metrics.npz

Mass conservation diagnostic (<U> over domain at 21 times):
  <U>(t=0.0) = -0.004862
  <U>(t=10.0) = -0.005104
  max drift       = 2.42e-04

Loading reference solution from /oscar/home/dwong33/DRP/Optimizing_the_Optimizer_PINNs/reference_solution_t10_dt0p01.npz ...
  Per-snapshot relative L2 errors:
    t=0.0  L2_rel=5.0634e-01
    t=2.5  L2_rel=9.9180e-01
    t=5.0  L2_rel=1.4444e+00
    t=7.5  L2_rel=1.8075e+00
    t=10.0  L2_rel=2.1133e+00
  Overall relative L2 = 1.1168e+00
  Saved comparison_snapshots.png
Summary saved to results/H4_rad_k2_2p0/seed_1/summary.json

Plots saved to results/H4_rad_k2_2p0/seed_1/

======================================================================
EXPERIMENT COMPLETE: H4_rad_k2_2p0
  Adam: 1000 epochs, 508.2s
  BFGS: 50000 iters (SSBroyden2), 36205.9s
  Total: 36714.1s
  Final loss: 3.4416e-04
  Final relative L2: 1.1997e+00
  Results: results/H4_rad_k2_2p0/seed_1/
======================================================================

========================================================================
Job finished at Tue Apr  7 08:28:51 AM EDT 2026
Exit code: 0
========================================================================
