## SLURM PROLOG ###############################################################
##    Job ID : 1315314
##  Job Name : ch_pinn_fh
##  Nodelist : node2321
##      CPUs : 
##  Mem/Node : 16384 MB
## Directory : /oscar/home/dwong33/DRP/Optimizing_the_Optimizer_PINNs
##   Job Started : Mon Apr  6 04:19:35 PM EDT 2026
###############################################################################
========================================================================
SLURM Job ID:       1315314
Array Task ID:      7
Config index:       2
Config file:        configs/v2_fh_ablation/F6_adam_resample_1000.yaml
Seed:               2
Reference file:     reference_solution_t10_dt0p01.npz
Hostname:           node2321.oscar.ccv.brown.edu
Date:               Mon Apr  6 04:19:39 PM EDT 2026
Working directory:  /oscar/home/dwong33/DRP/Optimizing_the_Optimizer_PINNs
Python:             /oscar/home/dwong33/DRP/.venv/bin/python
========================================================================
======================================================================
Cahn-Hilliard PINN — Batch Training
Config: configs/v2_fh_ablation/F6_adam_resample_1000.yaml
Seed override: 2
======================================================================
Config : F6_adam_resample_1000
  PDE  : dU/dt = 1.0*lap(lap U + 1.0*U + 1.0*U^3)
  Domain: x=[0.0,128.0], y=[0.0,128.0], t=[0.0,10.0]
  Net  : (3, 20, 20, 20, 20, 1)  activation=tanh
  Train: Adam(1000) -> SSBroyden2(50000)
  Samp : Nint=10000, N0=1000, Nb=500, RAD=on
  Device: cpu

Trainable parameters : 1361
Reference eval: /oscar/home/dwong33/DRP/Optimizing_the_Optimizer_PINNs/reference_solution_t10_dt0p01.npz (21 times)
Phase 1 optimizer: ADAM  lr=0.001
Adam  epoch   500/1000  loss=3.1283e-02  pde=2.0188e-05  ic=6.2457e-03  bc=6.7415e-06
Adam  epoch  1000/1000  loss=3.0993e-02  pde=1.5098e-05  ic=6.1823e-03  bc=1.3395e-05

Adam phase complete: 442.1s  final loss=3.0993e-02
SSBroyden2  iter   500/50000  loss=1.0105e-02  pde=6.7246e-04  ic=1.8687e-03  bc=1.7708e-05
SSBroyden2  iter  1000/50000  loss=4.6980e-03  pde=8.8689e-04  ic=7.5278e-04  bc=9.4379e-06
SSBroyden2  iter  1500/50000  loss=3.4223e-03  pde=7.9002e-04  ic=5.1407e-04  bc=1.2375e-05
SSBroyden2  iter  2000/50000  loss=2.2418e-03  pde=5.1749e-04  ic=3.3332e-04  bc=1.1552e-05
SSBroyden2  iter  2500/50000  loss=1.7251e-03  pde=3.8615e-04  ic=2.5558e-04  bc=1.2208e-05
SSBroyden2  iter  3000/50000  loss=1.4410e-03  pde=3.9153e-04  ic=1.9979e-04  bc=1.0101e-05
SSBroyden2  iter  3500/50000  loss=1.4337e-03  pde=3.4986e-04  ic=2.0263e-04  bc=1.4140e-05
SSBroyden2  iter  4000/50000  loss=1.0107e-03  pde=2.9009e-04  ic=1.3405e-04  bc=1.0072e-05
SSBroyden2  iter  4500/50000  loss=8.9407e-04  pde=2.6717e-04  ic=1.1912e-04  bc=6.2607e-06
SSBroyden2  iter  5000/50000  loss=8.5599e-04  pde=2.7214e-04  ic=1.0888e-04  bc=7.8945e-06
SSBroyden2  iter  5500/50000  loss=6.4745e-04  pde=2.2145e-04  ic=7.6148e-05  bc=9.0523e-06
SSBroyden2  iter  6000/50000  loss=5.8325e-04  pde=1.9404e-04  ic=7.2008e-05  bc=5.8347e-06
SSBroyden2  iter  6500/50000  loss=6.0552e-04  pde=2.1104e-04  ic=6.9683e-05  bc=9.2117e-06
SSBroyden2  iter  7000/50000  loss=6.2161e-04  pde=2.2130e-04  ic=7.3470e-05  bc=6.5913e-06
SSBroyden2  iter  7500/50000  loss=6.1391e-04  pde=1.9635e-04  ic=7.4120e-05  bc=9.3922e-06
SSBroyden2  iter  8000/50000  loss=4.7299e-04  pde=1.5891e-04  ic=5.7784e-05  bc=5.0308e-06
SSBroyden2  iter  8500/50000  loss=3.9406e-04  pde=1.5577e-04  ic=4.1000e-05  bc=6.6558e-06
SSBroyden2  iter  9000/50000  loss=4.8200e-04  pde=1.7943e-04  ic=5.3537e-05  bc=6.9758e-06
SSBroyden2  iter  9500/50000  loss=3.8660e-04  pde=1.4379e-04  ic=4.2970e-05  bc=5.5932e-06
SSBroyden2  iter 10000/50000  loss=4.5711e-04  pde=1.8129e-04  ic=4.9772e-05  bc=5.3922e-06
SSBroyden2  iter 10500/50000  loss=4.5446e-04  pde=1.6548e-04  ic=5.1988e-05  bc=5.8071e-06
SSBroyden2  iter 11000/50000  loss=3.5375e-04  pde=1.1198e-04  ic=4.4351e-05  bc=4.0015e-06
SSBroyden2  iter 11500/50000  loss=4.0594e-04  pde=1.5209e-04  ic=4.2708e-05  bc=8.0612e-06
SSBroyden2  iter 12000/50000  loss=4.0477e-04  pde=1.4877e-04  ic=4.6540e-05  bc=4.6598e-06
SSBroyden2  iter 12500/50000  loss=5.1062e-04  pde=1.3589e-04  ic=6.9588e-05  bc=5.3589e-06
SSBroyden2  iter 13000/50000  loss=4.9611e-04  pde=1.4531e-04  ic=6.5325e-05  bc=4.8344e-06
SSBroyden2  iter 13500/50000  loss=2.4480e-03  pde=3.0124e-04  ic=4.1681e-04  bc=1.2543e-05
SSBroyden2  iter 14000/50000  loss=7.5251e-03  pde=3.2195e-04  ic=1.4177e-03  bc=2.2884e-05
SSBroyden2  iter 14500/50000  loss=1.0685e-02  pde=6.1232e-04  ic=1.9943e-03  bc=2.0208e-05
SSBroyden2  iter 15000/50000  loss=8.0792e-03  pde=5.3081e-04  ic=1.5009e-03  bc=8.7460e-06
SSBroyden2  iter 15500/50000  loss=7.3571e-03  pde=5.1660e-04  ic=1.3374e-03  bc=3.0704e-05
SSBroyden2  iter 16000/50000  loss=1.3254e-02  pde=6.9336e-04  ic=2.3556e-03  bc=1.5644e-04
  [!] H lost positive-definiteness — resetting to I
SSBroyden2  iter 16500/50000  loss=1.1888e-02  pde=6.7868e-04  ic=2.1084e-03  bc=1.3344e-04
  [!] H lost positive-definiteness — resetting to I
SSBroyden2  iter 17000/50000  loss=3.0644e-02  pde=6.3322e-09  ic=6.1287e-03  bc=1.3872e-13
  [!] H lost positive-definiteness — resetting to I
SSBroyden2  iter 17500/50000  loss=2.9262e-02  pde=5.2472e-06  ic=5.8514e-03  bc=5.3394e-08
SSBroyden2  iter 18000/50000  loss=2.9825e-02  pde=7.0444e-06  ic=5.9633e-03  bc=2.3562e-07
SSBroyden2  iter 18500/50000  loss=2.7791e-02  pde=1.8507e-05  ic=5.5514e-03  bc=3.0253e-06
SSBroyden2  iter 19000/50000  loss=2.8419e-02  pde=7.1349e-05  ic=5.6603e-03  bc=9.2538e-06
SSBroyden2  iter 19500/50000  loss=2.8388e-02  pde=1.3582e-04  ic=5.6327e-03  bc=1.7676e-05
SSBroyden2  iter 20000/50000  loss=2.4307e-02  pde=4.2814e-04  ic=4.7528e-03  bc=2.2987e-05
SSBroyden2  iter 20500/50000  loss=2.2613e-02  pde=9.1077e-04  ic=4.3198e-03  bc=2.0686e-05
SSBroyden2  iter 21000/50000  loss=1.7387e-02  pde=3.3142e-04  ic=3.4074e-03  bc=3.5710e-06
SSBroyden2  iter 21500/50000  loss=1.8373e-02  pde=2.9895e-04  ic=3.6120e-03  bc=2.8880e-06
SSBroyden2  iter 22000/50000  loss=1.9311e-02  pde=7.7550e-04  ic=3.7022e-03  bc=4.9523e-06
SSBroyden2  iter 22500/50000  loss=2.2579e-02  pde=6.5872e-04  ic=4.2725e-03  bc=1.1145e-04
SSBroyden2  iter 23000/50000  loss=2.2431e-02  pde=5.5995e-04  ic=4.2346e-03  bc=1.3964e-04
SSBroyden2  iter 23500/50000  loss=2.1000e-02  pde=1.1126e-03  ic=3.9410e-03  bc=3.6589e-05
SSBroyden2  iter 24000/50000  loss=1.8932e-02  pde=6.8798e-04  ic=3.6296e-03  bc=1.9240e-05
SSBroyden2  iter 24500/50000  loss=1.7389e-02  pde=8.7827e-04  ic=3.2883e-03  bc=1.3929e-05
SSBroyden2  iter 25000/50000  loss=1.7530e-02  pde=4.3915e-04  ic=3.4151e-03  bc=3.0940e-06
SSBroyden2  iter 25500/50000  loss=1.7820e-02  pde=9.5380e-04  ic=3.3597e-03  bc=1.3516e-05
SSBroyden2  iter 26000/50000  loss=1.7476e-02  pde=1.0505e-03  ic=3.2769e-03  bc=8.2849e-06
  [!] H lost positive-definiteness — resetting to I
SSBroyden2  iter 26500/50000  loss=1.9123e-02  pde=1.1480e-03  ic=3.5787e-03  bc=1.6370e-05
  [!] H lost positive-definiteness — resetting to I
  [!] H lost positive-definiteness — resetting to I
SSBroyden2  iter 27000/50000  loss=2.2590e-02  pde=1.2974e-03  ic=4.2442e-03  bc=1.4249e-05
  [!] H lost positive-definiteness — resetting to I
  [!] H lost positive-definiteness — resetting to I
SSBroyden2  iter 27500/50000  loss=2.4731e-02  pde=2.1600e-03  ic=4.4782e-03  bc=3.5965e-05
  [!] H lost positive-definiteness — resetting to I
SSBroyden2  iter 28000/50000  loss=1.8645e-02  pde=9.7931e-04  ic=3.5232e-03  bc=9.9505e-06
  [!] H lost positive-definiteness — resetting to I
  [!] H lost positive-definiteness — resetting to I
  [!] H lost positive-definiteness — resetting to I
SSBroyden2  iter 28500/50000  loss=2.2325e-02  pde=1.5066e-03  ic=4.1511e-03  bc=1.2590e-05
  [!] H lost positive-definiteness — resetting to I
  [!] H lost positive-definiteness — resetting to I
SSBroyden2  iter 29000/50000  loss=6.9138e-02  pde=4.8916e-02  ic=4.0269e-03  bc=1.7541e-05
  [!] H lost positive-definiteness — resetting to I
SSBroyden2  iter 29500/50000  loss=1.8914e-02  pde=1.0548e-03  ic=3.5655e-03  bc=6.3669e-06
  [!] H lost positive-definiteness — resetting to I
SSBroyden2  iter 30000/50000  loss=1.8562e-02  pde=8.9083e-04  ic=3.5171e-03  bc=1.7190e-05
  [!] H lost positive-definiteness — resetting to I
  [!] H lost positive-definiteness — resetting to I
SSBroyden2  iter 30500/50000  loss=1.8701e-02  pde=1.0368e-03  ic=3.5178e-03  bc=1.5108e-05
  [!] H lost positive-definiteness — resetting to I
SSBroyden2  iter 31000/50000  loss=2.0618e-02  pde=1.0302e-03  ic=3.9023e-03  bc=1.5254e-05
  [!] H lost positive-definiteness — resetting to I
SSBroyden2  iter 31500/50000  loss=2.1622e-02  pde=1.4185e-03  ic=4.0281e-03  bc=1.2598e-05
  [!] H lost positive-definiteness — resetting to I
SSBroyden2  iter 32000/50000  loss=2.1650e-02  pde=1.1616e-03  ic=4.0761e-03  bc=2.1609e-05
  [!] H lost positive-definiteness — resetting to I
SSBroyden2  iter 32500/50000  loss=1.8395e-02  pde=7.2603e-04  ic=3.5202e-03  bc=1.3493e-05
  [!] H lost positive-definiteness — resetting to I
  [!] H lost positive-definiteness — resetting to I
  [!] H lost positive-definiteness — resetting to I
SSBroyden2  iter 33000/50000  loss=8.1365e-01  pde=7.9435e-01  ic=3.8417e-03  bc=1.9334e-05
SSBroyden2  iter 33500/50000  loss=2.0612e-02  pde=3.5897e-04  ic=4.0329e-03  bc=1.7664e-05
SSBroyden2  iter 34000/50000  loss=1.8362e-02  pde=6.5766e-04  ic=3.5348e-03  bc=5.9379e-06
SSBroyden2  iter 34500/50000  loss=1.8024e-02  pde=7.6155e-04  ic=3.4354e-03  bc=1.7067e-05
  [!] H lost positive-definiteness — resetting to I
SSBroyden2  iter 35000/50000  loss=2.1383e-02  pde=2.1709e-03  ic=3.8210e-03  bc=2.1474e-05
SSBroyden2  iter 35500/50000  loss=1.7850e-02  pde=9.9795e-04  ic=3.3570e-03  bc=1.3394e-05
SSBroyden2  iter 36000/50000  loss=1.8131e-02  pde=1.0287e-03  ic=3.4002e-03  bc=2.0165e-05
SSBroyden2  iter 36500/50000  loss=1.7461e-02  pde=9.7006e-04  ic=3.2676e-03  bc=3.0636e-05
SSBroyden2  iter 37000/50000  loss=1.5910e-02  pde=4.5325e-04  ic=3.0785e-03  bc=1.2895e-05
SSBroyden2  iter 37500/50000  loss=1.5575e-02  pde=4.3996e-04  ic=3.0152e-03  bc=1.1833e-05
SSBroyden2  iter 38000/50000  loss=1.6370e-02  pde=1.1196e-03  ic=3.0309e-03  bc=1.9249e-05
SSBroyden2  iter 38500/50000  loss=1.6968e-02  pde=1.1063e-03  ic=3.1478e-03  bc=2.4410e-05
SSBroyden2  iter 39000/50000  loss=1.7225e-02  pde=8.9229e-04  ic=3.2478e-03  bc=1.8858e-05
SSBroyden2  iter 39500/50000  loss=1.5047e-02  pde=4.1861e-04  ic=2.8964e-03  bc=2.9296e-05
SSBroyden2  iter 40000/50000  loss=1.4887e-02  pde=1.1928e-03  ic=2.7166e-03  bc=2.2201e-05
SSBroyden2  iter 40500/50000  loss=1.4489e-02  pde=4.3200e-04  ic=2.7847e-03  bc=2.6717e-05
SSBroyden2  iter 41000/50000  loss=2.6542e-02  pde=9.7902e-04  ic=5.0933e-03  bc=1.9280e-05
SSBroyden2  iter 41500/50000  loss=1.9753e-02  pde=7.7707e-04  ic=3.7776e-03  bc=1.7595e-05
SSBroyden2  iter 42000/50000  loss=1.6166e-02  pde=1.0200e-03  ic=3.0053e-03  bc=2.3951e-05
SSBroyden2  iter 42500/50000  loss=1.7536e-02  pde=8.2442e-04  ic=3.3272e-03  bc=1.5074e-05
SSBroyden2  iter 43000/50000  loss=1.6212e-02  pde=1.0304e-03  ic=3.0132e-03  bc=2.3225e-05
SSBroyden2  iter 43500/50000  loss=1.6549e-02  pde=3.8539e-04  ic=3.2107e-03  bc=2.1983e-05
SSBroyden2  iter 44000/50000  loss=1.3876e-02  pde=9.1662e-04  ic=2.5494e-03  bc=4.2386e-05
SSBroyden2  iter 44500/50000  loss=1.6110e-02  pde=9.2894e-04  ic=3.0052e-03  bc=3.1105e-05
SSBroyden2  iter 45000/50000  loss=1.5215e-02  pde=9.7187e-04  ic=2.8385e-03  bc=1.0161e-05
SSBroyden2  iter 45500/50000  loss=1.6267e-02  pde=9.8137e-04  ic=3.0161e-03  bc=4.1010e-05
SSBroyden2  iter 46000/50000  loss=1.5255e-02  pde=1.0288e-03  ic=2.8099e-03  bc=3.5242e-05
SSBroyden2  iter 46500/50000  loss=1.5275e-02  pde=8.7056e-04  ic=2.8539e-03  bc=2.6948e-05
SSBroyden2  iter 47000/50000  loss=1.4664e-02  pde=4.1603e-04  ic=2.8286e-03  bc=2.0921e-05
SSBroyden2  iter 47500/50000  loss=1.6208e-02  pde=1.0213e-03  ic=3.0233e-03  bc=1.4102e-05
SSBroyden2  iter 48000/50000  loss=1.5240e-02  pde=4.0652e-04  ic=2.9496e-03  bc=1.7185e-05
SSBroyden2  iter 48500/50000  loss=1.6289e-02  pde=1.1576e-03  ic=2.9966e-03  bc=2.9626e-05
  [!] H lost positive-definiteness — resetting to I
  [!] H lost positive-definiteness — resetting to I
SSBroyden2  iter 49000/50000  loss=1.8290e-02  pde=1.4952e-03  ic=3.3238e-03  bc=3.5163e-05
  [!] H lost positive-definiteness — resetting to I
SSBroyden2  iter 49500/50000  loss=1.9688e-02  pde=1.5476e-03  ic=3.5742e-03  bc=5.3879e-05
  [!] H lost positive-definiteness — resetting to I
SSBroyden2  iter 50000/50000  loss=7.3979e-02  pde=5.7887e-02  ic=3.1837e-03  bc=3.4806e-05
  [!] H lost positive-definiteness — resetting to I

SSBroyden2 phase complete: 32035.6s
Total training time: 32477.7s

Model saved to results/F6_adam_resample_1000/seed_2/model.pt
Metrics saved to results/F6_adam_resample_1000/seed_2/metrics.npz

Mass conservation diagnostic (<U> over domain at 21 times):
  <U>(t=0.0) = -0.008291
  <U>(t=10.0) = +0.036312
  max drift       = 4.47e-02

Loading reference solution from /oscar/home/dwong33/DRP/Optimizing_the_Optimizer_PINNs/reference_solution_t10_dt0p01.npz ...
  Per-snapshot relative L2 errors:
    t=0.0  L2_rel=7.2077e-01
    t=2.5  L2_rel=1.1584e+00
    t=5.0  L2_rel=1.4034e+00
    t=7.5  L2_rel=1.5970e+00
    t=10.0  L2_rel=1.7455e+00
  Overall relative L2 = 1.1211e+00
  Saved comparison_snapshots.png
Summary saved to results/F6_adam_resample_1000/seed_2/summary.json

Plots saved to results/F6_adam_resample_1000/seed_2/

======================================================================
EXPERIMENT COMPLETE: F6_adam_resample_1000
  Adam: 1000 epochs, 442.1s
  BFGS: 50000 iters (SSBroyden2), 32035.6s
  Total: 32477.7s
  Final loss: 7.3979e-02
  Final relative L2: 1.1961e+00
  Results: results/F6_adam_resample_1000/seed_2/
======================================================================

========================================================================
Job finished at Tue Apr  7 01:21:14 AM EDT 2026
Exit code: 0
========================================================================
