## SLURM PROLOG ###############################################################
##    Job ID : 1315319
##  Job Name : ch_pinn_fh
##  Nodelist : node1953
##      CPUs : 
##  Mem/Node : 16384 MB
## Directory : /oscar/home/dwong33/DRP/Optimizing_the_Optimizer_PINNs
##   Job Started : Mon Apr  6 04:19:35 PM EDT 2026
###############################################################################
========================================================================
SLURM Job ID:       1315319
Array Task ID:      12
Config index:       4
Config file:        configs/v2_fh_ablation/H2_rad_k1_2p0.yaml
Seed:               1
Reference file:     reference_solution_t10_dt0p01.npz
Hostname:           node1953.oscar.ccv.brown.edu
Date:               Mon Apr  6 04:19:41 PM EDT 2026
Working directory:  /oscar/home/dwong33/DRP/Optimizing_the_Optimizer_PINNs
Python:             /oscar/home/dwong33/DRP/.venv/bin/python
========================================================================
======================================================================
Cahn-Hilliard PINN — Batch Training
Config: configs/v2_fh_ablation/H2_rad_k1_2p0.yaml
Seed override: 1
======================================================================
Config : H2_rad_k1_2p0
  PDE  : dU/dt = 1.0*lap(lap U + 1.0*U + 1.0*U^3)
  Domain: x=[0.0,128.0], y=[0.0,128.0], t=[0.0,10.0]
  Net  : (3, 20, 20, 20, 20, 1)  activation=tanh
  Train: Adam(1000) -> SSBroyden2(50000)
  Samp : Nint=10000, N0=1000, Nb=500, RAD=on
  Device: cpu

Trainable parameters : 1361
Reference eval: /oscar/home/dwong33/DRP/Optimizing_the_Optimizer_PINNs/reference_solution_t10_dt0p01.npz (21 times)
Phase 1 optimizer: ADAM  lr=0.001
Adam  epoch   500/1000  loss=2.9593e-02  pde=6.5969e-06  ic=5.9112e-03  bc=6.0271e-06
Adam  epoch  1000/1000  loss=3.1184e-02  pde=4.1688e-06  ic=6.2304e-03  bc=5.5537e-06

Adam phase complete: 654.7s  final loss=3.1184e-02
SSBroyden2  iter   500/50000  loss=8.3781e-03  pde=9.5195e-04  ic=1.4325e-03  bc=5.2764e-05
SSBroyden2  iter  1000/50000  loss=3.2180e-03  pde=4.1389e-04  ic=5.2344e-04  bc=3.7372e-05
SSBroyden2  iter  1500/50000  loss=1.7488e-03  pde=3.2522e-04  ic=2.7119e-04  bc=1.3525e-05
SSBroyden2  iter  2000/50000  loss=1.0605e-03  pde=2.8234e-04  ic=1.4828e-04  bc=7.3423e-06
SSBroyden2  iter  2500/50000  loss=1.0052e-03  pde=2.8074e-04  ic=1.3772e-04  bc=7.1602e-06
SSBroyden2  iter  3000/50000  loss=8.3968e-04  pde=2.6720e-04  ic=1.0854e-04  bc=5.9576e-06
SSBroyden2  iter  3500/50000  loss=7.7845e-04  pde=2.9147e-04  ic=9.3338e-05  bc=4.0559e-06
SSBroyden2  iter  4000/50000  loss=7.0715e-04  pde=2.5923e-04  ic=8.5175e-05  bc=4.4098e-06
SSBroyden2  iter  4500/50000  loss=7.2249e-04  pde=2.4834e-04  ic=9.0656e-05  bc=4.1745e-06
SSBroyden2  iter  5000/50000  loss=6.5895e-04  pde=2.7615e-04  ic=7.2962e-05  bc=3.5972e-06
SSBroyden2  iter  5500/50000  loss=5.5690e-04  pde=2.5399e-04  ic=5.7421e-05  bc=3.1597e-06
SSBroyden2  iter  6000/50000  loss=5.8242e-04  pde=2.4895e-04  ic=6.4022e-05  bc=2.6726e-06
SSBroyden2  iter  6500/50000  loss=5.9684e-04  pde=2.6456e-04  ic=6.2778e-05  bc=3.6788e-06
SSBroyden2  iter  7000/50000  loss=5.9394e-04  pde=2.6414e-04  ic=6.2565e-05  bc=3.3957e-06
SSBroyden2  iter  7500/50000  loss=5.3649e-04  pde=2.3627e-04  ic=5.7294e-05  bc=2.7516e-06
SSBroyden2  iter  8000/50000  loss=5.4353e-04  pde=2.4968e-04  ic=5.5920e-05  bc=2.8510e-06
SSBroyden2  iter  8500/50000  loss=5.4655e-04  pde=2.5053e-04  ic=5.6368e-05  bc=2.8369e-06
SSBroyden2  iter  9000/50000  loss=5.5510e-04  pde=2.5658e-04  ic=5.7032e-05  bc=2.6713e-06
SSBroyden2  iter  9500/50000  loss=5.6317e-04  pde=2.4478e-04  ic=6.0903e-05  bc=2.7735e-06
SSBroyden2  iter 10000/50000  loss=5.5629e-04  pde=2.3152e-04  ic=6.2189e-05  bc=2.7655e-06
SSBroyden2  iter 10500/50000  loss=5.2433e-04  pde=2.3978e-04  ic=5.4322e-05  bc=2.5866e-06
SSBroyden2  iter 11000/50000  loss=5.4791e-04  pde=2.5061e-04  ic=5.6407e-05  bc=3.0535e-06
SSBroyden2  iter 11500/50000  loss=4.9209e-04  pde=2.4378e-04  ic=4.7910e-05  bc=1.7528e-06
SSBroyden2  iter 12000/50000  loss=5.1184e-04  pde=2.5793e-04  ic=4.8096e-05  bc=2.6874e-06
SSBroyden2  iter 12500/50000  loss=4.9217e-04  pde=2.2891e-04  ic=4.9731e-05  bc=2.9212e-06
SSBroyden2  iter 13000/50000  loss=5.1984e-04  pde=2.4002e-04  ic=5.2639e-05  bc=3.3244e-06
SSBroyden2  iter 13500/50000  loss=5.2395e-04  pde=2.5409e-04  ic=5.0903e-05  bc=3.0695e-06
SSBroyden2  iter 14000/50000  loss=4.7631e-04  pde=2.5159e-04  ic=4.2406e-05  bc=2.5375e-06
SSBroyden2  iter 14500/50000  loss=5.2754e-04  pde=2.5892e-04  ic=5.0847e-05  bc=2.8759e-06
SSBroyden2  iter 15000/50000  loss=5.1323e-04  pde=2.4952e-04  ic=5.0369e-05  bc=2.3723e-06
SSBroyden2  iter 15500/50000  loss=4.8875e-04  pde=2.4553e-04  ic=4.6295e-05  bc=2.3488e-06
SSBroyden2  iter 16000/50000  loss=5.4316e-04  pde=2.6259e-04  ic=5.3928e-05  bc=2.1856e-06
SSBroyden2  iter 16500/50000  loss=5.0512e-04  pde=2.4551e-04  ic=4.9047e-05  bc=2.8744e-06
SSBroyden2  iter 17000/50000  loss=5.0434e-04  pde=2.5843e-04  ic=4.6659e-05  bc=2.5224e-06
SSBroyden2  iter 17500/50000  loss=4.4865e-04  pde=2.4247e-04  ic=3.9002e-05  bc=2.2347e-06
SSBroyden2  iter 18000/50000  loss=4.7631e-04  pde=2.5850e-04  ic=4.1203e-05  bc=2.3602e-06
SSBroyden2  iter 18500/50000  loss=4.2675e-04  pde=2.3153e-04  ic=3.6626e-05  bc=2.4167e-06
SSBroyden2  iter 19000/50000  loss=4.5225e-04  pde=2.3434e-04  ic=4.1717e-05  bc=1.8658e-06
SSBroyden2  iter 19500/50000  loss=4.8407e-04  pde=2.4320e-04  ic=4.6071e-05  bc=2.1034e-06
SSBroyden2  iter 20000/50000  loss=5.1093e-04  pde=2.5614e-04  ic=4.8493e-05  bc=2.4648e-06
SSBroyden2  iter 20500/50000  loss=5.1651e-04  pde=2.3580e-04  ic=5.3762e-05  bc=2.3789e-06
SSBroyden2  iter 21000/50000  loss=4.0467e-04  pde=2.1607e-04  ic=3.5685e-05  bc=2.0351e-06
SSBroyden2  iter 21500/50000  loss=4.3911e-04  pde=2.2986e-04  ic=3.9219e-05  bc=2.6308e-06
SSBroyden2  iter 22000/50000  loss=4.6121e-04  pde=2.4015e-04  ic=4.2637e-05  bc=1.5752e-06
SSBroyden2  iter 22500/50000  loss=4.3812e-04  pde=2.3036e-04  ic=4.0055e-05  bc=1.4981e-06
SSBroyden2  iter 23000/50000  loss=5.3475e-04  pde=2.4840e-04  ic=5.4467e-05  bc=2.8028e-06
SSBroyden2  iter 23500/50000  loss=4.3872e-04  pde=2.3750e-04  ic=3.7932e-05  bc=2.3124e-06
SSBroyden2  iter 24000/50000  loss=4.9145e-04  pde=2.5567e-04  ic=4.4389e-05  bc=2.7671e-06
SSBroyden2  iter 24500/50000  loss=4.8596e-04  pde=2.6704e-04  ic=4.1844e-05  bc=1.9402e-06
SSBroyden2  iter 25000/50000  loss=4.7611e-04  pde=2.5703e-04  ic=4.1380e-05  bc=2.4351e-06
SSBroyden2  iter 25500/50000  loss=4.5495e-04  pde=2.2564e-04  ic=4.4095e-05  bc=1.7657e-06
SSBroyden2  iter 26000/50000  loss=4.4992e-04  pde=2.4775e-04  ic=3.8315e-05  bc=2.1187e-06
SSBroyden2  iter 26500/50000  loss=4.9077e-04  pde=2.5829e-04  ic=4.4478e-05  bc=2.0174e-06
SSBroyden2  iter 27000/50000  loss=4.5761e-04  pde=2.4689e-04  ic=3.8916e-05  bc=3.2295e-06
SSBroyden2  iter 27500/50000  loss=4.1310e-04  pde=2.4411e-04  ic=3.1885e-05  bc=1.9124e-06
SSBroyden2  iter 28000/50000  loss=4.6786e-04  pde=2.6432e-04  ic=3.8444e-05  bc=2.2642e-06
SSBroyden2  iter 28500/50000  loss=4.5232e-04  pde=2.3284e-04  ic=4.1482e-05  bc=2.4122e-06
SSBroyden2  iter 29000/50000  loss=4.5400e-04  pde=2.6132e-04  ic=3.6180e-05  bc=2.3558e-06
SSBroyden2  iter 29500/50000  loss=4.1795e-04  pde=2.4470e-04  ic=3.2780e-05  bc=1.8690e-06
SSBroyden2  iter 30000/50000  loss=4.0245e-04  pde=2.3437e-04  ic=3.1769e-05  bc=1.8470e-06
SSBroyden2  iter 30500/50000  loss=4.3827e-04  pde=2.4886e-04  ic=3.5779e-05  bc=2.1029e-06
SSBroyden2  iter 31000/50000  loss=4.2669e-04  pde=2.3671e-04  ic=3.6282e-05  bc=1.7142e-06
SSBroyden2  iter 31500/50000  loss=4.4429e-04  pde=2.3881e-04  ic=3.9143e-05  bc=1.9519e-06
SSBroyden2  iter 32000/50000  loss=4.3278e-04  pde=2.5048e-04  ic=3.4508e-05  bc=1.9500e-06
SSBroyden2  iter 32500/50000  loss=4.0237e-04  pde=2.4019e-04  ic=3.0489e-05  bc=1.9486e-06
SSBroyden2  iter 33000/50000  loss=4.3122e-04  pde=2.3946e-04  ic=3.5766e-05  bc=2.5845e-06
SSBroyden2  iter 33500/50000  loss=4.3125e-04  pde=2.3838e-04  ic=3.6644e-05  bc=1.9281e-06
SSBroyden2  iter 34000/50000  loss=4.1561e-04  pde=2.3180e-04  ic=3.4446e-05  bc=2.3150e-06
SSBroyden2  iter 34500/50000  loss=4.3722e-04  pde=2.4745e-04  ic=3.5662e-05  bc=2.2931e-06
SSBroyden2  iter 35000/50000  loss=4.4745e-04  pde=2.3238e-04  ic=4.0726e-05  bc=2.2890e-06
SSBroyden2  iter 35500/50000  loss=3.9674e-04  pde=2.1963e-04  ic=3.3334e-05  bc=2.0885e-06
SSBroyden2  iter 36000/50000  loss=4.3084e-04  pde=2.4082e-04  ic=3.5615e-05  bc=2.3883e-06
SSBroyden2  iter 36500/50000  loss=4.2931e-04  pde=2.3389e-04  ic=3.6608e-05  bc=2.4762e-06
SSBroyden2  iter 37000/50000  loss=4.3833e-04  pde=2.3650e-04  ic=3.8411e-05  bc=1.9560e-06
SSBroyden2  iter 37500/50000  loss=4.0742e-04  pde=2.3705e-04  ic=3.2074e-05  bc=2.0007e-06
SSBroyden2  iter 38000/50000  loss=4.2263e-04  pde=2.4855e-04  ic=3.2683e-05  bc=2.1327e-06
SSBroyden2  iter 38500/50000  loss=3.9718e-04  pde=2.2644e-04  ic=3.2385e-05  bc=1.7624e-06
SSBroyden2  iter 39000/50000  loss=4.3316e-04  pde=2.5136e-04  ic=3.4200e-05  bc=2.1605e-06
SSBroyden2  iter 39500/50000  loss=4.3603e-04  pde=2.5644e-04  ic=3.3898e-05  bc=2.0202e-06
SSBroyden2  iter 40000/50000  loss=4.2555e-04  pde=2.3777e-04  ic=3.5715e-05  bc=1.8391e-06
SSBroyden2  iter 40500/50000  loss=4.6173e-04  pde=2.6192e-04  ic=3.8080e-05  bc=1.8825e-06
SSBroyden2  iter 41000/50000  loss=4.3115e-04  pde=2.3869e-04  ic=3.6576e-05  bc=1.9160e-06
SSBroyden2  iter 41500/50000  loss=3.8434e-04  pde=2.2428e-04  ic=3.0673e-05  bc=1.3402e-06
SSBroyden2  iter 42000/50000  loss=4.0405e-04  pde=2.3102e-04  ic=3.2187e-05  bc=2.4189e-06
SSBroyden2  iter 42500/50000  loss=3.9776e-04  pde=2.3065e-04  ic=3.1779e-05  bc=1.6440e-06
SSBroyden2  iter 43000/50000  loss=3.6360e-04  pde=2.2671e-04  ic=2.5688e-05  bc=1.6886e-06
SSBroyden2  iter 43500/50000  loss=4.3849e-04  pde=2.4028e-04  ic=3.7780e-05  bc=1.8614e-06
SSBroyden2  iter 44000/50000  loss=4.2376e-04  pde=2.3826e-04  ic=3.4956e-05  bc=2.1445e-06
SSBroyden2  iter 44500/50000  loss=4.1674e-04  pde=2.3730e-04  ic=3.3215e-05  bc=2.6731e-06
SSBroyden2  iter 45000/50000  loss=4.0231e-04  pde=2.3584e-04  ic=3.1309e-05  bc=1.9847e-06
SSBroyden2  iter 45500/50000  loss=4.0997e-04  pde=2.2142e-04  ic=3.5698e-05  bc=2.0107e-06
SSBroyden2  iter 46000/50000  loss=3.9799e-04  pde=2.3293e-04  ic=3.1435e-05  bc=1.5756e-06
SSBroyden2  iter 46500/50000  loss=4.0681e-04  pde=2.3016e-04  ic=3.3472e-05  bc=1.8583e-06
SSBroyden2  iter 47000/50000  loss=4.2798e-04  pde=2.4031e-04  ic=3.6059e-05  bc=1.4748e-06
SSBroyden2  iter 47500/50000  loss=4.4250e-04  pde=2.4295e-04  ic=3.7563e-05  bc=2.3481e-06
SSBroyden2  iter 48000/50000  loss=4.3321e-04  pde=2.3962e-04  ic=3.6556e-05  bc=2.1623e-06
SSBroyden2  iter 48500/50000  loss=4.4505e-04  pde=2.5146e-04  ic=3.6048e-05  bc=2.6708e-06
SSBroyden2  iter 49000/50000  loss=4.3461e-04  pde=2.4281e-04  ic=3.6862e-05  bc=1.5000e-06
SSBroyden2  iter 49500/50000  loss=4.2700e-04  pde=2.3197e-04  ic=3.7041e-05  bc=1.9653e-06
SSBroyden2  iter 50000/50000  loss=4.3576e-04  pde=2.4158e-04  ic=3.7291e-05  bc=1.5451e-06

SSBroyden2 phase complete: 36771.9s
Total training time: 37426.6s

Model saved to results/H2_rad_k1_2p0/seed_1/model.pt
Metrics saved to results/H2_rad_k1_2p0/seed_1/metrics.npz

Mass conservation diagnostic (<U> over domain at 21 times):
  <U>(t=0.0) = -0.006795
  <U>(t=10.0) = -0.006228
  max drift       = 5.67e-04

Loading reference solution from /oscar/home/dwong33/DRP/Optimizing_the_Optimizer_PINNs/reference_solution_t10_dt0p01.npz ...
  Per-snapshot relative L2 errors:
    t=0.0  L2_rel=5.5663e-01
    t=2.5  L2_rel=1.0490e+00
    t=5.0  L2_rel=1.5046e+00
    t=7.5  L2_rel=1.8727e+00
    t=10.0  L2_rel=2.1842e+00
  Overall relative L2 = 1.1689e+00
  Saved comparison_snapshots.png
Summary saved to results/H2_rad_k1_2p0/seed_1/summary.json

Plots saved to results/H2_rad_k1_2p0/seed_1/

======================================================================
EXPERIMENT COMPLETE: H2_rad_k1_2p0
  Adam: 1000 epochs, 654.7s
  BFGS: 50000 iters (SSBroyden2), 36771.9s
  Total: 37426.6s
  Final loss: 4.3576e-04
  Final relative L2: 1.2539e+00
  Results: results/H2_rad_k1_2p0/seed_1/
======================================================================

========================================================================
Job finished at Tue Apr  7 02:43:46 AM EDT 2026
Exit code: 0
========================================================================
