## SLURM PROLOG ###############################################################
##    Job ID : 1315316
##  Job Name : ch_pinn_fh
##  Nodelist : node1946
##      CPUs : 
##  Mem/Node : 16384 MB
## Directory : /oscar/home/dwong33/DRP/Optimizing_the_Optimizer_PINNs
##   Job Started : Mon Apr  6 04:19:35 PM EDT 2026
###############################################################################
========================================================================
SLURM Job ID:       1315316
Array Task ID:      9
Config index:       3
Config file:        configs/v2_fh_ablation/H1_rad_k1_0p5.yaml
Seed:               1
Reference file:     reference_solution_t10_dt0p01.npz
Hostname:           node1946.oscar.ccv.brown.edu
Date:               Mon Apr  6 04:19:39 PM EDT 2026
Working directory:  /oscar/home/dwong33/DRP/Optimizing_the_Optimizer_PINNs
Python:             /oscar/home/dwong33/DRP/.venv/bin/python
========================================================================
======================================================================
Cahn-Hilliard PINN — Batch Training
Config: configs/v2_fh_ablation/H1_rad_k1_0p5.yaml
Seed override: 1
======================================================================
Config : H1_rad_k1_0p5
  PDE  : dU/dt = 1.0*lap(lap U + 1.0*U + 1.0*U^3)
  Domain: x=[0.0,128.0], y=[0.0,128.0], t=[0.0,10.0]
  Net  : (3, 20, 20, 20, 20, 1)  activation=tanh
  Train: Adam(1000) -> SSBroyden2(50000)
  Samp : Nint=10000, N0=1000, Nb=500, RAD=on
  Device: cpu

Trainable parameters : 1361
Reference eval: /oscar/home/dwong33/DRP/Optimizing_the_Optimizer_PINNs/reference_solution_t10_dt0p01.npz (21 times)
Phase 1 optimizer: ADAM  lr=0.001
Adam  epoch   500/1000  loss=2.9593e-02  pde=6.3549e-06  ic=5.9112e-03  bc=6.0271e-06
Adam  epoch  1000/1000  loss=3.1183e-02  pde=4.1574e-06  ic=6.2303e-03  bc=5.5711e-06

Adam phase complete: 519.6s  final loss=3.1183e-02
SSBroyden2  iter   500/50000  loss=1.2236e-02  pde=5.6785e-04  ic=2.2861e-03  bc=4.7538e-05
SSBroyden2  iter  1000/50000  loss=4.2817e-03  pde=6.7750e-04  ic=6.7621e-04  bc=4.4630e-05
SSBroyden2  iter  1500/50000  loss=2.6597e-03  pde=4.6373e-04  ic=4.0852e-04  bc=3.0669e-05
SSBroyden2  iter  2000/50000  loss=1.7194e-03  pde=4.7953e-04  ic=2.2633e-04  bc=2.1640e-05
SSBroyden2  iter  2500/50000  loss=1.4662e-03  pde=3.9152e-04  ic=1.9754e-04  bc=1.7395e-05
SSBroyden2  iter  3000/50000  loss=8.5647e-04  pde=3.0356e-04  ic=9.6032e-05  bc=1.4551e-05
SSBroyden2  iter  3500/50000  loss=8.9705e-04  pde=2.8245e-04  ic=1.0766e-04  bc=1.5265e-05
SSBroyden2  iter  4000/50000  loss=7.3952e-04  pde=2.4821e-04  ic=8.7645e-05  bc=1.0618e-05
SSBroyden2  iter  4500/50000  loss=6.5002e-04  pde=2.2088e-04  ic=7.7193e-05  bc=8.6348e-06
SSBroyden2  iter  5000/50000  loss=6.3635e-04  pde=2.2567e-04  ic=7.5139e-05  bc=6.9962e-06
SSBroyden2  iter  5500/50000  loss=5.8599e-04  pde=2.4532e-04  ic=6.1602e-05  bc=6.5308e-06
SSBroyden2  iter  6000/50000  loss=6.3856e-04  pde=2.2834e-04  ic=7.6590e-05  bc=5.4535e-06
SSBroyden2  iter  6500/50000  loss=6.0079e-04  pde=2.3665e-04  ic=6.8125e-05  bc=4.7019e-06
SSBroyden2  iter  7000/50000  loss=5.7816e-04  pde=2.4169e-04  ic=6.2494e-05  bc=4.8016e-06
SSBroyden2  iter  7500/50000  loss=5.5302e-04  pde=2.2295e-04  ic=6.1333e-05  bc=4.6819e-06
SSBroyden2  iter  8000/50000  loss=5.4939e-04  pde=2.2349e-04  ic=5.8428e-05  bc=6.7532e-06
SSBroyden2  iter  8500/50000  loss=6.0388e-04  pde=2.3467e-04  ic=6.9301e-05  bc=4.5396e-06
SSBroyden2  iter  9000/50000  loss=5.7447e-04  pde=2.2783e-04  ic=6.4914e-05  bc=4.4142e-06
SSBroyden2  iter  9500/50000  loss=5.0323e-04  pde=2.2262e-04  ic=5.1710e-05  bc=4.4126e-06
SSBroyden2  iter 10000/50000  loss=4.8881e-04  pde=2.0940e-04  ic=5.2559e-05  bc=3.3229e-06
SSBroyden2  iter 10500/50000  loss=5.4796e-04  pde=2.1286e-04  ic=6.3969e-05  bc=3.0518e-06
SSBroyden2  iter 11000/50000  loss=5.2267e-04  pde=2.0778e-04  ic=5.9578e-05  bc=3.4003e-06
SSBroyden2  iter 11500/50000  loss=5.4372e-04  pde=2.2129e-04  ic=6.0776e-05  bc=3.7110e-06
SSBroyden2  iter 12000/50000  loss=1.3772e-03  pde=3.1977e-04  ic=1.8772e-04  bc=2.3762e-05
SSBroyden2  iter 12500/50000  loss=8.1846e-04  pde=2.4099e-04  ic=1.0543e-04  bc=1.0065e-05
SSBroyden2  iter 13000/50000  loss=9.2155e-04  pde=2.7352e-04  ic=1.1982e-04  bc=9.7908e-06
SSBroyden2  iter 13500/50000  loss=7.1267e-04  pde=2.4266e-04  ic=8.8779e-05  bc=5.2217e-06
SSBroyden2  iter 14000/50000  loss=6.6056e-04  pde=2.3915e-04  ic=7.8170e-05  bc=6.1109e-06
SSBroyden2  iter 14500/50000  loss=7.5748e-04  pde=2.6321e-04  ic=9.3851e-05  bc=5.0029e-06
SSBroyden2  iter 15000/50000  loss=1.0031e-03  pde=2.5657e-04  ic=1.4069e-04  bc=8.6248e-06
  [!] H lost positive-definiteness — resetting to I
SSBroyden2  iter 15500/50000  loss=1.3097e-03  pde=2.3058e-04  ic=2.0666e-04  bc=9.1704e-06
SSBroyden2  iter 16000/50000  loss=8.4754e-04  pde=2.5279e-04  ic=1.1199e-04  bc=6.9634e-06
SSBroyden2  iter 16500/50000  loss=7.0317e-04  pde=2.3268e-04  ic=8.7837e-05  bc=6.2625e-06
SSBroyden2  iter 17000/50000  loss=7.7228e-04  pde=2.4163e-04  ic=9.9827e-05  bc=6.3030e-06
SSBroyden2  iter 17500/50000  loss=6.3829e-04  pde=2.3355e-04  ic=7.5842e-05  bc=5.1044e-06
SSBroyden2  iter 18000/50000  loss=6.1658e-04  pde=2.5018e-04  ic=6.8859e-05  bc=4.4203e-06
SSBroyden2  iter 18500/50000  loss=6.3806e-04  pde=2.3544e-04  ic=7.5343e-05  bc=5.1808e-06
SSBroyden2  iter 19000/50000  loss=5.9383e-04  pde=2.3803e-04  ic=6.5626e-05  bc=5.5346e-06
SSBroyden2  iter 19500/50000  loss=5.9013e-04  pde=2.3179e-04  ic=6.7998e-05  bc=3.6700e-06
SSBroyden2  iter 20000/50000  loss=5.2730e-04  pde=2.0909e-04  ic=6.0643e-05  bc=2.9997e-06
SSBroyden2  iter 20500/50000  loss=5.8905e-04  pde=2.2051e-04  ic=6.9038e-05  bc=4.6709e-06
SSBroyden2  iter 21000/50000  loss=5.0913e-04  pde=2.1203e-04  ic=5.5249e-05  bc=4.1720e-06
SSBroyden2  iter 21500/50000  loss=8.2641e-03  pde=6.3997e-04  ic=1.4269e-03  bc=9.7873e-05
  [!] H lost positive-definiteness — resetting to I
SSBroyden2  iter 22000/50000  loss=4.0818e-03  pde=4.1720e-04  ic=7.0151e-04  bc=3.1406e-05
SSBroyden2  iter 22500/50000  loss=2.0327e-03  pde=3.2137e-04  ic=3.2886e-04  bc=1.3401e-05
SSBroyden2  iter 23000/50000  loss=3.2603e-03  pde=4.0483e-04  ic=5.5086e-04  bc=2.0229e-05
SSBroyden2  iter 23500/50000  loss=3.6964e-03  pde=3.9788e-04  ic=6.1771e-04  bc=4.1983e-05
SSBroyden2  iter 24000/50000  loss=1.7783e-03  pde=3.5312e-04  ic=2.7099e-04  bc=1.4040e-05
SSBroyden2  iter 24500/50000  loss=1.8073e-03  pde=3.7866e-04  ic=2.7161e-04  bc=1.4128e-05
SSBroyden2  iter 25000/50000  loss=1.2176e-03  pde=3.0068e-04  ic=1.7536e-04  bc=8.0133e-06
SSBroyden2  iter 25500/50000  loss=1.6887e-03  pde=3.0850e-04  ic=2.6485e-04  bc=1.1189e-05
SSBroyden2  iter 26000/50000  loss=1.4586e-03  pde=3.3714e-04  ic=2.1345e-04  bc=1.0842e-05
SSBroyden2  iter 26500/50000  loss=1.2520e-03  pde=3.0083e-04  ic=1.8162e-04  bc=8.6077e-06
SSBroyden2  iter 27000/50000  loss=1.4779e-03  pde=2.7073e-04  ic=2.2858e-04  bc=1.2859e-05
SSBroyden2  iter 27500/50000  loss=1.0427e-03  pde=2.2846e-04  ic=1.5651e-04  bc=6.3319e-06
SSBroyden2  iter 28000/50000  loss=1.5148e-03  pde=2.7989e-04  ic=2.3939e-04  bc=7.5950e-06
SSBroyden2  iter 28500/50000  loss=1.1731e-03  pde=2.4670e-04  ic=1.7852e-04  bc=6.7507e-06
SSBroyden2  iter 29000/50000  loss=1.0638e-03  pde=2.8494e-04  ic=1.4951e-04  bc=6.2713e-06
SSBroyden2  iter 29500/50000  loss=4.0961e-03  pde=4.5982e-04  ic=6.9707e-04  bc=3.0176e-05
SSBroyden2  iter 30000/50000  loss=2.2373e-03  pde=3.6916e-04  ic=3.6135e-04  bc=1.2267e-05
SSBroyden2  iter 30500/50000  loss=1.4438e-03  pde=2.7357e-04  ic=2.2565e-04  bc=8.3914e-06
SSBroyden2  iter 31000/50000  loss=1.7101e-03  pde=3.1738e-04  ic=2.6714e-04  bc=1.1402e-05
SSBroyden2  iter 31500/50000  loss=2.6522e-02  pde=2.4357e-04  ic=5.1084e-03  bc=1.4727e-04
SSBroyden2  iter 32000/50000  loss=1.3020e-02  pde=6.3583e-04  ic=2.3697e-03  bc=1.0711e-04
SSBroyden2  iter 32500/50000  loss=1.6935e-02  pde=4.0894e-04  ic=3.1648e-03  bc=1.4033e-04
SSBroyden2  iter 33000/50000  loss=1.0091e-02  pde=5.7362e-04  ic=1.8074e-03  bc=9.6148e-05
SSBroyden2  iter 33500/50000  loss=7.4152e-03  pde=5.0504e-04  ic=1.3162e-03  bc=6.5838e-05
SSBroyden2  iter 34000/50000  loss=5.9671e-03  pde=3.9127e-04  ic=1.0509e-03  bc=6.4232e-05
SSBroyden2  iter 34500/50000  loss=4.4222e-03  pde=4.7521e-04  ic=7.5180e-04  bc=3.7606e-05
SSBroyden2  iter 35000/50000  loss=5.1018e-03  pde=4.1925e-04  ic=8.8239e-04  bc=5.4130e-05
SSBroyden2  iter 35500/50000  loss=5.6730e-03  pde=3.4777e-04  ic=1.0089e-03  bc=5.6093e-05
SSBroyden2  iter 36000/50000  loss=4.5551e-03  pde=3.6382e-04  ic=8.0568e-04  bc=3.2570e-05
SSBroyden2  iter 36500/50000  loss=1.8325e-02  pde=5.8088e-04  ic=3.3968e-03  bc=1.5201e-04
  [!] H lost positive-definiteness — resetting to I
SSBroyden2  iter 37000/50000  loss=1.5524e-02  pde=4.8852e-04  ic=2.8937e-03  bc=1.1333e-04
SSBroyden2  iter 37500/50000  loss=2.3190e-02  pde=3.9243e-04  ic=4.4513e-03  bc=1.0828e-04
SSBroyden2  iter 38000/50000  loss=1.0487e-02  pde=5.1982e-04  ic=1.9382e-03  bc=5.5264e-05
  [!] H lost positive-definiteness — resetting to I
SSBroyden2  iter 38500/50000  loss=2.0712e-02  pde=5.2696e-04  ic=3.8653e-03  bc=1.7160e-04
SSBroyden2  iter 39000/50000  loss=1.0733e-02  pde=4.7842e-04  ic=1.9645e-03  bc=8.6507e-05
SSBroyden2  iter 39500/50000  loss=2.5580e-02  pde=7.2973e-04  ic=4.7795e-03  bc=1.9047e-04
SSBroyden2  iter 40000/50000  loss=2.0509e-02  pde=4.5950e-04  ic=3.8874e-03  bc=1.2242e-04
SSBroyden2  iter 40500/50000  loss=1.2780e-02  pde=5.0623e-04  ic=2.3294e-03  bc=1.2531e-04
SSBroyden2  iter 41000/50000  loss=1.6153e-02  pde=4.7985e-04  ic=2.9660e-03  bc=1.6854e-04
SSBroyden2  iter 41500/50000  loss=2.8587e-01  pde=1.7057e-01  ic=2.1862e-02  bc=1.1982e-03
  [!] H lost positive-definiteness — resetting to I
SSBroyden2  iter 42000/50000  loss=3.0557e-02  pde=5.5010e-06  ic=6.1103e-03  bc=3.1056e-10
  [!] H lost positive-definiteness — resetting to I
SSBroyden2  iter 42500/50000  loss=3.0046e-02  pde=1.7834e-05  ic=6.0051e-03  bc=4.4951e-07
  [!] H lost positive-definiteness — resetting to I
SSBroyden2  iter 43000/50000  loss=2.9444e-02  pde=1.9625e-05  ic=5.8746e-03  bc=1.0235e-05
SSBroyden2  iter 43500/50000  loss=3.1841e-02  pde=4.4443e-05  ic=6.2041e-03  bc=1.5509e-04
SSBroyden2  iter 44000/50000  loss=3.0071e-02  pde=4.9871e-05  ic=5.8573e-03  bc=1.4691e-04
  [!] H lost positive-definiteness — resetting to I
SSBroyden2  iter 44500/50000  loss=6.5049e-02  pde=3.5599e-02  ic=5.8885e-03  bc=1.5362e-06
SSBroyden2  iter 45000/50000  loss=3.0379e-02  pde=9.6504e-05  ic=6.0535e-03  bc=2.9270e-06
SSBroyden2  iter 45500/50000  loss=2.9516e-02  pde=2.0104e-05  ic=5.8561e-03  bc=4.3021e-05
SSBroyden2  iter 46000/50000  loss=2.8300e-02  pde=1.0151e-04  ic=5.6344e-03  bc=5.3571e-06
SSBroyden2  iter 46500/50000  loss=2.4280e-02  pde=4.0652e-04  ic=4.7580e-03  bc=1.6669e-05
SSBroyden2  iter 47000/50000  loss=2.4561e-02  pde=3.5918e-04  ic=4.7940e-03  bc=4.6425e-05
SSBroyden2  iter 47500/50000  loss=2.4239e-02  pde=4.7401e-04  ic=4.6757e-03  bc=7.7259e-05
  [!] H lost positive-definiteness — resetting to I
SSBroyden2  iter 48000/50000  loss=2.7976e-02  pde=2.2384e-03  ic=5.0782e-03  bc=6.9282e-05
SSBroyden2  iter 48500/50000  loss=1.8710e-02  pde=1.6673e-04  ic=3.6483e-03  bc=6.0333e-05
SSBroyden2  iter 49000/50000  loss=2.0462e-02  pde=5.5645e-04  ic=3.9013e-03  bc=7.9761e-05
SSBroyden2  iter 49500/50000  loss=1.9322e-02  pde=5.6644e-04  ic=3.6756e-03  bc=7.5522e-05
SSBroyden2  iter 50000/50000  loss=2.1684e-02  pde=7.2047e-04  ic=4.1488e-03  bc=4.3971e-05

SSBroyden2 phase complete: 32736.7s
Total training time: 33256.3s

Model saved to results/H1_rad_k1_0p5/seed_1/model.pt
Metrics saved to results/H1_rad_k1_0p5/seed_1/metrics.npz

Mass conservation diagnostic (<U> over domain at 21 times):
  <U>(t=0.0) = -0.008324
  <U>(t=10.0) = -0.047579
  max drift       = 3.93e-02

Loading reference solution from /oscar/home/dwong33/DRP/Optimizing_the_Optimizer_PINNs/reference_solution_t10_dt0p01.npz ...
  Per-snapshot relative L2 errors:
    t=0.0  L2_rel=8.4782e-01
    t=2.5  L2_rel=1.1366e+00
    t=5.0  L2_rel=1.3991e+00
    t=7.5  L2_rel=1.5576e+00
    t=10.0  L2_rel=1.6841e+00
  Overall relative L2 = 1.1478e+00
  Saved comparison_snapshots.png
Summary saved to results/H1_rad_k1_0p5/seed_1/summary.json

Plots saved to results/H1_rad_k1_0p5/seed_1/

======================================================================
EXPERIMENT COMPLETE: H1_rad_k1_0p5
  Adam: 1000 epochs, 519.6s
  BFGS: 50000 iters (SSBroyden2), 32736.7s
  Total: 33256.3s
  Final loss: 2.1684e-02
  Final relative L2: 1.1291e+00
  Results: results/H1_rad_k1_0p5/seed_1/
======================================================================

========================================================================
Job finished at Tue Apr  7 01:34:14 AM EDT 2026
Exit code: 0
========================================================================
