## SLURM PROLOG ###############################################################
##    Job ID : 1315320
##  Job Name : ch_pinn_fh
##  Nodelist : node1953
##      CPUs : 
##  Mem/Node : 16384 MB
## Directory : /oscar/home/dwong33/DRP/Optimizing_the_Optimizer_PINNs
##   Job Started : Mon Apr  6 04:19:35 PM EDT 2026
###############################################################################
========================================================================
SLURM Job ID:       1315320
Array Task ID:      13
Config index:       4
Config file:        configs/v2_fh_ablation/H2_rad_k1_2p0.yaml
Seed:               2
Reference file:     reference_solution_t10_dt0p01.npz
Hostname:           node1953.oscar.ccv.brown.edu
Date:               Mon Apr  6 04:19:41 PM EDT 2026
Working directory:  /oscar/home/dwong33/DRP/Optimizing_the_Optimizer_PINNs
Python:             /oscar/home/dwong33/DRP/.venv/bin/python
========================================================================
======================================================================
Cahn-Hilliard PINN — Batch Training
Config: configs/v2_fh_ablation/H2_rad_k1_2p0.yaml
Seed override: 2
======================================================================
Config : H2_rad_k1_2p0
  PDE  : dU/dt = 1.0*lap(lap U + 1.0*U + 1.0*U^3)
  Domain: x=[0.0,128.0], y=[0.0,128.0], t=[0.0,10.0]
  Net  : (3, 20, 20, 20, 20, 1)  activation=tanh
  Train: Adam(1000) -> SSBroyden2(50000)
  Samp : Nint=10000, N0=1000, Nb=500, RAD=on
  Device: cpu

Trainable parameters : 1361
Reference eval: /oscar/home/dwong33/DRP/Optimizing_the_Optimizer_PINNs/reference_solution_t10_dt0p01.npz (21 times)
Phase 1 optimizer: ADAM  lr=0.001
Adam  epoch   500/1000  loss=3.1020e-02  pde=2.0429e-05  ic=6.1927e-03  bc=7.1981e-06
Adam  epoch  1000/1000  loss=3.2263e-02  pde=5.7977e-07  ic=6.4469e-03  bc=5.5448e-06

Adam phase complete: 662.5s  final loss=3.2263e-02
SSBroyden2  iter   500/50000  loss=7.0955e-03  pde=4.4695e-04  ic=1.3215e-03  bc=8.1837e-06
SSBroyden2  iter  1000/50000  loss=4.1037e-03  pde=5.7485e-04  ic=7.0157e-04  bc=4.1976e-06
SSBroyden2  iter  1500/50000  loss=3.9571e-03  pde=4.8232e-04  ic=6.8899e-04  bc=5.9608e-06
SSBroyden2  iter  2000/50000  loss=3.3202e-03  pde=5.0514e-04  ic=5.5927e-04  bc=3.7355e-06
SSBroyden2  iter  2500/50000  loss=2.3987e-03  pde=2.2635e-04  ic=4.3187e-04  bc=2.5919e-06
SSBroyden2  iter  3000/50000  loss=4.0728e-03  pde=4.2239e-04  ic=7.2036e-04  bc=9.7118e-06
SSBroyden2  iter  3500/50000  loss=4.7279e-03  pde=3.6576e-04  ic=8.6805e-04  bc=4.3644e-06
SSBroyden2  iter  4000/50000  loss=4.6996e-03  pde=3.7070e-04  ic=8.6049e-04  bc=5.2780e-06
SSBroyden2  iter  4500/50000  loss=7.1698e-03  pde=5.6701e-04  ic=1.3141e-03  bc=6.4816e-06
SSBroyden2  iter  5000/50000  loss=8.6202e-03  pde=5.2661e-04  ic=1.5855e-03  bc=3.3213e-05
SSBroyden2  iter  5500/50000  loss=9.9610e-03  pde=4.9622e-04  ic=1.8797e-03  bc=1.3232e-05
SSBroyden2  iter  6000/50000  loss=1.0776e-02  pde=6.5147e-04  ic=2.0114e-03  bc=1.3454e-05
SSBroyden2  iter  6500/50000  loss=1.1000e-02  pde=4.4023e-04  ic=2.0679e-03  bc=4.4010e-05
SSBroyden2  iter  7000/50000  loss=1.4910e-02  pde=3.6262e-04  ic=2.7224e-03  bc=1.8706e-04
SSBroyden2  iter  7500/50000  loss=2.6082e-02  pde=4.0534e-04  ic=5.1130e-03  bc=2.2237e-05
  [!] H lost positive-definiteness — resetting to I
SSBroyden2  iter  8000/50000  loss=1.9230e-02  pde=2.9536e-04  ic=3.7365e-03  bc=5.0466e-05
SSBroyden2  iter  8500/50000  loss=2.1770e-02  pde=3.6180e-04  ic=4.2591e-03  bc=2.2448e-05
SSBroyden2  iter  9000/50000  loss=2.1567e-02  pde=2.5977e-04  ic=4.2140e-03  bc=4.7511e-05
SSBroyden2  iter  9500/50000  loss=2.3854e-02  pde=4.4776e-04  ic=4.6414e-03  bc=3.9877e-05
SSBroyden2  iter 10000/50000  loss=2.9453e-02  pde=5.4524e-04  ic=5.7291e-03  bc=5.2579e-05
SSBroyden2  iter 10500/50000  loss=2.5749e-02  pde=5.6180e-04  ic=5.0020e-03  bc=3.5515e-05
SSBroyden2  iter 11000/50000  loss=2.8742e-02  pde=4.8402e-06  ic=5.7472e-03  bc=1.1943e-07
SSBroyden2  iter 11500/50000  loss=3.0570e-02  pde=2.8000e-05  ic=6.1075e-03  bc=9.6485e-07
SSBroyden2  iter 12000/50000  loss=3.0262e-02  pde=7.4732e-05  ic=6.0361e-03  bc=1.3934e-06
SSBroyden2  iter 12500/50000  loss=2.9959e-02  pde=1.6535e-04  ic=5.9475e-03  bc=1.1164e-05
SSBroyden2  iter 13000/50000  loss=2.9876e-02  pde=3.8704e-04  ic=5.8633e-03  bc=3.4490e-05
SSBroyden2  iter 13500/50000  loss=3.0870e-02  pde=4.0627e-04  ic=6.0684e-03  bc=2.4314e-05
  [!] H lost positive-definiteness — resetting to I
SSBroyden2  iter 14000/50000  loss=8.5504e-02  pde=5.6675e-02  ic=5.7623e-03  bc=3.4229e-06
  [!] H lost positive-definiteness — resetting to I
SSBroyden2  iter 14500/50000  loss=1.0308e+00  pde=1.0007e+00  ic=6.0093e-03  bc=1.8908e-06
  [!] H lost positive-definiteness — resetting to I
SSBroyden2  iter 15000/50000  loss=1.8092e+01  pde=1.8064e+01  ic=5.7192e-03  bc=2.3354e-08
  [!] H lost positive-definiteness — resetting to I
SSBroyden2  iter 15500/50000  loss=8.4282e+02  pde=8.4279e+02  ic=6.1645e-03  bc=1.7894e-07
  [!] H lost positive-definiteness — resetting to I
SSBroyden2  iter 16000/50000  loss=1.0284e+04  pde=1.0284e+04  ic=6.1810e-03  bc=1.9273e-05
  [!] H lost positive-definiteness — resetting to I
SSBroyden2  iter 16500/50000  loss=4.1397e+03  pde=4.1397e+03  ic=6.1354e-03  bc=1.3445e-05
  [!] H lost positive-definiteness — resetting to I
SSBroyden2  iter 17000/50000  loss=2.0108e+03  pde=2.0107e+03  ic=5.8935e-03  bc=2.0150e-06
  [!] H lost positive-definiteness — resetting to I
SSBroyden2  iter 17500/50000  loss=1.6799e+02  pde=1.6796e+02  ic=6.1539e-03  bc=8.2751e-07
  [!] H lost positive-definiteness — resetting to I
SSBroyden2  iter 18000/50000  loss=5.6669e+02  pde=5.6666e+02  ic=6.0850e-03  bc=1.6885e-06
  [!] H lost positive-definiteness — resetting to I
SSBroyden2  iter 18500/50000  loss=6.6939e+02  pde=6.6936e+02  ic=5.6616e-03  bc=4.2444e-06
  [!] H lost positive-definiteness — resetting to I
SSBroyden2  iter 19000/50000  loss=1.0863e+03  pde=1.0863e+03  ic=5.8891e-03  bc=1.5334e-05
  [!] H lost positive-definiteness — resetting to I
SSBroyden2  iter 19500/50000  loss=4.3238e+03  pde=4.3237e+03  ic=6.0740e-03  bc=8.7244e-06
  [!] H lost positive-definiteness — resetting to I
SSBroyden2  iter 20000/50000  loss=1.3723e+03  pde=1.3723e+03  ic=5.8939e-03  bc=2.4377e-06
  [!] H lost positive-definiteness — resetting to I
SSBroyden2  iter 20500/50000  loss=1.1222e+04  pde=1.1222e+04  ic=6.1181e-03  bc=7.1040e-06
  [!] H lost positive-definiteness — resetting to I
SSBroyden2  iter 21000/50000  loss=9.3835e+04  pde=9.3835e+04  ic=6.7569e-03  bc=1.4454e-05
  [!] H lost positive-definiteness — resetting to I
SSBroyden2  iter 21500/50000  loss=5.7039e+04  pde=5.7039e+04  ic=5.8088e-03  bc=1.3208e-05
  [!] H lost positive-definiteness — resetting to I
SSBroyden2  iter 22000/50000  loss=1.9269e+05  pde=1.9269e+05  ic=6.6150e-03  bc=2.5868e-04
  [!] H lost positive-definiteness — resetting to I
SSBroyden2  iter 22500/50000  loss=2.3902e+05  pde=2.3902e+05  ic=6.4361e-03  bc=3.7259e-03
  [!] H lost positive-definiteness — resetting to I
SSBroyden2  iter 23000/50000  loss=1.9753e+05  pde=1.9753e+05  ic=6.6213e-03  bc=5.6169e-04
  [!] H lost positive-definiteness — resetting to I
SSBroyden2  iter 23500/50000  loss=4.3617e+02  pde=4.3614e+02  ic=6.3159e-03  bc=4.1100e-07
SSBroyden2  iter 24000/50000  loss=8.3205e+01  pde=8.3176e+01  ic=5.7787e-03  bc=4.0125e-07
  [!] H lost positive-definiteness — resetting to I
SSBroyden2  iter 24500/50000  loss=5.1931e+01  pde=5.1902e+01  ic=5.8337e-03  bc=1.1389e-06
  [!] H lost positive-definiteness — resetting to I
SSBroyden2  iter 25000/50000  loss=1.9892e+01  pde=1.9862e+01  ic=6.0274e-03  bc=5.3195e-06
  [!] H lost positive-definiteness — resetting to I
SSBroyden2  iter 25500/50000  loss=2.1188e+02  pde=2.1185e+02  ic=6.2548e-03  bc=3.6437e-07
  [!] H lost positive-definiteness — resetting to I
SSBroyden2  iter 26000/50000  loss=4.0507e+02  pde=4.0504e+02  ic=6.3054e-03  bc=6.7715e-07
  [!] H lost positive-definiteness — resetting to I
SSBroyden2  iter 26500/50000  loss=3.6597e+06  pde=3.6597e+06  ic=6.3970e-03  bc=4.9700e-05
  [!] H lost positive-definiteness — resetting to I
SSBroyden2  iter 27000/50000  loss=6.9480e+02  pde=6.9477e+02  ic=6.3894e-03  bc=1.1898e-05
  [!] H lost positive-definiteness — resetting to I
SSBroyden2  iter 27500/50000  loss=3.6881e+03  pde=3.6881e+03  ic=6.0457e-03  bc=3.5094e-06
  [!] H lost positive-definiteness — resetting to I
SSBroyden2  iter 28000/50000  loss=3.3011e+02  pde=3.3008e+02  ic=5.7583e-03  bc=2.7819e-06
  [!] H lost positive-definiteness — resetting to I
SSBroyden2  iter 28500/50000  loss=6.1855e+04  pde=6.1855e+04  ic=5.9742e-03  bc=4.2369e-04
  [!] H lost positive-definiteness — resetting to I
SSBroyden2  iter 29000/50000  loss=2.4661e+05  pde=2.4661e+05  ic=6.3936e-03  bc=1.9008e-04
  [!] H lost positive-definiteness — resetting to I
SSBroyden2  iter 29500/50000  loss=2.0432e+04  pde=2.0432e+04  ic=6.6572e-03  bc=1.6563e-04
  [!] H lost positive-definiteness — resetting to I
SSBroyden2  iter 30000/50000  loss=6.3709e+02  pde=6.3705e+02  ic=6.8967e-03  bc=3.5514e-05
  [!] H lost positive-definiteness — resetting to I
SSBroyden2  iter 30500/50000  loss=1.9460e+03  pde=1.9459e+03  ic=6.2127e-03  bc=1.5372e-05
  [!] H lost positive-definiteness — resetting to I
SSBroyden2  iter 31000/50000  loss=2.0893e+03  pde=2.0893e+03  ic=5.9406e-03  bc=1.1003e-06
  [!] H lost positive-definiteness — resetting to I
SSBroyden2  iter 31500/50000  loss=1.8860e+03  pde=1.8859e+03  ic=6.1201e-03  bc=3.4874e-06
  [!] H lost positive-definiteness — resetting to I
SSBroyden2  iter 32000/50000  loss=3.5244e+04  pde=3.5244e+04  ic=6.1716e-03  bc=1.9668e-06
  [!] H lost positive-definiteness — resetting to I
SSBroyden2  iter 32500/50000  loss=1.3984e+03  pde=1.3984e+03  ic=6.9982e-03  bc=9.6892e-05
  [!] H lost positive-definiteness — resetting to I
SSBroyden2  iter 33000/50000  loss=1.1012e+04  pde=1.1012e+04  ic=6.0728e-03  bc=5.5585e-06
  [!] H lost positive-definiteness — resetting to I
SSBroyden2  iter 33500/50000  loss=1.2069e+06  pde=1.2069e+06  ic=2.3227e-02  bc=5.5056e-02
  [!] H lost positive-definiteness — resetting to I
SSBroyden2  iter 34000/50000  loss=7.5962e+07  pde=7.5962e+07  ic=3.5497e-02  bc=9.0504e-02
  [!] H lost positive-definiteness — resetting to I
SSBroyden2  iter 34500/50000  loss=8.9973e+07  pde=8.9973e+07  ic=4.1165e-02  bc=5.0310e-01
  [!] H lost positive-definiteness — resetting to I
SSBroyden2  iter 35000/50000  loss=5.1006e+10  pde=5.1006e+10  ic=6.0714e-02  bc=1.2707e+00
  [!] H lost positive-definiteness — resetting to I
SSBroyden2  iter 35500/50000  loss=1.1214e+10  pde=1.1214e+10  ic=3.0173e-01  bc=8.4408e-01
  [!] H lost positive-definiteness — resetting to I
SSBroyden2  iter 36000/50000  loss=5.8303e+07  pde=5.8303e+07  ic=3.8434e-01  bc=3.1924e+00
  [!] H lost positive-definiteness — resetting to I
SSBroyden2  iter 36500/50000  loss=7.7495e+08  pde=7.7495e+08  ic=4.0276e-01  bc=1.5748e+00
  [!] H lost positive-definiteness — resetting to I
SSBroyden2  iter 37000/50000  loss=2.2387e+08  pde=2.2387e+08  ic=3.4382e-01  bc=7.7832e-01
  [!] H lost positive-definiteness — resetting to I
SSBroyden2  iter 37500/50000  loss=6.1610e+08  pde=6.1610e+08  ic=3.4312e-01  bc=1.6922e+00
  [!] H lost positive-definiteness — resetting to I
SSBroyden2  iter 38000/50000  loss=2.3417e+08  pde=2.3417e+08  ic=2.0908e-01  bc=1.2625e+00
  [!] H lost positive-definiteness — resetting to I
SSBroyden2  iter 38500/50000  loss=4.3341e+07  pde=4.3341e+07  ic=2.1815e-01  bc=6.7578e+00
  [!] H lost positive-definiteness — resetting to I
SSBroyden2  iter 39000/50000  loss=7.7854e+07  pde=7.7854e+07  ic=2.3498e-01  bc=2.2262e+00
  [!] H lost positive-definiteness — resetting to I
SSBroyden2  iter 39500/50000  loss=1.5866e+08  pde=1.5866e+08  ic=1.9572e-01  bc=8.0034e-01
  [!] H lost positive-definiteness — resetting to I
SSBroyden2  iter 40000/50000  loss=6.1609e+09  pde=6.1609e+09  ic=1.1017e-01  bc=4.7313e-01
  [!] H lost positive-definiteness — resetting to I
SSBroyden2  iter 40500/50000  loss=2.4130e+08  pde=2.4130e+08  ic=8.2845e-02  bc=4.6028e-01
  [!] H lost positive-definiteness — resetting to I
SSBroyden2  iter 41000/50000  loss=3.3747e+07  pde=3.3747e+07  ic=9.2416e-02  bc=1.5585e+00
  [!] H lost positive-definiteness — resetting to I
SSBroyden2  iter 41500/50000  loss=1.5748e+08  pde=1.5748e+08  ic=8.7762e-02  bc=2.5798e-01
  [!] H lost positive-definiteness — resetting to I
SSBroyden2  iter 42000/50000  loss=7.8083e+10  pde=7.8083e+10  ic=9.6020e-02  bc=2.5781e-01
  [!] H lost positive-definiteness — resetting to I
SSBroyden2  iter 42500/50000  loss=2.2788e+08  pde=2.2788e+08  ic=9.4812e-02  bc=3.4507e-01
  [!] H lost positive-definiteness — resetting to I
SSBroyden2  iter 43000/50000  loss=5.4971e+07  pde=5.4971e+07  ic=9.9922e-02  bc=2.5558e-01
  [!] H lost positive-definiteness — resetting to I
SSBroyden2  iter 43500/50000  loss=4.6900e+08  pde=4.6900e+08  ic=9.5956e-02  bc=1.7013e+00
  [!] H lost positive-definiteness — resetting to I
SSBroyden2  iter 44000/50000  loss=4.9464e+08  pde=4.9464e+08  ic=6.3291e-02  bc=1.8485e-01
  [!] H lost positive-definiteness — resetting to I
SSBroyden2  iter 44500/50000  loss=2.2408e+09  pde=2.2408e+09  ic=3.5842e-02  bc=1.8061e-01
  [!] H lost positive-definiteness — resetting to I
SSBroyden2  iter 45000/50000  loss=9.1567e+07  pde=9.1567e+07  ic=2.6978e-02  bc=6.3971e-02
  [!] H lost positive-definiteness — resetting to I
SSBroyden2  iter 45500/50000  loss=1.2094e+07  pde=1.2094e+07  ic=2.6460e-02  bc=6.8411e-02
  [!] H lost positive-definiteness — resetting to I
SSBroyden2  iter 46000/50000  loss=1.4048e+09  pde=1.4048e+09  ic=2.7165e-02  bc=4.7906e-01
  [!] H lost positive-definiteness — resetting to I
SSBroyden2  iter 46500/50000  loss=3.7590e+06  pde=3.7590e+06  ic=3.0455e-02  bc=7.4686e-02
  [!] H lost positive-definiteness — resetting to I
SSBroyden2  iter 47000/50000  loss=6.0912e+07  pde=6.0912e+07  ic=2.1683e-02  bc=7.9040e-02
  [!] H lost positive-definiteness — resetting to I
SSBroyden2  iter 47500/50000  loss=5.5998e+09  pde=5.5998e+09  ic=4.7297e-02  bc=4.9036e-02
  [!] H lost positive-definiteness — resetting to I
SSBroyden2  iter 48000/50000  loss=2.2333e+07  pde=2.2333e+07  ic=5.2431e-02  bc=6.7906e-02
  [!] H lost positive-definiteness — resetting to I
SSBroyden2  iter 48500/50000  loss=7.0583e+07  pde=7.0583e+07  ic=3.6684e-02  bc=4.1215e-02
  [!] H lost positive-definiteness — resetting to I
SSBroyden2  iter 49000/50000  loss=3.4122e+07  pde=3.4122e+07  ic=5.6362e-02  bc=7.2327e-02
  [!] H lost positive-definiteness — resetting to I
SSBroyden2  iter 49500/50000  loss=3.8468e+07  pde=3.8468e+07  ic=2.5879e-02  bc=4.3560e-02
  [!] H lost positive-definiteness — resetting to I
SSBroyden2  iter 50000/50000  loss=8.0538e+08  pde=8.0538e+08  ic=3.8394e-02  bc=1.1583e-01
  [!] H lost positive-definiteness — resetting to I

SSBroyden2 phase complete: 39980.8s
Total training time: 40643.3s

Model saved to results/H2_rad_k1_2p0/seed_2/model.pt
Metrics saved to results/H2_rad_k1_2p0/seed_2/metrics.npz

Mass conservation diagnostic (<U> over domain at 21 times):
  <U>(t=0.0) = +0.088879
  <U>(t=10.0) = -0.089122
  max drift       = 1.88e-01

Loading reference solution from /oscar/home/dwong33/DRP/Optimizing_the_Optimizer_PINNs/reference_solution_t10_dt0p01.npz ...
  Per-snapshot relative L2 errors:
    t=0.0  L2_rel=2.5186e+00
    t=2.5  L2_rel=3.8065e+00
    t=5.0  L2_rel=4.5024e+00
    t=7.5  L2_rel=5.2465e+00
    t=10.0  L2_rel=5.8947e+00
  Overall relative L2 = 3.7355e+00
  Saved comparison_snapshots.png
Summary saved to results/H2_rad_k1_2p0/seed_2/summary.json

Plots saved to results/H2_rad_k1_2p0/seed_2/

======================================================================
EXPERIMENT COMPLETE: H2_rad_k1_2p0
  Adam: 1000 epochs, 662.5s
  BFGS: 50000 iters (SSBroyden2), 39980.8s
  Total: 40643.3s
  Final loss: 8.0538e+08
  Final relative L2: 3.9151e+00
  Results: results/H2_rad_k1_2p0/seed_2/
======================================================================

========================================================================
Job finished at Tue Apr  7 03:37:21 AM EDT 2026
Exit code: 0
========================================================================
