## SLURM PROLOG ###############################################################
##    Job ID : 1315315
##  Job Name : ch_pinn_fh
##  Nodelist : node1946
##      CPUs : 
##  Mem/Node : 16384 MB
## Directory : /oscar/home/dwong33/DRP/Optimizing_the_Optimizer_PINNs
##   Job Started : Mon Apr  6 04:19:35 PM EDT 2026
###############################################################################
========================================================================
SLURM Job ID:       1315315
Array Task ID:      8
Config index:       2
Config file:        configs/v2_fh_ablation/F6_adam_resample_1000.yaml
Seed:               3
Reference file:     reference_solution_t10_dt0p01.npz
Hostname:           node1946.oscar.ccv.brown.edu
Date:               Mon Apr  6 04:19:39 PM EDT 2026
Working directory:  /oscar/home/dwong33/DRP/Optimizing_the_Optimizer_PINNs
Python:             /oscar/home/dwong33/DRP/.venv/bin/python
========================================================================
======================================================================
Cahn-Hilliard PINN — Batch Training
Config: configs/v2_fh_ablation/F6_adam_resample_1000.yaml
Seed override: 3
======================================================================
Config : F6_adam_resample_1000
  PDE  : dU/dt = 1.0*lap(lap U + 1.0*U + 1.0*U^3)
  Domain: x=[0.0,128.0], y=[0.0,128.0], t=[0.0,10.0]
  Net  : (3, 20, 20, 20, 20, 1)  activation=tanh
  Train: Adam(1000) -> SSBroyden2(50000)
  Samp : Nint=10000, N0=1000, Nb=500, RAD=on
  Device: cpu

Trainable parameters : 1361
Reference eval: /oscar/home/dwong33/DRP/Optimizing_the_Optimizer_PINNs/reference_solution_t10_dt0p01.npz (21 times)
Phase 1 optimizer: ADAM  lr=0.001
Adam  epoch   500/1000  loss=2.9770e-02  pde=1.0160e-05  ic=5.9414e-03  bc=1.0567e-05
Adam  epoch  1000/1000  loss=3.0513e-02  pde=6.1525e-06  ic=6.0868e-03  bc=1.4554e-05

Adam phase complete: 522.8s  final loss=3.0513e-02
SSBroyden2  iter   500/50000  loss=9.4438e-03  pde=6.3962e-04  ic=1.7418e-03  bc=1.9001e-05
SSBroyden2  iter  1000/50000  loss=2.5039e-03  pde=3.9498e-04  ic=4.0345e-04  bc=1.8342e-05
SSBroyden2  iter  1500/50000  loss=1.1893e-03  pde=3.4431e-04  ic=1.5681e-04  bc=1.2195e-05
SSBroyden2  iter  2000/50000  loss=8.1147e-04  pde=2.9998e-04  ic=9.4700e-05  bc=7.5961e-06
SSBroyden2  iter  2500/50000  loss=8.5526e-04  pde=3.0672e-04  ic=9.9212e-05  bc=1.0495e-05
SSBroyden2  iter  3000/50000  loss=6.5960e-04  pde=2.1779e-04  ic=8.1220e-05  bc=7.1428e-06
SSBroyden2  iter  3500/50000  loss=5.1490e-04  pde=2.1022e-04  ic=5.4884e-05  bc=6.0534e-06
SSBroyden2  iter  4000/50000  loss=5.3842e-04  pde=2.3810e-04  ic=5.4965e-05  bc=5.0993e-06
SSBroyden2  iter  4500/50000  loss=4.3869e-04  pde=2.1357e-04  ic=4.0576e-05  bc=4.4472e-06
SSBroyden2  iter  5000/50000  loss=5.0965e-04  pde=2.2068e-04  ic=5.3878e-05  bc=3.9165e-06
SSBroyden2  iter  5500/50000  loss=5.0390e-04  pde=2.1173e-04  ic=5.4044e-05  bc=4.3902e-06
SSBroyden2  iter  6000/50000  loss=4.3530e-04  pde=1.8983e-04  ic=4.4057e-05  bc=5.0370e-06
SSBroyden2  iter  6500/50000  loss=3.5815e-04  pde=1.6866e-04  ic=3.5680e-05  bc=2.2183e-06
SSBroyden2  iter  7000/50000  loss=4.6762e-04  pde=2.0887e-04  ic=4.5950e-05  bc=5.7991e-06
SSBroyden2  iter  7500/50000  loss=3.9064e-04  pde=1.9083e-04  ic=3.3989e-05  bc=5.9729e-06
SSBroyden2  iter  8000/50000  loss=5.2164e-04  pde=1.9487e-04  ic=5.8853e-05  bc=6.5004e-06
SSBroyden2  iter  8500/50000  loss=5.8236e-04  pde=1.9107e-04  ic=7.2682e-05  bc=5.5761e-06
SSBroyden2  iter  9000/50000  loss=4.8922e-04  pde=2.0189e-04  ic=5.0357e-05  bc=7.1087e-06
SSBroyden2  iter  9500/50000  loss=5.5863e-04  pde=2.2106e-04  ic=6.1887e-05  bc=5.6259e-06
SSBroyden2  iter 10000/50000  loss=5.6864e-04  pde=2.1708e-04  ic=6.1836e-05  bc=8.4764e-06
SSBroyden2  iter 10500/50000  loss=6.5353e-04  pde=2.3759e-04  ic=7.5778e-05  bc=7.4087e-06
SSBroyden2  iter 11000/50000  loss=4.5333e-04  pde=1.9382e-04  ic=4.5276e-05  bc=6.6272e-06
SSBroyden2  iter 11500/50000  loss=4.2050e-04  pde=1.6526e-04  ic=4.6543e-05  bc=4.5053e-06
SSBroyden2  iter 12000/50000  loss=4.8710e-04  pde=1.7564e-04  ic=5.6595e-05  bc=5.6966e-06
SSBroyden2  iter 12500/50000  loss=4.4648e-04  pde=1.8752e-04  ic=4.4447e-05  bc=7.3450e-06
SSBroyden2  iter 13000/50000  loss=6.2895e-04  pde=2.2344e-04  ic=7.7093e-05  bc=4.0086e-06
SSBroyden2  iter 13500/50000  loss=6.2295e-04  pde=2.2097e-04  ic=7.4543e-05  bc=5.8526e-06
SSBroyden2  iter 14000/50000  loss=4.3942e-04  pde=1.6348e-04  ic=5.0686e-05  bc=4.5008e-06
SSBroyden2  iter 14500/50000  loss=2.2535e-03  pde=3.1965e-04  ic=3.7417e-04  bc=1.2597e-05
  [!] H lost positive-definiteness — resetting to I
SSBroyden2  iter 15000/50000  loss=2.0178e-03  pde=2.8046e-04  ic=3.3993e-04  bc=7.5342e-06
  [!] H lost positive-definiteness — resetting to I
SSBroyden2  iter 15500/50000  loss=3.1395e-02  pde=1.5079e-04  ic=6.2163e-03  bc=3.2433e-05
  [!] H lost positive-definiteness — resetting to I
SSBroyden2  iter 16000/50000  loss=2.5913e-02  pde=2.6613e-04  ic=5.0294e-03  bc=9.9902e-05
SSBroyden2  iter 16500/50000  loss=2.1467e-02  pde=3.6168e-04  ic=4.0326e-03  bc=1.8847e-04
SSBroyden2  iter 17000/50000  loss=2.7242e-02  pde=3.9702e-04  ic=5.1977e-03  bc=1.7138e-04
SSBroyden2  iter 17500/50000  loss=2.4222e-02  pde=2.7486e-04  ic=4.6474e-03  bc=1.4195e-04
  [!] H lost positive-definiteness — resetting to I
SSBroyden2  iter 18000/50000  loss=2.5675e-02  pde=6.9150e-04  ic=4.9242e-03  bc=7.2551e-05
SSBroyden2  iter 18500/50000  loss=2.1178e-02  pde=3.9653e-04  ic=4.1507e-03  bc=5.5963e-06
SSBroyden2  iter 19000/50000  loss=3.0290e-02  pde=4.0752e-06  ic=6.0573e-03  bc=1.7203e-09
SSBroyden2  iter 19500/50000  loss=2.7318e-02  pde=7.3596e-06  ic=5.4617e-03  bc=3.4194e-07
SSBroyden2  iter 20000/50000  loss=3.1793e-02  pde=4.0962e-05  ic=6.3465e-03  bc=3.8859e-06
  [!] H lost positive-definiteness — resetting to I
SSBroyden2  iter 20500/50000  loss=2.8270e-02  pde=5.6128e-04  ic=5.4724e-03  bc=6.9376e-05
SSBroyden2  iter 21000/50000  loss=1.6016e-02  pde=5.1966e-04  ic=3.0931e-03  bc=6.1193e-06
SSBroyden2  iter 21500/50000  loss=1.3431e-02  pde=8.3396e-04  ic=2.5147e-03  bc=4.7247e-06
SSBroyden2  iter 22000/50000  loss=1.2866e-02  pde=9.3342e-04  ic=2.3796e-03  bc=6.9371e-06
SSBroyden2  iter 22500/50000  loss=1.1402e-02  pde=3.3067e-04  ic=2.2094e-03  bc=4.8209e-06
SSBroyden2  iter 23000/50000  loss=1.2279e-02  pde=1.0875e-03  ic=2.2325e-03  bc=5.7677e-06
SSBroyden2  iter 23500/50000  loss=2.9259e-02  pde=2.2909e-04  ic=5.7931e-03  bc=1.2789e-05
SSBroyden2  iter 24000/50000  loss=2.7335e-02  pde=5.8279e-04  ic=5.2687e-03  bc=8.1740e-05
SSBroyden2  iter 24500/50000  loss=3.0335e-02  pde=1.7632e-05  ic=6.0634e-03  bc=1.0643e-08
SSBroyden2  iter 25000/50000  loss=3.1464e-02  pde=4.0901e-06  ic=6.2920e-03  bc=5.9322e-09
SSBroyden2  iter 25500/50000  loss=2.9920e-02  pde=6.0299e-05  ic=5.9720e-03  bc=1.3874e-10
SSBroyden2  iter 26000/50000  loss=2.9554e-02  pde=4.4116e-05  ic=5.9021e-03  bc=5.5247e-11
  [!] H lost positive-definiteness — resetting to I
SSBroyden2  iter 26500/50000  loss=3.4240e-02  pde=1.0559e-03  ic=6.6368e-03  bc=3.2494e-10
  [!] H lost positive-definiteness — resetting to I
  [!] H lost positive-definiteness — resetting to I
SSBroyden2  iter 27000/50000  loss=4.3204e+03  pde=4.3198e+03  ic=1.7479e-02  bc=9.5258e-02
  [!] H lost positive-definiteness — resetting to I
SSBroyden2  iter 27500/50000  loss=4.3537e+04  pde=4.3537e+04  ic=5.8050e-03  bc=1.1853e-03
  [!] H lost positive-definiteness — resetting to I
SSBroyden2  iter 28000/50000  loss=1.0254e+05  pde=1.0254e+05  ic=6.2034e-03  bc=7.5983e-04
  [!] H lost positive-definiteness — resetting to I
SSBroyden2  iter 28500/50000  loss=1.6189e+04  pde=1.6189e+04  ic=6.2567e-03  bc=2.3488e-03
  [!] H lost positive-definiteness — resetting to I
SSBroyden2  iter 29000/50000  loss=1.5540e+04  pde=1.5540e+04  ic=6.3695e-03  bc=9.0264e-04
  [!] H lost positive-definiteness — resetting to I
SSBroyden2  iter 29500/50000  loss=2.9110e+02  pde=2.9107e+02  ic=5.9663e-03  bc=6.5521e-06
  [!] H lost positive-definiteness — resetting to I
SSBroyden2  iter 30000/50000  loss=5.2659e+02  pde=5.2656e+02  ic=5.8311e-03  bc=1.4533e-06
  [!] H lost positive-definiteness — resetting to I
SSBroyden2  iter 30500/50000  loss=9.3555e+02  pde=9.3552e+02  ic=5.7916e-03  bc=1.3495e-04
  [!] H lost positive-definiteness — resetting to I
SSBroyden2  iter 31000/50000  loss=4.6579e+02  pde=4.6576e+02  ic=5.8477e-03  bc=2.4782e-05
  [!] H lost positive-definiteness — resetting to I
SSBroyden2  iter 31500/50000  loss=1.3555e+05  pde=1.3555e+05  ic=6.2566e-03  bc=8.4135e-05
  [!] H lost positive-definiteness — resetting to I
SSBroyden2  iter 32000/50000  loss=4.5350e+03  pde=4.5349e+03  ic=6.0889e-03  bc=6.9032e-05
  [!] H lost positive-definiteness — resetting to I
SSBroyden2  iter 32500/50000  loss=8.6266e+01  pde=8.6236e+01  ic=5.9512e-03  bc=6.8652e-05
  [!] H lost positive-definiteness — resetting to I
SSBroyden2  iter 33000/50000  loss=5.1083e+03  pde=5.1083e+03  ic=5.7213e-03  bc=9.4893e-05
  [!] H lost positive-definiteness — resetting to I
SSBroyden2  iter 33500/50000  loss=5.7421e+01  pde=5.7394e+01  ic=5.4784e-03  bc=4.9468e-05
  [!] H lost positive-definiteness — resetting to I
SSBroyden2  iter 34000/50000  loss=1.4670e+03  pde=1.4669e+03  ic=5.2851e-03  bc=7.8524e-04
  [!] H lost positive-definiteness — resetting to I
SSBroyden2  iter 34500/50000  loss=1.0978e+03  pde=1.0978e+03  ic=5.8803e-03  bc=1.2252e-05
  [!] H lost positive-definiteness — resetting to I
SSBroyden2  iter 35000/50000  loss=2.5293e+01  pde=2.5264e+01  ic=5.8583e-03  bc=7.3478e-08
  [!] H lost positive-definiteness — resetting to I
SSBroyden2  iter 35500/50000  loss=1.7955e+02  pde=1.7952e+02  ic=6.3532e-03  bc=9.7376e-08
  [!] H lost positive-definiteness — resetting to I
SSBroyden2  iter 36000/50000  loss=1.2630e+02  pde=1.2627e+02  ic=6.4236e-03  bc=4.6327e-07
  [!] H lost positive-definiteness — resetting to I
SSBroyden2  iter 36500/50000  loss=1.2433e+02  pde=1.2430e+02  ic=5.8511e-03  bc=3.1750e-08
  [!] H lost positive-definiteness — resetting to I
SSBroyden2  iter 37000/50000  loss=8.8858e+00  pde=8.8576e+00  ic=5.6548e-03  bc=7.4154e-08
  [!] H lost positive-definiteness — resetting to I
SSBroyden2  iter 37500/50000  loss=2.0406e-01  pde=1.7200e-01  ic=6.4112e-03  bc=9.1354e-09
  [!] H lost positive-definiteness — resetting to I
SSBroyden2  iter 38000/50000  loss=1.2225e+02  pde=1.2222e+02  ic=6.5294e-03  bc=2.0449e-05
  [!] H lost positive-definiteness — resetting to I
SSBroyden2  iter 38500/50000  loss=1.0296e+02  pde=1.0293e+02  ic=5.9204e-03  bc=2.4737e-06
  [!] H lost positive-definiteness — resetting to I
SSBroyden2  iter 39000/50000  loss=2.5597e+03  pde=2.5597e+03  ic=6.0625e-03  bc=9.6082e-06
  [!] H lost positive-definiteness — resetting to I
SSBroyden2  iter 39500/50000  loss=2.5808e+03  pde=2.5808e+03  ic=6.2498e-03  bc=7.9895e-06
  [!] H lost positive-definiteness — resetting to I
SSBroyden2  iter 40000/50000  loss=3.1527e-01  pde=2.8514e-01  ic=6.0264e-03  bc=3.8662e-09
  [!] H lost positive-definiteness — resetting to I
SSBroyden2  iter 40500/50000  loss=3.9602e+01  pde=3.9573e+01  ic=5.9072e-03  bc=2.5798e-07
  [!] H lost positive-definiteness — resetting to I
SSBroyden2  iter 41000/50000  loss=2.1670e+03  pde=2.1670e+03  ic=5.8202e-03  bc=1.7855e-04
  [!] H lost positive-definiteness — resetting to I
SSBroyden2  iter 41500/50000  loss=3.3416e+03  pde=3.3414e+03  ic=6.9841e-03  bc=2.6873e-02
  [!] H lost positive-definiteness — resetting to I
SSBroyden2  iter 42000/50000  loss=2.8350e+05  pde=2.8350e+05  ic=8.2156e-03  bc=1.0332e-01
  [!] H lost positive-definiteness — resetting to I
SSBroyden2  iter 42500/50000  loss=1.7131e+07  pde=1.7131e+07  ic=5.9725e-03  bc=1.0962e-03
  [!] H lost positive-definiteness — resetting to I
SSBroyden2  iter 43000/50000  loss=1.7398e+06  pde=1.7398e+06  ic=7.0873e-03  bc=6.3560e-03
  [!] H lost positive-definiteness — resetting to I
SSBroyden2  iter 43500/50000  loss=3.2986e+05  pde=3.2986e+05  ic=6.6715e-03  bc=7.6820e-04
  [!] H lost positive-definiteness — resetting to I
SSBroyden2  iter 44000/50000  loss=7.6575e+04  pde=7.6575e+04  ic=6.1729e-03  bc=7.7761e-04
  [!] H lost positive-definiteness — resetting to I
SSBroyden2  iter 44500/50000  loss=5.1375e+05  pde=5.1375e+05  ic=6.0086e-03  bc=1.0581e-04
  [!] H lost positive-definiteness — resetting to I
SSBroyden2  iter 45000/50000  loss=1.6008e+03  pde=1.6008e+03  ic=6.0355e-03  bc=4.4549e-05
  [!] H lost positive-definiteness — resetting to I
SSBroyden2  iter 45500/50000  loss=3.4059e+02  pde=3.4056e+02  ic=6.5211e-03  bc=3.8328e-05
  [!] H lost positive-definiteness — resetting to I
SSBroyden2  iter 46000/50000  loss=4.8112e+01  pde=4.8082e+01  ic=6.0540e-03  bc=1.0305e-04
  [!] H lost positive-definiteness — resetting to I
SSBroyden2  iter 46500/50000  loss=7.8264e+01  pde=7.8232e+01  ic=5.9549e-03  bc=3.9905e-04
  [!] H lost positive-definiteness — resetting to I
SSBroyden2  iter 47000/50000  loss=1.8475e+04  pde=1.8475e+04  ic=6.4254e-03  bc=1.5253e-03
  [!] H lost positive-definiteness — resetting to I
  [!] H lost positive-definiteness — resetting to I
SSBroyden2  iter 47500/50000  loss=1.6191e+10  pde=1.6191e+10  ic=1.1254e-01  bc=7.2508e+01
  [!] H lost positive-definiteness — resetting to I
SSBroyden2  iter 48000/50000  loss=7.3174e+10  pde=7.3174e+10  ic=4.1752e-02  bc=1.9217e-01
  [!] H lost positive-definiteness — resetting to I
SSBroyden2  iter 48500/50000  loss=4.7467e+09  pde=4.7467e+09  ic=4.1383e-02  bc=1.9032e-01
  [!] H lost positive-definiteness — resetting to I
SSBroyden2  iter 49000/50000  loss=9.4710e+08  pde=9.4710e+08  ic=6.9711e-03  bc=7.2406e-04
  [!] H lost positive-definiteness — resetting to I
SSBroyden2  iter 49500/50000  loss=6.2659e+10  pde=6.2659e+10  ic=7.0975e-03  bc=2.5080e-02
  [!] H lost positive-definiteness — resetting to I
SSBroyden2  iter 50000/50000  loss=1.0651e+10  pde=1.0651e+10  ic=1.4220e-02  bc=2.1305e-02
  [!] H lost positive-definiteness — resetting to I

SSBroyden2 phase complete: 33393.0s
Total training time: 33915.8s

Model saved to results/F6_adam_resample_1000/seed_3/model.pt
Metrics saved to results/F6_adam_resample_1000/seed_3/metrics.npz

Mass conservation diagnostic (<U> over domain at 21 times):
  <U>(t=0.0) = +0.053573
  <U>(t=10.0) = -0.055441
  max drift       = 1.09e-01

Loading reference solution from /oscar/home/dwong33/DRP/Optimizing_the_Optimizer_PINNs/reference_solution_t10_dt0p01.npz ...
  Per-snapshot relative L2 errors:
    t=0.0  L2_rel=1.6831e+00
    t=2.5  L2_rel=2.3273e+00
    t=5.0  L2_rel=2.8921e+00
    t=7.5  L2_rel=3.3006e+00
    t=10.0  L2_rel=3.6007e+00
  Overall relative L2 = 2.3674e+00
  Saved comparison_snapshots.png
Summary saved to results/F6_adam_resample_1000/seed_3/summary.json

Plots saved to results/F6_adam_resample_1000/seed_3/

======================================================================
EXPERIMENT COMPLETE: F6_adam_resample_1000
  Adam: 1000 epochs, 522.8s
  BFGS: 50000 iters (SSBroyden2), 33393.0s
  Total: 33915.8s
  Final loss: 1.0651e+10
  Final relative L2: 2.2299e+00
  Results: results/F6_adam_resample_1000/seed_3/
======================================================================

========================================================================
Job finished at Tue Apr  7 01:45:13 AM EDT 2026
Exit code: 0
========================================================================
