## SLURM PROLOG ###############################################################
##    Job ID : 1315313
##  Job Name : ch_pinn_fh
##  Nodelist : node2321
##      CPUs : 
##  Mem/Node : 16384 MB
## Directory : /oscar/home/dwong33/DRP/Optimizing_the_Optimizer_PINNs
##   Job Started : Mon Apr  6 04:19:35 PM EDT 2026
###############################################################################
========================================================================
SLURM Job ID:       1315313
Array Task ID:      6
Config index:       2
Config file:        configs/v2_fh_ablation/F6_adam_resample_1000.yaml
Seed:               1
Reference file:     reference_solution_t10_dt0p01.npz
Hostname:           node2321.oscar.ccv.brown.edu
Date:               Mon Apr  6 04:19:39 PM EDT 2026
Working directory:  /oscar/home/dwong33/DRP/Optimizing_the_Optimizer_PINNs
Python:             /oscar/home/dwong33/DRP/.venv/bin/python
========================================================================
======================================================================
Cahn-Hilliard PINN — Batch Training
Config: configs/v2_fh_ablation/F6_adam_resample_1000.yaml
Seed override: 1
======================================================================
Config : F6_adam_resample_1000
  PDE  : dU/dt = 1.0*lap(lap U + 1.0*U + 1.0*U^3)
  Domain: x=[0.0,128.0], y=[0.0,128.0], t=[0.0,10.0]
  Net  : (3, 20, 20, 20, 20, 1)  activation=tanh
  Train: Adam(1000) -> SSBroyden2(50000)
  Samp : Nint=10000, N0=1000, Nb=500, RAD=on
  Device: cpu

Trainable parameters : 1361
Reference eval: /oscar/home/dwong33/DRP/Optimizing_the_Optimizer_PINNs/reference_solution_t10_dt0p01.npz (21 times)
Phase 1 optimizer: ADAM  lr=0.001
Adam  epoch   500/1000  loss=2.9883e-02  pde=6.2135e-06  ic=5.9697e-03  bc=5.7755e-06
Adam  epoch  1000/1000  loss=2.9545e-02  pde=1.5207e-05  ic=5.8975e-03  bc=8.5088e-06

Adam phase complete: 747.7s  final loss=2.9545e-02
SSBroyden2  iter   500/50000  loss=8.6037e-03  pde=8.9826e-04  ic=1.5077e-03  bc=3.3389e-05
SSBroyden2  iter  1000/50000  loss=3.7826e-03  pde=6.8583e-04  ic=5.7760e-04  bc=4.1762e-05
SSBroyden2  iter  1500/50000  loss=2.4252e-03  pde=4.6328e-04  ic=3.5924e-04  bc=3.3143e-05
SSBroyden2  iter  2000/50000  loss=1.6351e-03  pde=3.6359e-04  ic=2.2745e-04  bc=2.6854e-05
SSBroyden2  iter  2500/50000  loss=1.1185e-03  pde=2.8043e-04  ic=1.4701e-04  bc=2.0611e-05
SSBroyden2  iter  3000/50000  loss=9.7076e-04  pde=2.7914e-04  ic=1.2629e-04  bc=1.2037e-05
SSBroyden2  iter  3500/50000  loss=7.2194e-04  pde=2.3390e-04  ic=9.3028e-05  bc=4.5810e-06
SSBroyden2  iter  4000/50000  loss=8.3738e-04  pde=2.7503e-04  ic=1.0510e-04  bc=7.3654e-06
SSBroyden2  iter  4500/50000  loss=7.0261e-04  pde=2.5534e-04  ic=8.4191e-05  bc=5.2609e-06
SSBroyden2  iter  5000/50000  loss=6.0296e-04  pde=2.3033e-04  ic=7.0211e-05  bc=4.3147e-06
SSBroyden2  iter  5500/50000  loss=6.2714e-04  pde=2.4040e-04  ic=7.3760e-05  bc=3.5884e-06
SSBroyden2  iter  6000/50000  loss=5.8129e-04  pde=2.2853e-04  ic=6.7771e-05  bc=2.7813e-06
SSBroyden2  iter  6500/50000  loss=5.8689e-04  pde=2.4940e-04  ic=6.4297e-05  bc=3.2007e-06
SSBroyden2  iter  7000/50000  loss=5.2712e-04  pde=2.3283e-04  ic=5.5570e-05  bc=3.2866e-06
SSBroyden2  iter  7500/50000  loss=5.2255e-04  pde=2.4824e-04  ic=5.2282e-05  bc=2.5804e-06
SSBroyden2  iter  8000/50000  loss=5.0817e-04  pde=2.3012e-04  ic=5.2752e-05  bc=2.8584e-06
SSBroyden2  iter  8500/50000  loss=5.2658e-04  pde=2.4629e-04  ic=5.2657e-05  bc=3.4009e-06
SSBroyden2  iter  9000/50000  loss=4.5870e-04  pde=2.2420e-04  ic=4.4019e-05  bc=2.8816e-06
SSBroyden2  iter  9500/50000  loss=5.3238e-04  pde=2.5287e-04  ic=5.2339e-05  bc=3.5620e-06
SSBroyden2  iter 10000/50000  loss=4.5270e-04  pde=2.1340e-04  ic=4.5649e-05  bc=2.2116e-06
SSBroyden2  iter 10500/50000  loss=4.7235e-04  pde=2.2410e-04  ic=4.5820e-05  bc=3.8299e-06
SSBroyden2  iter 11000/50000  loss=5.1522e-04  pde=2.2256e-04  ic=5.5766e-05  bc=2.7670e-06
SSBroyden2  iter 11500/50000  loss=5.4810e-04  pde=2.2261e-04  ic=6.1975e-05  bc=3.1242e-06
SSBroyden2  iter 12000/50000  loss=4.9554e-04  pde=2.1897e-04  ic=5.3121e-05  bc=2.1934e-06
SSBroyden2  iter 12500/50000  loss=5.2124e-04  pde=2.4618e-04  ic=5.1227e-05  bc=3.7847e-06
SSBroyden2  iter 13000/50000  loss=5.0378e-04  pde=2.1810e-04  ic=5.4761e-05  bc=2.3767e-06
SSBroyden2  iter 13500/50000  loss=4.7384e-04  pde=2.2601e-04  ic=4.7429e-05  bc=2.1355e-06
SSBroyden2  iter 14000/50000  loss=5.6672e-04  pde=2.3296e-04  ic=6.3055e-05  bc=3.6956e-06
SSBroyden2  iter 14500/50000  loss=4.6518e-04  pde=2.1638e-04  ic=4.7402e-05  bc=2.3583e-06
SSBroyden2  iter 15000/50000  loss=5.0845e-04  pde=2.3173e-04  ic=5.3232e-05  bc=2.1130e-06
SSBroyden2  iter 15500/50000  loss=5.0738e-04  pde=2.3128e-04  ic=5.2695e-05  bc=2.5255e-06
SSBroyden2  iter 16000/50000  loss=5.0836e-04  pde=2.1815e-04  ic=5.5190e-05  bc=2.8523e-06
SSBroyden2  iter 16500/50000  loss=5.1575e-04  pde=2.4353e-04  ic=5.1502e-05  bc=2.9419e-06
SSBroyden2  iter 17000/50000  loss=4.4627e-04  pde=2.4575e-04  ic=3.7438e-05  bc=2.6652e-06
SSBroyden2  iter 17500/50000  loss=4.5746e-04  pde=2.2787e-04  ic=4.4043e-05  bc=1.8750e-06
SSBroyden2  iter 18000/50000  loss=4.4557e-04  pde=2.3010e-04  ic=4.0184e-05  bc=2.9091e-06
SSBroyden2  iter 18500/50000  loss=4.9579e-04  pde=2.2533e-04  ic=5.0671e-05  bc=3.4201e-06
SSBroyden2  iter 19000/50000  loss=4.3755e-04  pde=2.3398e-04  ic=3.8523e-05  bc=2.1909e-06
SSBroyden2  iter 19500/50000  loss=4.2593e-04  pde=2.0364e-04  ic=4.2857e-05  bc=1.6006e-06
SSBroyden2  iter 20000/50000  loss=4.8397e-04  pde=2.2182e-04  ic=4.9767e-05  bc=2.6616e-06
SSBroyden2  iter 20500/50000  loss=4.8667e-04  pde=2.3828e-04  ic=4.7304e-05  bc=2.3743e-06
SSBroyden2  iter 21000/50000  loss=4.2795e-04  pde=2.1079e-04  ic=4.1227e-05  bc=2.2058e-06
SSBroyden2  iter 21500/50000  loss=4.2029e-04  pde=2.0378e-04  ic=4.1207e-05  bc=2.0947e-06
SSBroyden2  iter 22000/50000  loss=4.4917e-04  pde=2.1853e-04  ic=4.3551e-05  bc=2.5773e-06
SSBroyden2  iter 22500/50000  loss=3.7928e-04  pde=2.0931e-04  ic=3.1261e-05  bc=2.7334e-06
SSBroyden2  iter 23000/50000  loss=3.9439e-04  pde=2.0927e-04  ic=3.5303e-05  bc=1.7206e-06
SSBroyden2  iter 23500/50000  loss=4.3596e-04  pde=2.2459e-04  ic=4.0206e-05  bc=2.0681e-06
SSBroyden2  iter 24000/50000  loss=4.5028e-04  pde=2.2158e-04  ic=4.3651e-05  bc=2.0906e-06
SSBroyden2  iter 24500/50000  loss=4.6072e-04  pde=2.1446e-04  ic=4.6394e-05  bc=2.8577e-06
SSBroyden2  iter 25000/50000  loss=4.1057e-04  pde=2.3654e-04  ic=3.2573e-05  bc=2.2331e-06
SSBroyden2  iter 25500/50000  loss=4.3469e-04  pde=2.2148e-04  ic=4.0924e-05  bc=1.7186e-06
SSBroyden2  iter 26000/50000  loss=4.8788e-04  pde=2.1716e-04  ic=5.1283e-05  bc=2.8609e-06
SSBroyden2  iter 26500/50000  loss=4.5384e-04  pde=2.1662e-04  ic=4.5072e-05  bc=2.3734e-06
SSBroyden2  iter 27000/50000  loss=4.5391e-04  pde=2.1842e-04  ic=4.5331e-05  bc=1.7682e-06
SSBroyden2  iter 27500/50000  loss=4.8736e-04  pde=2.2842e-04  ic=4.9190e-05  bc=2.5974e-06
SSBroyden2  iter 28000/50000  loss=4.4381e-04  pde=2.2256e-04  ic=4.1606e-05  bc=2.6435e-06
SSBroyden2  iter 28500/50000  loss=4.6286e-04  pde=2.3517e-04  ic=4.3784e-05  bc=1.7537e-06
SSBroyden2  iter 29000/50000  loss=3.8767e-04  pde=2.0624e-04  ic=3.4274e-05  bc=2.0118e-06
SSBroyden2  iter 29500/50000  loss=4.0502e-04  pde=2.2640e-04  ic=3.3756e-05  bc=1.9683e-06
SSBroyden2  iter 30000/50000  loss=3.9811e-04  pde=2.2029e-04  ic=3.3542e-05  bc=2.0240e-06
SSBroyden2  iter 30500/50000  loss=4.1779e-04  pde=2.1610e-04  ic=3.8256e-05  bc=2.0834e-06
SSBroyden2  iter 31000/50000  loss=4.4316e-04  pde=2.2700e-04  ic=4.1176e-05  bc=2.0553e-06
SSBroyden2  iter 31500/50000  loss=4.3137e-04  pde=2.2407e-04  ic=3.9615e-05  bc=1.8442e-06
SSBroyden2  iter 32000/50000  loss=3.9540e-04  pde=2.1304e-04  ic=3.4059e-05  bc=2.4131e-06
SSBroyden2  iter 32500/50000  loss=4.2166e-04  pde=2.2628e-04  ic=3.6992e-05  bc=2.0832e-06
SSBroyden2  iter 33000/50000  loss=4.1985e-04  pde=2.2981e-04  ic=3.6037e-05  bc=1.9707e-06
SSBroyden2  iter 33500/50000  loss=4.0573e-04  pde=2.1148e-04  ic=3.7056e-05  bc=1.7934e-06
SSBroyden2  iter 34000/50000  loss=4.2085e-04  pde=2.1874e-04  ic=3.8521e-05  bc=1.9010e-06
SSBroyden2  iter 34500/50000  loss=3.8863e-04  pde=2.0544e-04  ic=3.4491e-05  bc=2.1469e-06
SSBroyden2  iter 35000/50000  loss=4.7766e-04  pde=2.2390e-04  ic=4.9031e-05  bc=1.7223e-06
SSBroyden2  iter 35500/50000  loss=4.4596e-04  pde=2.1423e-04  ic=4.4382e-05  bc=1.9636e-06
SSBroyden2  iter 36000/50000  loss=3.8673e-04  pde=2.1249e-04  ic=3.3472e-05  bc=1.3758e-06
SSBroyden2  iter 36500/50000  loss=4.0647e-04  pde=2.2562e-04  ic=3.4648e-05  bc=1.5229e-06
SSBroyden2  iter 37000/50000  loss=4.3638e-04  pde=2.2752e-04  ic=4.0114e-05  bc=1.6587e-06
SSBroyden2  iter 37500/50000  loss=4.1824e-04  pde=2.2499e-04  ic=3.6908e-05  bc=1.7434e-06
SSBroyden2  iter 38000/50000  loss=3.6386e-04  pde=2.1042e-04  ic=2.9350e-05  bc=1.3370e-06
SSBroyden2  iter 38500/50000  loss=3.8572e-04  pde=2.1380e-04  ic=3.2516e-05  bc=1.8677e-06
SSBroyden2  iter 39000/50000  loss=4.2577e-04  pde=2.1323e-04  ic=4.0501e-05  bc=2.0079e-06
SSBroyden2  iter 39500/50000  loss=4.3997e-04  pde=2.1774e-04  ic=4.2745e-05  bc=1.7000e-06
SSBroyden2  iter 40000/50000  loss=4.0538e-04  pde=2.1681e-04  ic=3.5553e-05  bc=2.1614e-06
SSBroyden2  iter 40500/50000  loss=3.9013e-04  pde=2.1687e-04  ic=3.2871e-05  bc=1.7802e-06
SSBroyden2  iter 41000/50000  loss=3.9494e-04  pde=2.2560e-04  ic=3.2269e-05  bc=1.5985e-06
SSBroyden2  iter 41500/50000  loss=4.1574e-04  pde=2.0851e-04  ic=3.9651e-05  bc=1.7946e-06
SSBroyden2  iter 42000/50000  loss=4.3114e-04  pde=2.2031e-04  ic=4.0548e-05  bc=1.6184e-06
SSBroyden2  iter 42500/50000  loss=3.9683e-04  pde=2.1137e-04  ic=3.4468e-05  bc=2.6260e-06
SSBroyden2  iter 43000/50000  loss=3.7522e-04  pde=2.0717e-04  ic=3.1839e-05  bc=1.7714e-06
SSBroyden2  iter 43500/50000  loss=3.5685e-04  pde=2.0641e-04  ic=2.8392e-05  bc=1.6957e-06
SSBroyden2  iter 44000/50000  loss=3.7358e-04  pde=2.1646e-04  ic=2.9741e-05  bc=1.6836e-06
SSBroyden2  iter 44500/50000  loss=3.8066e-04  pde=2.1118e-04  ic=3.2224e-05  bc=1.6712e-06
SSBroyden2  iter 45000/50000  loss=4.0641e-04  pde=2.2158e-04  ic=3.5373e-05  bc=1.5911e-06
SSBroyden2  iter 45500/50000  loss=3.8688e-04  pde=2.1848e-04  ic=3.1977e-05  bc=1.7032e-06
SSBroyden2  iter 46000/50000  loss=4.0569e-04  pde=2.2547e-04  ic=3.4496e-05  bc=1.5467e-06
SSBroyden2  iter 46500/50000  loss=3.7442e-04  pde=2.1553e-04  ic=3.0137e-05  bc=1.6416e-06
SSBroyden2  iter 47000/50000  loss=3.5167e-04  pde=2.1228e-04  ic=2.6311e-05  bc=1.5670e-06
SSBroyden2  iter 47500/50000  loss=3.5320e-04  pde=2.0895e-04  ic=2.7419e-05  bc=1.4317e-06
SSBroyden2  iter 48000/50000  loss=3.6135e-04  pde=2.0310e-04  ic=2.9523e-05  bc=2.1275e-06
SSBroyden2  iter 48500/50000  loss=3.9083e-04  pde=2.1761e-04  ic=3.2991e-05  bc=1.6544e-06
SSBroyden2  iter 49000/50000  loss=3.8760e-04  pde=2.2059e-04  ic=3.1837e-05  bc=1.5638e-06
SSBroyden2  iter 49500/50000  loss=3.9236e-04  pde=2.1978e-04  ic=3.2348e-05  bc=2.1678e-06
SSBroyden2  iter 50000/50000  loss=3.7995e-04  pde=2.1125e-04  ic=3.2000e-05  bc=1.7404e-06

SSBroyden2 phase complete: 36125.9s
Total training time: 36873.6s

Model saved to results/F6_adam_resample_1000/seed_1/model.pt
Metrics saved to results/F6_adam_resample_1000/seed_1/metrics.npz

Mass conservation diagnostic (<U> over domain at 21 times):
  <U>(t=0.0) = -0.006065
  <U>(t=10.0) = -0.006349
  max drift       = 2.84e-04

Loading reference solution from /oscar/home/dwong33/DRP/Optimizing_the_Optimizer_PINNs/reference_solution_t10_dt0p01.npz ...
  Per-snapshot relative L2 errors:
    t=0.0  L2_rel=5.0402e-01
    t=2.5  L2_rel=9.7326e-01
    t=5.0  L2_rel=1.4288e+00
    t=7.5  L2_rel=1.7943e+00
    t=10.0  L2_rel=2.1020e+00
  Overall relative L2 = 1.1068e+00
  Saved comparison_snapshots.png
Summary saved to results/F6_adam_resample_1000/seed_1/summary.json

Plots saved to results/F6_adam_resample_1000/seed_1/

======================================================================
EXPERIMENT COMPLETE: F6_adam_resample_1000
  Adam: 1000 epochs, 747.7s
  BFGS: 50000 iters (SSBroyden2), 36125.9s
  Total: 36873.6s
  Final loss: 3.7995e-04
  Final relative L2: 1.1848e+00
  Results: results/F6_adam_resample_1000/seed_1/
======================================================================

========================================================================
Job finished at Tue Apr  7 02:34:31 AM EDT 2026
Exit code: 0
========================================================================
