## SLURM PROLOG ###############################################################
##    Job ID : 1315307
##  Job Name : ch_pinn_fh
##  Nodelist : node2339
##      CPUs : 
##  Mem/Node : 16384 MB
## Directory : /oscar/home/dwong33/DRP/Optimizing_the_Optimizer_PINNs
##   Job Started : Mon Apr  6 04:19:35 PM EDT 2026
###############################################################################
========================================================================
SLURM Job ID:       1315307
Array Task ID:      0
Config index:       0
Config file:        configs/v2_fh_ablation/F4_points_5k.yaml
Seed:               1
Reference file:     reference_solution_t10_dt0p01.npz
Hostname:           node2339.oscar.ccv.brown.edu
Date:               Mon Apr  6 04:19:40 PM EDT 2026
Working directory:  /oscar/home/dwong33/DRP/Optimizing_the_Optimizer_PINNs
Python:             /oscar/home/dwong33/DRP/.venv/bin/python
========================================================================
======================================================================
Cahn-Hilliard PINN — Batch Training
Config: configs/v2_fh_ablation/F4_points_5k.yaml
Seed override: 1
======================================================================
Config : F4_points_5k
  PDE  : dU/dt = 1.0*lap(lap U + 1.0*U + 1.0*U^3)
  Domain: x=[0.0,128.0], y=[0.0,128.0], t=[0.0,10.0]
  Net  : (3, 20, 20, 20, 20, 1)  activation=tanh
  Train: Adam(1000) -> SSBroyden2(50000)
  Samp : Nint=5000, N0=500, Nb=500, RAD=on
  Device: cpu

Trainable parameters : 1361
Reference eval: /oscar/home/dwong33/DRP/Optimizing_the_Optimizer_PINNs/reference_solution_t10_dt0p01.npz (21 times)
Phase 1 optimizer: ADAM  lr=0.001
Adam  epoch   500/1000  loss=3.2210e-02  pde=1.8669e-05  ic=6.4181e-03  bc=2.0084e-05
Adam  epoch  1000/1000  loss=3.0035e-02  pde=1.7904e-05  ic=5.9865e-03  bc=1.6962e-05

Adam phase complete: 297.1s  final loss=3.0035e-02
SSBroyden2  iter   500/50000  loss=4.0382e-03  pde=4.5655e-04  ic=6.8900e-04  bc=2.7341e-05
SSBroyden2  iter  1000/50000  loss=1.7477e-03  pde=5.7326e-04  ic=2.1497e-04  bc=1.9916e-05
SSBroyden2  iter  1500/50000  loss=1.2198e-03  pde=5.0669e-04  ic=1.2692e-04  bc=1.5704e-05
SSBroyden2  iter  2000/50000  loss=1.0480e-03  pde=4.8310e-04  ic=1.0174e-04  bc=1.1248e-05
SSBroyden2  iter  2500/50000  loss=7.3817e-04  pde=3.7798e-04  ic=6.2101e-05  bc=9.9380e-06
SSBroyden2  iter  3000/50000  loss=7.3354e-04  pde=3.6079e-04  ic=6.7228e-05  bc=7.3221e-06
SSBroyden2  iter  3500/50000  loss=3.8803e-04  pde=2.1111e-04  ic=3.0248e-05  bc=5.1362e-06
SSBroyden2  iter  4000/50000  loss=3.6942e-04  pde=2.0115e-04  ic=2.9289e-05  bc=4.3649e-06
SSBroyden2  iter  4500/50000  loss=2.9084e-04  pde=1.0513e-04  ic=3.2562e-05  bc=4.5797e-06
SSBroyden2  iter  5000/50000  loss=3.5818e-04  pde=1.1711e-04  ic=4.3559e-05  bc=4.6542e-06
SSBroyden2  iter  5500/50000  loss=2.6822e-04  pde=1.0445e-04  ic=2.6277e-05  bc=6.4774e-06
SSBroyden2  iter  6000/50000  loss=2.1413e-04  pde=1.0026e-04  ic=1.8789e-05  bc=3.9841e-06
SSBroyden2  iter  6500/50000  loss=3.0833e-04  pde=9.7427e-05  ic=3.6765e-05  bc=5.4147e-06
SSBroyden2  iter  7000/50000  loss=4.2184e-04  pde=1.1401e-04  ic=5.7350e-05  bc=4.2170e-06
SSBroyden2  iter  7500/50000  loss=3.9511e-04  pde=9.7462e-05  ic=5.6472e-05  bc=3.0578e-06
SSBroyden2  iter  8000/50000  loss=4.8923e-04  pde=1.0874e-04  ic=6.9851e-05  bc=6.2474e-06
SSBroyden2  iter  8500/50000  loss=3.2329e-04  pde=5.5520e-05  ic=5.2535e-05  bc=1.0204e-06
SSBroyden2  iter  9000/50000  loss=7.1795e-04  pde=1.0633e-04  ic=1.1804e-04  bc=4.2812e-06
SSBroyden2  iter  9500/50000  loss=3.2886e-04  pde=8.2031e-05  ic=4.7120e-05  bc=2.2461e-06
SSBroyden2  iter 10000/50000  loss=6.6283e-04  pde=1.1632e-04  ic=1.0393e-04  bc=5.3690e-06
SSBroyden2  iter 10500/50000  loss=2.1315e-04  pde=1.0540e-04  ic=1.8397e-05  bc=3.1546e-06
SSBroyden2  iter 11000/50000  loss=6.2267e-04  pde=8.5232e-05  ic=1.0438e-04  bc=3.1102e-06
SSBroyden2  iter 11500/50000  loss=2.2319e-04  pde=9.5393e-05  ic=2.2638e-05  bc=2.9205e-06
SSBroyden2  iter 12000/50000  loss=4.5264e-04  pde=1.0728e-04  ic=6.1796e-05  bc=7.2760e-06
SSBroyden2  iter 12500/50000  loss=5.3922e-04  pde=6.8035e-05  ic=9.1914e-05  bc=2.3222e-06
SSBroyden2  iter 13000/50000  loss=6.4789e-04  pde=7.4818e-05  ic=1.1285e-04  bc=1.7637e-06
SSBroyden2  iter 13500/50000  loss=2.4850e-04  pde=6.2276e-05  ic=3.4315e-05  bc=2.9295e-06
SSBroyden2  iter 14000/50000  loss=3.6537e-04  pde=7.5679e-05  ic=4.9154e-05  bc=8.7837e-06
SSBroyden2  iter 14500/50000  loss=3.3175e-04  pde=8.2108e-05  ic=4.5958e-05  bc=3.9694e-06
SSBroyden2  iter 15000/50000  loss=3.9107e-04  pde=5.0529e-05  ic=6.6306e-05  bc=1.8013e-06
SSBroyden2  iter 15500/50000  loss=4.2028e-04  pde=9.4256e-05  ic=5.8677e-05  bc=6.5287e-06
SSBroyden2  iter 16000/50000  loss=2.1417e-04  pde=6.5988e-05  ic=2.7883e-05  bc=1.7540e-06
SSBroyden2  iter 16500/50000  loss=1.6698e-03  pde=1.7392e-04  ic=2.8865e-04  bc=1.0525e-05
SSBroyden2  iter 17000/50000  loss=1.9225e-03  pde=2.2576e-04  ic=3.3445e-04  bc=4.8979e-06
  [!] H lost positive-definiteness — resetting to I
SSBroyden2  iter 17500/50000  loss=1.2976e-02  pde=2.6972e-04  ic=2.4849e-03  bc=5.6335e-05
SSBroyden2  iter 18000/50000  loss=2.9135e-02  pde=1.2556e-04  ic=5.7116e-03  bc=9.0317e-05
  [!] H lost positive-definiteness — resetting to I
SSBroyden2  iter 18500/50000  loss=2.0322e-02  pde=3.0455e-04  ic=3.9207e-03  bc=8.2656e-05
SSBroyden2  iter 19000/50000  loss=1.2919e-02  pde=5.3382e-04  ic=2.3742e-03  bc=1.0295e-04
SSBroyden2  iter 19500/50000  loss=4.8049e-03  pde=3.2906e-04  ic=8.7475e-04  bc=2.0420e-05
SSBroyden2  iter 20000/50000  loss=9.0696e-03  pde=7.7565e-04  ic=1.5386e-03  bc=1.2023e-04
SSBroyden2  iter 20500/50000  loss=8.3999e-03  pde=7.0258e-04  ic=1.5151e-03  bc=2.4362e-05
SSBroyden2  iter 21000/50000  loss=9.2216e-03  pde=7.5999e-04  ic=1.6633e-03  bc=2.9058e-05
SSBroyden2  iter 21500/50000  loss=6.3267e-03  pde=6.8920e-04  ic=1.0972e-03  bc=3.0325e-05
SSBroyden2  iter 22000/50000  loss=4.4957e-03  pde=3.2459e-04  ic=8.2346e-04  bc=1.0767e-05
SSBroyden2  iter 22500/50000  loss=4.4057e-03  pde=5.1422e-04  ic=7.6383e-04  bc=1.4466e-05
SSBroyden2  iter 23000/50000  loss=3.2146e-03  pde=3.2056e-04  ic=5.7254e-04  bc=6.2786e-06
SSBroyden2  iter 23500/50000  loss=3.2220e-03  pde=5.1105e-04  ic=5.2788e-04  bc=1.4297e-05
SSBroyden2  iter 24000/50000  loss=3.4876e-03  pde=4.1710e-04  ic=6.0329e-04  bc=1.0800e-05
SSBroyden2  iter 24500/50000  loss=3.0537e-03  pde=4.0739e-04  ic=5.1653e-04  bc=1.2734e-05
SSBroyden2  iter 25000/50000  loss=3.3689e-03  pde=4.3300e-04  ic=5.7042e-04  bc=1.6756e-05
SSBroyden2  iter 25500/50000  loss=3.8206e-03  pde=4.0565e-04  ic=6.6867e-04  bc=1.4328e-05
SSBroyden2  iter 26000/50000  loss=3.6910e-03  pde=3.6571e-04  ic=6.5045e-04  bc=1.4606e-05
SSBroyden2  iter 26500/50000  loss=3.1166e-03  pde=3.1777e-04  ic=5.4530e-04  bc=1.4453e-05
SSBroyden2  iter 27000/50000  loss=3.6583e-03  pde=3.4385e-04  ic=6.4898e-04  bc=1.3917e-05
SSBroyden2  iter 27500/50000  loss=2.1999e-02  pde=7.2522e-04  ic=3.9865e-03  bc=2.6824e-04
SSBroyden2  iter 28000/50000  loss=3.1753e-02  pde=1.5615e-04  ic=6.2693e-03  bc=5.0022e-05
  [!] H lost positive-definiteness — resetting to I
SSBroyden2  iter 28500/50000  loss=2.4788e-02  pde=4.5222e-04  ic=4.7449e-03  bc=1.2227e-04
SSBroyden2  iter 29000/50000  loss=1.9602e-02  pde=4.3547e-04  ic=3.8052e-03  bc=2.8087e-05
SSBroyden2  iter 29500/50000  loss=1.5247e-02  pde=3.2033e-04  ic=2.9712e-03  bc=1.4119e-05
SSBroyden2  iter 30000/50000  loss=1.3954e-02  pde=2.8123e-04  ic=2.7286e-03  bc=5.8772e-06
SSBroyden2  iter 30500/50000  loss=1.2295e-02  pde=4.3045e-04  ic=2.3409e-03  bc=3.2077e-05
SSBroyden2  iter 31000/50000  loss=1.1810e-02  pde=3.9769e-04  ic=2.2646e-03  bc=1.7836e-05
SSBroyden2  iter 31500/50000  loss=1.3027e-02  pde=2.7713e-04  ic=2.5450e-03  bc=5.0504e-06
SSBroyden2  iter 32000/50000  loss=9.8039e-03  pde=3.9842e-04  ic=1.8556e-03  bc=2.5527e-05
SSBroyden2  iter 32500/50000  loss=9.1332e-03  pde=4.5653e-04  ic=1.7207e-03  bc=1.4672e-05
SSBroyden2  iter 33000/50000  loss=1.1207e-02  pde=5.0243e-04  ic=2.1068e-03  bc=3.4077e-05
SSBroyden2  iter 33500/50000  loss=1.1734e-02  pde=3.7311e-04  ic=2.2579e-03  bc=1.4363e-05
SSBroyden2  iter 34000/50000  loss=9.2035e-03  pde=4.5705e-04  ic=1.7302e-03  bc=1.9082e-05
SSBroyden2  iter 34500/50000  loss=8.6094e-03  pde=4.2490e-04  ic=1.6180e-03  bc=1.8900e-05
SSBroyden2  iter 35000/50000  loss=9.6645e-03  pde=6.0750e-04  ic=1.7891e-03  bc=2.2333e-05
SSBroyden2  iter 35500/50000  loss=1.0792e-02  pde=3.6901e-04  ic=2.0809e-03  bc=3.7495e-06
SSBroyden2  iter 36000/50000  loss=9.3473e-03  pde=5.6081e-04  ic=1.7451e-03  bc=1.2202e-05
SSBroyden2  iter 36500/50000  loss=9.1706e-03  pde=6.7696e-04  ic=1.6841e-03  bc=1.4594e-05
SSBroyden2  iter 37000/50000  loss=8.6973e-03  pde=6.8593e-04  ic=1.5576e-03  bc=4.4635e-05
SSBroyden2  iter 37500/50000  loss=1.0347e-02  pde=3.8390e-04  ic=1.9773e-03  bc=1.5404e-05
SSBroyden2  iter 38000/50000  loss=1.0263e-02  pde=4.3364e-04  ic=1.9535e-03  bc=1.2409e-05
SSBroyden2  iter 38500/50000  loss=8.5788e-03  pde=6.0341e-04  ic=1.5622e-03  bc=3.2908e-05
SSBroyden2  iter 39000/50000  loss=9.3159e-03  pde=5.4707e-04  ic=1.7417e-03  bc=1.2044e-05
SSBroyden2  iter 39500/50000  loss=7.3511e-03  pde=3.5814e-04  ic=1.3817e-03  bc=1.6855e-05
SSBroyden2  iter 40000/50000  loss=8.2830e-03  pde=3.3105e-04  ic=1.5778e-03  bc=1.2549e-05
SSBroyden2  iter 40500/50000  loss=6.6908e-03  pde=3.2569e-04  ic=1.2623e-03  bc=1.0687e-05
SSBroyden2  iter 41000/50000  loss=8.0717e-03  pde=3.9364e-04  ic=1.5247e-03  bc=1.0885e-05
SSBroyden2  iter 41500/50000  loss=9.4387e-03  pde=2.7949e-04  ic=1.8232e-03  bc=8.6745e-06
SSBroyden2  iter 42000/50000  loss=7.6777e-03  pde=2.3553e-04  ic=1.4807e-03  bc=7.7485e-06
SSBroyden2  iter 42500/50000  loss=8.7420e-03  pde=3.3407e-04  ic=1.6779e-03  bc=3.6288e-06
SSBroyden2  iter 43000/50000  loss=9.8721e-03  pde=3.2784e-04  ic=1.8990e-03  bc=9.8310e-06
SSBroyden2  iter 43500/50000  loss=9.1319e-03  pde=5.7754e-04  ic=1.6797e-03  bc=3.1178e-05
SSBroyden2  iter 44000/50000  loss=9.5071e-03  pde=3.2983e-04  ic=1.8234e-03  bc=1.2034e-05
SSBroyden2  iter 44500/50000  loss=9.7244e-03  pde=7.1122e-04  ic=1.7843e-03  bc=1.8321e-05
SSBroyden2  iter 45000/50000  loss=8.2516e-03  pde=4.2498e-04  ic=1.5483e-03  bc=1.7039e-05
SSBroyden2  iter 45500/50000  loss=8.2950e-03  pde=6.5607e-04  ic=1.5045e-03  bc=2.3273e-05
SSBroyden2  iter 46000/50000  loss=9.1456e-03  pde=6.6401e-04  ic=1.6688e-03  bc=2.7531e-05
SSBroyden2  iter 46500/50000  loss=7.9513e-03  pde=5.9118e-04  ic=1.4425e-03  bc=2.9505e-05
SSBroyden2  iter 47000/50000  loss=9.9920e-03  pde=8.3802e-04  ic=1.7989e-03  bc=3.1855e-05
SSBroyden2  iter 47500/50000  loss=6.3974e-03  pde=4.5365e-04  ic=1.1719e-03  bc=1.6835e-05
SSBroyden2  iter 48000/50000  loss=6.3664e-03  pde=4.4413e-04  ic=1.1595e-03  bc=2.4991e-05
SSBroyden2  iter 48500/50000  loss=8.7952e-03  pde=7.4987e-04  ic=1.5706e-03  bc=3.8414e-05
SSBroyden2  iter 49000/50000  loss=7.0425e-03  pde=8.3767e-04  ic=1.1994e-03  bc=4.1572e-05
SSBroyden2  iter 49500/50000  loss=8.1115e-03  pde=7.5339e-04  ic=1.4427e-03  bc=2.8913e-05
  [!] H lost positive-definiteness — resetting to I
SSBroyden2  iter 50000/50000  loss=1.1415e-02  pde=6.9702e-04  ic=2.1272e-03  bc=1.6495e-05

SSBroyden2 phase complete: 21079.5s
Total training time: 21376.6s

Model saved to results/F4_points_5k/seed_1/model.pt
Metrics saved to results/F4_points_5k/seed_1/metrics.npz

Mass conservation diagnostic (<U> over domain at 21 times):
  <U>(t=0.0) = -0.001769
  <U>(t=10.0) = +0.051344
  max drift       = 5.32e-02

Loading reference solution from /oscar/home/dwong33/DRP/Optimizing_the_Optimizer_PINNs/reference_solution_t10_dt0p01.npz ...
  Per-snapshot relative L2 errors:
    t=0.0  L2_rel=7.8200e-01
    t=2.5  L2_rel=1.2272e+00
    t=5.0  L2_rel=1.6938e+00
    t=7.5  L2_rel=2.0205e+00
    t=10.0  L2_rel=2.2737e+00
  Overall relative L2 = 1.3271e+00
  Saved comparison_snapshots.png
Summary saved to results/F4_points_5k/seed_1/summary.json

Plots saved to results/F4_points_5k/seed_1/

======================================================================
EXPERIMENT COMPLETE: F4_points_5k
  Adam: 1000 epochs, 297.1s
  BFGS: 50000 iters (SSBroyden2), 21079.5s
  Total: 21376.6s
  Final loss: 1.1415e-02
  Final relative L2: 1.4021e+00
  Results: results/F4_points_5k/seed_1/
======================================================================

========================================================================
Job finished at Mon Apr  6 10:16:21 PM EDT 2026
Exit code: 0
========================================================================
