## SLURM PROLOG ###############################################################
##    Job ID : 1314656
##  Job Name : ch_pinn_fh
##  Nodelist : node1934
##      CPUs : 
##  Mem/Node : 4096 MB
## Directory : /oscar/home/dwong33/DRP/Optimizing_the_Optimizer_PINNs
##   Job Started : Mon Apr  6 03:27:34 PM EDT 2026
###############################################################################
========================================================================
SLURM Job ID:       1314656
Array Task ID:      6
Config index:       2
Config file:        configs/v2_fh_ablation/F6_adam_resample_1000.yaml
Seed:               1
Reference file:     reference_solution_t10_dt0p01.npz
Hostname:           node1934.oscar.ccv.brown.edu
Date:               Mon Apr  6 03:27:39 PM EDT 2026
Working directory:  /oscar/home/dwong33/DRP/Optimizing_the_Optimizer_PINNs
Python:             /oscar/home/dwong33/DRP/.venv/bin/python
========================================================================
======================================================================
Cahn-Hilliard PINN — Batch Training
Config: configs/v2_fh_ablation/F6_adam_resample_1000.yaml
Seed override: 1
======================================================================
Config : F6_adam_resample_1000
  PDE  : dU/dt = 1.0*lap(lap U + 1.0*U + 1.0*U^3)
  Domain: x=[0.0,128.0], y=[0.0,128.0], t=[0.0,10.0]
  Net  : (3, 20, 20, 20, 20, 1)  activation=tanh
  Train: Adam(1000) -> SSBroyden2(50000)
  Samp : Nint=10000, N0=1000, Nb=500, RAD=on
  Device: cpu

Trainable parameters : 1361
Reference eval: /oscar/home/dwong33/DRP/Optimizing_the_Optimizer_PINNs/reference_solution_t10_dt0p01.npz (21 times)
Phase 1 optimizer: ADAM  lr=0.001
Adam  epoch   500/1000  loss=2.9883e-02  pde=6.2135e-06  ic=5.9697e-03  bc=5.7755e-06

========================================================================
Job finished at Mon Apr  6 03:35:51 PM EDT 2026
Exit code: 0
========================================================================
