## SLURM PROLOG ###############################################################
##    Job ID : 1349591
##  Job Name : ch_pinn_rerun
##  Nodelist : node2348
##      CPUs : 
##  Mem/Node : 16384 MB
## Directory : /oscar/home/dwong33/DRP/Optimizing_the_Optimizer_PINNs
##   Job Started : Tue Apr  7 02:08:20 PM EDT 2026
###############################################################################
Running configs/v2_fh_ablation/H1_rad_k1_0p5.yaml with seed 4
======================================================================
Cahn-Hilliard PINN — Batch Training
Config: configs/v2_fh_ablation/H1_rad_k1_0p5.yaml
Seed override: 4
======================================================================
Config : H1_rad_k1_0p5
  PDE  : dU/dt = 1.0*lap(lap U + 1.0*U + 1.0*U^3)
  Domain: x=[0.0,128.0], y=[0.0,128.0], t=[0.0,10.0]
  Net  : (3, 20, 20, 20, 20, 1)  activation=tanh
  Train: Adam(1000) -> SSBroyden2(50000)
  Samp : Nint=10000, N0=1000, Nb=500, RAD=on
  Device: cpu

Trainable parameters : 1361
Reference eval: /oscar/home/dwong33/DRP/Optimizing_the_Optimizer_PINNs/reference_solution_t10_dt0p01.npz (21 times)
Phase 1 optimizer: ADAM  lr=0.001
Adam  epoch   500/1000  loss=3.2410e-02  pde=4.9829e-06  ic=6.4602e-03  bc=2.0696e-05
Adam  epoch  1000/1000  loss=2.8266e-02  pde=2.4770e-05  ic=5.6396e-03  bc=8.6254e-06

Adam phase complete: 537.9s  final loss=2.8266e-02
SSBroyden2  iter   500/50000  loss=7.7866e-03  pde=7.0890e-04  ic=1.3457e-03  bc=6.9882e-05
SSBroyden2  iter  1000/50000  loss=2.5007e-03  pde=4.8332e-04  ic=3.7786e-04  bc=2.5607e-05
SSBroyden2  iter  1500/50000  loss=1.9274e-03  pde=4.7083e-04  ic=2.6591e-04  bc=2.5416e-05
SSBroyden2  iter  2000/50000  loss=1.3090e-03  pde=3.8846e-04  ic=1.6529e-04  bc=1.8810e-05
SSBroyden2  iter  2500/50000  loss=1.0607e-03  pde=3.2115e-04  ic=1.3520e-04  bc=1.2705e-05
SSBroyden2  iter  3000/50000  loss=7.5194e-04  pde=2.7458e-04  ic=8.6130e-05  bc=9.3424e-06
SSBroyden2  iter  3500/50000  loss=7.6508e-04  pde=2.8350e-04  ic=8.5351e-05  bc=1.0965e-05
SSBroyden2  iter  4000/50000  loss=5.9587e-04  pde=2.1388e-04  ic=7.0510e-05  bc=5.8880e-06
SSBroyden2  iter  4500/50000  loss=6.1826e-04  pde=2.5041e-04  ic=6.7951e-05  bc=5.6175e-06
SSBroyden2  iter  5000/50000  loss=6.7630e-04  pde=2.5169e-04  ic=8.0320e-05  bc=4.6015e-06
SSBroyden2  iter  5500/50000  loss=5.4513e-04  pde=2.3262e-04  ic=5.8816e-05  bc=3.6862e-06
SSBroyden2  iter  6000/50000  loss=5.2369e-04  pde=2.2474e-04  ic=5.5843e-05  bc=3.9473e-06
SSBroyden2  iter  6500/50000  loss=5.3896e-04  pde=2.4149e-04  ic=5.6443e-05  bc=3.0505e-06
SSBroyden2  iter  7000/50000  loss=5.1808e-04  pde=2.4027e-04  ic=5.2208e-05  bc=3.3540e-06
SSBroyden2  iter  7500/50000  loss=5.4866e-04  pde=2.3567e-04  ic=6.0703e-05  bc=1.8940e-06
SSBroyden2  iter  8000/50000  loss=4.8047e-04  pde=2.3450e-04  ic=4.6414e-05  bc=2.7796e-06
SSBroyden2  iter  8500/50000  loss=4.9722e-04  pde=2.1989e-04  ic=5.2304e-05  bc=3.1621e-06
SSBroyden2  iter  9000/50000  loss=5.2710e-04  pde=2.2284e-04  ic=5.8245e-05  bc=2.6065e-06
SSBroyden2  iter  9500/50000  loss=5.5915e-04  pde=2.3386e-04  ic=6.2261e-05  bc=2.7976e-06
SSBroyden2  iter 10000/50000  loss=5.0686e-04  pde=2.1896e-04  ic=5.2807e-05  bc=4.7745e-06
SSBroyden2  iter 10500/50000  loss=4.9968e-04  pde=2.2836e-04  ic=5.1906e-05  bc=2.3566e-06
SSBroyden2  iter 11000/50000  loss=4.6264e-04  pde=2.2515e-04  ic=4.4878e-05  bc=2.6203e-06
SSBroyden2  iter 11500/50000  loss=5.2074e-04  pde=2.3057e-04  ic=5.5154e-05  bc=2.8793e-06
SSBroyden2  iter 12000/50000  loss=4.8050e-04  pde=2.1656e-04  ic=5.0176e-05  bc=2.6116e-06
SSBroyden2  iter 12500/50000  loss=5.1288e-04  pde=2.2669e-04  ic=5.3838e-05  bc=3.4013e-06
SSBroyden2  iter 13000/50000  loss=4.6265e-04  pde=2.2639e-04  ic=4.4972e-05  bc=2.2790e-06
SSBroyden2  iter 13500/50000  loss=4.3298e-04  pde=2.0851e-04  ic=4.2884e-05  bc=2.0116e-06
SSBroyden2  iter 14000/50000  loss=4.2973e-04  pde=2.0984e-04  ic=4.1677e-05  bc=2.3010e-06
SSBroyden2  iter 14500/50000  loss=4.4755e-04  pde=2.1470e-04  ic=4.4130e-05  bc=2.4395e-06
SSBroyden2  iter 15000/50000  loss=4.7067e-04  pde=2.0740e-04  ic=5.0171e-05  bc=2.4828e-06
SSBroyden2  iter 15500/50000  loss=4.8977e-04  pde=2.2824e-04  ic=4.9746e-05  bc=2.5607e-06
SSBroyden2  iter 16000/50000  loss=1.2482e-03  pde=2.4929e-04  ic=1.9012e-04  bc=9.6598e-06
  [!] H lost positive-definiteness — resetting to I
SSBroyden2  iter 16500/50000  loss=1.6223e-02  pde=9.9449e-04  ic=2.9498e-03  bc=9.5886e-05
SSBroyden2  iter 17000/50000  loss=7.8759e-03  pde=1.0711e-03  ic=1.3320e-03  bc=2.8966e-05
SSBroyden2  iter 17500/50000  loss=7.3668e-03  pde=9.7743e-04  ic=1.2552e-03  bc=2.2682e-05
SSBroyden2  iter 18000/50000  loss=5.9700e-03  pde=9.2581e-04  ic=9.8733e-04  bc=2.1500e-05
SSBroyden2  iter 18500/50000  loss=6.1063e-03  pde=1.0313e-03  ic=9.9463e-04  bc=2.0379e-05
SSBroyden2  iter 19000/50000  loss=5.4124e-03  pde=1.1078e-03  ic=8.4720e-04  bc=1.3709e-05
SSBroyden2  iter 19500/50000  loss=5.9351e-03  pde=1.1048e-03  ic=9.5419e-04  bc=1.1869e-05
SSBroyden2  iter 20000/50000  loss=6.0832e-03  pde=1.1940e-03  ic=9.6397e-04  bc=1.3877e-05
SSBroyden2  iter 20500/50000  loss=5.7153e-03  pde=1.0602e-03  ic=9.1778e-04  bc=1.3229e-05
SSBroyden2  iter 21000/50000  loss=4.7819e-03  pde=9.3061e-04  ic=7.5491e-04  bc=1.5349e-05
SSBroyden2  iter 21500/50000  loss=5.3125e-03  pde=1.2676e-03  ic=7.8574e-04  bc=2.3243e-05
  [!] H lost positive-definiteness — resetting to I
SSBroyden2  iter 22000/50000  loss=6.5224e-03  pde=9.9899e-04  ic=1.0885e-03  bc=1.6226e-05
SSBroyden2  iter 22500/50000  loss=5.8497e-03  pde=1.1525e-03  ic=9.1445e-04  bc=2.4994e-05
SSBroyden2  iter 23000/50000  loss=5.7910e-03  pde=9.8043e-04  ic=9.4700e-04  bc=1.5109e-05
SSBroyden2  iter 23500/50000  loss=4.2454e-03  pde=7.3635e-04  ic=6.9166e-04  bc=1.0157e-05
SSBroyden2  iter 24000/50000  loss=1.0234e-02  pde=6.1130e-04  ic=1.9148e-03  bc=9.8302e-06
  [!] H lost positive-definiteness — resetting to I
SSBroyden2  iter 24500/50000  loss=1.0221e-02  pde=8.8169e-04  ic=1.8549e-03  bc=1.2965e-05
SSBroyden2  iter 25000/50000  loss=8.6785e-03  pde=6.2245e-04  ic=1.6036e-03  bc=7.6115e-06
SSBroyden2  iter 25500/50000  loss=6.9840e-03  pde=5.2559e-04  ic=1.2862e-03  bc=5.5028e-06
SSBroyden2  iter 26000/50000  loss=7.2618e-03  pde=6.5165e-04  ic=1.3115e-03  bc=1.0510e-05
SSBroyden2  iter 26500/50000  loss=7.2269e-03  pde=5.8560e-04  ic=1.3138e-03  bc=1.4473e-05
SSBroyden2  iter 27000/50000  loss=7.3817e-03  pde=6.2074e-04  ic=1.3436e-03  bc=8.6316e-06
SSBroyden2  iter 27500/50000  loss=6.0478e-03  pde=6.0153e-04  ic=1.0733e-03  bc=1.5929e-05
SSBroyden2  iter 28000/50000  loss=7.6536e-03  pde=6.5888e-04  ic=1.3890e-03  bc=9.8923e-06
SSBroyden2  iter 28500/50000  loss=7.9552e-03  pde=6.6502e-04  ic=1.4432e-03  bc=1.4798e-05
SSBroyden2  iter 29000/50000  loss=5.6851e-03  pde=3.7979e-04  ic=1.0543e-03  bc=6.7968e-06
SSBroyden2  iter 29500/50000  loss=6.9493e-03  pde=6.0878e-04  ic=1.2572e-03  bc=1.0934e-05
  [!] H lost positive-definiteness — resetting to I
SSBroyden2  iter 30000/50000  loss=2.8333e-01  pde=2.6743e-01  ic=3.1025e-03  bc=7.7552e-05
SSBroyden2  iter 30500/50000  loss=1.1421e-02  pde=5.8632e-04  ic=2.1356e-03  bc=3.1325e-05
SSBroyden2  iter 31000/50000  loss=2.8256e-02  pde=9.4824e-04  ic=5.1205e-03  bc=3.4108e-04
SSBroyden2  iter 31500/50000  loss=1.2828e-02  pde=1.0485e-03  ic=2.2711e-03  bc=8.4737e-05
SSBroyden2  iter 32000/50000  loss=1.1235e-02  pde=1.0072e-03  ic=2.0033e-03  bc=4.2255e-05
SSBroyden2  iter 32500/50000  loss=1.1625e-02  pde=6.7718e-04  ic=2.1501e-03  bc=3.9462e-05
SSBroyden2  iter 33000/50000  loss=1.0491e-02  pde=9.4691e-04  ic=1.8710e-03  bc=3.7831e-05
SSBroyden2  iter 33500/50000  loss=9.3650e-03  pde=4.3921e-04  ic=1.7593e-03  bc=2.5861e-05
SSBroyden2  iter 34000/50000  loss=1.1630e-02  pde=1.0440e-03  ic=2.0735e-03  bc=4.3671e-05
SSBroyden2  iter 34500/50000  loss=9.9728e-03  pde=9.0881e-04  ic=1.7533e-03  bc=5.9515e-05
  [!] H lost positive-definiteness — resetting to I
SSBroyden2  iter 35000/50000  loss=1.7415e-02  pde=4.3098e-03  ic=2.3126e-03  bc=3.0840e-04
SSBroyden2  iter 35500/50000  loss=1.0084e-02  pde=7.1389e-04  ic=1.8389e-03  bc=3.5167e-05
SSBroyden2  iter 36000/50000  loss=1.0021e-02  pde=6.6313e-04  ic=1.8183e-03  bc=5.3208e-05
SSBroyden2  iter 36500/50000  loss=1.0139e-02  pde=7.3445e-04  ic=1.8032e-03  bc=7.7661e-05
SSBroyden2  iter 37000/50000  loss=9.5568e-03  pde=6.1072e-04  ic=1.7483e-03  bc=4.0878e-05
SSBroyden2  iter 37500/50000  loss=1.0857e-02  pde=8.5893e-04  ic=1.9733e-03  bc=2.6402e-05
SSBroyden2  iter 38000/50000  loss=1.2669e-02  pde=7.1336e-04  ic=2.3521e-03  bc=3.8944e-05
SSBroyden2  iter 38500/50000  loss=1.0129e-02  pde=5.2836e-04  ic=1.8747e-03  bc=4.5505e-05
SSBroyden2  iter 39000/50000  loss=8.8624e-03  pde=5.1964e-04  ic=1.6476e-03  bc=2.0950e-05
  [!] H lost positive-definiteness — resetting to I
SSBroyden2  iter 39500/50000  loss=3.5494e-02  pde=2.1107e-02  ic=2.4931e-03  bc=3.8449e-04
  [!] H lost positive-definiteness — resetting to I
SSBroyden2  iter 40000/50000  loss=1.6372e-02  pde=1.9433e-03  ic=2.1832e-03  bc=7.0255e-04
SSBroyden2  iter 40500/50000  loss=1.1481e-02  pde=9.1628e-04  ic=2.0775e-03  bc=3.5360e-05
SSBroyden2  iter 41000/50000  loss=9.6401e-03  pde=5.8619e-04  ic=1.7781e-03  bc=3.2704e-05
SSBroyden2  iter 41500/50000  loss=1.0092e-02  pde=8.5177e-04  ic=1.7908e-03  bc=5.7236e-05
SSBroyden2  iter 42000/50000  loss=1.7486e-02  pde=9.3516e-04  ic=3.0454e-03  bc=2.6477e-04
SSBroyden2  iter 42500/50000  loss=1.0042e-02  pde=8.3762e-04  ic=1.7695e-03  bc=7.1237e-05
SSBroyden2  iter 43000/50000  loss=1.1170e-02  pde=1.1291e-03  ic=1.9172e-03  bc=9.0895e-05
SSBroyden2  iter 43500/50000  loss=9.7356e-03  pde=8.5247e-04  ic=1.7110e-03  bc=6.5668e-05
  [!] H lost positive-definiteness — resetting to I
SSBroyden2  iter 44000/50000  loss=1.4079e-02  pde=3.0143e-03  ic=2.1468e-03  bc=6.6188e-05
SSBroyden2  iter 44500/50000  loss=9.3713e-03  pde=8.3536e-04  ic=1.6796e-03  bc=2.7602e-05
SSBroyden2  iter 45000/50000  loss=1.0335e-02  pde=9.8827e-04  ic=1.8125e-03  bc=5.6724e-05
SSBroyden2  iter 45500/50000  loss=7.9911e-03  pde=8.4120e-04  ic=1.3771e-03  bc=5.2894e-05
SSBroyden2  iter 46000/50000  loss=7.5535e-03  pde=7.5971e-04  ic=1.3027e-03  bc=5.6036e-05
SSBroyden2  iter 46500/50000  loss=9.6767e-03  pde=1.0567e-03  ic=1.6578e-03  bc=6.6205e-05
SSBroyden2  iter 47000/50000  loss=8.7536e-03  pde=9.3448e-04  ic=1.4988e-03  bc=6.4999e-05
SSBroyden2  iter 47500/50000  loss=1.1741e-02  pde=1.6070e-03  ic=1.8429e-03  bc=1.8386e-04
  [!] H lost positive-definiteness — resetting to I
SSBroyden2  iter 48000/50000  loss=2.3395e-02  pde=1.1664e-02  ic=2.2272e-03  bc=1.1890e-04
SSBroyden2  iter 48500/50000  loss=9.1708e-03  pde=8.7238e-04  ic=1.6019e-03  bc=5.7763e-05
SSBroyden2  iter 49000/50000  loss=8.2154e-03  pde=8.4262e-04  ic=1.4333e-03  bc=4.1274e-05
SSBroyden2  iter 49500/50000  loss=9.3559e-03  pde=1.1622e-03  ic=1.5793e-03  bc=5.9460e-05
SSBroyden2  iter 50000/50000  loss=8.9591e-03  pde=9.8011e-04  ic=1.5258e-03  bc=7.0025e-05

SSBroyden2 phase complete: 29173.8s
Total training time: 29711.7s

Model saved to results/H1_rad_k1_0p5/seed_4/model.pt
Metrics saved to results/H1_rad_k1_0p5/seed_4/metrics.npz

Mass conservation diagnostic (<U> over domain at 21 times):
  <U>(t=0.0) = -0.003009
  <U>(t=10.0) = +0.066245
  max drift       = 6.94e-02

Loading reference solution from /oscar/home/dwong33/DRP/Optimizing_the_Optimizer_PINNs/reference_solution_t10_dt0p01.npz ...
  Per-snapshot relative L2 errors:
    t=0.0  L2_rel=5.8573e-01
    t=2.5  L2_rel=1.4305e+00
    t=5.0  L2_rel=2.0582e+00
    t=7.5  L2_rel=2.5064e+00
    t=10.0  L2_rel=2.7861e+00
  Overall relative L2 = 1.5228e+00
  Saved comparison_snapshots.png
Summary saved to results/H1_rad_k1_0p5/seed_4/summary.json

Plots saved to results/H1_rad_k1_0p5/seed_4/

======================================================================
EXPERIMENT COMPLETE: H1_rad_k1_0p5
  Adam: 1000 epochs, 537.9s
  BFGS: 50000 iters (SSBroyden2), 29173.8s
  Total: 29711.7s
  Final loss: 8.9591e-03
  Final relative L2: 1.4788e+00
  Results: results/H1_rad_k1_0p5/seed_4/
======================================================================
