========================================================================
SLURM Job ID:       1798507
Array Task ID:      16
Config index:       5 / 10
Config file:        configs/v3_64_ablation/V3_F_combined_sampling.yaml
Seed:               2
Hostname:           node2342.oscar.ccv.brown.edu
Date:               Sun Apr 19 10:27:15 PM EDT 2026
Working directory:  /users/dwong33/DRP-Cahn-Hilliard-PINN
Python:             /oscar/home/dwong33/astrolensing/bin/python
========================================================================
======================================================================
Cahn-Hilliard PINN — Batch Training
Config: configs/v3_64_ablation/V3_F_combined_sampling.yaml
Seed override: 2
======================================================================
Config : V3_F_combined_sampling
  PDE  : dU/dt = 1.0*lap(lap U + 1.0*U + 1.0*U^3)
  Domain: x=[0.0,64.0], y=[0.0,64.0], t=[0.0,20.0]
  Net  : (3, 20, 20, 20, 20, 1)  activation=tanh
  Train: Adam(1000) -> SSBroyden2(50000)
  Samp : Nint=16000, N0=1000, Nb=500, RAD=on
  Device: cpu

Trainable parameters : 1361
Reference eval: /oscar/home/dwong33/DRP-Cahn-Hilliard-PINN/reference_solution_64.npz (21 times)
Phase 1 optimizer: ADAM  lr=0.001
Adam  epoch   500/1000  loss=3.1357e-02  pde=3.1341e-06  ic=6.2581e-03  bc=1.2679e-05
Adam  epoch  1000/1000  loss=3.2202e-02  pde=6.8797e-05  ic=6.4166e-03  bc=1.0022e-05

Adam phase complete: 753.7s  final loss=3.2202e-02
SSBroyden2  iter   500/50000  loss=1.2437e-02  pde=4.5794e-04  ic=2.3554e-03  bc=4.0487e-05
SSBroyden2  iter  1000/50000  loss=3.6767e-03  pde=5.0020e-04  ic=5.8719e-04  bc=4.8103e-05
SSBroyden2  iter  1500/50000  loss=1.1244e-03  pde=2.6340e-04  ic=1.5667e-04  bc=1.5526e-05
SSBroyden2  iter  2000/50000  loss=5.5733e-04  pde=1.4566e-04  ic=7.1051e-05  bc=1.1283e-05
SSBroyden2  iter  2500/50000  loss=4.2838e-04  pde=1.0801e-04  ic=5.4722e-05  bc=9.3531e-06
SSBroyden2  iter  3000/50000  loss=3.1655e-04  pde=8.3419e-05  ic=4.1409e-05  bc=5.2160e-06
SSBroyden2  iter  3500/50000  loss=2.9178e-04  pde=8.0006e-05  ic=3.6778e-05  bc=5.5765e-06
SSBroyden2  iter  4000/50000  loss=2.3895e-04  pde=7.7133e-05  ic=2.7909e-05  bc=4.4545e-06
SSBroyden2  iter  4500/50000  loss=2.1192e-04  pde=6.6941e-05  ic=2.3859e-05  bc=5.1363e-06
SSBroyden2  iter  5000/50000  loss=1.9390e-04  pde=6.1363e-05  ic=2.2502e-05  bc=4.0058e-06
SSBroyden2  iter  5500/50000  loss=1.8851e-04  pde=6.4585e-05  ic=2.1696e-05  bc=3.0877e-06
SSBroyden2  iter  6000/50000  loss=1.5845e-04  pde=5.5325e-05  ic=1.7538e-05  bc=3.0872e-06
SSBroyden2  iter  6500/50000  loss=1.5515e-04  pde=5.6314e-05  ic=1.6361e-05  bc=3.4072e-06
SSBroyden2  iter  7000/50000  loss=1.6988e-04  pde=5.8752e-05  ic=1.8184e-05  bc=4.0415e-06
SSBroyden2  iter  7500/50000  loss=1.5045e-04  pde=5.6097e-05  ic=1.5855e-05  bc=3.0161e-06
SSBroyden2  iter  8000/50000  loss=1.3060e-04  pde=5.3536e-05  ic=1.2927e-05  bc=2.4861e-06
SSBroyden2  iter  8500/50000  loss=1.1470e-04  pde=5.1372e-05  ic=1.0527e-05  bc=2.1385e-06
SSBroyden2  iter  9000/50000  loss=1.1301e-04  pde=4.7202e-05  ic=1.0982e-05  bc=2.1801e-06
SSBroyden2  iter  9500/50000  loss=1.0942e-04  pde=4.7298e-05  ic=1.0178e-05  bc=2.2468e-06
SSBroyden2  iter 10000/50000  loss=1.1236e-04  pde=4.6691e-05  ic=1.0417e-05  bc=2.7160e-06
SSBroyden2  iter 10500/50000  loss=1.0479e-04  pde=4.6026e-05  ic=9.5375e-06  bc=2.2157e-06
SSBroyden2  iter 11000/50000  loss=9.7617e-05  pde=4.1820e-05  ic=9.2718e-06  bc=1.8878e-06
SSBroyden2  iter 11500/50000  loss=8.4061e-05  pde=4.1142e-05  ic=6.9898e-06  bc=1.5939e-06
SSBroyden2  iter 12000/50000  loss=9.5383e-05  pde=4.5164e-05  ic=8.3200e-06  bc=1.7238e-06
SSBroyden2  iter 12500/50000  loss=8.9992e-05  pde=3.9752e-05  ic=8.5060e-06  bc=1.5420e-06
SSBroyden2  iter 13000/50000  loss=7.7577e-05  pde=3.7642e-05  ic=6.6952e-06  bc=1.2919e-06
SSBroyden2  iter 13500/50000  loss=8.2754e-05  pde=3.8697e-05  ic=7.0816e-06  bc=1.7297e-06
SSBroyden2  iter 14000/50000  loss=8.1221e-05  pde=3.6464e-05  ic=7.5111e-06  bc=1.4403e-06
SSBroyden2  iter 14500/50000  loss=7.7366e-05  pde=3.5670e-05  ic=6.9392e-06  bc=1.4001e-06
SSBroyden2  iter 15000/50000  loss=7.9090e-05  pde=3.6730e-05  ic=7.0674e-06  bc=1.4048e-06
SSBroyden2  iter 15500/50000  loss=7.3642e-05  pde=3.4510e-05  ic=6.4253e-06  bc=1.4010e-06
SSBroyden2  iter 16000/50000  loss=6.8496e-05  pde=3.3510e-05  ic=5.9249e-06  bc=1.0723e-06
SSBroyden2  iter 16500/50000  loss=7.4299e-05  pde=3.4652e-05  ic=6.6659e-06  bc=1.2636e-06
SSBroyden2  iter 17000/50000  loss=7.4570e-05  pde=3.4034e-05  ic=6.4788e-06  bc=1.6283e-06
SSBroyden2  iter 17500/50000  loss=7.9928e-05  pde=3.5058e-05  ic=7.0941e-06  bc=1.8799e-06
SSBroyden2  iter 18000/50000  loss=7.6206e-05  pde=3.2928e-05  ic=7.0747e-06  bc=1.5810e-06
SSBroyden2  iter 18500/50000  loss=6.9557e-05  pde=3.2963e-05  ic=6.0157e-06  bc=1.3031e-06
SSBroyden2  iter 19000/50000  loss=6.8209e-05  pde=3.1947e-05  ic=5.8126e-06  bc=1.4397e-06
SSBroyden2  iter 19500/50000  loss=6.7455e-05  pde=3.4963e-05  ic=5.2865e-06  bc=1.2118e-06
SSBroyden2  iter 20000/50000  loss=6.5991e-05  pde=3.3235e-05  ic=5.3162e-06  bc=1.2350e-06
SSBroyden2  iter 20500/50000  loss=6.7667e-05  pde=3.3183e-05  ic=5.5723e-06  bc=1.3245e-06
SSBroyden2  iter 21000/50000  loss=6.4722e-05  pde=3.3553e-05  ic=5.1759e-06  bc=1.0580e-06
SSBroyden2  iter 21500/50000  loss=6.4714e-05  pde=3.3378e-05  ic=5.0337e-06  bc=1.2336e-06
SSBroyden2  iter 22000/50000  loss=6.0445e-05  pde=3.1845e-05  ic=4.5775e-06  bc=1.1426e-06
SSBroyden2  iter 22500/50000  loss=7.0386e-05  pde=3.2234e-05  ic=6.1676e-06  bc=1.4627e-06
SSBroyden2  iter 23000/50000  loss=6.3408e-05  pde=2.9700e-05  ic=5.5811e-06  bc=1.1605e-06
SSBroyden2  iter 23500/50000  loss=6.3798e-05  pde=3.1025e-05  ic=5.3559e-06  bc=1.1988e-06
SSBroyden2  iter 24000/50000  loss=6.6196e-05  pde=3.0329e-05  ic=6.0914e-06  bc=1.0820e-06
SSBroyden2  iter 24500/50000  loss=6.4245e-05  pde=2.9522e-05  ic=5.8134e-06  bc=1.1311e-06
SSBroyden2  iter 25000/50000  loss=6.3242e-05  pde=2.8975e-05  ic=5.4925e-06  bc=1.3611e-06
SSBroyden2  iter 25500/50000  loss=5.7146e-05  pde=3.0334e-05  ic=4.3788e-06  bc=9.8337e-07
SSBroyden2  iter 26000/50000  loss=6.3182e-05  pde=3.0528e-05  ic=5.3715e-06  bc=1.1595e-06
SSBroyden2  iter 26500/50000  loss=5.8760e-05  pde=2.8867e-05  ic=4.9935e-06  bc=9.8507e-07
SSBroyden2  iter 27000/50000  loss=6.2907e-05  pde=3.0448e-05  ic=5.2210e-06  bc=1.2708e-06
SSBroyden2  iter 27500/50000  loss=5.7868e-05  pde=2.9599e-05  ic=4.5495e-06  bc=1.1043e-06
SSBroyden2  iter 28000/50000  loss=5.6309e-05  pde=2.8444e-05  ic=4.4686e-06  bc=1.1044e-06
SSBroyden2  iter 28500/50000  loss=5.9155e-05  pde=2.9078e-05  ic=4.9006e-06  bc=1.1149e-06
SSBroyden2  iter 29000/50000  loss=5.6979e-05  pde=2.7787e-05  ic=4.9138e-06  bc=9.2462e-07
SSBroyden2  iter 29500/50000  loss=5.3952e-05  pde=2.6754e-05  ic=4.5497e-06  bc=8.8990e-07
SSBroyden2  iter 30000/50000  loss=5.6263e-05  pde=2.7157e-05  ic=4.9967e-06  bc=8.2446e-07
SSBroyden2  iter 30500/50000  loss=5.3169e-05  pde=2.7950e-05  ic=3.9791e-06  bc=1.0648e-06
SSBroyden2  iter 31000/50000  loss=5.3825e-05  pde=2.8249e-05  ic=4.1391e-06  bc=9.7605e-07
SSBroyden2  iter 31500/50000  loss=5.3329e-05  pde=2.6441e-05  ic=4.2897e-06  bc=1.0878e-06
SSBroyden2  iter 32000/50000  loss=5.0831e-05  pde=2.6837e-05  ic=3.9269e-06  bc=8.7191e-07
SSBroyden2  iter 32500/50000  loss=5.1941e-05  pde=2.6944e-05  ic=4.0803e-06  bc=9.1923e-07
SSBroyden2  iter 33000/50000  loss=5.3417e-05  pde=2.6532e-05  ic=4.5157e-06  bc=8.6131e-07
SSBroyden2  iter 33500/50000  loss=5.5934e-05  pde=2.7735e-05  ic=4.3753e-06  bc=1.2644e-06
SSBroyden2  iter 34000/50000  loss=4.8510e-05  pde=2.5155e-05  ic=3.8014e-06  bc=8.6960e-07
SSBroyden2  iter 34500/50000  loss=5.4794e-05  pde=2.7142e-05  ic=4.6135e-06  bc=9.1688e-07
SSBroyden2  iter 35000/50000  loss=5.2558e-05  pde=2.5430e-05  ic=4.4998e-06  bc=9.2572e-07
SSBroyden2  iter 35500/50000  loss=5.4066e-05  pde=2.6354e-05  ic=4.7005e-06  bc=8.4199e-07
SSBroyden2  iter 36000/50000  loss=4.9265e-05  pde=2.5803e-05  ic=3.8324e-06  bc=8.6011e-07
SSBroyden2  iter 36500/50000  loss=5.3056e-05  pde=2.6850e-05  ic=4.2755e-06  bc=9.6589e-07
SSBroyden2  iter 37000/50000  loss=5.1147e-05  pde=2.6662e-05  ic=3.8985e-06  bc=9.9850e-07
SSBroyden2  iter 37500/50000  loss=5.2301e-05  pde=2.7564e-05  ic=3.9801e-06  bc=9.6724e-07
SSBroyden2  iter 38000/50000  loss=4.8472e-05  pde=2.4939e-05  ic=3.7853e-06  bc=9.2136e-07
SSBroyden2  iter 38500/50000  loss=5.3641e-05  pde=2.6463e-05  ic=4.5280e-06  bc=9.0746e-07
SSBroyden2  iter 39000/50000  loss=5.2569e-05  pde=2.5976e-05  ic=4.4786e-06  bc=8.3987e-07
SSBroyden2  iter 39500/50000  loss=5.3455e-05  pde=2.5742e-05  ic=4.6764e-06  bc=8.6627e-07
SSBroyden2  iter 40000/50000  loss=5.1182e-05  pde=2.5543e-05  ic=4.1424e-06  bc=9.8541e-07
SSBroyden2  iter 40500/50000  loss=5.1128e-05  pde=2.5814e-05  ic=4.1109e-06  bc=9.5189e-07
SSBroyden2  iter 41000/50000  loss=4.9229e-05  pde=2.5582e-05  ic=3.9531e-06  bc=7.7623e-07
SSBroyden2  iter 41500/50000  loss=5.1195e-05  pde=2.5618e-05  ic=4.1464e-06  bc=9.6894e-07
SSBroyden2  iter 42000/50000  loss=5.0102e-05  pde=2.5835e-05  ic=3.9652e-06  bc=8.8822e-07
SSBroyden2  iter 42500/50000  loss=4.6847e-05  pde=2.4525e-05  ic=3.6048e-06  bc=8.5965e-07
SSBroyden2  iter 43000/50000  loss=4.6733e-05  pde=2.4720e-05  ic=3.5558e-06  bc=8.4671e-07
SSBroyden2  iter 43500/50000  loss=4.7252e-05  pde=2.5242e-05  ic=3.7059e-06  bc=6.9612e-07
SSBroyden2  iter 44000/50000  loss=4.6820e-05  pde=2.3645e-05  ic=3.8947e-06  bc=7.4015e-07
SSBroyden2  iter 44500/50000  loss=4.9553e-05  pde=2.4501e-05  ic=4.2217e-06  bc=7.8880e-07
SSBroyden2  iter 45000/50000  loss=4.6265e-05  pde=2.4065e-05  ic=3.6130e-06  bc=8.2700e-07
SSBroyden2  iter 45500/50000  loss=4.6591e-05  pde=2.4231e-05  ic=3.7151e-06  bc=7.5692e-07
SSBroyden2  iter 46000/50000  loss=4.7103e-05  pde=2.5239e-05  ic=3.4741e-06  bc=8.9856e-07
SSBroyden2  iter 46500/50000  loss=4.3000e-05  pde=2.3613e-05  ic=3.1974e-06  bc=6.7996e-07
SSBroyden2  iter 47000/50000  loss=5.1223e-05  pde=2.5261e-05  ic=4.3268e-06  bc=8.6558e-07
SSBroyden2  iter 47500/50000  loss=4.5127e-05  pde=2.3694e-05  ic=3.4337e-06  bc=8.5287e-07
SSBroyden2  iter 48000/50000  loss=4.6786e-05  pde=2.4042e-05  ic=3.6684e-06  bc=8.8038e-07
SSBroyden2  iter 48500/50000  loss=4.4437e-05  pde=2.4038e-05  ic=3.3231e-06  bc=7.5662e-07
SSBroyden2  iter 49000/50000  loss=4.7139e-05  pde=2.5550e-05  ic=3.5267e-06  bc=7.9113e-07
SSBroyden2  iter 49500/50000  loss=4.8760e-05  pde=2.4065e-05  ic=4.0048e-06  bc=9.3408e-07
SSBroyden2  iter 50000/50000  loss=4.5866e-05  pde=2.2769e-05  ic=3.8025e-06  bc=8.1679e-07

SSBroyden2 phase complete: 55957.5s
Total training time: 56711.1s

Model saved to results/v3_64_ablation/V3_F_combined_sampling/seed_2/model.pt
Metrics saved to results/v3_64_ablation/V3_F_combined_sampling/seed_2/metrics.npz

Mass conservation diagnostic (<U> over domain at 21 times):
  <U>(t=0.0) = -0.003934
  <U>(t=20.0) = +0.000627
  max drift       = 6.71e-03

Loading reference solution from /oscar/home/dwong33/DRP-Cahn-Hilliard-PINN/reference_solution_64.npz ...
  Per-snapshot relative L2 errors:
    t=0.0  L2_rel=6.4686e-02
    t=5.0  L2_rel=4.5015e-01
    t=10.0  L2_rel=4.7594e-01
    t=15.0  L2_rel=6.1619e-01
    t=20.0  L2_rel=7.5936e-01
  Overall relative L2 = 3.3624e-01
  Saved comparison_snapshots.png
Summary saved to results/v3_64_ablation/V3_F_combined_sampling/seed_2/summary.json

Plots saved to results/v3_64_ablation/V3_F_combined_sampling/seed_2/

======================================================================
EXPERIMENT COMPLETE: V3_F_combined_sampling
  Adam: 1000 epochs, 753.7s
  BFGS: 50000 iters (SSBroyden2), 55957.5s
  Total: 56711.1s
  Final loss: 4.5866e-05
  Final relative L2: 4.2665e-01
  Iterations to L2<=0.50: 17500
  Results: results/v3_64_ablation/V3_F_combined_sampling/seed_2/
======================================================================

========================================================================
Job finished at Mon Apr 20 02:12:51 PM EDT 2026
Exit code: 0
========================================================================
