========================================================================
SLURM Job ID:       1798665
Array Task ID:      18
Config index:       6 / 10
Config file:        configs/v3_64_ablation/V3_G_combined_batch200.yaml
Seed:               1
Hostname:           node2321.oscar.ccv.brown.edu
Date:               Sun Apr 19 10:38:02 PM EDT 2026
Working directory:  /users/dwong33/DRP-Cahn-Hilliard-PINN
Python:             /oscar/home/dwong33/astrolensing/bin/python
========================================================================
======================================================================
Cahn-Hilliard PINN — Batch Training
Config: configs/v3_64_ablation/V3_G_combined_batch200.yaml
Seed override: 1
======================================================================
Config : V3_G_combined_batch200
  PDE  : dU/dt = 1.0*lap(lap U + 1.0*U + 1.0*U^3)
  Domain: x=[0.0,64.0], y=[0.0,64.0], t=[0.0,20.0]
  Net  : (3, 20, 20, 20, 20, 1)  activation=tanh
  Train: Adam(1000) -> SSBroyden2(50000)
  Samp : Nint=16000, N0=1000, Nb=500, RAD=on
  Device: cpu

Trainable parameters : 1361
Reference eval: /oscar/home/dwong33/DRP-Cahn-Hilliard-PINN/reference_solution_64.npz (21 times)
Phase 1 optimizer: ADAM  lr=0.001
Adam  epoch   500/1000  loss=3.1972e-02  pde=1.5335e-07  ic=6.3825e-03  bc=1.1939e-05
Adam  epoch  1000/1000  loss=2.9222e-02  pde=1.1936e-05  ic=5.8216e-03  bc=2.0422e-05

Adam phase complete: 585.1s  final loss=2.9222e-02
SSBroyden2  iter   500/50000  loss=1.4935e-02  pde=1.8839e-04  ic=2.8761e-03  bc=7.3170e-05
SSBroyden2  iter  1000/50000  loss=3.7282e-03  pde=2.2732e-04  ic=6.3921e-04  bc=6.0972e-05
SSBroyden2  iter  1500/50000  loss=1.8368e-03  pde=2.7350e-04  ic=2.9723e-04  bc=1.5437e-05
SSBroyden2  iter  2000/50000  loss=9.7837e-04  pde=3.1263e-04  ic=1.2652e-04  bc=6.6274e-06
SSBroyden2  iter  2500/50000  loss=8.4729e-04  pde=2.9313e-04  ic=1.0479e-04  bc=6.0418e-06
SSBroyden2  iter  3000/50000  loss=6.3013e-04  pde=2.8281e-04  ic=6.5705e-05  bc=3.7582e-06
SSBroyden2  iter  3500/50000  loss=6.0057e-04  pde=2.9420e-04  ic=5.7945e-05  bc=3.3299e-06
SSBroyden2  iter  4000/50000  loss=5.0663e-04  pde=2.8324e-04  ic=4.2403e-05  bc=2.2736e-06
SSBroyden2  iter  4500/50000  loss=5.0337e-04  pde=2.8291e-04  ic=4.2090e-05  bc=2.0019e-06
SSBroyden2  iter  5000/50000  loss=4.5497e-04  pde=2.7164e-04  ic=3.4660e-05  bc=2.0065e-06
SSBroyden2  iter  5500/50000  loss=4.7825e-04  pde=2.8691e-04  ic=3.6009e-05  bc=2.2591e-06
SSBroyden2  iter  6000/50000  loss=4.3442e-04  pde=2.7350e-04  ic=2.9900e-05  bc=2.2848e-06
SSBroyden2  iter  6500/50000  loss=4.3534e-04  pde=2.7692e-04  ic=2.9595e-05  bc=2.0896e-06
SSBroyden2  iter  7000/50000  loss=4.1288e-04  pde=2.5999e-04  ic=2.8424e-05  bc=2.1537e-06
SSBroyden2  iter  7500/50000  loss=4.3561e-04  pde=2.7289e-04  ic=3.0657e-05  bc=1.8872e-06
SSBroyden2  iter  8000/50000  loss=3.7595e-04  pde=2.4828e-04  ic=2.2846e-05  bc=2.6886e-06
SSBroyden2  iter  8500/50000  loss=3.9492e-04  pde=2.5812e-04  ic=2.5048e-05  bc=2.3116e-06
SSBroyden2  iter  9000/50000  loss=3.7475e-04  pde=2.5148e-04  ic=2.2357e-05  bc=2.2974e-06
SSBroyden2  iter  9500/50000  loss=3.7775e-04  pde=2.4452e-04  ic=2.4601e-05  bc=2.0445e-06
SSBroyden2  iter 10000/50000  loss=3.3422e-04  pde=2.3316e-04  ic=1.8426e-05  bc=1.7861e-06
SSBroyden2  iter 10500/50000  loss=3.3673e-04  pde=2.3126e-04  ic=1.9086e-05  bc=2.0075e-06
SSBroyden2  iter 11000/50000  loss=3.2667e-04  pde=2.2614e-04  ic=1.8181e-05  bc=1.9253e-06
SSBroyden2  iter 11500/50000  loss=3.4071e-04  pde=2.2109e-04  ic=2.1854e-05  bc=2.0693e-06
SSBroyden2  iter 12000/50000  loss=3.1960e-04  pde=2.1652e-04  ic=1.8935e-05  bc=1.6801e-06
SSBroyden2  iter 12500/50000  loss=3.2085e-04  pde=2.1204e-04  ic=2.0221e-05  bc=1.5408e-06
SSBroyden2  iter 13000/50000  loss=2.9084e-04  pde=2.0442e-04  ic=1.5943e-05  bc=1.3410e-06
SSBroyden2  iter 13500/50000  loss=3.0518e-04  pde=2.0894e-04  ic=1.7703e-05  bc=1.5467e-06
SSBroyden2  iter 14000/50000  loss=3.0032e-04  pde=2.0460e-04  ic=1.7430e-05  bc=1.7148e-06
SSBroyden2  iter 14500/50000  loss=2.9029e-04  pde=1.9437e-04  ic=1.7227e-05  bc=1.9562e-06
SSBroyden2  iter 15000/50000  loss=2.6961e-04  pde=1.9155e-04  ic=1.4103e-05  bc=1.5085e-06
SSBroyden2  iter 15500/50000  loss=2.6245e-04  pde=1.8109e-04  ic=1.4333e-05  bc=1.9393e-06
SSBroyden2  iter 16000/50000  loss=2.7142e-04  pde=1.8123e-04  ic=1.6534e-05  bc=1.5037e-06
SSBroyden2  iter 16500/50000  loss=2.7193e-04  pde=1.8585e-04  ic=1.5634e-05  bc=1.5825e-06
SSBroyden2  iter 17000/50000  loss=2.5357e-04  pde=1.7650e-04  ic=1.4007e-05  bc=1.4086e-06
SSBroyden2  iter 17500/50000  loss=2.5610e-04  pde=1.7241e-04  ic=1.5086e-05  bc=1.6521e-06
SSBroyden2  iter 18000/50000  loss=2.4663e-04  pde=1.7470e-04  ic=1.2546e-05  bc=1.8389e-06
SSBroyden2  iter 18500/50000  loss=2.5109e-04  pde=1.6913e-04  ic=1.5022e-05  bc=1.3693e-06
SSBroyden2  iter 19000/50000  loss=2.3254e-04  pde=1.6497e-04  ic=1.1930e-05  bc=1.5841e-06
SSBroyden2  iter 19500/50000  loss=2.3991e-04  pde=1.6704e-04  ic=1.2943e-05  bc=1.6320e-06
SSBroyden2  iter 20000/50000  loss=2.2126e-04  pde=1.5824e-04  ic=1.1073e-05  bc=1.5313e-06
SSBroyden2  iter 20500/50000  loss=2.2574e-04  pde=1.5665e-04  ic=1.2246e-05  bc=1.5718e-06
SSBroyden2  iter 21000/50000  loss=2.2052e-04  pde=1.5217e-04  ic=1.2255e-05  bc=1.4161e-06
SSBroyden2  iter 21500/50000  loss=2.2320e-04  pde=1.5832e-04  ic=1.1281e-05  bc=1.6951e-06
SSBroyden2  iter 22000/50000  loss=2.1151e-04  pde=1.4712e-04  ic=1.1309e-05  bc=1.5700e-06
SSBroyden2  iter 22500/50000  loss=2.1218e-04  pde=1.4881e-04  ic=1.1187e-05  bc=1.4876e-06
SSBroyden2  iter 23000/50000  loss=1.9963e-04  pde=1.4028e-04  ic=1.0465e-05  bc=1.4066e-06
SSBroyden2  iter 23500/50000  loss=2.0579e-04  pde=1.4372e-04  ic=1.1005e-05  bc=1.4092e-06
SSBroyden2  iter 24000/50000  loss=2.0724e-04  pde=1.4036e-04  ic=1.1621e-05  bc=1.7559e-06
SSBroyden2  iter 24500/50000  loss=2.0183e-04  pde=1.3746e-04  ic=1.1232e-05  bc=1.6420e-06
SSBroyden2  iter 25000/50000  loss=1.8779e-04  pde=1.3282e-04  ic=9.6144e-06  bc=1.3788e-06
SSBroyden2  iter 25500/50000  loss=1.9639e-04  pde=1.3433e-04  ic=1.1022e-05  bc=1.3892e-06
SSBroyden2  iter 26000/50000  loss=1.8885e-04  pde=1.3024e-04  ic=1.0281e-05  bc=1.4412e-06
SSBroyden2  iter 26500/50000  loss=1.8906e-04  pde=1.3263e-04  ic=9.6845e-06  bc=1.6001e-06
SSBroyden2  iter 27000/50000  loss=1.8181e-04  pde=1.3005e-04  ic=9.0077e-06  bc=1.3443e-06
SSBroyden2  iter 27500/50000  loss=1.9260e-04  pde=1.2757e-04  ic=1.1396e-05  bc=1.6092e-06
SSBroyden2  iter 28000/50000  loss=1.8121e-04  pde=1.2745e-04  ic=9.2853e-06  bc=1.4669e-06
SSBroyden2  iter 28500/50000  loss=1.7846e-04  pde=1.2873e-04  ic=8.4810e-06  bc=1.4649e-06
SSBroyden2  iter 29000/50000  loss=1.7287e-04  pde=1.2074e-04  ic=8.9799e-06  bc=1.4460e-06
SSBroyden2  iter 29500/50000  loss=1.6929e-04  pde=1.2004e-04  ic=8.5089e-06  bc=1.3419e-06
SSBroyden2  iter 30000/50000  loss=1.6849e-04  pde=1.2004e-04  ic=8.2377e-06  bc=1.4522e-06
SSBroyden2  iter 30500/50000  loss=1.7585e-04  pde=1.1952e-04  ic=9.7035e-06  bc=1.5609e-06
SSBroyden2  iter 31000/50000  loss=1.6476e-04  pde=1.1461e-04  ic=8.5562e-06  bc=1.4734e-06
SSBroyden2  iter 31500/50000  loss=1.7567e-04  pde=1.1393e-04  ic=1.0704e-05  bc=1.6446e-06
SSBroyden2  iter 32000/50000  loss=1.6248e-04  pde=1.1049e-04  ic=8.8961e-06  bc=1.5017e-06
SSBroyden2  iter 32500/50000  loss=1.7005e-04  pde=1.1425e-04  ic=9.5431e-06  bc=1.6169e-06
SSBroyden2  iter 33000/50000  loss=1.6460e-04  pde=1.1159e-04  ic=8.9033e-06  bc=1.6984e-06
SSBroyden2  iter 33500/50000  loss=1.6202e-04  pde=1.1271e-04  ic=8.3054e-06  bc=1.5574e-06
SSBroyden2  iter 34000/50000  loss=1.6221e-04  pde=1.0748e-04  ic=9.3942e-06  bc=1.5515e-06
SSBroyden2  iter 34500/50000  loss=1.6842e-04  pde=1.0961e-04  ic=1.0123e-05  bc=1.6392e-06
SSBroyden2  iter 35000/50000  loss=1.5858e-04  pde=1.0744e-04  ic=8.7684e-06  bc=1.4598e-06
SSBroyden2  iter 35500/50000  loss=1.6369e-04  pde=1.0881e-04  ic=9.4422e-06  bc=1.5340e-06
SSBroyden2  iter 36000/50000  loss=1.5292e-04  pde=1.0567e-04  ic=8.1041e-06  bc=1.3456e-06
SSBroyden2  iter 36500/50000  loss=1.5849e-04  pde=1.1001e-04  ic=8.3336e-06  bc=1.3639e-06
SSBroyden2  iter 37000/50000  loss=1.6441e-04  pde=1.0859e-04  ic=9.6547e-06  bc=1.5095e-06
SSBroyden2  iter 37500/50000  loss=1.5510e-04  pde=1.0684e-04  ic=8.1306e-06  bc=1.5225e-06
SSBroyden2  iter 38000/50000  loss=1.5403e-04  pde=1.0533e-04  ic=8.4999e-06  bc=1.2399e-06
SSBroyden2  iter 38500/50000  loss=1.5361e-04  pde=1.0483e-04  ic=8.4414e-06  bc=1.3148e-06
SSBroyden2  iter 39000/50000  loss=1.5054e-04  pde=1.0324e-04  ic=8.0949e-06  bc=1.3650e-06
SSBroyden2  iter 39500/50000  loss=1.5605e-04  pde=1.0630e-04  ic=8.5634e-06  bc=1.3855e-06
SSBroyden2  iter 40000/50000  loss=1.4526e-04  pde=1.0174e-04  ic=7.4571e-06  bc=1.2469e-06
SSBroyden2  iter 40500/50000  loss=1.5373e-04  pde=1.0495e-04  ic=8.3767e-06  bc=1.3795e-06
SSBroyden2  iter 41000/50000  loss=1.4839e-04  pde=1.0552e-04  ic=7.3965e-06  bc=1.1782e-06
SSBroyden2  iter 41500/50000  loss=1.5132e-04  pde=1.0365e-04  ic=8.0958e-06  bc=1.4382e-06
SSBroyden2  iter 42000/50000  loss=1.4531e-04  pde=9.9721e-05  ic=7.8088e-06  bc=1.3089e-06
SSBroyden2  iter 42500/50000  loss=1.4709e-04  pde=1.0133e-04  ic=7.9224e-06  bc=1.2295e-06
SSBroyden2  iter 43000/50000  loss=1.4534e-04  pde=9.8810e-05  ic=8.1256e-06  bc=1.1794e-06
SSBroyden2  iter 43500/50000  loss=1.4023e-04  pde=1.0051e-04  ic=6.7632e-06  bc=1.1799e-06
SSBroyden2  iter 44000/50000  loss=1.4303e-04  pde=9.7905e-05  ic=7.8538e-06  bc=1.1714e-06
SSBroyden2  iter 44500/50000  loss=1.4598e-04  pde=9.9263e-05  ic=8.2782e-06  bc=1.0645e-06
SSBroyden2  iter 45000/50000  loss=1.4334e-04  pde=9.7028e-05  ic=8.0722e-06  bc=1.1901e-06
SSBroyden2  iter 45500/50000  loss=1.4616e-04  pde=1.0066e-04  ic=7.8352e-06  bc=1.2643e-06
SSBroyden2  iter 46000/50000  loss=1.4095e-04  pde=9.7352e-05  ic=7.6789e-06  bc=1.0400e-06
SSBroyden2  iter 46500/50000  loss=1.4766e-04  pde=9.9203e-05  ic=8.5879e-06  bc=1.1036e-06
SSBroyden2  iter 47000/50000  loss=1.3795e-04  pde=9.6639e-05  ic=7.1770e-06  bc=1.0842e-06
SSBroyden2  iter 47500/50000  loss=1.4885e-04  pde=9.9224e-05  ic=8.5687e-06  bc=1.3566e-06
SSBroyden2  iter 48000/50000  loss=1.3542e-04  pde=9.6752e-05  ic=6.6223e-06  bc=1.1103e-06
SSBroyden2  iter 48500/50000  loss=1.4536e-04  pde=9.7543e-05  ic=8.5380e-06  bc=1.0263e-06
SSBroyden2  iter 49000/50000  loss=1.3892e-04  pde=9.5644e-05  ic=7.5557e-06  bc=1.0998e-06
SSBroyden2  iter 49500/50000  loss=1.4001e-04  pde=9.5222e-05  ic=7.8545e-06  bc=1.1030e-06
SSBroyden2  iter 50000/50000  loss=1.3292e-04  pde=9.3186e-05  ic=6.9615e-06  bc=9.8452e-07

SSBroyden2 phase complete: 31693.8s
Total training time: 32278.9s

Model saved to results/v3_64_ablation/V3_G_combined_batch200/seed_1/model.pt
Metrics saved to results/v3_64_ablation/V3_G_combined_batch200/seed_1/metrics.npz

Mass conservation diagnostic (<U> over domain at 21 times):
  <U>(t=0.0) = -0.004126
  <U>(t=20.0) = -0.007432
  max drift       = 3.31e-03

Loading reference solution from /oscar/home/dwong33/DRP-Cahn-Hilliard-PINN/reference_solution_64.npz ...
  Per-snapshot relative L2 errors:
    t=0.0  L2_rel=6.8221e-02
    t=5.0  L2_rel=1.0929e+00
    t=10.0  L2_rel=1.2406e+00
    t=15.0  L2_rel=1.2516e+00
    t=20.0  L2_rel=1.4566e+00
  Overall relative L2 = 7.4657e-01
  Saved comparison_snapshots.png
Summary saved to results/v3_64_ablation/V3_G_combined_batch200/seed_1/summary.json

Plots saved to results/v3_64_ablation/V3_G_combined_batch200/seed_1/

======================================================================
EXPERIMENT COMPLETE: V3_G_combined_batch200
  Adam: 1000 epochs, 585.1s
  BFGS: 50000 iters (SSBroyden2), 31693.8s
  Total: 32278.9s
  Final loss: 1.3292e-04
  Final relative L2: 9.1832e-01
  Results: results/v3_64_ablation/V3_G_combined_batch200/seed_1/
======================================================================

========================================================================
Job finished at Mon Apr 20 07:36:24 AM EDT 2026
Exit code: 0
========================================================================
