========================================================================
SLURM Job ID:       1795490
Array Task ID:      0
Config index:       0 / 10
Config file:        configs/v3_64_ablation/V3_A_nint_16k.yaml
Seed:               1
Hostname:           node2309.oscar.ccv.brown.edu
Date:               Sun Apr 19 04:52:13 PM EDT 2026
Working directory:  /users/dwong33/DRP-Cahn-Hilliard-PINN
Python:             /oscar/home/dwong33/astrolensing/bin/python
========================================================================
======================================================================
Cahn-Hilliard PINN — Batch Training
Config: configs/v3_64_ablation/V3_A_nint_16k.yaml
Seed override: 1
======================================================================
Config : V3_A_nint_16k
  PDE  : dU/dt = 1.0*lap(lap U + 1.0*U + 1.0*U^3)
  Domain: x=[0.0,64.0], y=[0.0,64.0], t=[0.0,20.0]
  Net  : (3, 20, 20, 20, 20, 1)  activation=tanh
  Train: Adam(1000) -> SSBroyden2(50000)
  Samp : Nint=16000, N0=500, Nb=500, RAD=on
  Device: cpu

Trainable parameters : 1361
Reference eval: /oscar/home/dwong33/DRP-Cahn-Hilliard-PINN/reference_solution_64.npz (21 times)
Phase 1 optimizer: ADAM  lr=0.001
Adam  epoch   500/1000  loss=3.0613e-02  pde=1.2492e-06  ic=6.1064e-03  bc=1.5990e-05
Adam  epoch  1000/1000  loss=3.2126e-02  pde=4.1844e-05  ic=6.3723e-03  bc=4.4627e-05

Adam phase complete: 843.1s  final loss=3.2126e-02
SSBroyden2  iter   500/50000  loss=1.3122e-02  pde=1.9188e-04  ic=2.4142e-03  bc=1.7187e-04
SSBroyden2  iter  1000/50000  loss=2.3369e-03  pde=3.0432e-04  ic=3.4016e-04  bc=6.6357e-05
SSBroyden2  iter  1500/50000  loss=6.9631e-04  pde=1.7558e-04  ic=8.7868e-05  bc=1.6279e-05
SSBroyden2  iter  2000/50000  loss=3.7975e-04  pde=1.3117e-04  ic=3.8379e-05  bc=1.1336e-05
SSBroyden2  iter  2500/50000  loss=3.5080e-04  pde=1.1484e-04  ic=3.4402e-05  bc=1.2789e-05
SSBroyden2  iter  3000/50000  loss=2.5152e-04  pde=9.1973e-05  ic=2.4052e-05  bc=7.8587e-06
SSBroyden2  iter  3500/50000  loss=2.5022e-04  pde=9.0600e-05  ic=2.3986e-05  bc=7.9376e-06
SSBroyden2  iter  4000/50000  loss=2.4629e-04  pde=8.9344e-05  ic=2.4609e-05  bc=6.7800e-06
SSBroyden2  iter  4500/50000  loss=1.7079e-04  pde=7.2594e-05  ic=1.5478e-05  bc=4.1604e-06
SSBroyden2  iter  5000/50000  loss=1.7805e-04  pde=6.9784e-05  ic=1.6089e-05  bc=5.5652e-06
SSBroyden2  iter  5500/50000  loss=1.7303e-04  pde=6.8521e-05  ic=1.5748e-05  bc=5.1548e-06
SSBroyden2  iter  6000/50000  loss=1.5664e-04  pde=6.9947e-05  ic=1.2354e-05  bc=4.9849e-06
SSBroyden2  iter  6500/50000  loss=1.4063e-04  pde=5.4730e-05  ic=1.3019e-05  bc=4.1607e-06
SSBroyden2  iter  7000/50000  loss=1.3377e-04  pde=5.1823e-05  ic=1.3224e-05  bc=3.1657e-06
SSBroyden2  iter  7500/50000  loss=1.1417e-04  pde=4.8227e-05  ic=9.6679e-06  bc=3.5200e-06
SSBroyden2  iter  8000/50000  loss=1.3788e-04  pde=5.3771e-05  ic=1.3332e-05  bc=3.4895e-06
SSBroyden2  iter  8500/50000  loss=1.4082e-04  pde=5.5389e-05  ic=1.3204e-05  bc=3.8820e-06
SSBroyden2  iter  9000/50000  loss=1.3535e-04  pde=5.2730e-05  ic=1.3018e-05  bc=3.5052e-06
SSBroyden2  iter  9500/50000  loss=1.2022e-04  pde=5.0013e-05  ic=1.1077e-05  bc=2.9648e-06
SSBroyden2  iter 10000/50000  loss=1.0425e-04  pde=4.9508e-05  ic=7.5980e-06  bc=3.3510e-06
SSBroyden2  iter 10500/50000  loss=8.9263e-05  pde=4.1378e-05  ic=7.1413e-06  bc=2.4358e-06
SSBroyden2  iter 11000/50000  loss=1.0449e-04  pde=4.4617e-05  ic=9.0858e-06  bc=2.8878e-06
SSBroyden2  iter 11500/50000  loss=1.0573e-04  pde=4.3795e-05  ic=9.2727e-06  bc=3.1136e-06
SSBroyden2  iter 12000/50000  loss=1.0955e-04  pde=4.8104e-05  ic=9.4417e-06  bc=2.8471e-06
SSBroyden2  iter 12500/50000  loss=1.0492e-04  pde=4.7274e-05  ic=9.1359e-06  bc=2.3932e-06
SSBroyden2  iter 13000/50000  loss=8.8357e-05  pde=3.9134e-05  ic=7.1540e-06  bc=2.6907e-06
SSBroyden2  iter 13500/50000  loss=9.1492e-05  pde=3.6887e-05  ic=8.6833e-06  bc=2.2377e-06
SSBroyden2  iter 14000/50000  loss=9.1288e-05  pde=4.4509e-05  ic=7.3572e-06  bc=1.9984e-06
SSBroyden2  iter 14500/50000  loss=8.8831e-05  pde=4.1762e-05  ic=7.3966e-06  bc=2.0172e-06
SSBroyden2  iter 15000/50000  loss=9.7771e-05  pde=4.1423e-05  ic=8.4033e-06  bc=2.8663e-06
SSBroyden2  iter 15500/50000  loss=8.5054e-05  pde=3.6598e-05  ic=7.4826e-06  bc=2.2087e-06
SSBroyden2  iter 16000/50000  loss=9.3140e-05  pde=4.2944e-05  ic=7.4357e-06  bc=2.6035e-06
SSBroyden2  iter 16500/50000  loss=8.9489e-05  pde=4.2113e-05  ic=7.0721e-06  bc=2.4030e-06
SSBroyden2  iter 17000/50000  loss=7.9811e-05  pde=3.7784e-05  ic=5.7475e-06  bc=2.6578e-06
SSBroyden2  iter 17500/50000  loss=8.8897e-05  pde=4.0803e-05  ic=7.7883e-06  bc=1.8305e-06
SSBroyden2  iter 18000/50000  loss=7.7608e-05  pde=3.4761e-05  ic=6.7200e-06  bc=1.8493e-06
SSBroyden2  iter 18500/50000  loss=8.4045e-05  pde=3.7504e-05  ic=6.9777e-06  bc=2.3305e-06
SSBroyden2  iter 19000/50000  loss=8.2708e-05  pde=3.6699e-05  ic=6.9654e-06  bc=2.2364e-06
SSBroyden2  iter 19500/50000  loss=8.1907e-05  pde=3.5450e-05  ic=6.7862e-06  bc=2.5052e-06
SSBroyden2  iter 20000/50000  loss=8.4723e-05  pde=3.8694e-05  ic=6.6228e-06  bc=2.5830e-06
SSBroyden2  iter 20500/50000  loss=7.9441e-05  pde=3.8062e-05  ic=6.4153e-06  bc=1.8604e-06
SSBroyden2  iter 21000/50000  loss=8.3457e-05  pde=3.6788e-05  ic=7.2345e-06  bc=2.0992e-06
SSBroyden2  iter 21500/50000  loss=7.7359e-05  pde=3.8708e-05  ic=5.7287e-06  bc=2.0016e-06
SSBroyden2  iter 22000/50000  loss=8.6322e-05  pde=3.9608e-05  ic=7.0551e-06  bc=2.2879e-06
SSBroyden2  iter 22500/50000  loss=7.3011e-05  pde=3.2427e-05  ic=6.1320e-06  bc=1.9847e-06
SSBroyden2  iter 23000/50000  loss=7.7054e-05  pde=3.5858e-05  ic=6.4595e-06  bc=1.7798e-06
SSBroyden2  iter 23500/50000  loss=6.5179e-05  pde=3.1324e-05  ic=5.0218e-06  bc=1.7492e-06
SSBroyden2  iter 24000/50000  loss=7.1378e-05  pde=3.4101e-05  ic=5.4292e-06  bc=2.0262e-06
SSBroyden2  iter 24500/50000  loss=8.6104e-05  pde=3.6727e-05  ic=7.8037e-06  bc=2.0717e-06
SSBroyden2  iter 25000/50000  loss=8.3322e-05  pde=3.7561e-05  ic=7.0294e-06  bc=2.1229e-06
SSBroyden2  iter 25500/50000  loss=8.0713e-05  pde=3.4531e-05  ic=6.9284e-06  bc=2.3079e-06
SSBroyden2  iter 26000/50000  loss=6.8946e-05  pde=3.2847e-05  ic=5.2966e-06  bc=1.9232e-06
SSBroyden2  iter 26500/50000  loss=7.2624e-05  pde=3.4425e-05  ic=5.9083e-06  bc=1.7315e-06
SSBroyden2  iter 27000/50000  loss=6.3349e-05  pde=3.1639e-05  ic=4.9057e-06  bc=1.4362e-06
SSBroyden2  iter 27500/50000  loss=6.6897e-05  pde=3.3078e-05  ic=4.8376e-06  bc=1.9261e-06
SSBroyden2  iter 28000/50000  loss=6.6613e-05  pde=3.0383e-05  ic=5.3868e-06  bc=1.8591e-06
SSBroyden2  iter 28500/50000  loss=8.6538e-05  pde=3.7388e-05  ic=7.8994e-06  bc=1.9305e-06
SSBroyden2  iter 29000/50000  loss=6.9433e-05  pde=3.3104e-05  ic=5.5727e-06  bc=1.6930e-06
SSBroyden2  iter 29500/50000  loss=6.9351e-05  pde=3.3604e-05  ic=5.4874e-06  bc=1.6619e-06
SSBroyden2  iter 30000/50000  loss=7.1133e-05  pde=3.3000e-05  ic=5.5732e-06  bc=2.0534e-06
SSBroyden2  iter 30500/50000  loss=6.3981e-05  pde=3.2101e-05  ic=4.8511e-06  bc=1.5248e-06
SSBroyden2  iter 31000/50000  loss=6.3005e-05  pde=3.0742e-05  ic=5.3880e-06  bc=1.0647e-06
SSBroyden2  iter 31500/50000  loss=6.5674e-05  pde=3.1175e-05  ic=5.0862e-06  bc=1.8136e-06
SSBroyden2  iter 32000/50000  loss=6.5625e-05  pde=3.4595e-05  ic=4.7013e-06  bc=1.5049e-06
SSBroyden2  iter 32500/50000  loss=6.4238e-05  pde=2.9948e-05  ic=5.3596e-06  bc=1.4984e-06
SSBroyden2  iter 33000/50000  loss=5.7688e-05  pde=2.9177e-05  ic=4.3657e-06  bc=1.3366e-06
SSBroyden2  iter 33500/50000  loss=6.2648e-05  pde=3.2540e-05  ic=4.4362e-06  bc=1.5855e-06
SSBroyden2  iter 34000/50000  loss=5.9491e-05  pde=2.9823e-05  ic=4.4698e-06  bc=1.4638e-06
SSBroyden2  iter 34500/50000  loss=6.5457e-05  pde=3.1527e-05  ic=5.2161e-06  bc=1.5700e-06
SSBroyden2  iter 35000/50000  loss=5.5506e-05  pde=3.0447e-05  ic=3.6937e-06  bc=1.3180e-06
SSBroyden2  iter 35500/50000  loss=6.0460e-05  pde=2.8163e-05  ic=4.7684e-06  bc=1.6911e-06
SSBroyden2  iter 36000/50000  loss=5.9273e-05  pde=2.9166e-05  ic=4.8014e-06  bc=1.2200e-06
SSBroyden2  iter 36500/50000  loss=6.6866e-05  pde=3.2553e-05  ic=5.6654e-06  bc=1.1972e-06
SSBroyden2  iter 37000/50000  loss=5.3681e-05  pde=2.9227e-05  ic=3.6472e-06  bc=1.2437e-06
SSBroyden2  iter 37500/50000  loss=5.6266e-05  pde=2.9391e-05  ic=4.0992e-06  bc=1.2760e-06
SSBroyden2  iter 38000/50000  loss=6.5206e-05  pde=2.9775e-05  ic=5.3541e-06  bc=1.7322e-06
SSBroyden2  iter 38500/50000  loss=6.8007e-05  pde=3.2483e-05  ic=4.9480e-06  bc=2.1567e-06
SSBroyden2  iter 39000/50000  loss=5.8535e-05  pde=2.6725e-05  ic=5.2359e-06  bc=1.1261e-06
SSBroyden2  iter 39500/50000  loss=6.3899e-05  pde=2.8736e-05  ic=5.5604e-06  bc=1.4722e-06
SSBroyden2  iter 40000/50000  loss=5.6880e-05  pde=3.2267e-05  ic=3.7349e-06  bc=1.1877e-06
SSBroyden2  iter 40500/50000  loss=5.4460e-05  pde=2.6670e-05  ic=4.2959e-06  bc=1.2622e-06
SSBroyden2  iter 41000/50000  loss=5.2786e-05  pde=2.8392e-05  ic=3.6644e-06  bc=1.2142e-06
SSBroyden2  iter 41500/50000  loss=6.9970e-05  pde=2.8840e-05  ic=6.7475e-06  bc=1.4785e-06
SSBroyden2  iter 42000/50000  loss=5.4200e-05  pde=2.8939e-05  ic=3.5483e-06  bc=1.5040e-06
SSBroyden2  iter 42500/50000  loss=5.4120e-05  pde=2.9164e-05  ic=3.7252e-06  bc=1.2661e-06
SSBroyden2  iter 43000/50000  loss=5.3915e-05  pde=2.9026e-05  ic=3.6337e-06  bc=1.3441e-06
SSBroyden2  iter 43500/50000  loss=6.1286e-05  pde=3.2010e-05  ic=4.0207e-06  bc=1.8345e-06
SSBroyden2  iter 44000/50000  loss=5.6187e-05  pde=2.8072e-05  ic=4.2461e-06  bc=1.3767e-06
SSBroyden2  iter 44500/50000  loss=6.1239e-05  pde=2.6393e-05  ic=5.3067e-06  bc=1.6625e-06
SSBroyden2  iter 45000/50000  loss=7.0745e-05  pde=3.4751e-05  ic=5.5637e-06  bc=1.6352e-06
SSBroyden2  iter 45500/50000  loss=5.5033e-05  pde=2.7175e-05  ic=4.0386e-06  bc=1.5331e-06
SSBroyden2  iter 46000/50000  loss=5.6311e-05  pde=3.0359e-05  ic=3.9447e-06  bc=1.2456e-06
SSBroyden2  iter 46500/50000  loss=5.3336e-05  pde=2.9750e-05  ic=3.4189e-06  bc=1.2985e-06
SSBroyden2  iter 47000/50000  loss=5.7360e-05  pde=2.7672e-05  ic=4.3395e-06  bc=1.5980e-06
SSBroyden2  iter 47500/50000  loss=5.4097e-05  pde=2.6865e-05  ic=4.0368e-06  bc=1.4096e-06
SSBroyden2  iter 48000/50000  loss=5.2130e-05  pde=2.8051e-05  ic=3.5317e-06  bc=1.2841e-06
SSBroyden2  iter 48500/50000  loss=5.4561e-05  pde=2.8973e-05  ic=3.8058e-06  bc=1.3119e-06
SSBroyden2  iter 49000/50000  loss=4.7564e-05  pde=2.7016e-05  ic=3.0879e-06  bc=1.0217e-06
SSBroyden2  iter 49500/50000  loss=5.5891e-05  pde=2.8686e-05  ic=3.8944e-06  bc=1.5465e-06
SSBroyden2  iter 50000/50000  loss=5.0644e-05  pde=2.5787e-05  ic=4.0810e-06  bc=8.9035e-07

SSBroyden2 phase complete: 36719.2s
Total training time: 37562.3s

Model saved to results/v3_64_ablation/V3_A_nint_16k/seed_1/model.pt
Metrics saved to results/v3_64_ablation/V3_A_nint_16k/seed_1/metrics.npz

Mass conservation diagnostic (<U> over domain at 21 times):
  <U>(t=0.0) = -0.003710
  <U>(t=20.0) = -0.006043
  max drift       = 2.33e-03

Loading reference solution from /oscar/home/dwong33/DRP-Cahn-Hilliard-PINN/reference_solution_64.npz ...
  Per-snapshot relative L2 errors:
    t=0.0  L2_rel=1.8613e-01
    t=5.0  L2_rel=5.3557e-01
    t=10.0  L2_rel=4.6199e-01
    t=15.0  L2_rel=4.9979e-01
    t=20.0  L2_rel=6.3303e-01
  Overall relative L2 = 3.5386e-01
  Saved comparison_snapshots.png
Summary saved to results/v3_64_ablation/V3_A_nint_16k/seed_1/summary.json

Plots saved to results/v3_64_ablation/V3_A_nint_16k/seed_1/

======================================================================
EXPERIMENT COMPLETE: V3_A_nint_16k
  Adam: 1000 epochs, 843.1s
  BFGS: 50000 iters (SSBroyden2), 36719.2s
  Total: 37562.3s
  Final loss: 5.0644e-05
  Final relative L2: 4.4298e-01
  Iterations to L2<=0.50: 14500
  Results: results/v3_64_ablation/V3_A_nint_16k/seed_1/
======================================================================

========================================================================
Job finished at Mon Apr 20 03:18:40 AM EDT 2026
Exit code: 0
========================================================================
