========================================================================
SLURM Job ID:       1799256
Array Task ID:      23
Config index:       7 / 10
Config file:        configs/v3_64_ablation/V3_H_combined_warmup2k.yaml
Seed:               3
Hostname:           node2351.oscar.ccv.brown.edu
Date:               Sun Apr 19 11:41:29 PM EDT 2026
Working directory:  /users/dwong33/DRP-Cahn-Hilliard-PINN
Python:             /oscar/home/dwong33/astrolensing/bin/python
========================================================================
======================================================================
Cahn-Hilliard PINN — Batch Training
Config: configs/v3_64_ablation/V3_H_combined_warmup2k.yaml
Seed override: 3
======================================================================
Config : V3_H_combined_warmup2k
  PDE  : dU/dt = 1.0*lap(lap U + 1.0*U + 1.0*U^3)
  Domain: x=[0.0,64.0], y=[0.0,64.0], t=[0.0,20.0]
  Net  : (3, 20, 20, 20, 20, 1)  activation=tanh
  Train: Adam(2000) -> SSBroyden2(49000)
  Samp : Nint=16000, N0=1000, Nb=500, RAD=on
  Device: cpu

Trainable parameters : 1361
Reference eval: /oscar/home/dwong33/DRP-Cahn-Hilliard-PINN/reference_solution_64.npz (21 times)
Phase 1 optimizer: ADAM  lr=0.001
Adam  epoch   500/2000  loss=3.3199e-02  pde=1.9100e-05  ic=6.6145e-03  bc=2.1576e-05
Adam  epoch  1000/2000  loss=3.1461e-02  pde=6.1196e-06  ic=6.2528e-03  bc=3.8253e-05
Adam  epoch  1500/2000  loss=3.0401e-02  pde=3.1486e-06  ic=5.9882e-03  bc=9.1334e-05
Adam  epoch  2000/2000  loss=2.9913e-02  pde=1.0301e-05  ic=5.9104e-03  bc=7.0167e-05

Adam phase complete: 1096.4s  final loss=2.9913e-02
SSBroyden2  iter   500/49000  loss=7.9469e-03  pde=3.5074e-04  ic=1.4678e-03  bc=5.1422e-05
SSBroyden2  iter  1000/49000  loss=1.8747e-03  pde=3.4527e-04  ic=2.7840e-04  bc=2.7493e-05
SSBroyden2  iter  1500/49000  loss=7.8444e-04  pde=2.0063e-04  ic=1.0687e-04  bc=9.8895e-06
SSBroyden2  iter  2000/49000  loss=5.4038e-04  pde=1.4556e-04  ic=6.7513e-05  bc=1.1451e-05
SSBroyden2  iter  2500/49000  loss=4.3563e-04  pde=1.1790e-04  ic=5.4228e-05  bc=9.3179e-06
SSBroyden2  iter  3000/49000  loss=3.3721e-04  pde=8.5578e-05  ic=4.4427e-05  bc=5.8991e-06
SSBroyden2  iter  3500/49000  loss=2.7858e-04  pde=8.5044e-05  ic=3.3271e-05  bc=5.4355e-06
SSBroyden2  iter  4000/49000  loss=2.7453e-04  pde=7.6267e-05  ic=3.4573e-05  bc=5.0796e-06
SSBroyden2  iter  4500/49000  loss=2.2439e-04  pde=6.9424e-05  ic=2.6564e-05  bc=4.4297e-06
SSBroyden2  iter  5000/49000  loss=2.3025e-04  pde=6.9655e-05  ic=2.7813e-05  bc=4.3064e-06
SSBroyden2  iter  5500/49000  loss=1.8854e-04  pde=5.6883e-05  ic=2.3212e-05  bc=3.1195e-06
SSBroyden2  iter  6000/49000  loss=1.9440e-04  pde=5.5551e-05  ic=2.5115e-05  bc=2.6543e-06
SSBroyden2  iter  6500/49000  loss=1.7699e-04  pde=5.0400e-05  ic=2.1902e-05  bc=3.4162e-06
SSBroyden2  iter  7000/49000  loss=1.7542e-04  pde=5.5473e-05  ic=2.1366e-05  bc=2.6233e-06
SSBroyden2  iter  7500/49000  loss=1.7571e-04  pde=5.2501e-05  ic=2.2355e-05  bc=2.2863e-06
SSBroyden2  iter  8000/49000  loss=1.7441e-04  pde=4.6645e-05  ic=2.2405e-05  bc=3.1479e-06
SSBroyden2  iter  8500/49000  loss=1.5011e-04  pde=4.7613e-05  ic=1.8057e-05  bc=2.4427e-06
SSBroyden2  iter  9000/49000  loss=1.3673e-04  pde=4.5860e-05  ic=1.6162e-05  bc=2.0130e-06
SSBroyden2  iter  9500/49000  loss=1.3098e-04  pde=4.2494e-05  ic=1.5691e-05  bc=2.0060e-06
SSBroyden2  iter 10000/49000  loss=1.3636e-04  pde=4.4205e-05  ic=1.5959e-05  bc=2.4723e-06
SSBroyden2  iter 10500/49000  loss=1.1833e-04  pde=4.0149e-05  ic=1.3652e-05  bc=1.9846e-06
SSBroyden2  iter 11000/49000  loss=1.1874e-04  pde=4.3066e-05  ic=1.3133e-05  bc=2.0033e-06
SSBroyden2  iter 11500/49000  loss=1.1063e-04  pde=4.0729e-05  ic=1.2112e-05  bc=1.8688e-06
SSBroyden2  iter 12000/49000  loss=1.0541e-04  pde=4.3210e-05  ic=1.0716e-05  bc=1.7250e-06
SSBroyden2  iter 12500/49000  loss=1.1477e-04  pde=4.3375e-05  ic=1.2388e-05  bc=1.8912e-06
SSBroyden2  iter 13000/49000  loss=1.0728e-04  pde=3.9835e-05  ic=1.1717e-05  bc=1.7722e-06
SSBroyden2  iter 13500/49000  loss=1.0165e-04  pde=3.6270e-05  ic=1.1380e-05  bc=1.6961e-06
SSBroyden2  iter 14000/49000  loss=8.7798e-05  pde=3.7068e-05  ic=8.5989e-06  bc=1.5469e-06
SSBroyden2  iter 14500/49000  loss=8.9934e-05  pde=3.9030e-05  ic=8.6453e-06  bc=1.5353e-06
SSBroyden2  iter 15000/49000  loss=9.7854e-05  pde=3.8562e-05  ic=1.0208e-05  bc=1.6504e-06
SSBroyden2  iter 15500/49000  loss=9.2676e-05  pde=3.9705e-05  ic=8.8523e-06  bc=1.7419e-06
SSBroyden2  iter 16000/49000  loss=9.1668e-05  pde=3.7253e-05  ic=9.5566e-06  bc=1.3265e-06
SSBroyden2  iter 16500/49000  loss=8.3677e-05  pde=3.8349e-05  ic=7.5605e-06  bc=1.5052e-06
SSBroyden2  iter 17000/49000  loss=8.2744e-05  pde=3.7187e-05  ic=7.8396e-06  bc=1.2717e-06
SSBroyden2  iter 17500/49000  loss=8.6229e-05  pde=3.7275e-05  ic=8.3500e-06  bc=1.4406e-06
SSBroyden2  iter 18000/49000  loss=7.9838e-05  pde=3.4219e-05  ic=7.6642e-06  bc=1.4597e-06
SSBroyden2  iter 18500/49000  loss=8.3422e-05  pde=3.6525e-05  ic=7.7219e-06  bc=1.6577e-06
SSBroyden2  iter 19000/49000  loss=8.0257e-05  pde=3.6321e-05  ic=7.4390e-06  bc=1.3482e-06
SSBroyden2  iter 19500/49000  loss=7.2163e-05  pde=3.4326e-05  ic=6.3110e-06  bc=1.2565e-06
SSBroyden2  iter 20000/49000  loss=7.5776e-05  pde=3.3771e-05  ic=6.7774e-06  bc=1.6237e-06
SSBroyden2  iter 20500/49000  loss=7.7316e-05  pde=3.5816e-05  ic=6.9296e-06  bc=1.3705e-06
SSBroyden2  iter 21000/49000  loss=7.2778e-05  pde=3.2753e-05  ic=6.5465e-06  bc=1.4585e-06
SSBroyden2  iter 21500/49000  loss=7.0374e-05  pde=3.3243e-05  ic=6.1958e-06  bc=1.2305e-06
SSBroyden2  iter 22000/49000  loss=6.7247e-05  pde=3.2316e-05  ic=5.8059e-06  bc=1.1801e-06
SSBroyden2  iter 22500/49000  loss=6.5069e-05  pde=3.2179e-05  ic=5.1904e-06  bc=1.3876e-06
SSBroyden2  iter 23000/49000  loss=6.7139e-05  pde=3.3103e-05  ic=5.7008e-06  bc=1.1065e-06
SSBroyden2  iter 23500/49000  loss=7.5123e-05  pde=3.3543e-05  ic=7.0539e-06  bc=1.2621e-06
SSBroyden2  iter 24000/49000  loss=6.8487e-05  pde=3.1661e-05  ic=6.1622e-06  bc=1.2031e-06
SSBroyden2  iter 24500/49000  loss=6.7020e-05  pde=3.1739e-05  ic=5.8175e-06  bc=1.2388e-06
SSBroyden2  iter 25000/49000  loss=7.0554e-05  pde=3.2015e-05  ic=6.4246e-06  bc=1.2833e-06
SSBroyden2  iter 25500/49000  loss=6.6690e-05  pde=3.0622e-05  ic=5.9366e-06  bc=1.2771e-06
SSBroyden2  iter 26000/49000  loss=6.4199e-05  pde=3.0380e-05  ic=5.5344e-06  bc=1.2294e-06
SSBroyden2  iter 26500/49000  loss=6.0050e-05  pde=3.0766e-05  ic=4.8908e-06  bc=9.6599e-07
SSBroyden2  iter 27000/49000  loss=5.7880e-05  pde=2.9331e-05  ic=4.8509e-06  bc=8.5897e-07
SSBroyden2  iter 27500/49000  loss=6.3492e-05  pde=3.0952e-05  ic=5.5049e-06  bc=1.0032e-06
SSBroyden2  iter 28000/49000  loss=6.0268e-05  pde=3.0895e-05  ic=4.8137e-06  bc=1.0608e-06
SSBroyden2  iter 28500/49000  loss=6.0942e-05  pde=3.0373e-05  ic=5.2200e-06  bc=8.9375e-07
SSBroyden2  iter 29000/49000  loss=6.3791e-05  pde=3.0014e-05  ic=5.8047e-06  bc=9.5077e-07
SSBroyden2  iter 29500/49000  loss=5.8182e-05  pde=3.0053e-05  ic=4.6859e-06  bc=9.3990e-07
SSBroyden2  iter 30000/49000  loss=5.7808e-05  pde=2.8613e-05  ic=4.9201e-06  bc=9.1891e-07
SSBroyden2  iter 30500/49000  loss=5.7384e-05  pde=3.0370e-05  ic=4.3718e-06  bc=1.0310e-06
SSBroyden2  iter 31000/49000  loss=5.8063e-05  pde=3.0006e-05  ic=4.6795e-06  bc=9.3204e-07
SSBroyden2  iter 31500/49000  loss=5.8585e-05  pde=2.9645e-05  ic=5.0092e-06  bc=7.7890e-07
SSBroyden2  iter 32000/49000  loss=5.1306e-05  pde=2.7392e-05  ic=4.0386e-06  bc=7.4406e-07
SSBroyden2  iter 32500/49000  loss=5.2763e-05  pde=2.8414e-05  ic=3.9507e-06  bc=9.1908e-07
SSBroyden2  iter 33000/49000  loss=5.6752e-05  pde=2.8602e-05  ic=4.6958e-06  bc=9.3426e-07
SSBroyden2  iter 33500/49000  loss=5.5238e-05  pde=2.8629e-05  ic=4.6747e-06  bc=6.4709e-07
SSBroyden2  iter 34000/49000  loss=5.2270e-05  pde=2.7657e-05  ic=4.2067e-06  bc=7.1613e-07
SSBroyden2  iter 34500/49000  loss=5.3237e-05  pde=2.7448e-05  ic=4.2392e-06  bc=9.1865e-07
SSBroyden2  iter 35000/49000  loss=5.3245e-05  pde=2.7696e-05  ic=4.4336e-06  bc=6.7602e-07
SSBroyden2  iter 35500/49000  loss=5.6216e-05  pde=2.9106e-05  ic=4.5193e-06  bc=9.0284e-07
SSBroyden2  iter 36000/49000  loss=5.7425e-05  pde=2.8648e-05  ic=4.7856e-06  bc=9.6985e-07
SSBroyden2  iter 36500/49000  loss=5.2002e-05  pde=2.7329e-05  ic=4.0930e-06  bc=8.4163e-07
SSBroyden2  iter 37000/49000  loss=4.9954e-05  pde=2.7620e-05  ic=3.7545e-06  bc=7.1220e-07
SSBroyden2  iter 37500/49000  loss=5.2356e-05  pde=2.8398e-05  ic=4.0936e-06  bc=6.9811e-07
SSBroyden2  iter 38000/49000  loss=5.1035e-05  pde=2.7256e-05  ic=3.9865e-06  bc=7.6923e-07
SSBroyden2  iter 38500/49000  loss=4.8128e-05  pde=2.7692e-05  ic=3.5347e-06  bc=5.5251e-07
SSBroyden2  iter 39000/49000  loss=5.0277e-05  pde=2.5994e-05  ic=4.1649e-06  bc=6.9165e-07
SSBroyden2  iter 39500/49000  loss=4.9615e-05  pde=2.6828e-05  ic=3.7848e-06  bc=7.7253e-07
SSBroyden2  iter 40000/49000  loss=4.9355e-05  pde=2.6685e-05  ic=3.8174e-06  bc=7.1648e-07
SSBroyden2  iter 40500/49000  loss=4.8304e-05  pde=2.5069e-05  ic=3.8882e-06  bc=7.5876e-07
SSBroyden2  iter 41000/49000  loss=4.6260e-05  pde=2.5844e-05  ic=3.4002e-06  bc=6.8309e-07
SSBroyden2  iter 41500/49000  loss=4.9226e-05  pde=2.6809e-05  ic=3.7454e-06  bc=7.3800e-07
SSBroyden2  iter 42000/49000  loss=4.6639e-05  pde=2.6635e-05  ic=3.4309e-06  bc=5.6994e-07
SSBroyden2  iter 42500/49000  loss=5.1349e-05  pde=2.6161e-05  ic=4.2645e-06  bc=7.7321e-07
SSBroyden2  iter 43000/49000  loss=4.8937e-05  pde=2.5447e-05  ic=3.9811e-06  bc=7.1705e-07
SSBroyden2  iter 43500/49000  loss=4.7134e-05  pde=2.6390e-05  ic=3.4532e-06  bc=6.9554e-07
SSBroyden2  iter 44000/49000  loss=4.6979e-05  pde=2.5493e-05  ic=3.6290e-06  bc=6.6816e-07
SSBroyden2  iter 44500/49000  loss=4.6011e-05  pde=2.5164e-05  ic=3.5683e-06  bc=6.0119e-07
SSBroyden2  iter 45000/49000  loss=4.3942e-05  pde=2.5158e-05  ic=3.1914e-06  bc=5.6535e-07
SSBroyden2  iter 45500/49000  loss=4.7724e-05  pde=2.5615e-05  ic=3.7513e-06  bc=6.7054e-07
SSBroyden2  iter 46000/49000  loss=4.5054e-05  pde=2.5680e-05  ic=3.3087e-06  bc=5.6615e-07
SSBroyden2  iter 46500/49000  loss=4.5767e-05  pde=2.5832e-05  ic=3.3106e-06  bc=6.7636e-07
SSBroyden2  iter 47000/49000  loss=4.3772e-05  pde=2.5582e-05  ic=2.8874e-06  bc=7.5052e-07
SSBroyden2  iter 47500/49000  loss=4.5448e-05  pde=2.5048e-05  ic=3.4700e-06  bc=6.0997e-07
SSBroyden2  iter 48000/49000  loss=5.0121e-05  pde=2.5824e-05  ic=4.1275e-06  bc=7.3174e-07
SSBroyden2  iter 48500/49000  loss=4.2921e-05  pde=2.5182e-05  ic=2.9713e-06  bc=5.7641e-07
SSBroyden2  iter 49000/49000  loss=5.0481e-05  pde=2.6339e-05  ic=4.2011e-06  bc=6.2741e-07

SSBroyden2 phase complete: 32012.9s
Total training time: 33109.3s

Model saved to results/v3_64_ablation/V3_H_combined_warmup2k/seed_3/model.pt
Metrics saved to results/v3_64_ablation/V3_H_combined_warmup2k/seed_3/metrics.npz

Mass conservation diagnostic (<U> over domain at 21 times):
  <U>(t=0.0) = -0.003821
  <U>(t=20.0) = +0.000097
  max drift       = 3.92e-03

Loading reference solution from /oscar/home/dwong33/DRP-Cahn-Hilliard-PINN/reference_solution_64.npz ...
  Per-snapshot relative L2 errors:
    t=0.0  L2_rel=6.4625e-02
    t=5.0  L2_rel=4.7816e-01
    t=10.0  L2_rel=5.5237e-01
    t=15.0  L2_rel=6.9555e-01
    t=20.0  L2_rel=7.9612e-01
  Overall relative L2 = 3.6731e-01
  Saved comparison_snapshots.png
Summary saved to results/v3_64_ablation/V3_H_combined_warmup2k/seed_3/summary.json

Plots saved to results/v3_64_ablation/V3_H_combined_warmup2k/seed_3/

======================================================================
EXPERIMENT COMPLETE: V3_H_combined_warmup2k
  Adam: 2000 epochs, 1096.4s
  BFGS: 49000 iters (SSBroyden2), 32012.9s
  Total: 33109.3s
  Final loss: 5.0481e-05
  Final relative L2: 4.6450e-01
  Iterations to L2<=0.50: 24500
  Results: results/v3_64_ablation/V3_H_combined_warmup2k/seed_3/
======================================================================

========================================================================
Job finished at Mon Apr 20 08:53:42 AM EDT 2026
Exit code: 0
========================================================================
