========================================================================
SLURM Job ID:       1800723
Array Task ID:      28
Config index:       9 / 10
Config file:        configs/v3_64_ablation/V3_J_power_4.yaml
Seed:               2
Hostname:           node2352.oscar.ccv.brown.edu
Date:               Mon Apr 20 03:18:50 AM EDT 2026
Working directory:  /users/dwong33/DRP-Cahn-Hilliard-PINN
Python:             /oscar/home/dwong33/astrolensing/bin/python
========================================================================
======================================================================
Cahn-Hilliard PINN — Batch Training
Config: configs/v3_64_ablation/V3_J_power_4.yaml
Seed override: 2
======================================================================
Config : V3_J_power_4
  PDE  : dU/dt = 1.0*lap(lap U + 1.0*U + 1.0*U^3)
  Domain: x=[0.0,64.0], y=[0.0,64.0], t=[0.0,20.0]
  Net  : (3, 20, 20, 20, 20, 1)  activation=tanh
  Train: Adam(1000) -> SSBroyden2(50000)
  Samp : Nint=8000, N0=500, Nb=500, RAD=on
  Device: cpu

Trainable parameters : 1361
Reference eval: /oscar/home/dwong33/DRP-Cahn-Hilliard-PINN/reference_solution_64.npz (21 times)
Phase 1 optimizer: ADAM  lr=0.001
Adam  epoch   500/1000  loss=3.3861e-02  pde=1.3445e-05  ic=6.7509e-03  bc=1.8670e-05
Adam  epoch  1000/1000  loss=3.0424e-02  pde=9.9669e-05  ic=6.0540e-03  bc=1.0764e-05

Adam phase complete: 330.2s  final loss=3.0424e-02
SSBroyden2  iter   500/50000  loss=2.8790e-03  pde=4.1647e-04  ic=4.7440e-04  bc=1.8093e-05
SSBroyden2  iter  1000/50000  loss=3.2110e-04  pde=1.0556e-04  ic=3.7225e-05  bc=5.8835e-06
SSBroyden2  iter  1500/50000  loss=6.8269e-05  pde=3.5764e-05  ic=5.1851e-06  bc=1.3159e-06
SSBroyden2  iter  2000/50000  loss=5.7279e-05  pde=3.3471e-05  ic=3.4306e-06  bc=1.3310e-06
SSBroyden2  iter  2500/50000  loss=4.0897e-05  pde=2.5265e-05  ic=2.2417e-06  bc=8.8454e-07
SSBroyden2  iter  3000/50000  loss=3.9846e-05  pde=2.6572e-05  ic=1.7921e-06  bc=8.6266e-07
SSBroyden2  iter  3500/50000  loss=3.8057e-05  pde=2.4348e-05  ic=1.9543e-06  bc=7.8744e-07
SSBroyden2  iter  4000/50000  loss=2.9836e-05  pde=1.9273e-05  ic=1.5591e-06  bc=5.5351e-07
SSBroyden2  iter  4500/50000  loss=3.1873e-05  pde=2.0057e-05  ic=1.6328e-06  bc=7.3031e-07
SSBroyden2  iter  5000/50000  loss=2.7702e-05  pde=1.7816e-05  ic=1.3761e-06  bc=6.0091e-07
SSBroyden2  iter  5500/50000  loss=2.6315e-05  pde=1.6970e-05  ic=1.3749e-06  bc=4.9396e-07
SSBroyden2  iter  6000/50000  loss=2.6712e-05  pde=1.7670e-05  ic=1.3317e-06  bc=4.7659e-07
SSBroyden2  iter  6500/50000  loss=2.0767e-05  pde=1.3787e-05  ic=1.0436e-06  bc=3.5244e-07
SSBroyden2  iter  7000/50000  loss=2.2411e-05  pde=1.4940e-05  ic=1.1324e-06  bc=3.6192e-07
SSBroyden2  iter  7500/50000  loss=2.1841e-05  pde=1.5105e-05  ic=9.1782e-07  bc=4.2938e-07
SSBroyden2  iter  8000/50000  loss=2.4738e-05  pde=1.6220e-05  ic=1.2334e-06  bc=4.7012e-07
SSBroyden2  iter  8500/50000  loss=2.2532e-05  pde=1.4838e-05  ic=1.1631e-06  bc=3.7574e-07
SSBroyden2  iter  9000/50000  loss=2.5607e-05  pde=1.7176e-05  ic=1.1929e-06  bc=4.9330e-07
SSBroyden2  iter  9500/50000  loss=2.3195e-05  pde=1.4616e-05  ic=1.2808e-06  bc=4.3508e-07
SSBroyden2  iter 10000/50000  loss=2.3894e-05  pde=1.6020e-05  ic=1.1157e-06  bc=4.5907e-07
SSBroyden2  iter 10500/50000  loss=2.5429e-05  pde=1.4941e-05  ic=1.6843e-06  bc=4.1324e-07
SSBroyden2  iter 11000/50000  loss=2.4426e-05  pde=1.6039e-05  ic=1.2165e-06  bc=4.6091e-07
SSBroyden2  iter 11500/50000  loss=2.1462e-05  pde=1.4733e-05  ic=9.4059e-07  bc=4.0526e-07
SSBroyden2  iter 12000/50000  loss=2.0182e-05  pde=1.3719e-05  ic=1.0093e-06  bc=2.8322e-07
SSBroyden2  iter 12500/50000  loss=2.5379e-05  pde=1.4699e-05  ic=1.6868e-06  bc=4.4926e-07
SSBroyden2  iter 13000/50000  loss=2.2184e-05  pde=1.4190e-05  ic=1.1760e-06  bc=4.2291e-07
SSBroyden2  iter 13500/50000  loss=2.0238e-05  pde=1.3214e-05  ic=1.0815e-06  bc=3.2343e-07
SSBroyden2  iter 14000/50000  loss=2.1208e-05  pde=1.4354e-05  ic=9.9711e-07  bc=3.7362e-07
SSBroyden2  iter 14500/50000  loss=1.9762e-05  pde=1.3186e-05  ic=8.5888e-07  bc=4.5620e-07
SSBroyden2  iter 15000/50000  loss=1.5719e-05  pde=1.1379e-05  ic=5.6098e-07  bc=3.0701e-07
SSBroyden2  iter 15500/50000  loss=1.9857e-05  pde=1.2966e-05  ic=1.0369e-06  bc=3.4126e-07
SSBroyden2  iter 16000/50000  loss=1.7587e-05  pde=1.2747e-05  ic=6.8635e-07  bc=2.8155e-07
SSBroyden2  iter 16500/50000  loss=1.9188e-05  pde=1.2705e-05  ic=9.4195e-07  bc=3.5468e-07
SSBroyden2  iter 17000/50000  loss=1.9094e-05  pde=1.3329e-05  ic=8.7756e-07  bc=2.7552e-07
SSBroyden2  iter 17500/50000  loss=2.0831e-05  pde=1.3399e-05  ic=1.0608e-06  bc=4.2550e-07
SSBroyden2  iter 18000/50000  loss=2.0417e-05  pde=1.4013e-05  ic=9.3667e-07  bc=3.4422e-07
SSBroyden2  iter 18500/50000  loss=1.7821e-05  pde=1.1954e-05  ic=8.6694e-07  bc=3.0653e-07
SSBroyden2  iter 19000/50000  loss=1.8120e-05  pde=1.2290e-05  ic=8.4745e-07  bc=3.1873e-07
SSBroyden2  iter 19500/50000  loss=2.3231e-05  pde=1.4487e-05  ic=1.1807e-06  bc=5.6821e-07
SSBroyden2  iter 20000/50000  loss=1.6618e-05  pde=1.1324e-05  ic=8.2099e-07  bc=2.3783e-07
SSBroyden2  iter 20500/50000  loss=1.8380e-05  pde=1.3401e-05  ic=7.0250e-07  bc=2.9335e-07
SSBroyden2  iter 21000/50000  loss=1.8962e-05  pde=1.1702e-05  ic=1.1760e-06  bc=2.7614e-07
SSBroyden2  iter 21500/50000  loss=1.8612e-05  pde=1.2466e-05  ic=8.8939e-07  bc=3.3980e-07
SSBroyden2  iter 22000/50000  loss=1.8757e-05  pde=1.3222e-05  ic=7.6371e-07  bc=3.4330e-07
SSBroyden2  iter 22500/50000  loss=1.8285e-05  pde=1.2237e-05  ic=9.6274e-07  bc=2.4700e-07
SSBroyden2  iter 23000/50000  loss=2.0343e-05  pde=1.3032e-05  ic=1.0526e-06  bc=4.0949e-07
SSBroyden2  iter 23500/50000  loss=1.8688e-05  pde=1.2157e-05  ic=1.0503e-06  bc=2.5601e-07
SSBroyden2  iter 24000/50000  loss=1.6850e-05  pde=1.2171e-05  ic=6.3815e-07  bc=2.9757e-07
SSBroyden2  iter 24500/50000  loss=2.1718e-05  pde=1.2930e-05  ic=1.2841e-06  bc=4.7350e-07
SSBroyden2  iter 25000/50000  loss=2.1725e-05  pde=1.3701e-05  ic=1.1325e-06  bc=4.7242e-07
SSBroyden2  iter 25500/50000  loss=1.9053e-05  pde=1.2447e-05  ic=9.9111e-07  bc=3.3023e-07
SSBroyden2  iter 26000/50000  loss=2.0965e-05  pde=1.3554e-05  ic=1.0672e-06  bc=4.1487e-07
SSBroyden2  iter 26500/50000  loss=1.8086e-05  pde=1.2324e-05  ic=8.1770e-07  bc=3.3469e-07
SSBroyden2  iter 27000/50000  loss=1.7596e-05  pde=1.2006e-05  ic=8.0066e-07  bc=3.1728e-07
SSBroyden2  iter 27500/50000  loss=1.7802e-05  pde=1.1418e-05  ic=9.7198e-07  bc=3.0474e-07
SSBroyden2  iter 28000/50000  loss=2.0441e-05  pde=1.3287e-05  ic=9.5477e-07  bc=4.7606e-07
SSBroyden2  iter 28500/50000  loss=1.8065e-05  pde=1.1993e-05  ic=9.3210e-07  bc=2.8233e-07
SSBroyden2  iter 29000/50000  loss=1.7071e-05  pde=1.1865e-05  ic=7.2782e-07  bc=3.1322e-07
SSBroyden2  iter 29500/50000  loss=1.7149e-05  pde=1.1766e-05  ic=7.7512e-07  bc=3.0150e-07
SSBroyden2  iter 30000/50000  loss=1.8439e-05  pde=1.2595e-05  ic=7.8783e-07  bc=3.8109e-07
SSBroyden2  iter 30500/50000  loss=1.5640e-05  pde=1.0706e-05  ic=7.5307e-07  bc=2.3379e-07
SSBroyden2  iter 31000/50000  loss=1.6868e-05  pde=1.1473e-05  ic=8.2619e-07  bc=2.5276e-07
SSBroyden2  iter 31500/50000  loss=1.9037e-05  pde=1.2566e-05  ic=1.0322e-06  bc=2.6222e-07
SSBroyden2  iter 32000/50000  loss=1.8289e-05  pde=1.2738e-05  ic=8.3890e-07  bc=2.7121e-07
SSBroyden2  iter 32500/50000  loss=1.8143e-05  pde=1.1684e-05  ic=9.1415e-07  bc=3.7769e-07
SSBroyden2  iter 33000/50000  loss=1.7006e-05  pde=1.1742e-05  ic=7.5189e-07  bc=3.0104e-07
SSBroyden2  iter 33500/50000  loss=1.8484e-05  pde=1.2412e-05  ic=9.3009e-07  bc=2.8430e-07
SSBroyden2  iter 34000/50000  loss=1.6864e-05  pde=1.1871e-05  ic=7.4002e-07  bc=2.5858e-07
SSBroyden2  iter 34500/50000  loss=1.9592e-05  pde=1.1592e-05  ic=1.1138e-06  bc=4.8631e-07
SSBroyden2  iter 35000/50000  loss=1.8949e-05  pde=1.2802e-05  ic=9.3502e-07  bc=2.9435e-07
SSBroyden2  iter 35500/50000  loss=1.6172e-05  pde=1.0893e-05  ic=7.5334e-07  bc=3.0236e-07
SSBroyden2  iter 36000/50000  loss=1.7170e-05  pde=1.1239e-05  ic=9.1453e-07  bc=2.7168e-07
SSBroyden2  iter 36500/50000  loss=1.7036e-05  pde=1.1871e-05  ic=7.4742e-07  bc=2.8550e-07
SSBroyden2  iter 37000/50000  loss=1.6243e-05  pde=1.1131e-05  ic=7.8587e-07  bc=2.3657e-07
SSBroyden2  iter 37500/50000  loss=1.8212e-05  pde=1.1802e-05  ic=9.5517e-07  bc=3.2686e-07
SSBroyden2  iter 38000/50000  loss=1.7545e-05  pde=1.1815e-05  ic=8.2411e-07  bc=3.2192e-07
SSBroyden2  iter 38500/50000  loss=1.8298e-05  pde=1.2150e-05  ic=8.9681e-07  bc=3.3284e-07
SSBroyden2  iter 39000/50000  loss=1.6949e-05  pde=1.0996e-05  ic=9.5637e-07  bc=2.3427e-07
SSBroyden2  iter 39500/50000  loss=1.6547e-05  pde=1.0588e-05  ic=8.8171e-07  bc=3.1014e-07
SSBroyden2  iter 40000/50000  loss=1.5930e-05  pde=1.0115e-05  ic=8.6494e-07  bc=2.9791e-07
SSBroyden2  iter 40500/50000  loss=1.8678e-05  pde=1.3309e-05  ic=8.1396e-07  bc=2.5990e-07
SSBroyden2  iter 41000/50000  loss=1.7089e-05  pde=1.1507e-05  ic=8.6607e-07  bc=2.5032e-07
SSBroyden2  iter 41500/50000  loss=1.5064e-05  pde=1.0287e-05  ic=6.8442e-07  bc=2.7100e-07
SSBroyden2  iter 42000/50000  loss=1.6736e-05  pde=1.2009e-05  ic=6.2818e-07  bc=3.1720e-07
SSBroyden2  iter 42500/50000  loss=1.9018e-05  pde=1.2068e-05  ic=1.0865e-06  bc=3.0351e-07
SSBroyden2  iter 43000/50000  loss=1.6924e-05  pde=1.1047e-05  ic=9.6810e-07  bc=2.0722e-07
SSBroyden2  iter 43500/50000  loss=1.6624e-05  pde=1.1346e-05  ic=7.7129e-07  bc=2.8427e-07
SSBroyden2  iter 44000/50000  loss=1.6318e-05  pde=1.1048e-05  ic=7.6879e-07  bc=2.8525e-07
SSBroyden2  iter 44500/50000  loss=1.8215e-05  pde=1.2238e-05  ic=9.1155e-07  bc=2.8375e-07
SSBroyden2  iter 45000/50000  loss=1.5852e-05  pde=1.0438e-05  ic=8.3044e-07  bc=2.5240e-07
SSBroyden2  iter 45500/50000  loss=1.6236e-05  pde=1.1649e-05  ic=6.4538e-07  bc=2.7199e-07
SSBroyden2  iter 46000/50000  loss=1.5950e-05  pde=1.0927e-05  ic=7.0577e-07  bc=2.9875e-07
SSBroyden2  iter 46500/50000  loss=1.8623e-05  pde=1.0712e-05  ic=1.1604e-06  bc=4.2166e-07
SSBroyden2  iter 47000/50000  loss=1.6897e-05  pde=1.1726e-05  ic=7.6828e-07  bc=2.6589e-07
SSBroyden2  iter 47500/50000  loss=1.8681e-05  pde=1.3254e-05  ic=7.9488e-07  bc=2.9052e-07
SSBroyden2  iter 48000/50000  loss=1.6826e-05  pde=1.1861e-05  ic=7.3393e-07  bc=2.5905e-07
SSBroyden2  iter 48500/50000  loss=1.5974e-05  pde=1.1294e-05  ic=6.9496e-07  bc=2.4102e-07
SSBroyden2  iter 49000/50000  loss=1.7206e-05  pde=1.1461e-05  ic=8.2143e-07  bc=3.2769e-07
SSBroyden2  iter 49500/50000  loss=1.7908e-05  pde=1.1880e-05  ic=9.2630e-07  bc=2.7918e-07
SSBroyden2  iter 50000/50000  loss=1.7507e-05  pde=1.2126e-05  ic=8.4313e-07  bc=2.3300e-07

SSBroyden2 phase complete: 32577.3s
Total training time: 32907.5s

Model saved to results/v3_64_ablation/V3_J_power_4/seed_2/model.pt
Metrics saved to results/v3_64_ablation/V3_J_power_4/seed_2/metrics.npz

Mass conservation diagnostic (<U> over domain at 21 times):
  <U>(t=0.0) = -0.004017
  <U>(t=20.0) = +0.001765
  max drift       = 6.09e-03

Loading reference solution from /oscar/home/dwong33/DRP-Cahn-Hilliard-PINN/reference_solution_64.npz ...
  Per-snapshot relative L2 errors:
    t=0.0  L2_rel=1.5143e-01
    t=5.0  L2_rel=4.5862e-01
    t=10.0  L2_rel=4.7827e-01
    t=15.0  L2_rel=6.0192e-01
    t=20.0  L2_rel=7.3097e-01
  Overall relative L2 = 3.5029e-01
  Saved comparison_snapshots.png
Summary saved to results/v3_64_ablation/V3_J_power_4/seed_2/summary.json

Plots saved to results/v3_64_ablation/V3_J_power_4/seed_2/

======================================================================
EXPERIMENT COMPLETE: V3_J_power_4
  Adam: 1000 epochs, 330.2s
  BFGS: 50000 iters (SSBroyden2), 32577.3s
  Total: 32907.5s
  Final loss: 1.7507e-05
  Final relative L2: 4.3254e-01
  Iterations to L2<=0.50: 7500
  Results: results/v3_64_ablation/V3_J_power_4/seed_2/
======================================================================

========================================================================
Job finished at Mon Apr 20 12:27:43 PM EDT 2026
Exit code: 0
========================================================================
