========================================================================
SLURM Job ID:       1795502
Array Task ID:      11
Config index:       3 / 10
Config file:        configs/v3_64_ablation/V3_D_batch_200.yaml
Seed:               3
Hostname:           node1949.oscar.ccv.brown.edu
Date:               Sun Apr 19 04:52:23 PM EDT 2026
Working directory:  /users/dwong33/DRP-Cahn-Hilliard-PINN
Python:             /oscar/home/dwong33/astrolensing/bin/python
========================================================================
======================================================================
Cahn-Hilliard PINN — Batch Training
Config: configs/v3_64_ablation/V3_D_batch_200.yaml
Seed override: 3
======================================================================
Config : V3_D_batch_200
  PDE  : dU/dt = 1.0*lap(lap U + 1.0*U + 1.0*U^3)
  Domain: x=[0.0,64.0], y=[0.0,64.0], t=[0.0,20.0]
  Net  : (3, 20, 20, 20, 20, 1)  activation=tanh
  Train: Adam(1000) -> SSBroyden2(50000)
  Samp : Nint=8000, N0=500, Nb=500, RAD=on
  Device: cpu

Trainable parameters : 1361
Reference eval: /oscar/home/dwong33/DRP-Cahn-Hilliard-PINN/reference_solution_64.npz (21 times)
Phase 1 optimizer: ADAM  lr=0.001
Adam  epoch   500/1000  loss=2.8762e-02  pde=1.9134e-05  ic=5.7315e-03  bc=1.7108e-05
Adam  epoch  1000/1000  loss=2.9721e-02  pde=9.8852e-06  ic=5.8530e-03  bc=8.9118e-05

Adam phase complete: 393.3s  final loss=2.9721e-02
SSBroyden2  iter   500/50000  loss=1.4515e-02  pde=9.5467e-05  ic=2.7665e-03  bc=1.1737e-04
SSBroyden2  iter  1000/50000  loss=3.5884e-03  pde=2.7029e-04  ic=6.0330e-04  bc=6.0322e-05
SSBroyden2  iter  1500/50000  loss=1.4745e-03  pde=2.9182e-04  ic=2.0182e-04  bc=3.4716e-05
SSBroyden2  iter  2000/50000  loss=6.1006e-04  pde=1.5248e-04  ic=7.6958e-05  bc=1.4558e-05
SSBroyden2  iter  2500/50000  loss=7.4787e-04  pde=1.4560e-04  ic=9.9220e-05  bc=2.1233e-05
SSBroyden2  iter  3000/50000  loss=4.7144e-04  pde=1.3045e-04  ic=5.6715e-05  bc=1.1483e-05
SSBroyden2  iter  3500/50000  loss=4.4448e-04  pde=9.3660e-05  ic=5.8973e-05  bc=1.1191e-05
SSBroyden2  iter  4000/50000  loss=3.6208e-04  pde=9.6989e-05  ic=4.3844e-05  bc=9.1752e-06
SSBroyden2  iter  4500/50000  loss=3.7538e-04  pde=8.3639e-05  ic=4.7907e-05  bc=1.0440e-05
SSBroyden2  iter  5000/50000  loss=2.4250e-04  pde=7.7003e-05  ic=2.6853e-05  bc=6.2464e-06
SSBroyden2  iter  5500/50000  loss=3.2577e-04  pde=9.3870e-05  ic=3.6625e-05  bc=9.7555e-06
SSBroyden2  iter  6000/50000  loss=2.6910e-04  pde=6.9658e-05  ic=3.2441e-05  bc=7.4480e-06
SSBroyden2  iter  6500/50000  loss=2.5357e-04  pde=6.6204e-05  ic=3.0774e-05  bc=6.6984e-06
SSBroyden2  iter  7000/50000  loss=2.0396e-04  pde=5.9510e-05  ic=2.2806e-05  bc=6.0841e-06
SSBroyden2  iter  7500/50000  loss=2.4480e-04  pde=6.0426e-05  ic=2.9667e-05  bc=7.2083e-06
SSBroyden2  iter  8000/50000  loss=1.6941e-04  pde=5.7838e-05  ic=1.7099e-05  bc=5.2160e-06
SSBroyden2  iter  8500/50000  loss=2.4498e-04  pde=6.1203e-05  ic=2.7925e-05  bc=8.8300e-06
SSBroyden2  iter  9000/50000  loss=1.8249e-04  pde=6.1608e-05  ic=1.9110e-05  bc=5.0668e-06
SSBroyden2  iter  9500/50000  loss=1.9388e-04  pde=6.1113e-05  ic=2.0505e-05  bc=6.0479e-06
SSBroyden2  iter 10000/50000  loss=1.7670e-04  pde=6.2514e-05  ic=1.7616e-05  bc=5.2216e-06
SSBroyden2  iter 10500/50000  loss=2.0299e-04  pde=5.3133e-05  ic=2.4036e-05  bc=5.9354e-06
SSBroyden2  iter 11000/50000  loss=1.8206e-04  pde=5.7515e-05  ic=1.9069e-05  bc=5.8406e-06
SSBroyden2  iter 11500/50000  loss=2.1970e-04  pde=6.0091e-05  ic=2.4101e-05  bc=7.8199e-06
SSBroyden2  iter 12000/50000  loss=1.4185e-04  pde=4.8424e-05  ic=1.4038e-05  bc=4.6474e-06
SSBroyden2  iter 12500/50000  loss=1.7169e-04  pde=4.8561e-05  ic=1.8892e-05  bc=5.7338e-06
SSBroyden2  iter 13000/50000  loss=1.4228e-04  pde=4.8281e-05  ic=1.4442e-05  bc=4.3562e-06
SSBroyden2  iter 13500/50000  loss=1.5073e-04  pde=4.9500e-05  ic=1.4753e-05  bc=5.4919e-06
SSBroyden2  iter 14000/50000  loss=1.2207e-04  pde=4.3696e-05  ic=1.2107e-05  bc=3.5678e-06
SSBroyden2  iter 14500/50000  loss=1.6537e-04  pde=4.7139e-05  ic=1.8943e-05  bc=4.7027e-06
SSBroyden2  iter 15000/50000  loss=1.2069e-04  pde=4.5294e-05  ic=1.1099e-05  bc=3.9798e-06
SSBroyden2  iter 15500/50000  loss=1.6892e-04  pde=5.2418e-05  ic=1.7893e-05  bc=5.4086e-06
SSBroyden2  iter 16000/50000  loss=9.8487e-05  pde=4.1477e-05  ic=8.5256e-06  bc=2.8765e-06
SSBroyden2  iter 16500/50000  loss=1.4013e-04  pde=4.5656e-05  ic=1.4169e-05  bc=4.7266e-06
SSBroyden2  iter 17000/50000  loss=1.1963e-04  pde=4.5850e-05  ic=1.0153e-05  bc=4.6026e-06
SSBroyden2  iter 17500/50000  loss=1.4677e-04  pde=4.5112e-05  ic=1.6517e-05  bc=3.8144e-06
SSBroyden2  iter 18000/50000  loss=1.0814e-04  pde=4.1049e-05  ic=1.0554e-05  bc=2.8636e-06
SSBroyden2  iter 18500/50000  loss=1.4389e-04  pde=5.1746e-05  ic=1.3950e-05  bc=4.4783e-06
SSBroyden2  iter 19000/50000  loss=9.8678e-05  pde=4.1013e-05  ic=8.5868e-06  bc=2.9462e-06
SSBroyden2  iter 19500/50000  loss=1.3301e-04  pde=3.9735e-05  ic=1.4463e-05  bc=4.1905e-06
SSBroyden2  iter 20000/50000  loss=8.9894e-05  pde=3.5790e-05  ic=8.4899e-06  bc=2.3308e-06
SSBroyden2  iter 20500/50000  loss=1.2181e-04  pde=4.5465e-05  ic=1.2034e-05  bc=3.2355e-06
SSBroyden2  iter 21000/50000  loss=9.3149e-05  pde=4.0812e-05  ic=7.9892e-06  bc=2.4784e-06
SSBroyden2  iter 21500/50000  loss=1.1616e-04  pde=4.4260e-05  ic=1.0750e-05  bc=3.6303e-06
SSBroyden2  iter 22000/50000  loss=1.0609e-04  pde=4.2860e-05  ic=9.6337e-06  bc=3.0123e-06
SSBroyden2  iter 22500/50000  loss=1.2183e-04  pde=4.0611e-05  ic=1.2723e-05  bc=3.5208e-06
SSBroyden2  iter 23000/50000  loss=1.0972e-04  pde=4.1567e-05  ic=9.7212e-06  bc=3.9091e-06
SSBroyden2  iter 23500/50000  loss=1.0850e-04  pde=4.1495e-05  ic=1.0779e-05  bc=2.6223e-06
SSBroyden2  iter 24000/50000  loss=9.9653e-05  pde=4.2048e-05  ic=8.2087e-06  bc=3.3121e-06
SSBroyden2  iter 24500/50000  loss=1.1405e-04  pde=3.8213e-05  ic=1.2184e-05  bc=2.9844e-06
SSBroyden2  iter 25000/50000  loss=8.6161e-05  pde=3.3638e-05  ic=7.7514e-06  bc=2.7530e-06
SSBroyden2  iter 25500/50000  loss=1.0874e-04  pde=3.7291e-05  ic=1.0673e-05  bc=3.6163e-06
SSBroyden2  iter 26000/50000  loss=1.0789e-04  pde=3.8452e-05  ic=1.0498e-05  bc=3.3901e-06
SSBroyden2  iter 26500/50000  loss=9.1938e-05  pde=3.4322e-05  ic=8.5930e-06  bc=2.9303e-06
SSBroyden2  iter 27000/50000  loss=7.3978e-05  pde=3.2152e-05  ic=6.4746e-06  bc=1.8906e-06
SSBroyden2  iter 27500/50000  loss=1.1502e-04  pde=4.2514e-05  ic=1.1469e-05  bc=3.0326e-06
SSBroyden2  iter 28000/50000  loss=7.3191e-05  pde=3.2607e-05  ic=5.9884e-06  bc=2.1285e-06
SSBroyden2  iter 28500/50000  loss=9.1288e-05  pde=3.7837e-05  ic=8.2508e-06  bc=2.4394e-06
SSBroyden2  iter 29000/50000  loss=7.5734e-05  pde=3.6088e-05  ic=5.8368e-06  bc=2.0925e-06
SSBroyden2  iter 29500/50000  loss=1.3292e-04  pde=4.5129e-05  ic=1.2953e-05  bc=4.6063e-06
SSBroyden2  iter 30000/50000  loss=8.6878e-05  pde=3.6708e-05  ic=7.0377e-06  bc=2.9963e-06
SSBroyden2  iter 30500/50000  loss=9.3491e-05  pde=3.4861e-05  ic=8.8950e-06  bc=2.8310e-06
SSBroyden2  iter 31000/50000  loss=7.6327e-05  pde=3.4242e-05  ic=6.2435e-06  bc=2.1736e-06
SSBroyden2  iter 31500/50000  loss=9.2089e-05  pde=3.3099e-05  ic=8.9926e-06  bc=2.8053e-06
SSBroyden2  iter 32000/50000  loss=7.2455e-05  pde=3.3240e-05  ic=5.8170e-06  bc=2.0260e-06
SSBroyden2  iter 32500/50000  loss=8.3838e-05  pde=3.3700e-05  ic=8.0962e-06  bc=1.9313e-06
SSBroyden2  iter 33000/50000  loss=7.9729e-05  pde=3.4861e-05  ic=6.9248e-06  bc=2.0489e-06
SSBroyden2  iter 33500/50000  loss=9.8008e-05  pde=3.5866e-05  ic=9.5421e-06  bc=2.8863e-06
SSBroyden2  iter 34000/50000  loss=6.9204e-05  pde=3.2142e-05  ic=5.5704e-06  bc=1.8420e-06
SSBroyden2  iter 34500/50000  loss=8.0147e-05  pde=3.4328e-05  ic=6.7494e-06  bc=2.4142e-06
SSBroyden2  iter 35000/50000  loss=8.5672e-05  pde=3.3628e-05  ic=7.5571e-06  bc=2.8517e-06
SSBroyden2  iter 35500/50000  loss=7.8415e-05  pde=3.4134e-05  ic=6.5148e-06  bc=2.3415e-06
SSBroyden2  iter 36000/50000  loss=7.7217e-05  pde=3.3591e-05  ic=6.5935e-06  bc=2.1318e-06
SSBroyden2  iter 36500/50000  loss=8.8870e-05  pde=3.3136e-05  ic=8.3434e-06  bc=2.8033e-06
SSBroyden2  iter 37000/50000  loss=6.9932e-05  pde=2.8815e-05  ic=6.2473e-06  bc=1.9761e-06
SSBroyden2  iter 37500/50000  loss=8.1309e-05  pde=3.0653e-05  ic=7.5738e-06  bc=2.5574e-06
SSBroyden2  iter 38000/50000  loss=6.9193e-05  pde=3.0193e-05  ic=5.9372e-06  bc=1.8629e-06
SSBroyden2  iter 38500/50000  loss=7.8422e-05  pde=3.1993e-05  ic=7.2180e-06  bc=2.0678e-06
SSBroyden2  iter 39000/50000  loss=7.0262e-05  pde=2.8846e-05  ic=6.0967e-06  bc=2.1864e-06
SSBroyden2  iter 39500/50000  loss=7.6461e-05  pde=3.1487e-05  ic=6.7812e-06  bc=2.2135e-06
SSBroyden2  iter 40000/50000  loss=6.2987e-05  pde=3.0420e-05  ic=4.7892e-06  bc=1.7244e-06
SSBroyden2  iter 40500/50000  loss=7.3496e-05  pde=2.9098e-05  ic=6.9329e-06  bc=1.9467e-06
SSBroyden2  iter 41000/50000  loss=6.9599e-05  pde=3.0110e-05  ic=5.5983e-06  bc=2.2995e-06
SSBroyden2  iter 41500/50000  loss=6.7000e-05  pde=2.8933e-05  ic=5.3929e-06  bc=2.2204e-06
SSBroyden2  iter 42000/50000  loss=5.8954e-05  pde=2.5573e-05  ic=5.0131e-06  bc=1.6632e-06
SSBroyden2  iter 42500/50000  loss=7.6248e-05  pde=3.1199e-05  ic=6.9098e-06  bc=2.1000e-06
SSBroyden2  iter 43000/50000  loss=5.6921e-05  pde=2.6066e-05  ic=4.6584e-06  bc=1.5125e-06
SSBroyden2  iter 43500/50000  loss=6.5588e-05  pde=2.6797e-05  ic=6.0919e-06  bc=1.6663e-06
SSBroyden2  iter 44000/50000  loss=6.1851e-05  pde=3.1300e-05  ic=4.2225e-06  bc=1.8878e-06
SSBroyden2  iter 44500/50000  loss=7.7020e-05  pde=2.8507e-05  ic=6.8707e-06  bc=2.8318e-06
SSBroyden2  iter 45000/50000  loss=6.4997e-05  pde=2.9441e-05  ic=5.2911e-06  bc=1.8199e-06
SSBroyden2  iter 45500/50000  loss=7.2782e-05  pde=2.7540e-05  ic=6.7480e-06  bc=2.3003e-06
SSBroyden2  iter 46000/50000  loss=6.3752e-05  pde=2.9309e-05  ic=5.1363e-06  bc=1.7524e-06
SSBroyden2  iter 46500/50000  loss=7.2046e-05  pde=2.7326e-05  ic=6.5461e-06  bc=2.3978e-06
SSBroyden2  iter 47000/50000  loss=5.6104e-05  pde=2.8252e-05  ic=4.1237e-06  bc=1.4467e-06
SSBroyden2  iter 47500/50000  loss=6.9258e-05  pde=2.7901e-05  ic=6.8286e-06  bc=1.4427e-06
SSBroyden2  iter 48000/50000  loss=6.1572e-05  pde=2.4993e-05  ic=5.5404e-06  bc=1.7755e-06
SSBroyden2  iter 48500/50000  loss=6.0310e-05  pde=2.6419e-05  ic=5.1187e-06  bc=1.6596e-06
SSBroyden2  iter 49000/50000  loss=6.1629e-05  pde=2.6269e-05  ic=5.3304e-06  bc=1.7415e-06
SSBroyden2  iter 49500/50000  loss=6.4486e-05  pde=2.8454e-05  ic=5.5555e-06  bc=1.6510e-06
SSBroyden2  iter 50000/50000  loss=5.6829e-05  pde=2.5490e-05  ic=4.6254e-06  bc=1.6425e-06

SSBroyden2 phase complete: 24131.2s
Total training time: 24524.5s

Model saved to results/v3_64_ablation/V3_D_batch_200/seed_3/model.pt
Metrics saved to results/v3_64_ablation/V3_D_batch_200/seed_3/metrics.npz

Mass conservation diagnostic (<U> over domain at 21 times):
  <U>(t=0.0) = -0.004423
  <U>(t=20.0) = -0.008323
  max drift       = 4.22e-03

Loading reference solution from /oscar/home/dwong33/DRP-Cahn-Hilliard-PINN/reference_solution_64.npz ...
  Per-snapshot relative L2 errors:
    t=0.0  L2_rel=1.3821e-01
    t=5.0  L2_rel=4.8749e-01
    t=10.0  L2_rel=4.9942e-01
    t=15.0  L2_rel=5.5615e-01
    t=20.0  L2_rel=6.1606e-01
  Overall relative L2 = 3.3821e-01
  Saved comparison_snapshots.png
Summary saved to results/v3_64_ablation/V3_D_batch_200/seed_3/summary.json

Plots saved to results/v3_64_ablation/V3_D_batch_200/seed_3/

======================================================================
EXPERIMENT COMPLETE: V3_D_batch_200
  Adam: 1000 epochs, 393.3s
  BFGS: 50000 iters (SSBroyden2), 24131.2s
  Total: 24524.5s
  Final loss: 5.6829e-05
  Final relative L2: 4.2732e-01
  Iterations to L2<=0.50: 8500
  Results: results/v3_64_ablation/V3_D_batch_200/seed_3/
======================================================================

========================================================================
Job finished at Sun Apr 19 11:41:27 PM EDT 2026
Exit code: 0
========================================================================
