========================================================================
SLURM Job ID:       1801082
Array Task ID:      29
Config index:       9 / 10
Config file:        configs/v3_64_ablation/V3_J_power_4.yaml
Seed:               3
Hostname:           node2350.oscar.ccv.brown.edu
Date:               Mon Apr 20 05:01:50 AM EDT 2026
Working directory:  /users/dwong33/DRP-Cahn-Hilliard-PINN
Python:             /oscar/home/dwong33/astrolensing/bin/python
========================================================================
======================================================================
Cahn-Hilliard PINN — Batch Training
Config: configs/v3_64_ablation/V3_J_power_4.yaml
Seed override: 3
======================================================================
Config : V3_J_power_4
  PDE  : dU/dt = 1.0*lap(lap U + 1.0*U + 1.0*U^3)
  Domain: x=[0.0,64.0], y=[0.0,64.0], t=[0.0,20.0]
  Net  : (3, 20, 20, 20, 20, 1)  activation=tanh
  Train: Adam(1000) -> SSBroyden2(50000)
  Samp : Nint=8000, N0=500, Nb=500, RAD=on
  Device: cpu

Trainable parameters : 1361
Reference eval: /oscar/home/dwong33/DRP-Cahn-Hilliard-PINN/reference_solution_64.npz (21 times)
Phase 1 optimizer: ADAM  lr=0.001
Adam  epoch   500/1000  loss=2.8762e-02  pde=1.9134e-05  ic=5.7315e-03  bc=1.7108e-05
Adam  epoch  1000/1000  loss=2.9721e-02  pde=9.8852e-06  ic=5.8530e-03  bc=8.9118e-05

Adam phase complete: 293.1s  final loss=2.9721e-02
SSBroyden2  iter   500/50000  loss=7.6117e-03  pde=3.0937e-04  ic=1.4234e-03  bc=3.7089e-05
SSBroyden2  iter  1000/50000  loss=4.6702e-04  pde=1.5930e-04  ic=5.3136e-05  bc=8.4075e-06
SSBroyden2  iter  1500/50000  loss=1.4261e-04  pde=6.7260e-05  ic=1.2187e-05  bc=2.8827e-06
SSBroyden2  iter  2000/50000  loss=9.1276e-05  pde=4.9159e-05  ic=6.0108e-06  bc=2.4126e-06
SSBroyden2  iter  2500/50000  loss=7.3257e-05  pde=4.4852e-05  ic=3.9876e-06  bc=1.6933e-06
SSBroyden2  iter  3000/50000  loss=5.3971e-05  pde=3.2627e-05  ic=3.1002e-06  bc=1.1687e-06
SSBroyden2  iter  3500/50000  loss=3.6024e-05  pde=2.3114e-05  ic=1.7811e-06  bc=8.0085e-07
SSBroyden2  iter  4000/50000  loss=3.9457e-05  pde=2.3224e-05  ic=2.4361e-06  bc=8.1054e-07
SSBroyden2  iter  4500/50000  loss=3.5257e-05  pde=2.1356e-05  ic=2.0273e-06  bc=7.5297e-07
SSBroyden2  iter  5000/50000  loss=2.9651e-05  pde=1.7953e-05  ic=1.7033e-06  bc=6.3630e-07
SSBroyden2  iter  5500/50000  loss=3.3659e-05  pde=2.1551e-05  ic=1.7364e-06  bc=6.8524e-07
SSBroyden2  iter  6000/50000  loss=3.2062e-05  pde=1.8213e-05  ic=2.0136e-06  bc=7.5607e-07
SSBroyden2  iter  6500/50000  loss=3.2281e-05  pde=1.8261e-05  ic=2.0597e-06  bc=7.4427e-07
SSBroyden2  iter  7000/50000  loss=2.7549e-05  pde=1.7738e-05  ic=1.4491e-06  bc=5.1320e-07
SSBroyden2  iter  7500/50000  loss=3.2134e-05  pde=1.9705e-05  ic=1.8199e-06  bc=6.6580e-07
SSBroyden2  iter  8000/50000  loss=3.4440e-05  pde=2.0529e-05  ic=2.1459e-06  bc=6.3636e-07
SSBroyden2  iter  8500/50000  loss=2.8205e-05  pde=1.7211e-05  ic=1.3916e-06  bc=8.0717e-07
SSBroyden2  iter  9000/50000  loss=3.0330e-05  pde=1.7962e-05  ic=1.9848e-06  bc=4.8882e-07
SSBroyden2  iter  9500/50000  loss=2.6977e-05  pde=1.6101e-05  ic=1.6578e-06  bc=5.1733e-07
SSBroyden2  iter 10000/50000  loss=2.1700e-05  pde=1.4798e-05  ic=1.0073e-06  bc=3.7303e-07
SSBroyden2  iter 10500/50000  loss=2.6160e-05  pde=1.5759e-05  ic=1.5728e-06  bc=5.0738e-07
SSBroyden2  iter 11000/50000  loss=3.3200e-05  pde=1.8341e-05  ic=2.1581e-06  bc=8.1369e-07
SSBroyden2  iter 11500/50000  loss=2.3782e-05  pde=1.4723e-05  ic=1.4658e-06  bc=3.4614e-07
SSBroyden2  iter 12000/50000  loss=2.6522e-05  pde=1.5710e-05  ic=1.7037e-06  bc=4.5855e-07
SSBroyden2  iter 12500/50000  loss=2.2008e-05  pde=1.4245e-05  ic=1.1610e-06  bc=3.9159e-07
SSBroyden2  iter 13000/50000  loss=2.6106e-05  pde=1.5460e-05  ic=1.6898e-06  bc=4.3946e-07
SSBroyden2  iter 13500/50000  loss=2.1981e-05  pde=1.4175e-05  ic=1.1372e-06  bc=4.2407e-07
SSBroyden2  iter 14000/50000  loss=2.7231e-05  pde=1.6591e-05  ic=1.6067e-06  bc=5.2116e-07
SSBroyden2  iter 14500/50000  loss=2.0358e-05  pde=1.3670e-05  ic=1.0221e-06  bc=3.1547e-07
SSBroyden2  iter 15000/50000  loss=2.3094e-05  pde=1.4555e-05  ic=1.1849e-06  bc=5.2291e-07
SSBroyden2  iter 15500/50000  loss=2.9394e-05  pde=1.8270e-05  ic=1.6302e-06  bc=5.9477e-07
SSBroyden2  iter 16000/50000  loss=2.5741e-05  pde=1.4871e-05  ic=1.5876e-06  bc=5.8639e-07
SSBroyden2  iter 16500/50000  loss=2.4865e-05  pde=1.4721e-05  ic=1.5872e-06  bc=4.4151e-07
SSBroyden2  iter 17000/50000  loss=2.2997e-05  pde=1.4336e-05  ic=1.2751e-06  bc=4.5714e-07
SSBroyden2  iter 17500/50000  loss=2.4205e-05  pde=1.4674e-05  ic=1.5151e-06  bc=3.9095e-07
SSBroyden2  iter 18000/50000  loss=2.3234e-05  pde=1.3690e-05  ic=1.4935e-06  bc=4.1520e-07
SSBroyden2  iter 18500/50000  loss=2.6515e-05  pde=1.5370e-05  ic=1.7489e-06  bc=4.8008e-07
SSBroyden2  iter 19000/50000  loss=2.6931e-05  pde=1.5872e-05  ic=1.7248e-06  bc=4.8680e-07
SSBroyden2  iter 19500/50000  loss=2.3009e-05  pde=1.5607e-05  ic=1.0371e-06  bc=4.4324e-07
SSBroyden2  iter 20000/50000  loss=2.5447e-05  pde=1.5677e-05  ic=1.4441e-06  bc=5.1001e-07
SSBroyden2  iter 20500/50000  loss=2.4684e-05  pde=1.5666e-05  ic=1.3526e-06  bc=4.5095e-07
SSBroyden2  iter 21000/50000  loss=1.8019e-05  pde=1.2890e-05  ic=7.0873e-07  bc=3.1717e-07
SSBroyden2  iter 21500/50000  loss=2.4190e-05  pde=1.4427e-05  ic=1.4406e-06  bc=5.1189e-07
SSBroyden2  iter 22000/50000  loss=2.5185e-05  pde=1.5147e-05  ic=1.4839e-06  bc=5.2364e-07
SSBroyden2  iter 22500/50000  loss=2.2536e-05  pde=1.4057e-05  ic=1.3479e-06  bc=3.4791e-07
SSBroyden2  iter 23000/50000  loss=2.4980e-05  pde=1.5632e-05  ic=1.4828e-06  bc=3.8691e-07
SSBroyden2  iter 23500/50000  loss=2.5269e-05  pde=1.5583e-05  ic=1.5628e-06  bc=3.7439e-07
SSBroyden2  iter 24000/50000  loss=2.1321e-05  pde=1.3665e-05  ic=1.1189e-06  bc=4.1231e-07
SSBroyden2  iter 24500/50000  loss=2.2245e-05  pde=1.4443e-05  ic=1.0831e-06  bc=4.7742e-07
SSBroyden2  iter 25000/50000  loss=2.1525e-05  pde=1.3988e-05  ic=1.1385e-06  bc=3.6896e-07
SSBroyden2  iter 25500/50000  loss=2.1748e-05  pde=1.4187e-05  ic=1.1430e-06  bc=3.6924e-07
SSBroyden2  iter 26000/50000  loss=2.0477e-05  pde=1.2653e-05  ic=1.2304e-06  bc=3.3427e-07
SSBroyden2  iter 26500/50000  loss=2.1912e-05  pde=1.3899e-05  ic=1.1852e-06  bc=4.1742e-07
SSBroyden2  iter 27000/50000  loss=2.0988e-05  pde=1.3306e-05  ic=1.1702e-06  bc=3.6620e-07
SSBroyden2  iter 27500/50000  loss=2.8741e-05  pde=1.4343e-05  ic=2.0557e-06  bc=8.2386e-07
SSBroyden2  iter 28000/50000  loss=2.0382e-05  pde=1.3396e-05  ic=1.0738e-06  bc=3.2338e-07
SSBroyden2  iter 28500/50000  loss=2.4094e-05  pde=1.4699e-05  ic=1.4939e-06  bc=3.8497e-07
SSBroyden2  iter 29000/50000  loss=2.1862e-05  pde=1.4274e-05  ic=1.1132e-06  bc=4.0438e-07
SSBroyden2  iter 29500/50000  loss=1.9722e-05  pde=1.1837e-05  ic=1.1458e-06  bc=4.3109e-07
SSBroyden2  iter 30000/50000  loss=2.2075e-05  pde=1.3638e-05  ic=1.3379e-06  bc=3.4969e-07
SSBroyden2  iter 30500/50000  loss=2.1412e-05  pde=1.3390e-05  ic=1.3110e-06  bc=2.9340e-07
SSBroyden2  iter 31000/50000  loss=1.5996e-05  pde=1.1551e-05  ic=6.7701e-07  bc=2.1192e-07
SSBroyden2  iter 31500/50000  loss=1.9959e-05  pde=1.2823e-05  ic=1.1280e-06  bc=2.9918e-07
SSBroyden2  iter 32000/50000  loss=2.0201e-05  pde=1.2802e-05  ic=1.0484e-06  bc=4.3142e-07
SSBroyden2  iter 32500/50000  loss=2.2304e-05  pde=1.4516e-05  ic=1.1381e-06  bc=4.1948e-07
SSBroyden2  iter 33000/50000  loss=1.7016e-05  pde=1.1172e-05  ic=8.4640e-07  bc=3.2251e-07
SSBroyden2  iter 33500/50000  loss=1.9864e-05  pde=1.2564e-05  ic=1.0461e-06  bc=4.1387e-07
SSBroyden2  iter 34000/50000  loss=2.0206e-05  pde=1.3742e-05  ic=9.3703e-07  bc=3.5567e-07
SSBroyden2  iter 34500/50000  loss=1.9968e-05  pde=1.3055e-05  ic=1.0447e-06  bc=3.3785e-07
SSBroyden2  iter 35000/50000  loss=2.1076e-05  pde=1.3382e-05  ic=1.2809e-06  bc=2.5796e-07
SSBroyden2  iter 35500/50000  loss=1.7802e-05  pde=1.2106e-05  ic=9.0635e-07  bc=2.3286e-07
SSBroyden2  iter 36000/50000  loss=1.7065e-05  pde=1.0839e-05  ic=8.9292e-07  bc=3.5236e-07
SSBroyden2  iter 36500/50000  loss=1.9226e-05  pde=1.2718e-05  ic=8.8485e-07  bc=4.1687e-07
SSBroyden2  iter 37000/50000  loss=2.0137e-05  pde=1.3422e-05  ic=1.0715e-06  bc=2.7157e-07
SSBroyden2  iter 37500/50000  loss=1.7965e-05  pde=1.2058e-05  ic=8.9493e-07  bc=2.8662e-07
SSBroyden2  iter 38000/50000  loss=1.9302e-05  pde=1.2780e-05  ic=1.0458e-06  bc=2.5864e-07
SSBroyden2  iter 38500/50000  loss=1.8983e-05  pde=1.2584e-05  ic=1.0014e-06  bc=2.7831e-07
SSBroyden2  iter 39000/50000  loss=2.0228e-05  pde=1.3008e-05  ic=1.1140e-06  bc=3.2994e-07
SSBroyden2  iter 39500/50000  loss=1.9538e-05  pde=1.2240e-05  ic=1.1299e-06  bc=3.2959e-07
SSBroyden2  iter 40000/50000  loss=2.2723e-05  pde=1.2720e-05  ic=1.6455e-06  bc=3.5525e-07
SSBroyden2  iter 40500/50000  loss=1.8669e-05  pde=1.1944e-05  ic=1.0108e-06  bc=3.3415e-07
SSBroyden2  iter 41000/50000  loss=2.1198e-05  pde=1.2983e-05  ic=1.3150e-06  bc=3.2791e-07
SSBroyden2  iter 41500/50000  loss=1.7987e-05  pde=1.2544e-05  ic=8.1127e-07  bc=2.7730e-07
SSBroyden2  iter 42000/50000  loss=1.8495e-05  pde=1.2123e-05  ic=9.3220e-07  bc=3.4217e-07
SSBroyden2  iter 42500/50000  loss=1.8738e-05  pde=1.1616e-05  ic=1.1119e-06  bc=3.1259e-07
SSBroyden2  iter 43000/50000  loss=1.9118e-05  pde=1.1608e-05  ic=1.1331e-06  bc=3.6875e-07
SSBroyden2  iter 43500/50000  loss=1.9904e-05  pde=1.2333e-05  ic=1.1233e-06  bc=3.9087e-07
SSBroyden2  iter 44000/50000  loss=1.9864e-05  pde=1.3499e-05  ic=9.4190e-07  bc=3.3119e-07
SSBroyden2  iter 44500/50000  loss=1.8999e-05  pde=1.1914e-05  ic=1.0748e-06  bc=3.4224e-07
SSBroyden2  iter 45000/50000  loss=1.7594e-05  pde=1.2102e-05  ic=7.8692e-07  bc=3.1142e-07
SSBroyden2  iter 45500/50000  loss=1.6701e-05  pde=1.1301e-05  ic=8.3751e-07  bc=2.4260e-07
SSBroyden2  iter 46000/50000  loss=2.0209e-05  pde=1.3139e-05  ic=1.1140e-06  bc=3.0007e-07
SSBroyden2  iter 46500/50000  loss=2.0291e-05  pde=1.2509e-05  ic=1.2557e-06  bc=3.0079e-07
SSBroyden2  iter 47000/50000  loss=2.0330e-05  pde=1.2577e-05  ic=1.1797e-06  bc=3.7098e-07
SSBroyden2  iter 47500/50000  loss=1.7776e-05  pde=1.1617e-05  ic=9.5769e-07  bc=2.7409e-07
SSBroyden2  iter 48000/50000  loss=1.8601e-05  pde=1.2509e-05  ic=9.3265e-07  bc=2.8575e-07
SSBroyden2  iter 48500/50000  loss=1.7783e-05  pde=1.1647e-05  ic=8.5401e-07  bc=3.7331e-07
SSBroyden2  iter 49000/50000  loss=1.7664e-05  pde=1.2230e-05  ic=8.3183e-07  bc=2.5499e-07
SSBroyden2  iter 49500/50000  loss=1.8923e-05  pde=1.2453e-05  ic=1.0070e-06  bc=2.8708e-07
SSBroyden2  iter 50000/50000  loss=1.7718e-05  pde=1.1948e-05  ic=8.8385e-07  bc=2.7013e-07

SSBroyden2 phase complete: 20838.7s
Total training time: 21131.8s

Model saved to results/v3_64_ablation/V3_J_power_4/seed_3/model.pt
Metrics saved to results/v3_64_ablation/V3_J_power_4/seed_3/metrics.npz

Mass conservation diagnostic (<U> over domain at 21 times):
  <U>(t=0.0) = -0.004383
  <U>(t=20.0) = +0.001477
  max drift       = 5.86e-03

Loading reference solution from /oscar/home/dwong33/DRP-Cahn-Hilliard-PINN/reference_solution_64.npz ...
  Per-snapshot relative L2 errors:
    t=0.0  L2_rel=1.3150e-01
    t=5.0  L2_rel=4.6187e-01
    t=10.0  L2_rel=4.5818e-01
    t=15.0  L2_rel=5.5648e-01
    t=20.0  L2_rel=6.6863e-01
  Overall relative L2 = 3.3079e-01
  Saved comparison_snapshots.png
Summary saved to results/v3_64_ablation/V3_J_power_4/seed_3/summary.json

Plots saved to results/v3_64_ablation/V3_J_power_4/seed_3/

======================================================================
EXPERIMENT COMPLETE: V3_J_power_4
  Adam: 1000 epochs, 293.1s
  BFGS: 50000 iters (SSBroyden2), 20838.7s
  Total: 21131.8s
  Final loss: 1.7718e-05
  Final relative L2: 4.1411e-01
  Iterations to L2<=0.50: 7500
  Results: results/v3_64_ablation/V3_J_power_4/seed_3/
======================================================================

========================================================================
Job finished at Mon Apr 20 10:54:13 AM EDT 2026
Exit code: 0
========================================================================
