========================================================================
SLURM Job ID:       1801253
Array Task ID:      31
Config index:       10 / 10
Config file:        configs/v3_64_ablation/V3_K_power4_combined.yaml
Seed:               2
Hostname:           node2314.oscar.ccv.brown.edu
Date:               Mon Apr 20 06:11:47 AM EDT 2026
Working directory:  /users/dwong33/DRP-Cahn-Hilliard-PINN
Python:             /oscar/home/dwong33/astrolensing/bin/python
========================================================================
======================================================================
Cahn-Hilliard PINN — Batch Training
Config: configs/v3_64_ablation/V3_K_power4_combined.yaml
Seed override: 2
======================================================================
Config : V3_K_power4_combined
  PDE  : dU/dt = 1.0*lap(lap U + 1.0*U + 1.0*U^3)
  Domain: x=[0.0,64.0], y=[0.0,64.0], t=[0.0,20.0]
  Net  : (3, 20, 20, 20, 20, 1)  activation=tanh
  Train: Adam(1000) -> SSBroyden2(50000)
  Samp : Nint=16000, N0=1000, Nb=500, RAD=on
  Device: cpu

Trainable parameters : 1361
Reference eval: /oscar/home/dwong33/DRP-Cahn-Hilliard-PINN/reference_solution_64.npz (21 times)
Phase 1 optimizer: ADAM  lr=0.001
Adam  epoch   500/1000  loss=3.1357e-02  pde=3.1341e-06  ic=6.2581e-03  bc=1.2679e-05
Adam  epoch  1000/1000  loss=3.2202e-02  pde=6.8797e-05  ic=6.4166e-03  bc=1.0022e-05

Adam phase complete: 530.9s  final loss=3.2202e-02
SSBroyden2  iter   500/50000  loss=4.7238e-03  pde=4.9950e-04  ic=8.2175e-04  bc=2.3101e-05
SSBroyden2  iter  1000/50000  loss=4.2884e-04  pde=1.1564e-04  ic=5.4712e-05  bc=7.9288e-06
SSBroyden2  iter  1500/50000  loss=1.6758e-04  pde=6.6149e-05  ic=1.6283e-05  bc=4.0032e-06
SSBroyden2  iter  2000/50000  loss=7.9395e-05  pde=3.8992e-05  ic=6.1803e-06  bc=1.9004e-06
SSBroyden2  iter  2500/50000  loss=6.5419e-05  pde=3.3748e-05  ic=5.1414e-06  bc=1.1928e-06
SSBroyden2  iter  3000/50000  loss=5.2114e-05  pde=2.8705e-05  ic=3.7638e-06  bc=9.1810e-07
SSBroyden2  iter  3500/50000  loss=4.6331e-05  pde=2.7376e-05  ic=2.9986e-06  bc=7.9247e-07
SSBroyden2  iter  4000/50000  loss=4.0789e-05  pde=2.4354e-05  ic=2.5862e-06  bc=7.0068e-07
SSBroyden2  iter  4500/50000  loss=3.6707e-05  pde=2.2252e-05  ic=2.2810e-06  bc=6.0997e-07
SSBroyden2  iter  5000/50000  loss=3.7840e-05  pde=2.1899e-05  ic=2.5725e-06  bc=6.1579e-07
SSBroyden2  iter  5500/50000  loss=3.5202e-05  pde=2.2124e-05  ic=2.1858e-06  bc=4.2970e-07
SSBroyden2  iter  6000/50000  loss=3.2338e-05  pde=1.9973e-05  ic=1.9771e-06  bc=4.9599e-07
SSBroyden2  iter  6500/50000  loss=3.2320e-05  pde=2.0003e-05  ic=2.1013e-06  bc=3.6213e-07
SSBroyden2  iter  7000/50000  loss=3.2475e-05  pde=2.0086e-05  ic=2.1056e-06  bc=3.7222e-07
SSBroyden2  iter  7500/50000  loss=3.2714e-05  pde=2.0088e-05  ic=2.0792e-06  bc=4.4595e-07
SSBroyden2  iter  8000/50000  loss=2.9613e-05  pde=1.8580e-05  ic=1.8579e-06  bc=3.4851e-07
SSBroyden2  iter  8500/50000  loss=2.8514e-05  pde=1.8473e-05  ic=1.6635e-06  bc=3.4475e-07
SSBroyden2  iter  9000/50000  loss=2.9122e-05  pde=1.7924e-05  ic=1.8533e-06  bc=3.8640e-07
SSBroyden2  iter  9500/50000  loss=2.9497e-05  pde=1.8757e-05  ic=1.8366e-06  bc=3.1131e-07
SSBroyden2  iter 10000/50000  loss=3.1451e-05  pde=1.8875e-05  ic=2.1284e-06  bc=3.8685e-07
SSBroyden2  iter 10500/50000  loss=2.9724e-05  pde=1.8188e-05  ic=1.9680e-06  bc=3.3926e-07
SSBroyden2  iter 11000/50000  loss=2.9299e-05  pde=1.8209e-05  ic=1.8292e-06  bc=3.8878e-07
SSBroyden2  iter 11500/50000  loss=2.6416e-05  pde=1.8030e-05  ic=1.4495e-06  bc=2.2777e-07
SSBroyden2  iter 12000/50000  loss=2.9400e-05  pde=1.8745e-05  ic=1.8283e-06  bc=3.0251e-07
SSBroyden2  iter 12500/50000  loss=3.0400e-05  pde=1.9163e-05  ic=1.8721e-06  bc=3.7534e-07
SSBroyden2  iter 13000/50000  loss=2.6884e-05  pde=1.7031e-05  ic=1.6647e-06  bc=3.0597e-07
SSBroyden2  iter 13500/50000  loss=2.9397e-05  pde=1.8596e-05  ic=1.8582e-06  bc=3.0207e-07
SSBroyden2  iter 14000/50000  loss=2.8748e-05  pde=1.7615e-05  ic=1.8475e-06  bc=3.7910e-07
SSBroyden2  iter 14500/50000  loss=2.5889e-05  pde=1.6824e-05  ic=1.5309e-06  bc=2.8214e-07
SSBroyden2  iter 15000/50000  loss=2.6299e-05  pde=1.7324e-05  ic=1.4637e-06  bc=3.3137e-07
SSBroyden2  iter 15500/50000  loss=2.7522e-05  pde=1.8063e-05  ic=1.5278e-06  bc=3.6410e-07
SSBroyden2  iter 16000/50000  loss=2.5810e-05  pde=1.7201e-05  ic=1.4465e-06  bc=2.7540e-07
SSBroyden2  iter 16500/50000  loss=2.6492e-05  pde=1.7068e-05  ic=1.6372e-06  bc=2.4759e-07
SSBroyden2  iter 17000/50000  loss=2.5636e-05  pde=1.7382e-05  ic=1.3780e-06  bc=2.7293e-07
SSBroyden2  iter 17500/50000  loss=2.8103e-05  pde=1.7538e-05  ic=1.7766e-06  bc=3.3644e-07
SSBroyden2  iter 18000/50000  loss=2.7507e-05  pde=1.6298e-05  ic=1.9075e-06  bc=3.3428e-07
SSBroyden2  iter 18500/50000  loss=2.5243e-05  pde=1.6309e-05  ic=1.5191e-06  bc=2.6780e-07
SSBroyden2  iter 19000/50000  loss=2.6353e-05  pde=1.7099e-05  ic=1.5634e-06  bc=2.8724e-07
SSBroyden2  iter 19500/50000  loss=2.6464e-05  pde=1.7413e-05  ic=1.5598e-06  bc=2.5027e-07
SSBroyden2  iter 20000/50000  loss=2.5540e-05  pde=1.6835e-05  ic=1.4817e-06  bc=2.5927e-07
SSBroyden2  iter 20500/50000  loss=2.8021e-05  pde=1.7865e-05  ic=1.7527e-06  bc=2.7850e-07
SSBroyden2  iter 21000/50000  loss=2.6243e-05  pde=1.6725e-05  ic=1.6325e-06  bc=2.7114e-07
SSBroyden2  iter 21500/50000  loss=2.5714e-05  pde=1.6510e-05  ic=1.5993e-06  bc=2.4136e-07
SSBroyden2  iter 22000/50000  loss=2.4970e-05  pde=1.6222e-05  ic=1.4693e-06  bc=2.8033e-07
SSBroyden2  iter 22500/50000  loss=2.9175e-05  pde=1.6666e-05  ic=2.0786e-06  bc=4.2335e-07
SSBroyden2  iter 23000/50000  loss=2.5378e-05  pde=1.6360e-05  ic=1.5444e-06  bc=2.5925e-07
SSBroyden2  iter 23500/50000  loss=2.3586e-05  pde=1.5221e-05  ic=1.4117e-06  bc=2.6127e-07
SSBroyden2  iter 24000/50000  loss=2.4033e-05  pde=1.6165e-05  ic=1.2999e-06  bc=2.7375e-07
SSBroyden2  iter 24500/50000  loss=2.6332e-05  pde=1.6013e-05  ic=1.7610e-06  bc=3.0284e-07
SSBroyden2  iter 25000/50000  loss=2.5979e-05  pde=1.6130e-05  ic=1.6630e-06  bc=3.0688e-07
SSBroyden2  iter 25500/50000  loss=2.5224e-05  pde=1.6743e-05  ic=1.4418e-06  bc=2.5435e-07
SSBroyden2  iter 26000/50000  loss=2.5972e-05  pde=1.6720e-05  ic=1.5805e-06  bc=2.6994e-07
SSBroyden2  iter 26500/50000  loss=2.5232e-05  pde=1.6455e-05  ic=1.5047e-06  bc=2.5071e-07
SSBroyden2  iter 27000/50000  loss=2.7566e-05  pde=1.7570e-05  ic=1.6691e-06  bc=3.2992e-07
SSBroyden2  iter 27500/50000  loss=2.6986e-05  pde=1.7191e-05  ic=1.6304e-06  bc=3.2857e-07
SSBroyden2  iter 28000/50000  loss=2.4398e-05  pde=1.6075e-05  ic=1.4018e-06  bc=2.6290e-07
SSBroyden2  iter 28500/50000  loss=2.4656e-05  pde=1.6157e-05  ic=1.4420e-06  bc=2.5775e-07
SSBroyden2  iter 29000/50000  loss=2.5788e-05  pde=1.6944e-05  ic=1.5187e-06  bc=2.5008e-07
SSBroyden2  iter 29500/50000  loss=2.4704e-05  pde=1.5875e-05  ic=1.5080e-06  bc=2.5778e-07
SSBroyden2  iter 30000/50000  loss=2.5322e-05  pde=1.5608e-05  ic=1.6562e-06  bc=2.8670e-07
SSBroyden2  iter 30500/50000  loss=2.4409e-05  pde=1.5408e-05  ic=1.4938e-06  bc=3.0640e-07
SSBroyden2  iter 31000/50000  loss=2.4622e-05  pde=1.5953e-05  ic=1.4737e-06  bc=2.5999e-07
SSBroyden2  iter 31500/50000  loss=2.3995e-05  pde=1.5592e-05  ic=1.4123e-06  bc=2.6843e-07
SSBroyden2  iter 32000/50000  loss=2.5774e-05  pde=1.6413e-05  ic=1.6012e-06  bc=2.7085e-07
SSBroyden2  iter 32500/50000  loss=2.3566e-05  pde=1.5648e-05  ic=1.3620e-06  bc=2.2169e-07
SSBroyden2  iter 33000/50000  loss=2.3453e-05  pde=1.5731e-05  ic=1.3383e-06  bc=2.0604e-07
SSBroyden2  iter 33500/50000  loss=2.5224e-05  pde=1.6583e-05  ic=1.4740e-06  bc=2.5419e-07
SSBroyden2  iter 34000/50000  loss=2.3020e-05  pde=1.5881e-05  ic=1.2449e-06  bc=1.8287e-07
SSBroyden2  iter 34500/50000  loss=2.5688e-05  pde=1.5562e-05  ic=1.8128e-06  bc=2.1241e-07
SSBroyden2  iter 35000/50000  loss=2.3981e-05  pde=1.6262e-05  ic=1.3287e-06  bc=2.1506e-07
SSBroyden2  iter 35500/50000  loss=2.5616e-05  pde=1.6020e-05  ic=1.6676e-06  bc=2.5139e-07
SSBroyden2  iter 36000/50000  loss=2.4316e-05  pde=1.5725e-05  ic=1.4786e-06  bc=2.3947e-07
SSBroyden2  iter 36500/50000  loss=2.6679e-05  pde=1.6331e-05  ic=1.7144e-06  bc=3.5515e-07
SSBroyden2  iter 37000/50000  loss=2.4694e-05  pde=1.6370e-05  ic=1.4141e-06  bc=2.5078e-07
SSBroyden2  iter 37500/50000  loss=2.4518e-05  pde=1.6218e-05  ic=1.3830e-06  bc=2.7712e-07
SSBroyden2  iter 38000/50000  loss=2.4441e-05  pde=1.5053e-05  ic=1.5958e-06  bc=2.8196e-07
SSBroyden2  iter 38500/50000  loss=2.3117e-05  pde=1.5817e-05  ic=1.2579e-06  bc=2.0203e-07
SSBroyden2  iter 39000/50000  loss=2.4454e-05  pde=1.6068e-05  ic=1.4628e-06  bc=2.1439e-07
SSBroyden2  iter 39500/50000  loss=2.6302e-05  pde=1.6426e-05  ic=1.7164e-06  bc=2.5878e-07
SSBroyden2  iter 40000/50000  loss=2.4706e-05  pde=1.5289e-05  ic=1.5817e-06  bc=3.0172e-07
SSBroyden2  iter 40500/50000  loss=2.6802e-05  pde=1.6681e-05  ic=1.7662e-06  bc=2.5787e-07
SSBroyden2  iter 41000/50000  loss=2.3973e-05  pde=1.6061e-05  ic=1.3378e-06  bc=2.4465e-07
SSBroyden2  iter 41500/50000  loss=2.3406e-05  pde=1.5420e-05  ic=1.3426e-06  bc=2.5454e-07
SSBroyden2  iter 42000/50000  loss=2.3823e-05  pde=1.5640e-05  ic=1.3771e-06  bc=2.5965e-07
SSBroyden2  iter 42500/50000  loss=2.4371e-05  pde=1.5912e-05  ic=1.4243e-06  bc=2.6755e-07
SSBroyden2  iter 43000/50000  loss=2.3848e-05  pde=1.5681e-05  ic=1.4153e-06  bc=2.1807e-07
SSBroyden2  iter 43500/50000  loss=2.3671e-05  pde=1.5978e-05  ic=1.3161e-06  bc=2.2254e-07
SSBroyden2  iter 44000/50000  loss=2.2272e-05  pde=1.5022e-05  ic=1.2416e-06  bc=2.0848e-07
SSBroyden2  iter 44500/50000  loss=2.4369e-05  pde=1.5678e-05  ic=1.5049e-06  bc=2.3336e-07
SSBroyden2  iter 45000/50000  loss=2.4719e-05  pde=1.5556e-05  ic=1.5256e-06  bc=3.0702e-07
SSBroyden2  iter 45500/50000  loss=2.2915e-05  pde=1.4789e-05  ic=1.4041e-06  bc=2.2105e-07
SSBroyden2  iter 46000/50000  loss=2.2373e-05  pde=1.5351e-05  ic=1.1881e-06  bc=2.1626e-07
SSBroyden2  iter 46500/50000  loss=2.1610e-05  pde=1.4720e-05  ic=1.1796e-06  bc=1.9832e-07
SSBroyden2  iter 47000/50000  loss=2.5832e-05  pde=1.5643e-05  ic=1.7328e-06  bc=3.0488e-07
SSBroyden2  iter 47500/50000  loss=2.2283e-05  pde=1.4104e-05  ic=1.3802e-06  bc=2.5548e-07
SSBroyden2  iter 48000/50000  loss=2.5014e-05  pde=1.6191e-05  ic=1.5246e-06  bc=2.3999e-07
SSBroyden2  iter 48500/50000  loss=2.3368e-05  pde=1.5829e-05  ic=1.2898e-06  bc=2.1814e-07
SSBroyden2  iter 49000/50000  loss=2.4217e-05  pde=1.6087e-05  ic=1.3681e-06  bc=2.5790e-07
SSBroyden2  iter 49500/50000  loss=2.3993e-05  pde=1.5341e-05  ic=1.4593e-06  bc=2.7121e-07
SSBroyden2  iter 50000/50000  loss=2.5526e-05  pde=1.5843e-05  ic=1.5412e-06  bc=3.9531e-07

SSBroyden2 phase complete: 31084.8s
Total training time: 31615.7s

Model saved to results/v3_64_ablation/V3_K_power4_combined/seed_2/model.pt
Metrics saved to results/v3_64_ablation/V3_K_power4_combined/seed_2/metrics.npz

Mass conservation diagnostic (<U> over domain at 21 times):
  <U>(t=0.0) = -0.003780
  <U>(t=20.0) = -0.000748
  max drift       = 3.03e-03

Loading reference solution from /oscar/home/dwong33/DRP-Cahn-Hilliard-PINN/reference_solution_64.npz ...
  Per-snapshot relative L2 errors:
    t=0.0  L2_rel=5.9126e-02
    t=5.0  L2_rel=4.3477e-01
    t=10.0  L2_rel=4.6011e-01
    t=15.0  L2_rel=5.9781e-01
    t=20.0  L2_rel=7.1962e-01
  Overall relative L2 = 3.2308e-01
  Saved comparison_snapshots.png
Summary saved to results/v3_64_ablation/V3_K_power4_combined/seed_2/summary.json

Plots saved to results/v3_64_ablation/V3_K_power4_combined/seed_2/

======================================================================
EXPERIMENT COMPLETE: V3_K_power4_combined
  Adam: 1000 epochs, 530.9s
  BFGS: 50000 iters (SSBroyden2), 31084.8s
  Total: 31615.7s
  Final loss: 2.5526e-05
  Final relative L2: 4.1172e-01
  Iterations to L2<=0.50: 4000
  Results: results/v3_64_ablation/V3_K_power4_combined/seed_2/
======================================================================

========================================================================
Job finished at Mon Apr 20 02:58:56 PM EDT 2026
Exit code: 0
========================================================================
