========================================================================
SLURM Job ID:       1795497
Array Task ID:      7
Config index:       2 / 10
Config file:        configs/v3_64_ablation/V3_C_rad_k2_0p5.yaml
Seed:               2
Hostname:           node2331.oscar.ccv.brown.edu
Date:               Sun Apr 19 04:52:13 PM EDT 2026
Working directory:  /users/dwong33/DRP-Cahn-Hilliard-PINN
Python:             /oscar/home/dwong33/astrolensing/bin/python
========================================================================
======================================================================
Cahn-Hilliard PINN — Batch Training
Config: configs/v3_64_ablation/V3_C_rad_k2_0p5.yaml
Seed override: 2
======================================================================
Config : V3_C_rad_k2_0p5
  PDE  : dU/dt = 1.0*lap(lap U + 1.0*U + 1.0*U^3)
  Domain: x=[0.0,64.0], y=[0.0,64.0], t=[0.0,20.0]
  Net  : (3, 20, 20, 20, 20, 1)  activation=tanh
  Train: Adam(1000) -> SSBroyden2(50000)
  Samp : Nint=8000, N0=500, Nb=500, RAD=on
  Device: cpu

Trainable parameters : 1361
Reference eval: /oscar/home/dwong33/DRP-Cahn-Hilliard-PINN/reference_solution_64.npz (21 times)
Phase 1 optimizer: ADAM  lr=0.001
Adam  epoch   500/1000  loss=3.3861e-02  pde=1.3490e-05  ic=6.7509e-03  bc=1.8670e-05
Adam  epoch  1000/1000  loss=3.0424e-02  pde=9.9735e-05  ic=6.0540e-03  bc=1.0761e-05

Adam phase complete: 301.2s  final loss=3.0424e-02
SSBroyden2  iter   500/50000  loss=9.0144e-03  pde=3.8845e-04  ic=1.7029e-03  bc=2.2280e-05
SSBroyden2  iter  1000/50000  loss=1.6020e-03  pde=3.8090e-04  ic=2.2056e-04  bc=2.3660e-05
SSBroyden2  iter  1500/50000  loss=5.7560e-04  pde=1.7800e-04  ic=6.4127e-05  bc=1.5394e-05
SSBroyden2  iter  2000/50000  loss=5.3541e-04  pde=1.6226e-04  ic=5.7687e-05  bc=1.6942e-05
SSBroyden2  iter  2500/50000  loss=3.0322e-04  pde=9.9726e-05  ic=3.3886e-05  bc=6.8137e-06
SSBroyden2  iter  3000/50000  loss=2.9101e-04  pde=1.0086e-04  ic=3.2393e-05  bc=5.6381e-06
SSBroyden2  iter  3500/50000  loss=2.3292e-04  pde=9.0939e-05  ic=2.2317e-05  bc=6.0791e-06
SSBroyden2  iter  4000/50000  loss=2.4056e-04  pde=8.0868e-05  ic=2.6340e-05  bc=5.5992e-06
SSBroyden2  iter  4500/50000  loss=2.1404e-04  pde=7.1098e-05  ic=2.4173e-05  bc=4.4156e-06
SSBroyden2  iter  5000/50000  loss=2.1562e-04  pde=7.1387e-05  ic=2.2357e-05  bc=6.4893e-06
SSBroyden2  iter  5500/50000  loss=1.6817e-04  pde=6.3401e-05  ic=1.6622e-05  bc=4.3310e-06
SSBroyden2  iter  6000/50000  loss=2.1945e-04  pde=6.4612e-05  ic=2.4961e-05  bc=6.0072e-06
SSBroyden2  iter  6500/50000  loss=1.4348e-04  pde=5.5192e-05  ic=1.3817e-05  bc=3.8395e-06
SSBroyden2  iter  7000/50000  loss=1.4160e-04  pde=5.2843e-05  ic=1.5014e-05  bc=2.7377e-06
SSBroyden2  iter  7500/50000  loss=1.5567e-04  pde=5.8491e-05  ic=1.5876e-05  bc=3.5591e-06
SSBroyden2  iter  8000/50000  loss=1.7027e-04  pde=6.1533e-05  ic=1.7812e-05  bc=3.9349e-06
SSBroyden2  iter  8500/50000  loss=1.3654e-04  pde=5.0291e-05  ic=1.4403e-05  bc=2.8459e-06
SSBroyden2  iter  9000/50000  loss=1.6106e-04  pde=6.1289e-05  ic=1.6710e-05  bc=3.2436e-06
SSBroyden2  iter  9500/50000  loss=1.2637e-04  pde=4.5651e-05  ic=1.3744e-05  bc=2.3997e-06
SSBroyden2  iter 10000/50000  loss=1.4552e-04  pde=5.4218e-05  ic=1.4962e-05  bc=3.2975e-06
SSBroyden2  iter 10500/50000  loss=1.3558e-04  pde=5.1944e-05  ic=1.3769e-05  bc=2.9588e-06
SSBroyden2  iter 11000/50000  loss=1.2344e-04  pde=5.2804e-05  ic=1.1259e-05  bc=2.8680e-06
SSBroyden2  iter 11500/50000  loss=1.4584e-04  pde=4.9201e-05  ic=1.6206e-05  bc=3.1211e-06
SSBroyden2  iter 12000/50000  loss=1.2114e-04  pde=4.8905e-05  ic=1.2244e-05  bc=2.2037e-06
SSBroyden2  iter 12500/50000  loss=1.1605e-04  pde=4.4504e-05  ic=1.1693e-05  bc=2.6157e-06
SSBroyden2  iter 13000/50000  loss=1.2163e-04  pde=4.3609e-05  ic=1.2754e-05  bc=2.8504e-06
SSBroyden2  iter 13500/50000  loss=9.6689e-05  pde=4.5897e-05  ic=7.8470e-06  bc=2.3114e-06
SSBroyden2  iter 14000/50000  loss=1.1217e-04  pde=4.6647e-05  ic=1.0546e-05  bc=2.5582e-06
SSBroyden2  iter 14500/50000  loss=1.1719e-04  pde=4.5193e-05  ic=1.1543e-05  bc=2.8559e-06
SSBroyden2  iter 15000/50000  loss=9.4830e-05  pde=4.0255e-05  ic=8.7264e-06  bc=2.1886e-06
SSBroyden2  iter 15500/50000  loss=8.9951e-05  pde=4.1207e-05  ic=7.8596e-06  bc=1.8891e-06
SSBroyden2  iter 16000/50000  loss=9.6080e-05  pde=4.3497e-05  ic=8.3792e-06  bc=2.1373e-06
SSBroyden2  iter 16500/50000  loss=9.3403e-05  pde=3.7411e-05  ic=9.0000e-06  bc=2.1985e-06
SSBroyden2  iter 17000/50000  loss=8.4940e-05  pde=4.4307e-05  ic=6.3133e-06  bc=1.8133e-06
SSBroyden2  iter 17500/50000  loss=8.9447e-05  pde=3.8415e-05  ic=8.4613e-06  bc=1.7449e-06
SSBroyden2  iter 18000/50000  loss=9.6740e-05  pde=4.2844e-05  ic=8.6500e-06  bc=2.1291e-06
SSBroyden2  iter 18500/50000  loss=8.3051e-05  pde=3.9846e-05  ic=6.7042e-06  bc=1.9369e-06
SSBroyden2  iter 19000/50000  loss=8.8433e-05  pde=3.8570e-05  ic=8.2477e-06  bc=1.7249e-06
SSBroyden2  iter 19500/50000  loss=8.7621e-05  pde=3.7706e-05  ic=7.7900e-06  bc=2.1931e-06
SSBroyden2  iter 20000/50000  loss=7.8050e-05  pde=3.6008e-05  ic=7.0255e-06  bc=1.3828e-06
SSBroyden2  iter 20500/50000  loss=8.9873e-05  pde=4.1171e-05  ic=7.7963e-06  bc=1.9442e-06
SSBroyden2  iter 21000/50000  loss=6.9318e-05  pde=3.5972e-05  ic=5.1747e-06  bc=1.4946e-06
SSBroyden2  iter 21500/50000  loss=8.0182e-05  pde=3.4276e-05  ic=7.6368e-06  bc=1.5444e-06
SSBroyden2  iter 22000/50000  loss=7.7710e-05  pde=3.5261e-05  ic=6.8803e-06  bc=1.6095e-06
SSBroyden2  iter 22500/50000  loss=8.0868e-05  pde=3.5379e-05  ic=7.1677e-06  bc=1.9300e-06
SSBroyden2  iter 23000/50000  loss=8.2674e-05  pde=3.5332e-05  ic=7.5725e-06  bc=1.8958e-06
SSBroyden2  iter 23500/50000  loss=7.7105e-05  pde=3.5507e-05  ic=6.4477e-06  bc=1.8720e-06
SSBroyden2  iter 24000/50000  loss=7.9627e-05  pde=3.2861e-05  ic=7.8623e-06  bc=1.4908e-06
SSBroyden2  iter 24500/50000  loss=8.1274e-05  pde=3.6123e-05  ic=7.1804e-06  bc=1.8498e-06
SSBroyden2  iter 25000/50000  loss=7.8791e-05  pde=3.3873e-05  ic=7.1650e-06  bc=1.8186e-06
SSBroyden2  iter 25500/50000  loss=7.2782e-05  pde=3.3353e-05  ic=6.3182e-06  bc=1.5676e-06
SSBroyden2  iter 26000/50000  loss=7.4009e-05  pde=3.6202e-05  ic=5.9687e-06  bc=1.5927e-06
SSBroyden2  iter 26500/50000  loss=7.8374e-05  pde=3.2543e-05  ic=7.7203e-06  bc=1.4459e-06
SSBroyden2  iter 27000/50000  loss=6.6079e-05  pde=3.5926e-05  ic=4.6192e-06  bc=1.4114e-06
SSBroyden2  iter 27500/50000  loss=7.4630e-05  pde=3.2142e-05  ic=6.9771e-06  bc=1.5205e-06
SSBroyden2  iter 28000/50000  loss=7.6799e-05  pde=3.4524e-05  ic=6.8721e-06  bc=1.5829e-06
SSBroyden2  iter 28500/50000  loss=8.0506e-05  pde=4.0700e-05  ic=6.2386e-06  bc=1.7227e-06
SSBroyden2  iter 29000/50000  loss=7.3554e-05  pde=3.6074e-05  ic=6.1283e-06  bc=1.3677e-06
SSBroyden2  iter 29500/50000  loss=6.7836e-05  pde=2.8790e-05  ic=6.5229e-06  bc=1.2863e-06
SSBroyden2  iter 30000/50000  loss=7.1139e-05  pde=3.2427e-05  ic=6.1945e-06  bc=1.5478e-06
SSBroyden2  iter 30500/50000  loss=6.5365e-05  pde=3.1060e-05  ic=5.3418e-06  bc=1.5191e-06
SSBroyden2  iter 31000/50000  loss=6.2824e-05  pde=3.1061e-05  ic=5.2712e-06  bc=1.0814e-06
SSBroyden2  iter 31500/50000  loss=7.7714e-05  pde=3.4156e-05  ic=7.5023e-06  bc=1.2093e-06
SSBroyden2  iter 32000/50000  loss=7.1579e-05  pde=3.4411e-05  ic=5.8498e-06  bc=1.5837e-06
SSBroyden2  iter 32500/50000  loss=6.0782e-05  pde=3.1531e-05  ic=4.8420e-06  bc=1.0081e-06
SSBroyden2  iter 33000/50000  loss=7.4189e-05  pde=3.8581e-05  ic=5.8648e-06  bc=1.2566e-06
SSBroyden2  iter 33500/50000  loss=6.8070e-05  pde=3.2838e-05  ic=5.4937e-06  bc=1.5528e-06
SSBroyden2  iter 34000/50000  loss=5.4436e-05  pde=3.1138e-05  ic=3.6532e-06  bc=1.0063e-06
SSBroyden2  iter 34500/50000  loss=6.3107e-05  pde=3.0617e-05  ic=4.9569e-06  bc=1.5410e-06
SSBroyden2  iter 35000/50000  loss=7.4300e-05  pde=3.3815e-05  ic=6.5786e-06  bc=1.5184e-06
SSBroyden2  iter 35500/50000  loss=6.0509e-05  pde=2.8734e-05  ic=5.0507e-06  bc=1.3043e-06
SSBroyden2  iter 36000/50000  loss=5.7467e-05  pde=2.9787e-05  ic=4.5263e-06  bc=1.0098e-06
SSBroyden2  iter 36500/50000  loss=5.7160e-05  pde=3.1022e-05  ic=4.1745e-06  bc=1.0531e-06
SSBroyden2  iter 37000/50000  loss=6.2499e-05  pde=3.4235e-05  ic=4.2830e-06  bc=1.3697e-06
SSBroyden2  iter 37500/50000  loss=5.7629e-05  pde=2.8975e-05  ic=4.6726e-06  bc=1.0583e-06
SSBroyden2  iter 38000/50000  loss=5.9774e-05  pde=3.0504e-05  ic=4.4166e-06  bc=1.4374e-06
SSBroyden2  iter 38500/50000  loss=7.0189e-05  pde=3.1486e-05  ic=6.3702e-06  bc=1.3704e-06
SSBroyden2  iter 39000/50000  loss=5.9008e-05  pde=3.1267e-05  ic=4.3990e-06  bc=1.1492e-06
SSBroyden2  iter 39500/50000  loss=4.9981e-05  pde=2.5843e-05  ic=3.8692e-06  bc=9.5842e-07
SSBroyden2  iter 40000/50000  loss=5.4847e-05  pde=2.9074e-05  ic=4.0066e-06  bc=1.1479e-06
SSBroyden2  iter 40500/50000  loss=5.8962e-05  pde=3.1209e-05  ic=4.3634e-06  bc=1.1872e-06
SSBroyden2  iter 41000/50000  loss=6.1643e-05  pde=2.9814e-05  ic=5.3133e-06  bc=1.0525e-06
SSBroyden2  iter 41500/50000  loss=5.4197e-05  pde=2.7452e-05  ic=4.1888e-06  bc=1.1602e-06
SSBroyden2  iter 42000/50000  loss=6.9139e-05  pde=3.3769e-05  ic=5.3343e-06  bc=1.7398e-06
SSBroyden2  iter 42500/50000  loss=5.4060e-05  pde=3.0316e-05  ic=3.7889e-06  bc=9.5982e-07
SSBroyden2  iter 43000/50000  loss=4.8598e-05  pde=2.5763e-05  ic=3.5659e-06  bc=1.0013e-06
SSBroyden2  iter 43500/50000  loss=5.8410e-05  pde=3.1474e-05  ic=4.1749e-06  bc=1.2124e-06
SSBroyden2  iter 44000/50000  loss=5.2393e-05  pde=2.7503e-05  ic=3.9226e-06  bc=1.0554e-06
SSBroyden2  iter 44500/50000  loss=6.3557e-05  pde=3.1576e-05  ic=5.1188e-06  bc=1.2774e-06
SSBroyden2  iter 45000/50000  loss=5.3322e-05  pde=2.7005e-05  ic=3.9109e-06  bc=1.3525e-06
SSBroyden2  iter 45500/50000  loss=5.7680e-05  pde=3.0731e-05  ic=4.2367e-06  bc=1.1531e-06
SSBroyden2  iter 46000/50000  loss=5.5067e-05  pde=2.7428e-05  ic=4.2837e-06  bc=1.2441e-06
SSBroyden2  iter 46500/50000  loss=6.2206e-05  pde=2.9649e-05  ic=4.7264e-06  bc=1.7849e-06
SSBroyden2  iter 47000/50000  loss=5.6830e-05  pde=3.0331e-05  ic=4.1880e-06  bc=1.1118e-06
SSBroyden2  iter 47500/50000  loss=5.4720e-05  pde=3.0415e-05  ic=3.8176e-06  bc=1.0434e-06
SSBroyden2  iter 48000/50000  loss=5.2276e-05  pde=2.6653e-05  ic=4.1703e-06  bc=9.5428e-07
SSBroyden2  iter 48500/50000  loss=5.1697e-05  pde=2.5826e-05  ic=3.9885e-06  bc=1.1855e-06
SSBroyden2  iter 49000/50000  loss=5.2832e-05  pde=2.6651e-05  ic=4.0365e-06  bc=1.1998e-06
SSBroyden2  iter 49500/50000  loss=6.1986e-05  pde=3.0057e-05  ic=5.2031e-06  bc=1.1825e-06
SSBroyden2  iter 50000/50000  loss=5.7374e-05  pde=2.6865e-05  ic=5.0648e-06  bc=1.0370e-06

SSBroyden2 phase complete: 20428.1s
Total training time: 20729.3s

Model saved to results/v3_64_ablation/V3_C_rad_k2_0p5/seed_2/model.pt
Metrics saved to results/v3_64_ablation/V3_C_rad_k2_0p5/seed_2/metrics.npz

Mass conservation diagnostic (<U> over domain at 21 times):
  <U>(t=0.0) = -0.004140
  <U>(t=20.0) = +0.004325
  max drift       = 8.46e-03

Loading reference solution from /oscar/home/dwong33/DRP-Cahn-Hilliard-PINN/reference_solution_64.npz ...
  Per-snapshot relative L2 errors:
    t=0.0  L2_rel=1.6440e-01
    t=5.0  L2_rel=5.4184e-01
    t=10.0  L2_rel=6.8133e-01
    t=15.0  L2_rel=8.2307e-01
    t=20.0  L2_rel=9.1735e-01
  Overall relative L2 = 4.4630e-01
  Saved comparison_snapshots.png
Summary saved to results/v3_64_ablation/V3_C_rad_k2_0p5/seed_2/summary.json

Plots saved to results/v3_64_ablation/V3_C_rad_k2_0p5/seed_2/

======================================================================
EXPERIMENT COMPLETE: V3_C_rad_k2_0p5
  Adam: 1000 epochs, 301.2s
  BFGS: 50000 iters (SSBroyden2), 20428.1s
  Total: 20729.3s
  Final loss: 5.7374e-05
  Final relative L2: 5.4594e-01
  Results: results/v3_64_ablation/V3_C_rad_k2_0p5/seed_2/
======================================================================

========================================================================
Job finished at Sun Apr 19 10:38:02 PM EDT 2026
Exit code: 0
========================================================================
