========================================================================
SLURM Job ID:       1795505
Array Task ID:      14
Config index:       4 / 10
Config file:        configs/v3_64_ablation/V3_E_batch_1000.yaml
Seed:               3
Hostname:           node1950.oscar.ccv.brown.edu
Date:               Sun Apr 19 04:52:23 PM EDT 2026
Working directory:  /users/dwong33/DRP-Cahn-Hilliard-PINN
Python:             /oscar/home/dwong33/astrolensing/bin/python
========================================================================
======================================================================
Cahn-Hilliard PINN — Batch Training
Config: configs/v3_64_ablation/V3_E_batch_1000.yaml
Seed override: 3
======================================================================
Config : V3_E_batch_1000
  PDE  : dU/dt = 1.0*lap(lap U + 1.0*U + 1.0*U^3)
  Domain: x=[0.0,64.0], y=[0.0,64.0], t=[0.0,20.0]
  Net  : (3, 20, 20, 20, 20, 1)  activation=tanh
  Train: Adam(1000) -> SSBroyden2(50000)
  Samp : Nint=8000, N0=500, Nb=500, RAD=on
  Device: cpu

Trainable parameters : 1361
Reference eval: /oscar/home/dwong33/DRP-Cahn-Hilliard-PINN/reference_solution_64.npz (21 times)
Phase 1 optimizer: ADAM  lr=0.001
Adam  epoch   500/1000  loss=2.8762e-02  pde=1.9134e-05  ic=5.7315e-03  bc=1.7108e-05
Adam  epoch  1000/1000  loss=2.9721e-02  pde=9.8852e-06  ic=5.8530e-03  bc=8.9118e-05

Adam phase complete: 290.1s  final loss=2.9721e-02
SSBroyden2  iter   500/50000  loss=1.5107e-02  pde=3.0616e-05  ic=2.8950e-03  bc=1.2037e-04
SSBroyden2  iter  1000/50000  loss=1.6092e-03  pde=3.5813e-04  ic=2.2629e-04  bc=2.3932e-05
SSBroyden2  iter  1500/50000  loss=8.5150e-04  pde=2.8756e-04  ic=9.7072e-05  bc=1.5717e-05
SSBroyden2  iter  2000/50000  loss=3.1632e-04  pde=1.2042e-04  ic=3.2876e-05  bc=6.3041e-06
SSBroyden2  iter  2500/50000  loss=3.0861e-04  pde=1.1044e-04  ic=3.3782e-05  bc=5.8528e-06
SSBroyden2  iter  3000/50000  loss=1.6915e-04  pde=6.9780e-05  ic=1.5813e-05  bc=4.0612e-06
SSBroyden2  iter  3500/50000  loss=2.2716e-04  pde=8.0983e-05  ic=2.3606e-05  bc=5.6290e-06
SSBroyden2  iter  4000/50000  loss=1.2592e-04  pde=5.2345e-05  ic=1.1479e-05  bc=3.2347e-06
SSBroyden2  iter  4500/50000  loss=2.0355e-04  pde=7.1974e-05  ic=2.1493e-05  bc=4.8213e-06
SSBroyden2  iter  5000/50000  loss=1.2450e-04  pde=5.4154e-05  ic=1.1001e-05  bc=3.0691e-06
SSBroyden2  iter  5500/50000  loss=1.7875e-04  pde=6.6155e-05  ic=1.8647e-05  bc=3.8713e-06
SSBroyden2  iter  6000/50000  loss=1.0120e-04  pde=4.5334e-05  ic=8.7229e-06  bc=2.4498e-06
SSBroyden2  iter  6500/50000  loss=1.0724e-04  pde=4.5844e-05  ic=9.0108e-06  bc=3.2686e-06
SSBroyden2  iter  7000/50000  loss=6.6350e-05  pde=3.7849e-05  ic=3.7980e-06  bc=1.9020e-06
SSBroyden2  iter  7500/50000  loss=1.2220e-04  pde=4.7728e-05  ic=1.1999e-05  bc=2.8968e-06
SSBroyden2  iter  8000/50000  loss=7.2494e-05  pde=3.6401e-05  ic=5.6052e-06  bc=1.6134e-06
SSBroyden2  iter  8500/50000  loss=1.1531e-04  pde=4.2824e-05  ic=1.1787e-05  bc=2.7095e-06
SSBroyden2  iter  9000/50000  loss=7.2594e-05  pde=3.3558e-05  ic=6.1227e-06  bc=1.6844e-06
SSBroyden2  iter  9500/50000  loss=1.0251e-04  pde=4.0104e-05  ic=9.5784e-06  bc=2.9019e-06
SSBroyden2  iter 10000/50000  loss=6.3767e-05  pde=3.1772e-05  ic=4.7886e-06  bc=1.6104e-06
SSBroyden2  iter 10500/50000  loss=9.7571e-05  pde=4.2451e-05  ic=8.2737e-06  bc=2.7502e-06
SSBroyden2  iter 11000/50000  loss=6.1942e-05  pde=3.2082e-05  ic=4.0630e-06  bc=1.9091e-06
SSBroyden2  iter 11500/50000  loss=8.8996e-05  pde=3.7914e-05  ic=7.3830e-06  bc=2.8335e-06
SSBroyden2  iter 12000/50000  loss=6.0308e-05  pde=2.9582e-05  ic=4.5010e-06  bc=1.6443e-06
SSBroyden2  iter 12500/50000  loss=8.3238e-05  pde=3.7648e-05  ic=7.6548e-06  bc=1.4632e-06
SSBroyden2  iter 13000/50000  loss=5.7652e-05  pde=3.1409e-05  ic=4.0183e-06  bc=1.2303e-06
SSBroyden2  iter 13500/50000  loss=8.6427e-05  pde=3.5939e-05  ic=8.0810e-06  bc=2.0168e-06
SSBroyden2  iter 14000/50000  loss=5.7126e-05  pde=3.1524e-05  ic=3.8255e-06  bc=1.2950e-06
SSBroyden2  iter 14500/50000  loss=6.9359e-05  pde=3.1811e-05  ic=5.6139e-06  bc=1.8956e-06
SSBroyden2  iter 15000/50000  loss=4.8058e-05  pde=2.6519e-05  ic=2.9634e-06  bc=1.3445e-06
SSBroyden2  iter 15500/50000  loss=6.7852e-05  pde=3.2789e-05  ic=5.2782e-06  bc=1.7345e-06
SSBroyden2  iter 16000/50000  loss=4.9570e-05  pde=2.8382e-05  ic=2.9493e-06  bc=1.2882e-06
SSBroyden2  iter 16500/50000  loss=7.3327e-05  pde=3.4674e-05  ic=5.5099e-06  bc=2.2208e-06
SSBroyden2  iter 17000/50000  loss=5.2595e-05  pde=2.8488e-05  ic=3.2318e-06  bc=1.5897e-06
SSBroyden2  iter 17500/50000  loss=6.7608e-05  pde=2.8173e-05  ic=6.1484e-06  bc=1.7386e-06
SSBroyden2  iter 18000/50000  loss=4.6360e-05  pde=2.5235e-05  ic=3.1062e-06  bc=1.1189e-06
SSBroyden2  iter 18500/50000  loss=5.6867e-05  pde=2.8261e-05  ic=4.3802e-06  bc=1.3411e-06
SSBroyden2  iter 19000/50000  loss=4.2734e-05  pde=2.3555e-05  ic=2.7404e-06  bc=1.0954e-06
SSBroyden2  iter 19500/50000  loss=5.3212e-05  pde=3.0213e-05  ic=3.3805e-06  bc=1.2194e-06
SSBroyden2  iter 20000/50000  loss=3.9665e-05  pde=2.4356e-05  ic=2.1799e-06  bc=8.8173e-07
SSBroyden2  iter 20500/50000  loss=5.5267e-05  pde=2.8881e-05  ic=3.9747e-06  bc=1.3025e-06
SSBroyden2  iter 21000/50000  loss=4.0412e-05  pde=2.4145e-05  ic=2.2527e-06  bc=1.0007e-06
SSBroyden2  iter 21500/50000  loss=5.9193e-05  pde=2.7515e-05  ic=4.7234e-06  bc=1.6122e-06
SSBroyden2  iter 22000/50000  loss=4.1669e-05  pde=2.3117e-05  ic=2.4719e-06  bc=1.2385e-06
SSBroyden2  iter 22500/50000  loss=4.9821e-05  pde=2.4641e-05  ic=3.9539e-06  bc=1.0820e-06
SSBroyden2  iter 23000/50000  loss=3.6984e-05  pde=2.2051e-05  ic=2.1878e-06  bc=7.9879e-07
SSBroyden2  iter 23500/50000  loss=5.3381e-05  pde=2.4602e-05  ic=4.2420e-06  bc=1.5140e-06
SSBroyden2  iter 24000/50000  loss=4.0111e-05  pde=2.2157e-05  ic=2.4620e-06  bc=1.1288e-06
SSBroyden2  iter 24500/50000  loss=4.7277e-05  pde=2.4397e-05  ic=3.5592e-06  bc=1.0169e-06
SSBroyden2  iter 25000/50000  loss=3.4591e-05  pde=2.0844e-05  ic=1.9855e-06  bc=7.6392e-07
SSBroyden2  iter 25500/50000  loss=4.5788e-05  pde=2.1966e-05  ic=3.4618e-06  bc=1.3027e-06
SSBroyden2  iter 26000/50000  loss=3.3866e-05  pde=2.0029e-05  ic=1.9722e-06  bc=7.9526e-07
SSBroyden2  iter 26500/50000  loss=5.1191e-05  pde=2.4581e-05  ic=3.9224e-06  bc=1.3995e-06
SSBroyden2  iter 27000/50000  loss=3.7541e-05  pde=2.0299e-05  ic=2.5119e-06  bc=9.3640e-07
SSBroyden2  iter 27500/50000  loss=5.2991e-05  pde=2.5262e-05  ic=4.2839e-06  bc=1.2618e-06
SSBroyden2  iter 28000/50000  loss=4.0366e-05  pde=2.2795e-05  ic=2.5987e-06  bc=9.1542e-07
SSBroyden2  iter 28500/50000  loss=4.7330e-05  pde=2.2794e-05  ic=3.3219e-06  bc=1.5852e-06
SSBroyden2  iter 29000/50000  loss=3.6033e-05  pde=2.0348e-05  ic=1.9070e-06  bc=1.2300e-06
SSBroyden2  iter 29500/50000  loss=4.5233e-05  pde=2.1529e-05  ic=3.3980e-06  bc=1.3428e-06
SSBroyden2  iter 30000/50000  loss=3.4834e-05  pde=1.8625e-05  ic=2.2577e-06  bc=9.8430e-07
SSBroyden2  iter 30500/50000  loss=4.7750e-05  pde=2.3942e-05  ic=3.5444e-06  bc=1.2172e-06
SSBroyden2  iter 31000/50000  loss=3.5059e-05  pde=2.1758e-05  ic=1.9421e-06  bc=7.1804e-07
SSBroyden2  iter 31500/50000  loss=4.5587e-05  pde=2.2260e-05  ic=3.6095e-06  bc=1.0560e-06
SSBroyden2  iter 32000/50000  loss=3.4100e-05  pde=1.9401e-05  ic=2.1690e-06  bc=7.7073e-07
SSBroyden2  iter 32500/50000  loss=3.8821e-05  pde=2.1135e-05  ic=2.7976e-06  bc=7.3957e-07
SSBroyden2  iter 33000/50000  loss=2.7908e-05  pde=1.7555e-05  ic=1.4793e-06  bc=5.9112e-07
SSBroyden2  iter 33500/50000  loss=4.2314e-05  pde=1.9381e-05  ic=3.5823e-06  bc=1.0043e-06
SSBroyden2  iter 34000/50000  loss=3.3430e-05  pde=1.8022e-05  ic=2.3018e-06  bc=7.7989e-07
SSBroyden2  iter 34500/50000  loss=4.3945e-05  pde=1.9900e-05  ic=3.6283e-06  bc=1.1807e-06
SSBroyden2  iter 35000/50000  loss=3.2502e-05  pde=1.8450e-05  ic=1.9971e-06  bc=8.1310e-07
SSBroyden2  iter 35500/50000  loss=4.0569e-05  pde=2.0055e-05  ic=3.3702e-06  bc=7.3264e-07
SSBroyden2  iter 36000/50000  loss=3.0729e-05  pde=1.7482e-05  ic=2.0374e-06  bc=6.1203e-07
SSBroyden2  iter 36500/50000  loss=4.6199e-05  pde=2.1630e-05  ic=3.7698e-06  bc=1.1442e-06
SSBroyden2  iter 37000/50000  loss=3.5214e-05  pde=1.9436e-05  ic=2.3525e-06  bc=8.0304e-07
SSBroyden2  iter 37500/50000  loss=4.0234e-05  pde=2.1151e-05  ic=2.9261e-06  bc=8.9065e-07
SSBroyden2  iter 38000/50000  loss=3.0639e-05  pde=1.8090e-05  ic=1.7938e-06  bc=7.1618e-07
SSBroyden2  iter 38500/50000  loss=4.0405e-05  pde=2.0099e-05  ic=3.0843e-06  bc=9.7671e-07
SSBroyden2  iter 39000/50000  loss=3.0207e-05  pde=1.8446e-05  ic=1.6442e-06  bc=7.0793e-07
SSBroyden2  iter 39500/50000  loss=3.7744e-05  pde=2.0187e-05  ic=2.6793e-06  bc=8.3200e-07
SSBroyden2  iter 40000/50000  loss=3.0052e-05  pde=1.7790e-05  ic=1.8619e-06  bc=5.9060e-07
SSBroyden2  iter 40500/50000  loss=4.3922e-05  pde=2.2158e-05  ic=3.4772e-06  bc=8.7567e-07
SSBroyden2  iter 41000/50000  loss=3.4382e-05  pde=2.0486e-05  ic=2.0863e-06  bc=6.9290e-07
SSBroyden2  iter 41500/50000  loss=3.6193e-05  pde=2.1587e-05  ic=2.2231e-06  bc=6.9808e-07
SSBroyden2  iter 42000/50000  loss=2.8686e-05  pde=1.8520e-05  ic=1.4669e-06  bc=5.6619e-07
SSBroyden2  iter 42500/50000  loss=4.4522e-05  pde=2.0172e-05  ic=3.7342e-06  bc=1.1360e-06
SSBroyden2  iter 43000/50000  loss=3.4887e-05  pde=1.8744e-05  ic=2.3727e-06  bc=8.5596e-07
SSBroyden2  iter 43500/50000  loss=3.8628e-05  pde=1.9135e-05  ic=2.8041e-06  bc=1.0945e-06
SSBroyden2  iter 44000/50000  loss=3.0729e-05  pde=1.7601e-05  ic=1.8923e-06  bc=7.3317e-07
SSBroyden2  iter 44500/50000  loss=4.0081e-05  pde=2.0027e-05  ic=3.0033e-06  bc=1.0076e-06
SSBroyden2  iter 45000/50000  loss=3.1091e-05  pde=1.8222e-05  ic=1.8283e-06  bc=7.4551e-07
SSBroyden2  iter 45500/50000  loss=4.1278e-05  pde=2.0430e-05  ic=3.1378e-06  bc=1.0318e-06
SSBroyden2  iter 46000/50000  loss=3.3610e-05  pde=1.9437e-05  ic=2.0022e-06  bc=8.3224e-07
SSBroyden2  iter 46500/50000  loss=3.8403e-05  pde=2.2164e-05  ic=2.4926e-06  bc=7.5510e-07
SSBroyden2  iter 47000/50000  loss=3.0854e-05  pde=1.9343e-05  ic=1.6915e-06  bc=6.1073e-07
SSBroyden2  iter 47500/50000  loss=3.6932e-05  pde=1.9459e-05  ic=2.6891e-06  bc=8.0535e-07
SSBroyden2  iter 48000/50000  loss=2.9678e-05  pde=1.7923e-05  ic=1.7080e-06  bc=6.4287e-07
SSBroyden2  iter 48500/50000  loss=3.4164e-05  pde=1.9864e-05  ic=2.0886e-06  bc=7.7135e-07
SSBroyden2  iter 49000/50000  loss=2.7730e-05  pde=1.7651e-05  ic=1.4181e-06  bc=5.9777e-07
SSBroyden2  iter 49500/50000  loss=3.8832e-05  pde=2.0388e-05  ic=2.8507e-06  bc=8.3806e-07
SSBroyden2  iter 50000/50000  loss=3.1786e-05  pde=1.9067e-05  ic=1.8288e-06  bc=7.1512e-07

SSBroyden2 phase complete: 19770.1s
Total training time: 20060.2s

Model saved to results/v3_64_ablation/V3_E_batch_1000/seed_3/model.pt
Metrics saved to results/v3_64_ablation/V3_E_batch_1000/seed_3/metrics.npz

Mass conservation diagnostic (<U> over domain at 21 times):
  <U>(t=0.0) = -0.002905
  <U>(t=20.0) = +0.006677
  max drift       = 9.85e-03

Loading reference solution from /oscar/home/dwong33/DRP-Cahn-Hilliard-PINN/reference_solution_64.npz ...
  Per-snapshot relative L2 errors:
    t=0.0  L2_rel=1.6515e-01
    t=5.0  L2_rel=4.5846e-01
    t=10.0  L2_rel=5.1214e-01
    t=15.0  L2_rel=6.7205e-01
    t=20.0  L2_rel=8.1930e-01
  Overall relative L2 = 3.7717e-01
  Saved comparison_snapshots.png
Summary saved to results/v3_64_ablation/V3_E_batch_1000/seed_3/summary.json

Plots saved to results/v3_64_ablation/V3_E_batch_1000/seed_3/

======================================================================
EXPERIMENT COMPLETE: V3_E_batch_1000
  Adam: 1000 epochs, 290.1s
  BFGS: 50000 iters (SSBroyden2), 19770.1s
  Total: 20060.2s
  Final loss: 3.1786e-05
  Final relative L2: 4.5673e-01
  Iterations to L2<=0.50: 23500
  Results: results/v3_64_ablation/V3_E_batch_1000/seed_3/
======================================================================

========================================================================
Job finished at Sun Apr 19 10:27:06 PM EDT 2026
Exit code: 0
========================================================================
