========================================================================
SLURM Job ID:       1799229
Array Task ID:      21
Config index:       7 / 10
Config file:        configs/v3_64_ablation/V3_H_combined_warmup2k.yaml
Seed:               1
Hostname:           node2349.oscar.ccv.brown.edu
Date:               Sun Apr 19 11:36:36 PM EDT 2026
Working directory:  /users/dwong33/DRP-Cahn-Hilliard-PINN
Python:             /oscar/home/dwong33/astrolensing/bin/python
========================================================================
======================================================================
Cahn-Hilliard PINN — Batch Training
Config: configs/v3_64_ablation/V3_H_combined_warmup2k.yaml
Seed override: 1
======================================================================
Config : V3_H_combined_warmup2k
  PDE  : dU/dt = 1.0*lap(lap U + 1.0*U + 1.0*U^3)
  Domain: x=[0.0,64.0], y=[0.0,64.0], t=[0.0,20.0]
  Net  : (3, 20, 20, 20, 20, 1)  activation=tanh
  Train: Adam(2000) -> SSBroyden2(49000)
  Samp : Nint=16000, N0=1000, Nb=500, RAD=on
  Device: cpu

Trainable parameters : 1361
Reference eval: /oscar/home/dwong33/DRP-Cahn-Hilliard-PINN/reference_solution_64.npz (21 times)
Phase 1 optimizer: ADAM  lr=0.001
Adam  epoch   500/2000  loss=3.1972e-02  pde=1.5335e-07  ic=6.3825e-03  bc=1.1939e-05
Adam  epoch  1000/2000  loss=2.9222e-02  pde=1.1936e-05  ic=5.8216e-03  bc=2.0422e-05
Adam  epoch  1500/2000  loss=3.1086e-02  pde=2.1431e-05  ic=6.1664e-03  bc=4.6561e-05
Adam  epoch  2000/2000  loss=3.0865e-02  pde=3.1811e-06  ic=6.1236e-03  bc=4.8764e-05

Adam phase complete: 1160.1s  final loss=3.0865e-02
SSBroyden2  iter   500/49000  loss=1.3132e-02  pde=9.9778e-05  ic=2.4890e-03  bc=1.1751e-04
SSBroyden2  iter  1000/49000  loss=4.9030e-03  pde=1.6955e-04  ic=8.6777e-04  bc=7.8915e-05
SSBroyden2  iter  1500/49000  loss=1.2885e-03  pde=2.5449e-04  ic=1.9971e-04  bc=7.0856e-06
SSBroyden2  iter  2000/49000  loss=7.9168e-04  pde=2.5928e-04  ic=1.0024e-04  bc=6.2356e-06
SSBroyden2  iter  2500/49000  loss=5.7790e-04  pde=2.7132e-04  ic=5.8215e-05  bc=3.1019e-06
SSBroyden2  iter  3000/49000  loss=5.0047e-04  pde=2.6427e-04  ic=4.4152e-05  bc=3.0889e-06
SSBroyden2  iter  3500/49000  loss=4.7079e-04  pde=2.7498e-04  ic=3.6888e-05  bc=2.2734e-06
SSBroyden2  iter  4000/49000  loss=3.9530e-04  pde=2.6447e-04  ic=2.4018e-05  bc=2.1477e-06
SSBroyden2  iter  4500/49000  loss=3.8409e-04  pde=2.5320e-04  ic=2.3666e-05  bc=2.5117e-06
SSBroyden2  iter  5000/49000  loss=3.5954e-04  pde=2.3909e-04  ic=2.1384e-05  bc=2.7057e-06
SSBroyden2  iter  5500/49000  loss=3.4619e-04  pde=2.3878e-04  ic=1.9536e-05  bc=1.9449e-06
SSBroyden2  iter  6000/49000  loss=3.1468e-04  pde=2.2723e-04  ic=1.5514e-05  bc=1.9779e-06
SSBroyden2  iter  6500/49000  loss=3.1531e-04  pde=2.1653e-04  ic=1.7697e-05  bc=2.0590e-06
SSBroyden2  iter  7000/49000  loss=2.8438e-04  pde=1.9762e-04  ic=1.5381e-05  bc=1.9717e-06
SSBroyden2  iter  7500/49000  loss=2.8349e-04  pde=1.8881e-04  ic=1.7023e-05  bc=1.9135e-06
SSBroyden2  iter  8000/49000  loss=2.7398e-04  pde=1.8647e-04  ic=1.5338e-05  bc=2.1652e-06
SSBroyden2  iter  8500/49000  loss=2.5323e-04  pde=1.7202e-04  ic=1.4298e-05  bc=1.9439e-06
SSBroyden2  iter  9000/49000  loss=2.4453e-04  pde=1.6694e-04  ic=1.3593e-05  bc=1.9239e-06
SSBroyden2  iter  9500/49000  loss=2.4902e-04  pde=1.6655e-04  ic=1.4858e-05  bc=1.6349e-06
SSBroyden2  iter 10000/49000  loss=2.3698e-04  pde=1.6551e-04  ic=1.2467e-05  bc=1.8250e-06
SSBroyden2  iter 10500/49000  loss=2.3281e-04  pde=1.5853e-04  ic=1.3157e-05  bc=1.7001e-06
SSBroyden2  iter 11000/49000  loss=2.2837e-04  pde=1.5684e-04  ic=1.2563e-05  bc=1.7443e-06
SSBroyden2  iter 11500/49000  loss=2.2387e-04  pde=1.4861e-04  ic=1.3192e-05  bc=1.8607e-06
SSBroyden2  iter 12000/49000  loss=2.2407e-04  pde=1.5250e-04  ic=1.2547e-05  bc=1.7661e-06
SSBroyden2  iter 12500/49000  loss=2.1816e-04  pde=1.4084e-04  ic=1.3498e-05  bc=1.9656e-06
SSBroyden2  iter 13000/49000  loss=2.0720e-04  pde=1.4705e-04  ic=1.0556e-05  bc=1.4736e-06
SSBroyden2  iter 13500/49000  loss=2.0208e-04  pde=1.3724e-04  ic=1.0737e-05  bc=2.2304e-06
SSBroyden2  iter 14000/49000  loss=2.0357e-04  pde=1.3922e-04  ic=1.0598e-05  bc=2.2732e-06
SSBroyden2  iter 14500/49000  loss=1.9306e-04  pde=1.3377e-04  ic=9.6631e-06  bc=2.1947e-06
SSBroyden2  iter 15000/49000  loss=2.0285e-04  pde=1.3700e-04  ic=1.1438e-05  bc=1.7310e-06
SSBroyden2  iter 15500/49000  loss=1.8629e-04  pde=1.3044e-04  ic=9.1451e-06  bc=2.0230e-06
SSBroyden2  iter 16000/49000  loss=1.9737e-04  pde=1.3041e-04  ic=1.1676e-05  bc=1.7168e-06
SSBroyden2  iter 16500/49000  loss=2.0061e-04  pde=1.2824e-04  ic=1.2354e-05  bc=2.1219e-06
SSBroyden2  iter 17000/49000  loss=1.8223e-04  pde=1.2732e-04  ic=9.4417e-06  bc=1.5388e-06
SSBroyden2  iter 17500/49000  loss=1.8661e-04  pde=1.2381e-04  ic=1.0614e-05  bc=1.9456e-06
SSBroyden2  iter 18000/49000  loss=1.8244e-04  pde=1.2521e-04  ic=9.6930e-06  bc=1.7541e-06
SSBroyden2  iter 18500/49000  loss=1.7047e-04  pde=1.1367e-04  ic=9.5628e-06  bc=1.7983e-06
SSBroyden2  iter 19000/49000  loss=1.7734e-04  pde=1.2296e-04  ic=9.1306e-06  bc=1.7454e-06
SSBroyden2  iter 19500/49000  loss=1.7775e-04  pde=1.1680e-04  ic=1.0398e-05  bc=1.7918e-06
SSBroyden2  iter 20000/49000  loss=1.8228e-04  pde=1.1488e-04  ic=1.1666e-05  bc=1.8133e-06
SSBroyden2  iter 20500/49000  loss=1.7684e-04  pde=1.1730e-04  ic=9.9546e-06  bc=1.9528e-06
SSBroyden2  iter 21000/49000  loss=1.6254e-04  pde=1.1306e-04  ic=8.3265e-06  bc=1.5707e-06
SSBroyden2  iter 21500/49000  loss=1.6937e-04  pde=1.1065e-04  ic=9.9520e-06  bc=1.7909e-06
SSBroyden2  iter 22000/49000  loss=1.7326e-04  pde=1.1265e-04  ic=1.0660e-05  bc=1.4607e-06
SSBroyden2  iter 22500/49000  loss=1.6681e-04  pde=1.1060e-04  ic=9.4757e-06  bc=1.7650e-06
SSBroyden2  iter 23000/49000  loss=1.5920e-04  pde=1.0765e-04  ic=8.7807e-06  bc=1.5296e-06
SSBroyden2  iter 23500/49000  loss=1.6244e-04  pde=1.0227e-04  ic=1.0250e-05  bc=1.7839e-06
SSBroyden2  iter 24000/49000  loss=1.5621e-04  pde=1.0462e-04  ic=8.9804e-06  bc=1.3379e-06
SSBroyden2  iter 24500/49000  loss=1.6263e-04  pde=1.0317e-04  ic=1.0152e-05  bc=1.7398e-06
SSBroyden2  iter 25000/49000  loss=1.6068e-04  pde=1.0097e-04  ic=1.0454e-05  bc=1.4889e-06
SSBroyden2  iter 25500/49000  loss=1.4833e-04  pde=9.8288e-05  ic=8.3744e-06  bc=1.6343e-06
SSBroyden2  iter 26000/49000  loss=1.5497e-04  pde=9.9541e-05  ic=9.6672e-06  bc=1.4193e-06
SSBroyden2  iter 26500/49000  loss=1.5161e-04  pde=9.8032e-05  ic=8.9728e-06  bc=1.7424e-06
SSBroyden2  iter 27000/49000  loss=1.5040e-04  pde=9.8236e-05  ic=8.9997e-06  bc=1.4332e-06
SSBroyden2  iter 27500/49000  loss=1.4865e-04  pde=9.7522e-05  ic=8.6095e-06  bc=1.6163e-06
SSBroyden2  iter 28000/49000  loss=1.4651e-04  pde=9.7137e-05  ic=8.5961e-06  bc=1.2789e-06
SSBroyden2  iter 28500/49000  loss=1.4286e-04  pde=9.1296e-05  ic=8.6581e-06  bc=1.6547e-06
SSBroyden2  iter 29000/49000  loss=1.4601e-04  pde=9.5618e-05  ic=8.8198e-06  bc=1.2593e-06
SSBroyden2  iter 29500/49000  loss=1.3805e-04  pde=9.0806e-05  ic=8.1989e-06  bc=1.2495e-06
SSBroyden2  iter 30000/49000  loss=1.3846e-04  pde=9.0549e-05  ic=8.3435e-06  bc=1.2392e-06
SSBroyden2  iter 30500/49000  loss=1.4587e-04  pde=9.0159e-05  ic=9.6954e-06  bc=1.4466e-06
SSBroyden2  iter 31000/49000  loss=1.4075e-04  pde=8.9382e-05  ic=9.0246e-06  bc=1.2495e-06
SSBroyden2  iter 31500/49000  loss=1.3553e-04  pde=8.6714e-05  ic=8.4723e-06  bc=1.2906e-06
SSBroyden2  iter 32000/49000  loss=1.2840e-04  pde=8.4987e-05  ic=7.6137e-06  bc=1.0693e-06
SSBroyden2  iter 32500/49000  loss=1.3714e-04  pde=8.8512e-05  ic=8.3508e-06  bc=1.3750e-06
SSBroyden2  iter 33000/49000  loss=1.3332e-04  pde=8.7908e-05  ic=7.9145e-06  bc=1.1674e-06
SSBroyden2  iter 33500/49000  loss=1.3484e-04  pde=8.4337e-05  ic=8.8000e-06  bc=1.3004e-06
SSBroyden2  iter 34000/49000  loss=1.3473e-04  pde=8.9303e-05  ic=8.0532e-06  bc=1.0327e-06
SSBroyden2  iter 34500/49000  loss=1.3651e-04  pde=8.7064e-05  ic=8.5163e-06  bc=1.3732e-06
SSBroyden2  iter 35000/49000  loss=1.2860e-04  pde=8.3690e-05  ic=7.7306e-06  bc=1.2514e-06
SSBroyden2  iter 35500/49000  loss=1.2641e-04  pde=8.2510e-05  ic=7.5749e-06  bc=1.2041e-06
SSBroyden2  iter 36000/49000  loss=1.3297e-04  pde=8.3824e-05  ic=8.7015e-06  bc=1.1272e-06
SSBroyden2  iter 36500/49000  loss=1.1993e-04  pde=7.8240e-05  ic=7.2307e-06  bc=1.1073e-06
SSBroyden2  iter 37000/49000  loss=1.2442e-04  pde=8.2486e-05  ic=7.3446e-06  bc=1.0413e-06
SSBroyden2  iter 37500/49000  loss=1.2556e-04  pde=8.0041e-05  ic=7.8796e-06  bc=1.2245e-06
SSBroyden2  iter 38000/49000  loss=1.2183e-04  pde=8.1426e-05  ic=6.9600e-06  bc=1.1209e-06
SSBroyden2  iter 38500/49000  loss=1.2179e-04  pde=8.0557e-05  ic=7.1592e-06  bc=1.0864e-06
SSBroyden2  iter 39000/49000  loss=1.3106e-04  pde=8.1301e-05  ic=8.6353e-06  bc=1.3168e-06
SSBroyden2  iter 39500/49000  loss=1.2863e-04  pde=8.1438e-05  ic=8.1120e-06  bc=1.3273e-06
SSBroyden2  iter 40000/49000  loss=1.3141e-04  pde=8.2586e-05  ic=8.4169e-06  bc=1.3478e-06
SSBroyden2  iter 40500/49000  loss=1.2642e-04  pde=8.1848e-05  ic=7.6606e-06  bc=1.2546e-06
SSBroyden2  iter 41000/49000  loss=1.2670e-04  pde=7.8817e-05  ic=8.4248e-06  bc=1.1525e-06
SSBroyden2  iter 41500/49000  loss=1.2455e-04  pde=8.1158e-05  ic=7.5311e-06  bc=1.1467e-06
SSBroyden2  iter 42000/49000  loss=1.1654e-04  pde=7.7624e-05  ic=6.7582e-06  bc=1.0247e-06
SSBroyden2  iter 42500/49000  loss=1.2541e-04  pde=7.8643e-05  ic=8.0802e-06  bc=1.2741e-06
SSBroyden2  iter 43000/49000  loss=1.2179e-04  pde=7.9600e-05  ic=7.3619e-06  bc=1.0760e-06
SSBroyden2  iter 43500/49000  loss=1.2662e-04  pde=7.9602e-05  ic=8.0868e-06  bc=1.3177e-06
SSBroyden2  iter 44000/49000  loss=1.2069e-04  pde=8.0649e-05  ic=6.9240e-06  bc=1.0836e-06
SSBroyden2  iter 44500/49000  loss=1.2638e-04  pde=7.8740e-05  ic=8.3432e-06  bc=1.1850e-06
SSBroyden2  iter 45000/49000  loss=1.1545e-04  pde=7.6466e-05  ic=6.7027e-06  bc=1.0950e-06
SSBroyden2  iter 45500/49000  loss=1.2299e-04  pde=7.9672e-05  ic=7.5255e-06  bc=1.1375e-06
SSBroyden2  iter 46000/49000  loss=1.1760e-04  pde=7.6366e-05  ic=7.1935e-06  bc=1.0543e-06
SSBroyden2  iter 46500/49000  loss=1.1979e-04  pde=7.7391e-05  ic=7.2342e-06  bc=1.2450e-06
SSBroyden2  iter 47000/49000  loss=1.1732e-04  pde=7.6470e-05  ic=7.3077e-06  bc=8.6209e-07
SSBroyden2  iter 47500/49000  loss=1.2338e-04  pde=7.6271e-05  ic=8.2595e-06  bc=1.1625e-06
SSBroyden2  iter 48000/49000  loss=1.1840e-04  pde=7.8078e-05  ic=7.1422e-06  bc=9.2212e-07
SSBroyden2  iter 48500/49000  loss=1.1949e-04  pde=7.5945e-05  ic=7.6328e-06  bc=1.0757e-06
SSBroyden2  iter 49000/49000  loss=1.1820e-04  pde=7.5704e-05  ic=7.5810e-06  bc=9.1861e-07

SSBroyden2 phase complete: 31499.4s
Total training time: 32659.5s

Model saved to results/v3_64_ablation/V3_H_combined_warmup2k/seed_1/model.pt
Metrics saved to results/v3_64_ablation/V3_H_combined_warmup2k/seed_1/metrics.npz

Mass conservation diagnostic (<U> over domain at 21 times):
  <U>(t=0.0) = -0.003531
  <U>(t=20.0) = -0.006696
  max drift       = 4.09e-03

Loading reference solution from /oscar/home/dwong33/DRP-Cahn-Hilliard-PINN/reference_solution_64.npz ...
  Per-snapshot relative L2 errors:
    t=0.0  L2_rel=7.4629e-02
    t=5.0  L2_rel=1.0655e+00
    t=10.0  L2_rel=1.1882e+00
    t=15.0  L2_rel=1.1762e+00
    t=20.0  L2_rel=1.3897e+00
  Overall relative L2 = 7.1666e-01
  Saved comparison_snapshots.png
Summary saved to results/v3_64_ablation/V3_H_combined_warmup2k/seed_1/summary.json

Plots saved to results/v3_64_ablation/V3_H_combined_warmup2k/seed_1/

======================================================================
EXPERIMENT COMPLETE: V3_H_combined_warmup2k
  Adam: 2000 epochs, 1160.1s
  BFGS: 49000 iters (SSBroyden2), 31499.4s
  Total: 32659.5s
  Final loss: 1.1820e-04
  Final relative L2: 8.8245e-01
  Results: results/v3_64_ablation/V3_H_combined_warmup2k/seed_1/
======================================================================

========================================================================
Job finished at Mon Apr 20 08:41:19 AM EDT 2026
Exit code: 0
========================================================================
