========================================================================
SLURM Job ID:       1795504
Array Task ID:      13
Config index:       4 / 10
Config file:        configs/v3_64_ablation/V3_E_batch_1000.yaml
Seed:               2
Hostname:           node1949.oscar.ccv.brown.edu
Date:               Sun Apr 19 04:52:23 PM EDT 2026
Working directory:  /users/dwong33/DRP-Cahn-Hilliard-PINN
Python:             /oscar/home/dwong33/astrolensing/bin/python
========================================================================
======================================================================
Cahn-Hilliard PINN — Batch Training
Config: configs/v3_64_ablation/V3_E_batch_1000.yaml
Seed override: 2
======================================================================
Config : V3_E_batch_1000
  PDE  : dU/dt = 1.0*lap(lap U + 1.0*U + 1.0*U^3)
  Domain: x=[0.0,64.0], y=[0.0,64.0], t=[0.0,20.0]
  Net  : (3, 20, 20, 20, 20, 1)  activation=tanh
  Train: Adam(1000) -> SSBroyden2(50000)
  Samp : Nint=8000, N0=500, Nb=500, RAD=on
  Device: cpu

Trainable parameters : 1361
Reference eval: /oscar/home/dwong33/DRP-Cahn-Hilliard-PINN/reference_solution_64.npz (21 times)
Phase 1 optimizer: ADAM  lr=0.001
Adam  epoch   500/1000  loss=3.3861e-02  pde=1.3445e-05  ic=6.7509e-03  bc=1.8670e-05
Adam  epoch  1000/1000  loss=3.0424e-02  pde=9.9669e-05  ic=6.0540e-03  bc=1.0764e-05

Adam phase complete: 386.1s  final loss=3.0424e-02
SSBroyden2  iter   500/50000  loss=6.7255e-03  pde=4.1196e-04  ic=1.2331e-03  bc=2.9569e-05
SSBroyden2  iter  1000/50000  loss=1.0648e-03  pde=2.5492e-04  ic=1.5885e-04  bc=3.1245e-06
SSBroyden2  iter  1500/50000  loss=1.0034e-03  pde=3.0882e-04  ic=1.2712e-04  bc=1.1783e-05
SSBroyden2  iter  2000/50000  loss=4.2968e-04  pde=1.8022e-04  ic=4.0070e-05  bc=9.8201e-06
SSBroyden2  iter  2500/50000  loss=3.2305e-04  pde=1.3146e-04  ic=3.0383e-05  bc=7.9342e-06
SSBroyden2  iter  3000/50000  loss=1.8682e-04  pde=8.6450e-05  ic=1.4624e-05  bc=5.4494e-06
SSBroyden2  iter  3500/50000  loss=2.6274e-04  pde=1.1336e-04  ic=2.3416e-05  bc=6.4604e-06
SSBroyden2  iter  4000/50000  loss=1.4199e-04  pde=7.4318e-05  ic=9.8476e-06  bc=3.6860e-06
SSBroyden2  iter  4500/50000  loss=2.0452e-04  pde=7.4356e-05  ic=2.0161e-05  bc=5.8730e-06
SSBroyden2  iter  5000/50000  loss=1.1836e-04  pde=5.2129e-05  ic=1.0232e-05  bc=3.0149e-06
SSBroyden2  iter  5500/50000  loss=1.4907e-04  pde=6.4337e-05  ic=1.4165e-05  bc=2.7814e-06
SSBroyden2  iter  6000/50000  loss=9.4158e-05  pde=4.9303e-05  ic=7.1705e-06  bc=1.8005e-06
SSBroyden2  iter  6500/50000  loss=1.4658e-04  pde=5.6895e-05  ic=1.5097e-05  bc=2.8411e-06
SSBroyden2  iter  7000/50000  loss=9.3707e-05  pde=4.1854e-05  ic=8.3591e-06  bc=2.0114e-06
SSBroyden2  iter  7500/50000  loss=1.1975e-04  pde=4.7866e-05  ic=1.1472e-05  bc=2.9048e-06
SSBroyden2  iter  8000/50000  loss=7.6205e-05  pde=3.9959e-05  ic=5.3355e-06  bc=1.9137e-06
SSBroyden2  iter  8500/50000  loss=1.0590e-04  pde=4.4813e-05  ic=9.7430e-06  bc=2.4745e-06
SSBroyden2  iter  9000/50000  loss=7.0802e-05  pde=3.8429e-05  ic=4.8435e-06  bc=1.6309e-06
SSBroyden2  iter  9500/50000  loss=1.0509e-04  pde=4.7556e-05  ic=8.9805e-06  bc=2.5259e-06
SSBroyden2  iter 10000/50000  loss=6.8740e-05  pde=3.7451e-05  ic=4.5521e-06  bc=1.7057e-06
SSBroyden2  iter 10500/50000  loss=1.1119e-04  pde=4.4427e-05  ic=9.9688e-06  bc=3.3847e-06
SSBroyden2  iter 11000/50000  loss=7.1571e-05  pde=3.7563e-05  ic=5.1052e-06  bc=1.6964e-06
SSBroyden2  iter 11500/50000  loss=8.8772e-05  pde=3.9868e-05  ic=7.3694e-06  bc=2.4115e-06
SSBroyden2  iter 12000/50000  loss=6.0381e-05  pde=3.1503e-05  ic=4.0017e-06  bc=1.7738e-06
SSBroyden2  iter 12500/50000  loss=7.8883e-05  pde=3.3165e-05  ic=7.2403e-06  bc=1.9032e-06
SSBroyden2  iter 13000/50000  loss=5.5616e-05  pde=2.8879e-05  ic=4.1704e-06  bc=1.1771e-06
SSBroyden2  iter 13500/50000  loss=6.7800e-05  pde=3.0890e-05  ic=5.9790e-06  bc=1.4029e-06
SSBroyden2  iter 14000/50000  loss=4.5860e-05  pde=2.5255e-05  ic=3.0400e-06  bc=1.0809e-06
SSBroyden2  iter 14500/50000  loss=6.9771e-05  pde=3.4265e-05  ic=5.3195e-06  bc=1.7815e-06
SSBroyden2  iter 15000/50000  loss=5.0828e-05  pde=2.9005e-05  ic=3.0500e-06  bc=1.3147e-06
SSBroyden2  iter 15500/50000  loss=7.0691e-05  pde=3.3307e-05  ic=5.9069e-06  bc=1.5698e-06
SSBroyden2  iter 16000/50000  loss=4.9514e-05  pde=2.7509e-05  ic=3.2619e-06  bc=1.1391e-06
SSBroyden2  iter 16500/50000  loss=6.0139e-05  pde=2.7062e-05  ic=5.2872e-06  bc=1.3281e-06
SSBroyden2  iter 17000/50000  loss=4.2922e-05  pde=2.3050e-05  ic=3.0688e-06  bc=9.0575e-07
SSBroyden2  iter 17500/50000  loss=7.2127e-05  pde=3.5668e-05  ic=5.6667e-06  bc=1.6250e-06
SSBroyden2  iter 18000/50000  loss=5.0907e-05  pde=3.0272e-05  ic=3.1192e-06  bc=1.0078e-06
SSBroyden2  iter 18500/50000  loss=6.4103e-05  pde=2.8344e-05  ic=5.4266e-06  bc=1.7253e-06
SSBroyden2  iter 19000/50000  loss=4.3935e-05  pde=2.4720e-05  ic=2.7338e-06  bc=1.1093e-06
SSBroyden2  iter 19500/50000  loss=5.9634e-05  pde=2.7138e-05  ic=4.7105e-06  bc=1.7886e-06
SSBroyden2  iter 20000/50000  loss=4.3731e-05  pde=2.3395e-05  ic=2.9472e-06  bc=1.1201e-06
SSBroyden2  iter 20500/50000  loss=6.0372e-05  pde=2.7221e-05  ic=5.4021e-06  bc=1.2280e-06
SSBroyden2  iter 21000/50000  loss=4.3821e-05  pde=2.2844e-05  ic=3.3425e-06  bc=8.5301e-07
SSBroyden2  iter 21500/50000  loss=5.7523e-05  pde=2.6091e-05  ic=4.8377e-06  bc=1.4486e-06
SSBroyden2  iter 22000/50000  loss=4.2467e-05  pde=2.2792e-05  ic=2.8398e-06  bc=1.0952e-06
SSBroyden2  iter 22500/50000  loss=5.8557e-05  pde=2.7185e-05  ic=4.6552e-06  bc=1.6192e-06
SSBroyden2  iter 23000/50000  loss=4.0969e-05  pde=2.3678e-05  ic=2.4377e-06  bc=1.0204e-06
SSBroyden2  iter 23500/50000  loss=4.7210e-05  pde=2.3845e-05  ic=3.6919e-06  bc=9.8098e-07
SSBroyden2  iter 24000/50000  loss=3.6018e-05  pde=2.1145e-05  ic=2.1910e-06  bc=7.8376e-07
SSBroyden2  iter 24500/50000  loss=5.5787e-05  pde=2.4203e-05  ic=5.0548e-06  bc=1.2620e-06
SSBroyden2  iter 25000/50000  loss=4.4359e-05  pde=2.2038e-05  ic=3.4936e-06  bc=9.7068e-07
SSBroyden2  iter 25500/50000  loss=5.6423e-05  pde=2.7299e-05  ic=4.5221e-06  bc=1.3028e-06
SSBroyden2  iter 26000/50000  loss=4.1823e-05  pde=2.3252e-05  ic=2.7857e-06  bc=9.2849e-07
SSBroyden2  iter 26500/50000  loss=4.7334e-05  pde=2.3107e-05  ic=3.6367e-06  bc=1.2086e-06
SSBroyden2  iter 27000/50000  loss=3.5052e-05  pde=1.9890e-05  ic=2.2246e-06  bc=8.0781e-07
SSBroyden2  iter 27500/50000  loss=4.6020e-05  pde=2.3045e-05  ic=3.5107e-06  bc=1.0844e-06
SSBroyden2  iter 28000/50000  loss=3.4288e-05  pde=2.0831e-05  ic=2.0579e-06  bc=6.3350e-07
SSBroyden2  iter 28500/50000  loss=5.1343e-05  pde=2.3573e-05  ic=4.3135e-06  bc=1.2406e-06
SSBroyden2  iter 29000/50000  loss=3.9048e-05  pde=2.1352e-05  ic=2.5471e-06  bc=9.9206e-07
SSBroyden2  iter 29500/50000  loss=4.3296e-05  pde=2.3080e-05  ic=2.8788e-06  bc=1.1643e-06
SSBroyden2  iter 30000/50000  loss=3.2254e-05  pde=1.9874e-05  ic=1.7726e-06  bc=7.0340e-07
SSBroyden2  iter 30500/50000  loss=4.8092e-05  pde=2.1793e-05  ic=4.1925e-06  bc=1.0674e-06
SSBroyden2  iter 31000/50000  loss=3.6314e-05  pde=2.0561e-05  ic=2.4324e-06  bc=7.1827e-07
SSBroyden2  iter 31500/50000  loss=4.3551e-05  pde=2.3185e-05  ic=3.0676e-06  bc=1.0056e-06
SSBroyden2  iter 32000/50000  loss=3.2628e-05  pde=2.0306e-05  ic=1.8718e-06  bc=5.9258e-07
SSBroyden2  iter 32500/50000  loss=4.1712e-05  pde=2.0966e-05  ic=3.2677e-06  bc=8.8167e-07
SSBroyden2  iter 33000/50000  loss=3.2318e-05  pde=1.8927e-05  ic=1.9403e-06  bc=7.3797e-07
SSBroyden2  iter 33500/50000  loss=4.6438e-05  pde=2.5553e-05  ic=3.2552e-06  bc=9.2193e-07
SSBroyden2  iter 34000/50000  loss=3.6288e-05  pde=2.2698e-05  ic=1.9740e-06  bc=7.4404e-07
SSBroyden2  iter 34500/50000  loss=4.7238e-05  pde=2.2981e-05  ic=3.9307e-06  bc=9.2082e-07
SSBroyden2  iter 35000/50000  loss=3.3624e-05  pde=1.8913e-05  ic=2.3685e-06  bc=5.7375e-07
SSBroyden2  iter 35500/50000  loss=4.0743e-05  pde=2.1303e-05  ic=2.9091e-06  bc=9.7900e-07
SSBroyden2  iter 36000/50000  loss=3.2581e-05  pde=1.9884e-05  ic=1.9265e-06  bc=6.1277e-07
SSBroyden2  iter 36500/50000  loss=4.2418e-05  pde=2.1295e-05  ic=3.3623e-06  bc=8.6229e-07
SSBroyden2  iter 37000/50000  loss=3.2090e-05  pde=1.9280e-05  ic=1.9522e-06  bc=6.0988e-07
SSBroyden2  iter 37500/50000  loss=4.2225e-05  pde=2.1084e-05  ic=3.4379e-06  bc=7.9032e-07
SSBroyden2  iter 38000/50000  loss=3.2260e-05  pde=1.9371e-05  ic=2.0257e-06  bc=5.5209e-07
SSBroyden2  iter 38500/50000  loss=4.1768e-05  pde=2.1257e-05  ic=3.1267e-06  bc=9.7547e-07
SSBroyden2  iter 39000/50000  loss=3.2811e-05  pde=1.8678e-05  ic=2.1538e-06  bc=6.7282e-07
SSBroyden2  iter 39500/50000  loss=3.8143e-05  pde=1.7767e-05  ic=3.2671e-06  bc=8.0810e-07
SSBroyden2  iter 40000/50000  loss=2.9163e-05  pde=1.6211e-05  ic=1.9755e-06  bc=6.1478e-07
SSBroyden2  iter 40500/50000  loss=3.9619e-05  pde=2.1683e-05  ic=2.6530e-06  bc=9.3423e-07
SSBroyden2  iter 41000/50000  loss=3.0969e-05  pde=1.9619e-05  ic=1.5664e-06  bc=7.0356e-07
SSBroyden2  iter 41500/50000  loss=3.6617e-05  pde=2.0546e-05  ic=2.3811e-06  bc=8.3303e-07
SSBroyden2  iter 42000/50000  loss=3.0060e-05  pde=1.8473e-05  ic=1.6631e-06  bc=6.5433e-07
SSBroyden2  iter 42500/50000  loss=3.9300e-05  pde=1.8498e-05  ic=3.3415e-06  bc=8.1904e-07
SSBroyden2  iter 43000/50000  loss=3.0946e-05  pde=1.7357e-05  ic=2.0982e-06  bc=6.1973e-07
SSBroyden2  iter 43500/50000  loss=3.6404e-05  pde=1.9984e-05  ic=2.4792e-06  bc=8.0488e-07
SSBroyden2  iter 44000/50000  loss=2.7256e-05  pde=1.7442e-05  ic=1.4005e-06  bc=5.6229e-07
SSBroyden2  iter 44500/50000  loss=4.0720e-05  pde=1.9576e-05  ic=3.4767e-06  bc=7.5210e-07
SSBroyden2  iter 45000/50000  loss=3.1378e-05  pde=1.7770e-05  ic=2.1171e-06  bc=6.0463e-07
SSBroyden2  iter 45500/50000  loss=3.8885e-05  pde=1.9902e-05  ic=2.9414e-06  bc=8.5525e-07
SSBroyden2  iter 46000/50000  loss=3.0702e-05  pde=1.7737e-05  ic=1.8127e-06  bc=7.8019e-07
SSBroyden2  iter 46500/50000  loss=4.2568e-05  pde=1.9729e-05  ic=3.8479e-06  bc=7.1985e-07
SSBroyden2  iter 47000/50000  loss=3.1308e-05  pde=1.8084e-05  ic=2.1578e-06  bc=4.8698e-07
SSBroyden2  iter 47500/50000  loss=3.7611e-05  pde=1.9088e-05  ic=2.9011e-06  bc=8.0352e-07
SSBroyden2  iter 48000/50000  loss=2.9003e-05  pde=1.6090e-05  ic=2.0575e-06  bc=5.2520e-07
SSBroyden2  iter 48500/50000  loss=4.3341e-05  pde=1.9759e-05  ic=3.7135e-06  bc=1.0028e-06
SSBroyden2  iter 49000/50000  loss=3.2797e-05  pde=1.7774e-05  ic=2.3037e-06  bc=7.0096e-07
SSBroyden2  iter 49500/50000  loss=4.3492e-05  pde=2.0163e-05  ic=3.6181e-06  bc=1.0478e-06
SSBroyden2  iter 50000/50000  loss=3.2984e-05  pde=1.7728e-05  ic=2.3896e-06  bc=6.6157e-07

SSBroyden2 phase complete: 23880.7s
Total training time: 24266.8s

Model saved to results/v3_64_ablation/V3_E_batch_1000/seed_2/model.pt
Metrics saved to results/v3_64_ablation/V3_E_batch_1000/seed_2/metrics.npz

Mass conservation diagnostic (<U> over domain at 21 times):
  <U>(t=0.0) = -0.003244
  <U>(t=20.0) = +0.007185
  max drift       = 1.04e-02

Loading reference solution from /oscar/home/dwong33/DRP-Cahn-Hilliard-PINN/reference_solution_64.npz ...
  Per-snapshot relative L2 errors:
    t=0.0  L2_rel=1.6668e-01
    t=5.0  L2_rel=4.8433e-01
    t=10.0  L2_rel=5.5705e-01
    t=15.0  L2_rel=7.2531e-01
    t=20.0  L2_rel=8.7706e-01
  Overall relative L2 = 4.0176e-01
  Saved comparison_snapshots.png
Summary saved to results/v3_64_ablation/V3_E_batch_1000/seed_2/summary.json

Plots saved to results/v3_64_ablation/V3_E_batch_1000/seed_2/

======================================================================
EXPERIMENT COMPLETE: V3_E_batch_1000
  Adam: 1000 epochs, 386.1s
  BFGS: 50000 iters (SSBroyden2), 23880.7s
  Total: 24266.8s
  Final loss: 3.2984e-05
  Final relative L2: 4.8773e-01
  Iterations to L2<=0.50: 23000
  Results: results/v3_64_ablation/V3_E_batch_1000/seed_2/
======================================================================

========================================================================
Job finished at Sun Apr 19 11:37:10 PM EDT 2026
Exit code: 0
========================================================================
