========================================================================
SLURM Job ID:       1800362
Array Task ID:      27
Config index:       9 / 10
Config file:        configs/v3_64_ablation/V3_J_power_4.yaml
Seed:               1
Hostname:           node2345.oscar.ccv.brown.edu
Date:               Mon Apr 20 01:55:10 AM EDT 2026
Working directory:  /users/dwong33/DRP-Cahn-Hilliard-PINN
Python:             /oscar/home/dwong33/astrolensing/bin/python
========================================================================
======================================================================
Cahn-Hilliard PINN — Batch Training
Config: configs/v3_64_ablation/V3_J_power_4.yaml
Seed override: 1
======================================================================
Config : V3_J_power_4
  PDE  : dU/dt = 1.0*lap(lap U + 1.0*U + 1.0*U^3)
  Domain: x=[0.0,64.0], y=[0.0,64.0], t=[0.0,20.0]
  Net  : (3, 20, 20, 20, 20, 1)  activation=tanh
  Train: Adam(1000) -> SSBroyden2(50000)
  Samp : Nint=8000, N0=500, Nb=500, RAD=on
  Device: cpu

Trainable parameters : 1361
Reference eval: /oscar/home/dwong33/DRP-Cahn-Hilliard-PINN/reference_solution_64.npz (21 times)
Phase 1 optimizer: ADAM  lr=0.001
Adam  epoch   500/1000  loss=3.0965e-02  pde=1.1405e-07  ic=6.1691e-03  bc=2.3942e-05
Adam  epoch  1000/1000  loss=3.0539e-02  pde=1.0472e-04  ic=6.0163e-03  bc=7.0582e-05

Adam phase complete: 374.5s  final loss=3.0539e-02
SSBroyden2  iter   500/50000  loss=7.9738e-03  pde=2.7434e-04  ic=1.4677e-03  bc=7.2166e-05
SSBroyden2  iter  1000/50000  loss=7.1027e-04  pde=1.5448e-04  ic=9.1803e-05  bc=1.9354e-05
SSBroyden2  iter  1500/50000  loss=1.9386e-04  pde=7.2382e-05  ic=1.9255e-05  bc=5.0415e-06
SSBroyden2  iter  2000/50000  loss=1.1385e-04  pde=5.0113e-05  ic=9.5627e-06  bc=3.1856e-06
SSBroyden2  iter  2500/50000  loss=8.5360e-05  pde=4.4771e-05  ic=5.9150e-06  bc=2.2029e-06
SSBroyden2  iter  3000/50000  loss=7.0348e-05  pde=4.0980e-05  ic=3.9521e-06  bc=1.9215e-06
SSBroyden2  iter  3500/50000  loss=6.9287e-05  pde=3.5542e-05  ic=5.0020e-06  bc=1.7469e-06
SSBroyden2  iter  4000/50000  loss=5.4611e-05  pde=2.9991e-05  ic=3.3009e-06  bc=1.6232e-06
SSBroyden2  iter  4500/50000  loss=4.9462e-05  pde=2.7701e-05  ic=3.2449e-06  bc=1.1073e-06
SSBroyden2  iter  5000/50000  loss=4.7664e-05  pde=2.5978e-05  ic=3.0159e-06  bc=1.3213e-06
SSBroyden2  iter  5500/50000  loss=4.6157e-05  pde=2.7211e-05  ic=2.6815e-06  bc=1.1078e-06
SSBroyden2  iter  6000/50000  loss=5.2488e-05  pde=3.0375e-05  ic=2.9180e-06  bc=1.5047e-06
SSBroyden2  iter  6500/50000  loss=4.2296e-05  pde=2.4140e-05  ic=2.3350e-06  bc=1.2962e-06
SSBroyden2  iter  7000/50000  loss=4.5016e-05  pde=2.5661e-05  ic=2.9946e-06  bc=8.7650e-07
SSBroyden2  iter  7500/50000  loss=4.0331e-05  pde=2.5062e-05  ic=2.2129e-06  bc=8.4083e-07
SSBroyden2  iter  8000/50000  loss=4.2987e-05  pde=2.2539e-05  ic=2.8787e-06  bc=1.2109e-06
SSBroyden2  iter  8500/50000  loss=4.5154e-05  pde=2.7292e-05  ic=2.4531e-06  bc=1.1193e-06
SSBroyden2  iter  9000/50000  loss=3.7749e-05  pde=2.4287e-05  ic=1.8292e-06  bc=8.6333e-07
SSBroyden2  iter  9500/50000  loss=3.8417e-05  pde=2.4059e-05  ic=2.0228e-06  bc=8.4893e-07
SSBroyden2  iter 10000/50000  loss=3.9862e-05  pde=2.3610e-05  ic=2.3095e-06  bc=9.4091e-07
SSBroyden2  iter 10500/50000  loss=3.9760e-05  pde=2.2234e-05  ic=2.6555e-06  bc=8.4973e-07
SSBroyden2  iter 11000/50000  loss=4.0076e-05  pde=2.5191e-05  ic=2.0595e-06  bc=9.1749e-07
SSBroyden2  iter 11500/50000  loss=3.5069e-05  pde=2.1482e-05  ic=1.9412e-06  bc=7.7608e-07
SSBroyden2  iter 12000/50000  loss=3.8009e-05  pde=2.3337e-05  ic=1.9631e-06  bc=9.7120e-07
SSBroyden2  iter 12500/50000  loss=3.7915e-05  pde=2.1430e-05  ic=2.3523e-06  bc=9.4465e-07
SSBroyden2  iter 13000/50000  loss=3.8665e-05  pde=2.3667e-05  ic=2.1177e-06  bc=8.8189e-07
SSBroyden2  iter 13500/50000  loss=3.2935e-05  pde=2.0408e-05  ic=1.7473e-06  bc=7.5823e-07
SSBroyden2  iter 14000/50000  loss=3.7505e-05  pde=2.2954e-05  ic=2.1057e-06  bc=8.0437e-07
SSBroyden2  iter 14500/50000  loss=3.2620e-05  pde=2.0371e-05  ic=1.6671e-06  bc=7.8266e-07
SSBroyden2  iter 15000/50000  loss=3.5803e-05  pde=1.9994e-05  ic=2.3954e-06  bc=7.6635e-07
SSBroyden2  iter 15500/50000  loss=3.7776e-05  pde=2.2229e-05  ic=2.1360e-06  bc=9.7346e-07
SSBroyden2  iter 16000/50000  loss=3.2544e-05  pde=1.9827e-05  ic=1.8871e-06  bc=6.5612e-07
SSBroyden2  iter 16500/50000  loss=3.7066e-05  pde=2.1896e-05  ic=2.2009e-06  bc=8.3310e-07
SSBroyden2  iter 17000/50000  loss=3.2313e-05  pde=2.0229e-05  ic=1.8018e-06  bc=6.1499e-07
SSBroyden2  iter 17500/50000  loss=2.8060e-05  pde=1.7045e-05  ic=1.5790e-06  bc=6.2391e-07
SSBroyden2  iter 18000/50000  loss=2.9132e-05  pde=1.8910e-05  ic=1.5107e-06  bc=5.3366e-07
SSBroyden2  iter 18500/50000  loss=3.3381e-05  pde=2.1490e-05  ic=1.8276e-06  bc=5.5069e-07
SSBroyden2  iter 19000/50000  loss=3.3677e-05  pde=2.0591e-05  ic=1.9008e-06  bc=7.1629e-07
SSBroyden2  iter 19500/50000  loss=3.3687e-05  pde=1.9799e-05  ic=2.0619e-06  bc=7.1580e-07
SSBroyden2  iter 20000/50000  loss=3.1310e-05  pde=1.9249e-05  ic=1.7471e-06  bc=6.6490e-07
SSBroyden2  iter 20500/50000  loss=2.8579e-05  pde=1.9035e-05  ic=1.3009e-06  bc=6.0790e-07
SSBroyden2  iter 21000/50000  loss=3.2959e-05  pde=1.9559e-05  ic=1.9326e-06  bc=7.4748e-07
SSBroyden2  iter 21500/50000  loss=2.8110e-05  pde=1.7789e-05  ic=1.5699e-06  bc=4.9419e-07
SSBroyden2  iter 22000/50000  loss=3.2242e-05  pde=2.0885e-05  ic=1.5956e-06  bc=6.7585e-07
SSBroyden2  iter 22500/50000  loss=2.6165e-05  pde=1.7099e-05  ic=1.2356e-06  bc=5.7771e-07
SSBroyden2  iter 23000/50000  loss=3.0731e-05  pde=1.9946e-05  ic=1.5862e-06  bc=5.7083e-07
SSBroyden2  iter 23500/50000  loss=3.4320e-05  pde=1.9032e-05  ic=2.3121e-06  bc=7.4538e-07
SSBroyden2  iter 24000/50000  loss=2.8018e-05  pde=1.7885e-05  ic=1.4552e-06  bc=5.7140e-07
SSBroyden2  iter 24500/50000  loss=3.0404e-05  pde=1.9622e-05  ic=1.5008e-06  bc=6.5562e-07
SSBroyden2  iter 25000/50000  loss=3.3639e-05  pde=1.9155e-05  ic=2.2213e-06  bc=6.7536e-07
SSBroyden2  iter 25500/50000  loss=3.0904e-05  pde=1.9137e-05  ic=1.6640e-06  bc=6.8940e-07
SSBroyden2  iter 26000/50000  loss=3.0054e-05  pde=1.8981e-05  ic=1.5811e-06  bc=6.3358e-07
SSBroyden2  iter 26500/50000  loss=2.6843e-05  pde=1.7234e-05  ic=1.3791e-06  bc=5.4275e-07
SSBroyden2  iter 27000/50000  loss=3.0596e-05  pde=1.8290e-05  ic=1.9042e-06  bc=5.5704e-07
SSBroyden2  iter 27500/50000  loss=2.9019e-05  pde=1.7298e-05  ic=1.8368e-06  bc=5.0764e-07
SSBroyden2  iter 28000/50000  loss=3.0838e-05  pde=1.8457e-05  ic=1.8675e-06  bc=6.0867e-07
SSBroyden2  iter 28500/50000  loss=3.1582e-05  pde=1.9948e-05  ic=1.7586e-06  bc=5.6826e-07
SSBroyden2  iter 29000/50000  loss=2.8819e-05  pde=1.8575e-05  ic=1.4977e-06  bc=5.5120e-07
SSBroyden2  iter 29500/50000  loss=3.1756e-05  pde=1.8679e-05  ic=1.9796e-06  bc=6.3584e-07
SSBroyden2  iter 30000/50000  loss=3.3282e-05  pde=1.8995e-05  ic=2.1204e-06  bc=7.3710e-07
SSBroyden2  iter 30500/50000  loss=3.0341e-05  pde=1.8469e-05  ic=1.7467e-06  bc=6.2768e-07
SSBroyden2  iter 31000/50000  loss=3.0203e-05  pde=1.9170e-05  ic=1.6797e-06  bc=5.2688e-07
SSBroyden2  iter 31500/50000  loss=3.4241e-05  pde=2.0666e-05  ic=2.0521e-06  bc=6.6281e-07
SSBroyden2  iter 32000/50000  loss=2.6188e-05  pde=1.6624e-05  ic=1.4442e-06  bc=4.6860e-07
SSBroyden2  iter 32500/50000  loss=3.3426e-05  pde=2.0792e-05  ic=1.9227e-06  bc=6.0398e-07
SSBroyden2  iter 33000/50000  loss=2.9626e-05  pde=1.7687e-05  ic=1.7730e-06  bc=6.1488e-07
SSBroyden2  iter 33500/50000  loss=3.1445e-05  pde=1.9683e-05  ic=1.7011e-06  bc=6.5125e-07
SSBroyden2  iter 34000/50000  loss=2.6752e-05  pde=1.6634e-05  ic=1.5355e-06  bc=4.8788e-07
SSBroyden2  iter 34500/50000  loss=3.0512e-05  pde=1.8687e-05  ic=1.8208e-06  bc=5.4414e-07
SSBroyden2  iter 35000/50000  loss=2.5806e-05  pde=1.6851e-05  ic=1.2873e-06  bc=5.0368e-07
SSBroyden2  iter 35500/50000  loss=2.9601e-05  pde=1.8061e-05  ic=1.5864e-06  bc=7.2157e-07
SSBroyden2  iter 36000/50000  loss=2.6546e-05  pde=1.6409e-05  ic=1.4506e-06  bc=5.7665e-07
SSBroyden2  iter 36500/50000  loss=2.8654e-05  pde=1.8153e-05  ic=1.4697e-06  bc=6.3047e-07
SSBroyden2  iter 37000/50000  loss=2.5741e-05  pde=1.6739e-05  ic=1.3056e-06  bc=4.9477e-07
SSBroyden2  iter 37500/50000  loss=2.9932e-05  pde=1.7523e-05  ic=1.8420e-06  bc=6.3980e-07
SSBroyden2  iter 38000/50000  loss=2.9064e-05  pde=1.7185e-05  ic=1.8368e-06  bc=5.3904e-07
SSBroyden2  iter 38500/50000  loss=3.1324e-05  pde=1.9728e-05  ic=1.7499e-06  bc=5.6938e-07
SSBroyden2  iter 39000/50000  loss=2.8288e-05  pde=1.7723e-05  ic=1.5559e-06  bc=5.5717e-07
SSBroyden2  iter 39500/50000  loss=2.7350e-05  pde=1.6417e-05  ic=1.6423e-06  bc=5.4434e-07
SSBroyden2  iter 40000/50000  loss=2.8313e-05  pde=1.8050e-05  ic=1.4969e-06  bc=5.5556e-07
SSBroyden2  iter 40500/50000  loss=3.1392e-05  pde=1.8236e-05  ic=2.0814e-06  bc=5.4969e-07
SSBroyden2  iter 41000/50000  loss=2.9283e-05  pde=1.7764e-05  ic=1.6978e-06  bc=6.0596e-07
SSBroyden2  iter 41500/50000  loss=2.6966e-05  pde=1.7420e-05  ic=1.3276e-06  bc=5.8166e-07
SSBroyden2  iter 42000/50000  loss=2.7640e-05  pde=1.7870e-05  ic=1.3908e-06  bc=5.6321e-07
SSBroyden2  iter 42500/50000  loss=2.7231e-05  pde=1.5841e-05  ic=1.6593e-06  bc=6.1886e-07
SSBroyden2  iter 43000/50000  loss=2.8957e-05  pde=1.7747e-05  ic=1.7024e-06  bc=5.3956e-07
SSBroyden2  iter 43500/50000  loss=2.8941e-05  pde=1.8026e-05  ic=1.6024e-06  bc=5.8065e-07
SSBroyden2  iter 44000/50000  loss=3.1590e-05  pde=1.9622e-05  ic=1.7531e-06  bc=6.4055e-07
SSBroyden2  iter 44500/50000  loss=2.5603e-05  pde=1.6912e-05  ic=1.2658e-06  bc=4.7249e-07
SSBroyden2  iter 45000/50000  loss=2.8150e-05  pde=1.7181e-05  ic=1.6598e-06  bc=5.3399e-07
SSBroyden2  iter 45500/50000  loss=3.1448e-05  pde=1.9343e-05  ic=1.7937e-06  bc=6.2726e-07
SSBroyden2  iter 46000/50000  loss=2.8113e-05  pde=1.7155e-05  ic=1.6812e-06  bc=5.1048e-07
SSBroyden2  iter 46500/50000  loss=2.6857e-05  pde=1.6319e-05  ic=1.5393e-06  bc=5.6832e-07
SSBroyden2  iter 47000/50000  loss=2.7014e-05  pde=1.6968e-05  ic=1.5235e-06  bc=4.8562e-07
SSBroyden2  iter 47500/50000  loss=3.1983e-05  pde=1.8207e-05  ic=1.9792e-06  bc=7.7599e-07
SSBroyden2  iter 48000/50000  loss=2.5151e-05  pde=1.6273e-05  ic=1.3368e-06  bc=4.3892e-07
SSBroyden2  iter 48500/50000  loss=2.8554e-05  pde=1.8350e-05  ic=1.5547e-06  bc=4.8626e-07
SSBroyden2  iter 49000/50000  loss=2.7085e-05  pde=1.5902e-05  ic=1.6945e-06  bc=5.4206e-07
SSBroyden2  iter 49500/50000  loss=2.9584e-05  pde=1.7750e-05  ic=1.8035e-06  bc=5.6332e-07
SSBroyden2  iter 50000/50000  loss=2.9364e-05  pde=1.7508e-05  ic=1.7441e-06  bc=6.2703e-07

SSBroyden2 phase complete: 20234.1s
Total training time: 20608.6s

Model saved to results/v3_64_ablation/V3_J_power_4/seed_1/model.pt
Metrics saved to results/v3_64_ablation/V3_J_power_4/seed_1/metrics.npz

Mass conservation diagnostic (<U> over domain at 21 times):
  <U>(t=0.0) = -0.004682
  <U>(t=20.0) = -0.003015
  max drift       = 3.67e-03

Loading reference solution from /oscar/home/dwong33/DRP-Cahn-Hilliard-PINN/reference_solution_64.npz ...
  Per-snapshot relative L2 errors:
    t=0.0  L2_rel=1.5905e-01
    t=5.0  L2_rel=5.6263e-01
    t=10.0  L2_rel=5.4883e-01
    t=15.0  L2_rel=5.6847e-01
    t=20.0  L2_rel=6.8168e-01
  Overall relative L2 = 3.7535e-01
  Saved comparison_snapshots.png
Summary saved to results/v3_64_ablation/V3_J_power_4/seed_1/summary.json

Plots saved to results/v3_64_ablation/V3_J_power_4/seed_1/

======================================================================
EXPERIMENT COMPLETE: V3_J_power_4
  Adam: 1000 epochs, 374.5s
  BFGS: 50000 iters (SSBroyden2), 20234.1s
  Total: 20608.6s
  Final loss: 2.9364e-05
  Final relative L2: 4.6718e-01
  Iterations to L2<=0.50: 7500
  Results: results/v3_64_ablation/V3_J_power_4/seed_1/
======================================================================

========================================================================
Job finished at Mon Apr 20 07:39:04 AM EDT 2026
Exit code: 0
========================================================================
