========================================================================
SLURM Job ID:       1795488
Array Task ID:      32
Config index:       10 / 10
Config file:        configs/v3_64_ablation/V3_K_power4_combined.yaml
Seed:               3
Hostname:           node2338.oscar.ccv.brown.edu
Date:               Mon Apr 20 07:09:58 AM EDT 2026
Working directory:  /users/dwong33/DRP-Cahn-Hilliard-PINN
Python:             /oscar/home/dwong33/astrolensing/bin/python
========================================================================
======================================================================
Cahn-Hilliard PINN — Batch Training
Config: configs/v3_64_ablation/V3_K_power4_combined.yaml
Seed override: 3
======================================================================
Config : V3_K_power4_combined
  PDE  : dU/dt = 1.0*lap(lap U + 1.0*U + 1.0*U^3)
  Domain: x=[0.0,64.0], y=[0.0,64.0], t=[0.0,20.0]
  Net  : (3, 20, 20, 20, 20, 1)  activation=tanh
  Train: Adam(1000) -> SSBroyden2(50000)
  Samp : Nint=16000, N0=1000, Nb=500, RAD=on
  Device: cpu

Trainable parameters : 1361
Reference eval: /oscar/home/dwong33/DRP-Cahn-Hilliard-PINN/reference_solution_64.npz (21 times)
Phase 1 optimizer: ADAM  lr=0.001
Adam  epoch   500/1000  loss=3.3199e-02  pde=1.9100e-05  ic=6.6145e-03  bc=2.1576e-05
Adam  epoch  1000/1000  loss=3.1461e-02  pde=6.1196e-06  ic=6.2528e-03  bc=3.8253e-05

Adam phase complete: 814.4s  final loss=3.1461e-02
SSBroyden2  iter   500/50000  loss=6.5577e-03  pde=3.6214e-04  ic=1.2121e-03  bc=2.7002e-05
SSBroyden2  iter  1000/50000  loss=5.8292e-04  pde=1.6746e-04  ic=7.4347e-05  bc=8.7468e-06
SSBroyden2  iter  1500/50000  loss=1.7090e-04  pde=6.1727e-05  ic=1.9037e-05  bc=2.7971e-06
SSBroyden2  iter  2000/50000  loss=1.1086e-04  pde=4.3696e-05  ic=1.1308e-05  bc=2.1249e-06
SSBroyden2  iter  2500/50000  loss=9.9583e-05  pde=4.0865e-05  ic=9.9021e-06  bc=1.8415e-06
SSBroyden2  iter  3000/50000  loss=7.6721e-05  pde=3.3973e-05  ic=6.9722e-06  bc=1.5775e-06
SSBroyden2  iter  3500/50000  loss=5.9866e-05  pde=2.9793e-05  ic=5.0942e-06  bc=9.2023e-07
SSBroyden2  iter  4000/50000  loss=5.6583e-05  pde=2.8470e-05  ic=4.7739e-06  bc=8.4868e-07
SSBroyden2  iter  4500/50000  loss=5.0321e-05  pde=2.4317e-05  ic=4.3669e-06  bc=8.3380e-07
SSBroyden2  iter  5000/50000  loss=5.0371e-05  pde=2.7845e-05  ic=3.6611e-06  bc=8.4407e-07
SSBroyden2  iter  5500/50000  loss=4.4312e-05  pde=2.5768e-05  ic=3.0180e-06  bc=6.9069e-07
SSBroyden2  iter  6000/50000  loss=4.2085e-05  pde=2.5512e-05  ic=2.6948e-06  bc=6.1982e-07
SSBroyden2  iter  6500/50000  loss=3.9983e-05  pde=2.2930e-05  ic=2.8764e-06  bc=5.3424e-07
SSBroyden2  iter  7000/50000  loss=3.8140e-05  pde=2.3109e-05  ic=2.4213e-06  bc=5.8486e-07
SSBroyden2  iter  7500/50000  loss=3.5421e-05  pde=2.1858e-05  ic=2.1791e-06  bc=5.3353e-07
SSBroyden2  iter  8000/50000  loss=3.7090e-05  pde=2.1652e-05  ic=2.5275e-06  bc=5.6005e-07
SSBroyden2  iter  8500/50000  loss=3.4477e-05  pde=2.1436e-05  ic=2.1649e-06  bc=4.4331e-07
SSBroyden2  iter  9000/50000  loss=3.4091e-05  pde=2.0112e-05  ic=2.2552e-06  bc=5.4040e-07
SSBroyden2  iter  9500/50000  loss=3.2029e-05  pde=1.9818e-05  ic=2.0076e-06  bc=4.3460e-07
SSBroyden2  iter 10000/50000  loss=3.3921e-05  pde=2.1132e-05  ic=2.1003e-06  bc=4.5746e-07
SSBroyden2  iter 10500/50000  loss=3.0065e-05  pde=1.9287e-05  ic=1.7988e-06  bc=3.5685e-07
SSBroyden2  iter 11000/50000  loss=3.3546e-05  pde=1.9410e-05  ic=2.2830e-06  bc=5.4426e-07
SSBroyden2  iter 11500/50000  loss=3.3781e-05  pde=1.9282e-05  ic=2.4466e-06  bc=4.5329e-07
SSBroyden2  iter 12000/50000  loss=2.9764e-05  pde=1.8914e-05  ic=1.7739e-06  bc=3.9618e-07
SSBroyden2  iter 12500/50000  loss=2.7274e-05  pde=1.8221e-05  ic=1.4818e-06  bc=3.2883e-07
SSBroyden2  iter 13000/50000  loss=3.0758e-05  pde=1.8938e-05  ic=1.9570e-06  bc=4.0681e-07
SSBroyden2  iter 13500/50000  loss=3.1024e-05  pde=2.0389e-05  ic=1.7443e-06  bc=3.8264e-07
SSBroyden2  iter 14000/50000  loss=3.0248e-05  pde=1.8440e-05  ic=1.9881e-06  bc=3.7346e-07
SSBroyden2  iter 14500/50000  loss=2.9811e-05  pde=1.8113e-05  ic=1.9271e-06  bc=4.1253e-07
SSBroyden2  iter 15000/50000  loss=2.9872e-05  pde=1.8578e-05  ic=1.8985e-06  bc=3.6017e-07
SSBroyden2  iter 15500/50000  loss=3.0472e-05  pde=1.8679e-05  ic=1.9541e-06  bc=4.0457e-07
SSBroyden2  iter 16000/50000  loss=2.8919e-05  pde=1.8713e-05  ic=1.6774e-06  bc=3.6389e-07
SSBroyden2  iter 16500/50000  loss=3.0468e-05  pde=1.8351e-05  ic=1.9733e-06  bc=4.5012e-07
SSBroyden2  iter 17000/50000  loss=3.0966e-05  pde=1.8850e-05  ic=2.0009e-06  bc=4.2216e-07
SSBroyden2  iter 17500/50000  loss=2.8596e-05  pde=1.8374e-05  ic=1.6979e-06  bc=3.4662e-07
SSBroyden2  iter 18000/50000  loss=2.8197e-05  pde=1.7737e-05  ic=1.7266e-06  bc=3.6532e-07
SSBroyden2  iter 18500/50000  loss=2.8923e-05  pde=1.7648e-05  ic=1.8818e-06  bc=3.7315e-07
SSBroyden2  iter 19000/50000  loss=2.7826e-05  pde=1.7452e-05  ic=1.7149e-06  bc=3.5989e-07
SSBroyden2  iter 19500/50000  loss=2.6993e-05  pde=1.7672e-05  ic=1.4950e-06  bc=3.6910e-07
SSBroyden2  iter 20000/50000  loss=2.7401e-05  pde=1.7921e-05  ic=1.6005e-06  bc=2.9546e-07
SSBroyden2  iter 20500/50000  loss=2.7351e-05  pde=1.7866e-05  ic=1.5818e-06  bc=3.1513e-07
SSBroyden2  iter 21000/50000  loss=2.7098e-05  pde=1.7252e-05  ic=1.6028e-06  bc=3.6647e-07
SSBroyden2  iter 21500/50000  loss=2.7294e-05  pde=1.7448e-05  ic=1.6513e-06  bc=3.1790e-07
SSBroyden2  iter 22000/50000  loss=2.6886e-05  pde=1.7186e-05  ic=1.5423e-06  bc=3.9771e-07
SSBroyden2  iter 22500/50000  loss=2.8348e-05  pde=1.7988e-05  ic=1.7193e-06  bc=3.5269e-07
SSBroyden2  iter 23000/50000  loss=2.6139e-05  pde=1.6852e-05  ic=1.5317e-06  bc=3.2566e-07
SSBroyden2  iter 23500/50000  loss=2.6124e-05  pde=1.6334e-05  ic=1.6397e-06  bc=3.1843e-07
SSBroyden2  iter 24000/50000  loss=2.5801e-05  pde=1.6556e-05  ic=1.5819e-06  bc=2.6716e-07
SSBroyden2  iter 24500/50000  loss=2.7412e-05  pde=1.8123e-05  ic=1.5231e-06  bc=3.3459e-07
SSBroyden2  iter 25000/50000  loss=2.7695e-05  pde=1.7288e-05  ic=1.7121e-06  bc=3.6922e-07
SSBroyden2  iter 25500/50000  loss=2.8465e-05  pde=1.7455e-05  ic=1.8161e-06  bc=3.8589e-07
SSBroyden2  iter 26000/50000  loss=2.8977e-05  pde=1.7717e-05  ic=1.8542e-06  bc=3.9779e-07
SSBroyden2  iter 26500/50000  loss=2.5956e-05  pde=1.6527e-05  ic=1.5018e-06  bc=3.8394e-07
SSBroyden2  iter 27000/50000  loss=2.6542e-05  pde=1.6000e-05  ic=1.7307e-06  bc=3.7773e-07
SSBroyden2  iter 27500/50000  loss=2.4971e-05  pde=1.6482e-05  ic=1.3708e-06  bc=3.2711e-07
SSBroyden2  iter 28000/50000  loss=2.4727e-05  pde=1.6657e-05  ic=1.3504e-06  bc=2.6354e-07
SSBroyden2  iter 28500/50000  loss=2.4662e-05  pde=1.6586e-05  ic=1.2745e-06  bc=3.4069e-07
SSBroyden2  iter 29000/50000  loss=2.5935e-05  pde=1.6750e-05  ic=1.5757e-06  bc=2.6123e-07
SSBroyden2  iter 29500/50000  loss=2.5900e-05  pde=1.6754e-05  ic=1.4546e-06  bc=3.7445e-07
SSBroyden2  iter 30000/50000  loss=3.0259e-05  pde=1.7080e-05  ic=2.2755e-06  bc=3.6030e-07
SSBroyden2  iter 30500/50000  loss=2.7417e-05  pde=1.6986e-05  ic=1.7739e-06  bc=3.1225e-07
SSBroyden2  iter 31000/50000  loss=2.6673e-05  pde=1.6583e-05  ic=1.7064e-06  bc=3.1169e-07
SSBroyden2  iter 31500/50000  loss=2.7441e-05  pde=1.7547e-05  ic=1.6425e-06  bc=3.3613e-07
SSBroyden2  iter 32000/50000  loss=2.5000e-05  pde=1.6327e-05  ic=1.3961e-06  bc=3.3833e-07
SSBroyden2  iter 32500/50000  loss=2.8273e-05  pde=1.7094e-05  ic=1.8334e-06  bc=4.0232e-07
SSBroyden2  iter 33000/50000  loss=2.4376e-05  pde=1.6621e-05  ic=1.3028e-06  bc=2.4826e-07
SSBroyden2  iter 33500/50000  loss=2.6021e-05  pde=1.6863e-05  ic=1.5278e-06  bc=3.0386e-07
SSBroyden2  iter 34000/50000  loss=2.5092e-05  pde=1.6381e-05  ic=1.4036e-06  bc=3.3856e-07
SSBroyden2  iter 34500/50000  loss=2.6447e-05  pde=1.7686e-05  ic=1.4045e-06  bc=3.4767e-07
SSBroyden2  iter 35000/50000  loss=2.6992e-05  pde=1.6778e-05  ic=1.7672e-06  bc=2.7567e-07
SSBroyden2  iter 35500/50000  loss=2.7259e-05  pde=1.7468e-05  ic=1.5979e-06  bc=3.6028e-07
SSBroyden2  iter 36000/50000  loss=2.5749e-05  pde=1.7050e-05  ic=1.4250e-06  bc=3.1475e-07
SSBroyden2  iter 36500/50000  loss=2.6860e-05  pde=1.7083e-05  ic=1.5854e-06  bc=3.6998e-07
SSBroyden2  iter 37000/50000  loss=2.7128e-05  pde=1.6884e-05  ic=1.7022e-06  bc=3.4676e-07
SSBroyden2  iter 37500/50000  loss=2.6017e-05  pde=1.6717e-05  ic=1.5189e-06  bc=3.4124e-07
SSBroyden2  iter 38000/50000  loss=2.5543e-05  pde=1.6505e-05  ic=1.4885e-06  bc=3.1899e-07
SSBroyden2  iter 38500/50000  loss=2.6717e-05  pde=1.6890e-05  ic=1.6418e-06  bc=3.2368e-07
SSBroyden2  iter 39000/50000  loss=2.6895e-05  pde=1.6478e-05  ic=1.7267e-06  bc=3.5672e-07
SSBroyden2  iter 39500/50000  loss=2.3873e-05  pde=1.6340e-05  ic=1.2278e-06  bc=2.7874e-07
SSBroyden2  iter 40000/50000  loss=2.5990e-05  pde=1.6621e-05  ic=1.5893e-06  bc=2.8457e-07
SSBroyden2  iter 40500/50000  loss=2.5981e-05  pde=1.6977e-05  ic=1.4765e-06  bc=3.2436e-07
SSBroyden2  iter 41000/50000  loss=2.5820e-05  pde=1.6980e-05  ic=1.4821e-06  bc=2.8590e-07
SSBroyden2  iter 41500/50000  loss=2.7617e-05  pde=1.6705e-05  ic=1.8097e-06  bc=3.7294e-07
SSBroyden2  iter 42000/50000  loss=2.4940e-05  pde=1.6822e-05  ic=1.3552e-06  bc=2.6828e-07
SSBroyden2  iter 42500/50000  loss=2.5824e-05  pde=1.6737e-05  ic=1.5448e-06  bc=2.7264e-07
SSBroyden2  iter 43000/50000  loss=2.6429e-05  pde=1.6098e-05  ic=1.7830e-06  bc=2.8310e-07
SSBroyden2  iter 43500/50000  loss=2.7995e-05  pde=1.7395e-05  ic=1.7049e-06  bc=4.1493e-07
SSBroyden2  iter 44000/50000  loss=2.6172e-05  pde=1.5530e-05  ic=1.7182e-06  bc=4.1013e-07
SSBroyden2  iter 44500/50000  loss=2.6265e-05  pde=1.6245e-05  ic=1.6854e-06  bc=3.1855e-07
SSBroyden2  iter 45000/50000  loss=2.5317e-05  pde=1.6364e-05  ic=1.5017e-06  bc=2.8878e-07
SSBroyden2  iter 45500/50000  loss=2.4954e-05  pde=1.5544e-05  ic=1.5811e-06  bc=3.0085e-07
SSBroyden2  iter 46000/50000  loss=2.3751e-05  pde=1.5949e-05  ic=1.3615e-06  bc=1.9887e-07
SSBroyden2  iter 46500/50000  loss=2.5622e-05  pde=1.6061e-05  ic=1.5604e-06  bc=3.5197e-07
SSBroyden2  iter 47000/50000  loss=2.4021e-05  pde=1.6145e-05  ic=1.2946e-06  bc=2.8074e-07
SSBroyden2  iter 47500/50000  loss=2.4882e-05  pde=1.6027e-05  ic=1.4735e-06  bc=2.9734e-07
SSBroyden2  iter 48000/50000  loss=2.3449e-05  pde=1.5794e-05  ic=1.2719e-06  bc=2.5927e-07
SSBroyden2  iter 48500/50000  loss=2.4822e-05  pde=1.5931e-05  ic=1.4525e-06  bc=3.2579e-07
SSBroyden2  iter 49000/50000  loss=2.7193e-05  pde=1.6252e-05  ic=1.8973e-06  bc=2.9093e-07
SSBroyden2  iter 49500/50000  loss=2.2791e-05  pde=1.5223e-05  ic=1.2366e-06  bc=2.7717e-07
SSBroyden2  iter 50000/50000  loss=2.8936e-05  pde=1.6744e-05  ic=2.1086e-06  bc=3.2984e-07

SSBroyden2 phase complete: 54658.4s
Total training time: 55472.8s

Model saved to results/v3_64_ablation/V3_K_power4_combined/seed_3/model.pt
Metrics saved to results/v3_64_ablation/V3_K_power4_combined/seed_3/metrics.npz

Mass conservation diagnostic (<U> over domain at 21 times):
  <U>(t=0.0) = -0.003879
  <U>(t=20.0) = +0.000607
  max drift       = 5.23e-03

Loading reference solution from /oscar/home/dwong33/DRP-Cahn-Hilliard-PINN/reference_solution_64.npz ...
  Per-snapshot relative L2 errors:
    t=0.0  L2_rel=6.1177e-02
    t=5.0  L2_rel=4.2464e-01
    t=10.0  L2_rel=4.3106e-01
    t=15.0  L2_rel=5.7430e-01
    t=20.0  L2_rel=7.1206e-01
  Overall relative L2 = 3.1340e-01
  Saved comparison_snapshots.png
Summary saved to results/v3_64_ablation/V3_K_power4_combined/seed_3/summary.json

Plots saved to results/v3_64_ablation/V3_K_power4_combined/seed_3/

======================================================================
EXPERIMENT COMPLETE: V3_K_power4_combined
  Adam: 1000 epochs, 814.4s
  BFGS: 50000 iters (SSBroyden2), 54658.4s
  Total: 55472.8s
  Final loss: 2.8936e-05
  Final relative L2: 4.0062e-01
  Iterations to L2<=0.50: 4500
  Results: results/v3_64_ablation/V3_K_power4_combined/seed_3/
======================================================================

========================================================================
Job finished at Mon Apr 20 10:34:55 PM EDT 2026
Exit code: 0
========================================================================
