========================================================================
SLURM Job ID:       1795499
Array Task ID:      9
Config index:       3 / 10
Config file:        configs/v3_64_ablation/V3_D_batch_200.yaml
Seed:               1
Hostname:           node1933.oscar.ccv.brown.edu
Date:               Sun Apr 19 04:52:13 PM EDT 2026
Working directory:  /users/dwong33/DRP-Cahn-Hilliard-PINN
Python:             /oscar/home/dwong33/astrolensing/bin/python
========================================================================
======================================================================
Cahn-Hilliard PINN — Batch Training
Config: configs/v3_64_ablation/V3_D_batch_200.yaml
Seed override: 1
======================================================================
Config : V3_D_batch_200
  PDE  : dU/dt = 1.0*lap(lap U + 1.0*U + 1.0*U^3)
  Domain: x=[0.0,64.0], y=[0.0,64.0], t=[0.0,20.0]
  Net  : (3, 20, 20, 20, 20, 1)  activation=tanh
  Train: Adam(1000) -> SSBroyden2(50000)
  Samp : Nint=8000, N0=500, Nb=500, RAD=on
  Device: cpu

Trainable parameters : 1361
Reference eval: /oscar/home/dwong33/DRP-Cahn-Hilliard-PINN/reference_solution_64.npz (21 times)
Phase 1 optimizer: ADAM  lr=0.001
Adam  epoch   500/1000  loss=3.0965e-02  pde=1.1405e-07  ic=6.1691e-03  bc=2.3942e-05
Adam  epoch  1000/1000  loss=3.0539e-02  pde=1.0472e-04  ic=6.0163e-03  bc=7.0582e-05

Adam phase complete: 281.5s  final loss=3.0539e-02
SSBroyden2  iter   500/50000  loss=1.7239e-02  pde=1.1218e-04  ic=3.2403e-03  bc=1.8505e-04
SSBroyden2  iter  1000/50000  loss=4.3537e-03  pde=3.4129e-04  ic=7.3436e-04  bc=6.8124e-05
SSBroyden2  iter  1500/50000  loss=2.5536e-03  pde=2.9738e-04  ic=3.9905e-04  bc=5.2186e-05
SSBroyden2  iter  2000/50000  loss=1.3341e-03  pde=2.0383e-04  ic=1.9263e-04  bc=3.3431e-05
SSBroyden2  iter  2500/50000  loss=1.2650e-03  pde=1.9452e-04  ic=1.7985e-04  bc=3.4252e-05
SSBroyden2  iter  3000/50000  loss=7.2239e-04  pde=1.4138e-04  ic=9.9550e-05  bc=1.6652e-05
SSBroyden2  iter  3500/50000  loss=7.8499e-04  pde=1.3132e-04  ic=1.1447e-04  bc=1.6265e-05
SSBroyden2  iter  4000/50000  loss=5.9878e-04  pde=1.3045e-04  ic=7.9728e-05  bc=1.3938e-05
SSBroyden2  iter  4500/50000  loss=5.9684e-04  pde=1.2472e-04  ic=7.9051e-05  bc=1.5372e-05
SSBroyden2  iter  5000/50000  loss=4.9153e-04  pde=1.3673e-04  ic=5.8159e-05  bc=1.2803e-05
SSBroyden2  iter  5500/50000  loss=5.5251e-04  pde=1.1982e-04  ic=7.1352e-05  bc=1.5187e-05
SSBroyden2  iter  6000/50000  loss=3.3439e-04  pde=1.1820e-04  ic=3.5374e-05  bc=7.8627e-06
SSBroyden2  iter  6500/50000  loss=4.4541e-04  pde=1.2375e-04  ic=5.4292e-05  bc=1.0041e-05
SSBroyden2  iter  7000/50000  loss=2.8461e-04  pde=8.7276e-05  ic=3.2458e-05  bc=7.0087e-06
SSBroyden2  iter  7500/50000  loss=3.9083e-04  pde=9.9802e-05  ic=4.7582e-05  bc=1.0623e-05
SSBroyden2  iter  8000/50000  loss=3.2138e-04  pde=8.7482e-05  ic=3.8026e-05  bc=8.7540e-06
SSBroyden2  iter  8500/50000  loss=3.6636e-04  pde=9.8449e-05  ic=4.4371e-05  bc=9.2121e-06
SSBroyden2  iter  9000/50000  loss=2.4176e-04  pde=8.2028e-05  ic=2.6449e-05  bc=5.4983e-06
SSBroyden2  iter  9500/50000  loss=3.1472e-04  pde=8.6150e-05  ic=3.7236e-05  bc=8.4780e-06
SSBroyden2  iter 10000/50000  loss=2.5891e-04  pde=8.2184e-05  ic=2.9057e-05  bc=6.2878e-06
SSBroyden2  iter 10500/50000  loss=2.7262e-04  pde=7.9020e-05  ic=3.1622e-05  bc=7.0987e-06
SSBroyden2  iter 11000/50000  loss=2.3453e-04  pde=7.4624e-05  ic=2.5941e-05  bc=6.0401e-06
SSBroyden2  iter 11500/50000  loss=2.8069e-04  pde=8.7569e-05  ic=3.1425e-05  bc=7.2005e-06
SSBroyden2  iter 12000/50000  loss=2.0850e-04  pde=7.8230e-05  ic=2.0250e-05  bc=5.8032e-06
SSBroyden2  iter 12500/50000  loss=2.4746e-04  pde=6.6069e-05  ic=3.0237e-05  bc=6.0407e-06
SSBroyden2  iter 13000/50000  loss=1.9018e-04  pde=6.7976e-05  ic=1.9697e-05  bc=4.7430e-06
SSBroyden2  iter 13500/50000  loss=2.1050e-04  pde=5.8053e-05  ic=2.4460e-05  bc=6.0298e-06
SSBroyden2  iter 14000/50000  loss=1.9207e-04  pde=6.8595e-05  ic=2.0576e-05  bc=4.1184e-06
SSBroyden2  iter 14500/50000  loss=2.3084e-04  pde=6.9151e-05  ic=2.7141e-05  bc=5.1971e-06
SSBroyden2  iter 15000/50000  loss=1.7808e-04  pde=6.7091e-05  ic=1.7367e-05  bc=4.8301e-06
SSBroyden2  iter 15500/50000  loss=2.4645e-04  pde=6.2184e-05  ic=3.1223e-05  bc=5.6297e-06
SSBroyden2  iter 16000/50000  loss=1.9750e-04  pde=6.3239e-05  ic=2.2385e-05  bc=4.4676e-06
SSBroyden2  iter 16500/50000  loss=1.9667e-04  pde=6.4847e-05  ic=2.0830e-05  bc=5.5349e-06
SSBroyden2  iter 17000/50000  loss=1.6855e-04  pde=6.1034e-05  ic=1.7619e-05  bc=3.8837e-06
SSBroyden2  iter 17500/50000  loss=1.9368e-04  pde=6.3885e-05  ic=2.0341e-05  bc=5.6178e-06
SSBroyden2  iter 18000/50000  loss=1.5991e-04  pde=5.6364e-05  ic=1.7009e-05  bc=3.6992e-06
SSBroyden2  iter 18500/50000  loss=1.8913e-04  pde=5.6723e-05  ic=2.0761e-05  bc=5.7194e-06
SSBroyden2  iter 19000/50000  loss=1.5929e-04  pde=5.2849e-05  ic=1.6806e-05  bc=4.4815e-06
SSBroyden2  iter 19500/50000  loss=1.5489e-04  pde=4.9713e-05  ic=1.6882e-05  bc=4.1533e-06
SSBroyden2  iter 20000/50000  loss=1.4921e-04  pde=5.1379e-05  ic=1.6196e-05  bc=3.3700e-06
SSBroyden2  iter 20500/50000  loss=1.8061e-04  pde=5.4533e-05  ic=2.0705e-05  bc=4.5096e-06
SSBroyden2  iter 21000/50000  loss=1.2966e-04  pde=4.9570e-05  ic=1.2425e-05  bc=3.5929e-06
SSBroyden2  iter 21500/50000  loss=1.6175e-04  pde=4.8779e-05  ic=1.8679e-05  bc=3.9165e-06
SSBroyden2  iter 22000/50000  loss=1.2916e-04  pde=4.9737e-05  ic=1.2668e-05  bc=3.2172e-06
SSBroyden2  iter 22500/50000  loss=1.2990e-04  pde=4.6633e-05  ic=1.3709e-05  bc=2.9446e-06
SSBroyden2  iter 23000/50000  loss=1.3114e-04  pde=4.2887e-05  ic=1.3717e-05  bc=3.9337e-06
SSBroyden2  iter 23500/50000  loss=1.6057e-04  pde=5.0792e-05  ic=1.7389e-05  bc=4.5675e-06
SSBroyden2  iter 24000/50000  loss=1.2141e-04  pde=4.4741e-05  ic=1.1893e-05  bc=3.4400e-06
SSBroyden2  iter 24500/50000  loss=1.6433e-04  pde=5.0448e-05  ic=1.8771e-05  bc=4.0049e-06
SSBroyden2  iter 25000/50000  loss=1.3223e-04  pde=4.7951e-05  ic=1.3494e-05  bc=3.3625e-06
SSBroyden2  iter 25500/50000  loss=1.5819e-04  pde=4.4975e-05  ic=1.9380e-05  bc=3.2626e-06
SSBroyden2  iter 26000/50000  loss=1.2800e-04  pde=4.9485e-05  ic=1.2353e-05  bc=3.3501e-06
SSBroyden2  iter 26500/50000  loss=1.3598e-04  pde=4.7552e-05  ic=1.4570e-05  bc=3.1152e-06
SSBroyden2  iter 27000/50000  loss=1.1557e-04  pde=3.7928e-05  ic=1.2055e-05  bc=3.4735e-06
SSBroyden2  iter 27500/50000  loss=1.3600e-04  pde=4.4503e-05  ic=1.4446e-05  bc=3.8537e-06
SSBroyden2  iter 28000/50000  loss=9.7844e-05  pde=4.1318e-05  ic=9.0310e-06  bc=2.2743e-06
SSBroyden2  iter 28500/50000  loss=1.3513e-04  pde=4.4774e-05  ic=1.4616e-05  bc=3.4549e-06
SSBroyden2  iter 29000/50000  loss=1.1235e-04  pde=4.2376e-05  ic=1.1494e-05  bc=2.5015e-06
SSBroyden2  iter 29500/50000  loss=1.5650e-04  pde=4.8832e-05  ic=1.7851e-05  bc=3.6820e-06
SSBroyden2  iter 30000/50000  loss=1.1268e-04  pde=4.0947e-05  ic=1.1971e-05  bc=2.3757e-06
SSBroyden2  iter 30500/50000  loss=1.2359e-04  pde=4.6063e-05  ic=1.2861e-05  bc=2.6444e-06
SSBroyden2  iter 31000/50000  loss=1.1667e-04  pde=4.0743e-05  ic=1.2635e-05  bc=2.5506e-06
SSBroyden2  iter 31500/50000  loss=1.2048e-04  pde=4.3058e-05  ic=1.2217e-05  bc=3.2669e-06
SSBroyden2  iter 32000/50000  loss=1.1389e-04  pde=4.1079e-05  ic=1.1982e-05  bc=2.5792e-06
SSBroyden2  iter 32500/50000  loss=1.6041e-04  pde=5.0797e-05  ic=1.7255e-05  bc=4.6680e-06
SSBroyden2  iter 33000/50000  loss=9.6782e-05  pde=4.2312e-05  ic=8.6300e-06  bc=2.2640e-06
SSBroyden2  iter 33500/50000  loss=1.2486e-04  pde=4.6657e-05  ic=1.1764e-05  bc=3.8755e-06
SSBroyden2  iter 34000/50000  loss=1.1419e-04  pde=4.2170e-05  ic=1.1627e-05  bc=2.7770e-06
SSBroyden2  iter 34500/50000  loss=1.2360e-04  pde=4.4674e-05  ic=1.2632e-05  bc=3.1526e-06
SSBroyden2  iter 35000/50000  loss=1.1124e-04  pde=3.9697e-05  ic=1.1509e-05  bc=2.8007e-06
SSBroyden2  iter 35500/50000  loss=1.1395e-04  pde=4.4752e-05  ic=1.0830e-05  bc=3.0091e-06
SSBroyden2  iter 36000/50000  loss=1.0133e-04  pde=4.2969e-05  ic=9.2140e-06  bc=2.4589e-06
SSBroyden2  iter 36500/50000  loss=1.4129e-04  pde=4.4843e-05  ic=1.6050e-05  bc=3.2393e-06
SSBroyden2  iter 37000/50000  loss=1.0046e-04  pde=4.0065e-05  ic=9.4735e-06  bc=2.6063e-06
SSBroyden2  iter 37500/50000  loss=1.1581e-04  pde=4.0079e-05  ic=1.2030e-05  bc=3.1170e-06
SSBroyden2  iter 38000/50000  loss=9.8958e-05  pde=4.2266e-05  ic=8.8352e-06  bc=2.5031e-06
SSBroyden2  iter 38500/50000  loss=1.1523e-04  pde=3.9454e-05  ic=1.2598e-05  bc=2.5577e-06
SSBroyden2  iter 39000/50000  loss=9.3564e-05  pde=4.0068e-05  ic=8.4017e-06  bc=2.2976e-06
SSBroyden2  iter 39500/50000  loss=1.0171e-04  pde=3.5727e-05  ic=1.0789e-05  bc=2.4077e-06
SSBroyden2  iter 40000/50000  loss=9.7130e-05  pde=3.9487e-05  ic=8.7673e-06  bc=2.7613e-06
SSBroyden2  iter 40500/50000  loss=1.0411e-04  pde=3.9716e-05  ic=1.0583e-05  bc=2.2971e-06
SSBroyden2  iter 41000/50000  loss=9.0790e-05  pde=3.6272e-05  ic=8.5454e-06  bc=2.3583e-06
SSBroyden2  iter 41500/50000  loss=1.3794e-04  pde=3.9660e-05  ic=1.6446e-05  bc=3.2092e-06
SSBroyden2  iter 42000/50000  loss=1.0840e-04  pde=4.2639e-05  ic=1.0203e-05  bc=2.9486e-06
SSBroyden2  iter 42500/50000  loss=1.1009e-04  pde=4.1610e-05  ic=1.1344e-05  bc=2.3524e-06
SSBroyden2  iter 43000/50000  loss=9.5025e-05  pde=3.8417e-05  ic=8.6630e-06  bc=2.6586e-06
SSBroyden2  iter 43500/50000  loss=8.9180e-05  pde=3.8675e-05  ic=7.9783e-06  bc=2.1226e-06
SSBroyden2  iter 44000/50000  loss=7.9568e-05  pde=3.6092e-05  ic=6.6303e-06  bc=2.0649e-06
SSBroyden2  iter 44500/50000  loss=1.0927e-04  pde=3.6207e-05  ic=1.2334e-05  bc=2.2791e-06
SSBroyden2  iter 45000/50000  loss=9.3033e-05  pde=3.7825e-05  ic=8.8875e-06  bc=2.1542e-06
SSBroyden2  iter 45500/50000  loss=8.8459e-05  pde=3.6407e-05  ic=8.6472e-06  bc=1.7634e-06
SSBroyden2  iter 46000/50000  loss=8.3614e-05  pde=3.7339e-05  ic=7.1903e-06  bc=2.0648e-06
SSBroyden2  iter 46500/50000  loss=9.4015e-05  pde=3.6370e-05  ic=9.3744e-06  bc=2.1547e-06
SSBroyden2  iter 47000/50000  loss=9.3096e-05  pde=3.7365e-05  ic=8.7866e-06  bc=2.3595e-06
SSBroyden2  iter 47500/50000  loss=1.0503e-04  pde=3.3222e-05  ic=1.1887e-05  bc=2.4749e-06
SSBroyden2  iter 48000/50000  loss=8.4115e-05  pde=3.8820e-05  ic=7.2454e-06  bc=1.8137e-06
SSBroyden2  iter 48500/50000  loss=1.0123e-04  pde=3.4137e-05  ic=1.0803e-05  bc=2.6147e-06
SSBroyden2  iter 49000/50000  loss=9.0652e-05  pde=3.7713e-05  ic=8.2665e-06  bc=2.3213e-06
SSBroyden2  iter 49500/50000  loss=9.4677e-05  pde=3.6687e-05  ic=9.2738e-06  bc=2.3242e-06
SSBroyden2  iter 50000/50000  loss=8.5292e-05  pde=3.6592e-05  ic=6.9595e-06  bc=2.7804e-06

SSBroyden2 phase complete: 20956.2s
Total training time: 21237.8s

Model saved to results/v3_64_ablation/V3_D_batch_200/seed_1/model.pt
Metrics saved to results/v3_64_ablation/V3_D_batch_200/seed_1/metrics.npz

Mass conservation diagnostic (<U> over domain at 21 times):
  <U>(t=0.0) = -0.005032
  <U>(t=20.0) = -0.003157
  max drift       = 1.98e-03

Loading reference solution from /oscar/home/dwong33/DRP-Cahn-Hilliard-PINN/reference_solution_64.npz ...
  Per-snapshot relative L2 errors:
    t=0.0  L2_rel=1.7962e-01
    t=5.0  L2_rel=5.8603e-01
    t=10.0  L2_rel=6.1364e-01
    t=15.0  L2_rel=6.9384e-01
    t=20.0  L2_rel=8.1571e-01
  Overall relative L2 = 4.2249e-01
  Saved comparison_snapshots.png
Summary saved to results/v3_64_ablation/V3_D_batch_200/seed_1/summary.json

Plots saved to results/v3_64_ablation/V3_D_batch_200/seed_1/

======================================================================
EXPERIMENT COMPLETE: V3_D_batch_200
  Adam: 1000 epochs, 281.5s
  BFGS: 50000 iters (SSBroyden2), 20956.2s
  Total: 21237.8s
  Final loss: 8.5292e-05
  Final relative L2: 5.2353e-01
  Iterations to L2<=0.50: 47500
  Results: results/v3_64_ablation/V3_D_batch_200/seed_1/
======================================================================

========================================================================
Job finished at Sun Apr 19 10:46:35 PM EDT 2026
Exit code: 0
========================================================================
