========================================================================
SLURM Job ID:       1800265
Array Task ID:      24
Config index:       8 / 10
Config file:        configs/v3_64_ablation/V3_I_power_2.yaml
Seed:               1
Hostname:           node2340.oscar.ccv.brown.edu
Date:               Mon Apr 20 01:40:00 AM EDT 2026
Working directory:  /users/dwong33/DRP-Cahn-Hilliard-PINN
Python:             /oscar/home/dwong33/astrolensing/bin/python
========================================================================
======================================================================
Cahn-Hilliard PINN — Batch Training
Config: configs/v3_64_ablation/V3_I_power_2.yaml
Seed override: 1
======================================================================
Config : V3_I_power_2
  PDE  : dU/dt = 1.0*lap(lap U + 1.0*U + 1.0*U^3)
  Domain: x=[0.0,64.0], y=[0.0,64.0], t=[0.0,20.0]
  Net  : (3, 20, 20, 20, 20, 1)  activation=tanh
  Train: Adam(1000) -> SSBroyden2(50000)
  Samp : Nint=8000, N0=500, Nb=500, RAD=on
  Device: cpu

Trainable parameters : 1361
Reference eval: /oscar/home/dwong33/DRP-Cahn-Hilliard-PINN/reference_solution_64.npz (21 times)
Phase 1 optimizer: ADAM  lr=0.001
Adam  epoch   500/1000  loss=3.0965e-02  pde=1.1405e-07  ic=6.1691e-03  bc=2.3942e-05
Adam  epoch  1000/1000  loss=3.0539e-02  pde=1.0472e-04  ic=6.0163e-03  bc=7.0582e-05

Adam phase complete: 269.5s  final loss=3.0539e-02
SSBroyden2  iter   500/50000  loss=7.9686e-03  pde=2.1229e-04  ic=1.4822e-03  bc=6.9070e-05
SSBroyden2  iter  1000/50000  loss=7.6025e-04  pde=2.0502e-04  ic=9.3794e-05  bc=1.7251e-05
SSBroyden2  iter  1500/50000  loss=2.5015e-04  pde=8.6047e-05  ic=2.7331e-05  bc=5.4885e-06
SSBroyden2  iter  2000/50000  loss=1.2577e-04  pde=5.0402e-05  ic=1.1904e-05  bc=3.1708e-06
SSBroyden2  iter  2500/50000  loss=9.3798e-05  pde=4.1400e-05  ic=8.3579e-06  bc=2.1216e-06
SSBroyden2  iter  3000/50000  loss=7.0183e-05  pde=3.3925e-05  ic=5.4869e-06  bc=1.7647e-06
SSBroyden2  iter  3500/50000  loss=5.5385e-05  pde=3.0361e-05  ic=3.6516e-06  bc=1.3533e-06
SSBroyden2  iter  4000/50000  loss=5.2550e-05  pde=2.9478e-05  ic=3.3592e-06  bc=1.2552e-06
SSBroyden2  iter  4500/50000  loss=4.9615e-05  pde=2.8437e-05  ic=3.1724e-06  bc=1.0632e-06
SSBroyden2  iter  5000/50000  loss=3.9654e-05  pde=2.2919e-05  ic=2.5717e-06  bc=7.7525e-07
SSBroyden2  iter  5500/50000  loss=4.4762e-05  pde=2.4179e-05  ic=3.0758e-06  bc=1.0408e-06
SSBroyden2  iter  6000/50000  loss=4.8102e-05  pde=2.5705e-05  ic=3.3208e-06  bc=1.1587e-06
SSBroyden2  iter  6500/50000  loss=3.8782e-05  pde=2.3805e-05  ic=2.2648e-06  bc=7.3056e-07
SSBroyden2  iter  7000/50000  loss=3.8028e-05  pde=2.2119e-05  ic=2.4273e-06  bc=7.5434e-07
SSBroyden2  iter  7500/50000  loss=3.5354e-05  pde=2.1931e-05  ic=2.0105e-06  bc=6.7403e-07
SSBroyden2  iter  8000/50000  loss=3.5841e-05  pde=1.9994e-05  ic=2.3052e-06  bc=8.6422e-07
SSBroyden2  iter  8500/50000  loss=3.4738e-05  pde=2.1402e-05  ic=1.9512e-06  bc=7.1605e-07
SSBroyden2  iter  9000/50000  loss=3.4605e-05  pde=2.0207e-05  ic=2.0645e-06  bc=8.1506e-07
SSBroyden2  iter  9500/50000  loss=3.2980e-05  pde=2.1267e-05  ic=1.8024e-06  bc=5.4024e-07
SSBroyden2  iter 10000/50000  loss=3.3084e-05  pde=2.0441e-05  ic=1.8327e-06  bc=6.9604e-07
SSBroyden2  iter 10500/50000  loss=3.5131e-05  pde=2.1077e-05  ic=2.1020e-06  bc=7.0885e-07
SSBroyden2  iter 11000/50000  loss=3.5384e-05  pde=2.1105e-05  ic=1.9550e-06  bc=9.0074e-07
SSBroyden2  iter 11500/50000  loss=3.1271e-05  pde=1.8136e-05  ic=2.0704e-06  bc=5.5673e-07
SSBroyden2  iter 12000/50000  loss=3.3808e-05  pde=2.1028e-05  ic=1.9963e-06  bc=5.5968e-07
SSBroyden2  iter 12500/50000  loss=3.3122e-05  pde=1.9564e-05  ic=2.0804e-06  bc=6.3118e-07
SSBroyden2  iter 13000/50000  loss=3.6873e-05  pde=2.2436e-05  ic=2.1824e-06  bc=7.0486e-07
SSBroyden2  iter 13500/50000  loss=3.1932e-05  pde=1.8604e-05  ic=2.0375e-06  bc=6.2827e-07
SSBroyden2  iter 14000/50000  loss=3.2816e-05  pde=2.0751e-05  ic=1.7068e-06  bc=7.0610e-07
SSBroyden2  iter 14500/50000  loss=3.3106e-05  pde=2.0694e-05  ic=1.7476e-06  bc=7.3476e-07
SSBroyden2  iter 15000/50000  loss=3.2006e-05  pde=1.8873e-05  ic=2.0613e-06  bc=5.6533e-07
SSBroyden2  iter 15500/50000  loss=3.1648e-05  pde=1.7727e-05  ic=2.1472e-06  bc=6.3704e-07
SSBroyden2  iter 16000/50000  loss=2.8566e-05  pde=1.8260e-05  ic=1.4840e-06  bc=5.7715e-07
SSBroyden2  iter 16500/50000  loss=3.0776e-05  pde=1.9664e-05  ic=1.5313e-06  bc=6.9115e-07
SSBroyden2  iter 17000/50000  loss=3.0741e-05  pde=1.8020e-05  ic=1.9937e-06  bc=5.5048e-07
SSBroyden2  iter 17500/50000  loss=2.7959e-05  pde=1.6891e-05  ic=1.6276e-06  bc=5.8603e-07
SSBroyden2  iter 18000/50000  loss=2.7439e-05  pde=1.7426e-05  ic=1.4924e-06  bc=5.1022e-07
SSBroyden2  iter 18500/50000  loss=3.0167e-05  pde=1.9659e-05  ic=1.4916e-06  bc=6.0985e-07
SSBroyden2  iter 19000/50000  loss=2.9867e-05  pde=1.9650e-05  ic=1.3865e-06  bc=6.5705e-07
SSBroyden2  iter 19500/50000  loss=3.1257e-05  pde=1.9355e-05  ic=1.6443e-06  bc=7.3608e-07
SSBroyden2  iter 20000/50000  loss=2.8466e-05  pde=1.6703e-05  ic=1.6941e-06  bc=6.5842e-07
SSBroyden2  iter 20500/50000  loss=2.7006e-05  pde=1.7034e-05  ic=1.3790e-06  bc=6.1539e-07
SSBroyden2  iter 21000/50000  loss=2.7430e-05  pde=1.6902e-05  ic=1.4530e-06  bc=6.5260e-07
SSBroyden2  iter 21500/50000  loss=2.7414e-05  pde=1.7277e-05  ic=1.4908e-06  bc=5.3647e-07
SSBroyden2  iter 22000/50000  loss=2.6435e-05  pde=1.7087e-05  ic=1.2984e-06  bc=5.7108e-07
SSBroyden2  iter 22500/50000  loss=2.5316e-05  pde=1.6783e-05  ic=1.1395e-06  bc=5.6710e-07
SSBroyden2  iter 23000/50000  loss=2.8232e-05  pde=1.8163e-05  ic=1.4665e-06  bc=5.4733e-07
SSBroyden2  iter 23500/50000  loss=2.9500e-05  pde=1.8225e-05  ic=1.5488e-06  bc=7.0607e-07
SSBroyden2  iter 24000/50000  loss=2.5671e-05  pde=1.6579e-05  ic=1.3230e-06  bc=4.9563e-07
SSBroyden2  iter 24500/50000  loss=2.8616e-05  pde=1.8904e-05  ic=1.3899e-06  bc=5.5252e-07
SSBroyden2  iter 25000/50000  loss=2.9235e-05  pde=1.7495e-05  ic=1.8255e-06  bc=5.2263e-07
SSBroyden2  iter 25500/50000  loss=2.6415e-05  pde=1.7652e-05  ic=1.2762e-06  bc=4.7638e-07
SSBroyden2  iter 26000/50000  loss=2.3342e-05  pde=1.5612e-05  ic=1.1079e-06  bc=4.3807e-07
SSBroyden2  iter 26500/50000  loss=2.4052e-05  pde=1.5798e-05  ic=1.1376e-06  bc=5.1308e-07
SSBroyden2  iter 27000/50000  loss=2.7320e-05  pde=1.6836e-05  ic=1.4840e-06  bc=6.1282e-07
SSBroyden2  iter 27500/50000  loss=2.7266e-05  pde=1.6460e-05  ic=1.5498e-06  bc=6.1159e-07
SSBroyden2  iter 28000/50000  loss=2.5171e-05  pde=1.6089e-05  ic=1.2264e-06  bc=5.8992e-07
SSBroyden2  iter 28500/50000  loss=2.8628e-05  pde=1.7879e-05  ic=1.5444e-06  bc=6.0524e-07
SSBroyden2  iter 29000/50000  loss=2.8360e-05  pde=1.8108e-05  ic=1.5142e-06  bc=5.3621e-07
SSBroyden2  iter 29500/50000  loss=2.5813e-05  pde=1.6119e-05  ic=1.3286e-06  bc=6.1029e-07
SSBroyden2  iter 30000/50000  loss=2.9199e-05  pde=1.8066e-05  ic=1.6464e-06  bc=5.8028e-07
SSBroyden2  iter 30500/50000  loss=2.6442e-05  pde=1.5940e-05  ic=1.6449e-06  bc=4.5549e-07
SSBroyden2  iter 31000/50000  loss=2.6249e-05  pde=1.7046e-05  ic=1.2936e-06  bc=5.4697e-07
SSBroyden2  iter 31500/50000  loss=2.8929e-05  pde=1.8356e-05  ic=1.5561e-06  bc=5.5842e-07
SSBroyden2  iter 32000/50000  loss=2.4583e-05  pde=1.6101e-05  ic=1.1416e-06  bc=5.5487e-07
SSBroyden2  iter 32500/50000  loss=2.7721e-05  pde=1.7258e-05  ic=1.5967e-06  bc=4.9577e-07
SSBroyden2  iter 33000/50000  loss=2.7941e-05  pde=1.5676e-05  ic=1.8270e-06  bc=6.2597e-07
SSBroyden2  iter 33500/50000  loss=2.5279e-05  pde=1.5859e-05  ic=1.2792e-06  bc=6.0466e-07
SSBroyden2  iter 34000/50000  loss=2.4539e-05  pde=1.5418e-05  ic=1.2667e-06  bc=5.5733e-07
SSBroyden2  iter 34500/50000  loss=2.7079e-05  pde=1.6340e-05  ic=1.6034e-06  bc=5.4447e-07
SSBroyden2  iter 35000/50000  loss=2.2431e-05  pde=1.4907e-05  ic=1.0009e-06  bc=5.0392e-07
SSBroyden2  iter 35500/50000  loss=2.5466e-05  pde=1.6323e-05  ic=1.3542e-06  bc=4.7437e-07
SSBroyden2  iter 36000/50000  loss=2.3764e-05  pde=1.5038e-05  ic=1.2598e-06  bc=4.8544e-07
SSBroyden2  iter 36500/50000  loss=2.6409e-05  pde=1.5267e-05  ic=1.6628e-06  bc=5.6567e-07
SSBroyden2  iter 37000/50000  loss=2.4639e-05  pde=1.6636e-05  ic=1.1618e-06  bc=4.3872e-07
SSBroyden2  iter 37500/50000  loss=2.6318e-05  pde=1.7072e-05  ic=1.3742e-06  bc=4.7497e-07
SSBroyden2  iter 38000/50000  loss=2.4607e-05  pde=1.5562e-05  ic=1.2656e-06  bc=5.4330e-07
SSBroyden2  iter 38500/50000  loss=2.9347e-05  pde=1.8454e-05  ic=1.5334e-06  bc=6.4504e-07
SSBroyden2  iter 39000/50000  loss=2.4744e-05  pde=1.6432e-05  ic=1.0944e-06  bc=5.6801e-07
SSBroyden2  iter 39500/50000  loss=2.1273e-05  pde=1.3458e-05  ic=1.0852e-06  bc=4.7789e-07
SSBroyden2  iter 40000/50000  loss=2.4276e-05  pde=1.5543e-05  ic=1.2208e-06  bc=5.2591e-07
SSBroyden2  iter 40500/50000  loss=2.4956e-05  pde=1.4994e-05  ic=1.5240e-06  bc=4.6844e-07
SSBroyden2  iter 41000/50000  loss=2.4465e-05  pde=1.4770e-05  ic=1.3692e-06  bc=5.6984e-07
SSBroyden2  iter 41500/50000  loss=2.3179e-05  pde=1.4771e-05  ic=1.1459e-06  bc=5.3550e-07
SSBroyden2  iter 42000/50000  loss=2.5967e-05  pde=1.6260e-05  ic=1.3516e-06  bc=5.8993e-07
SSBroyden2  iter 42500/50000  loss=2.2959e-05  pde=1.4689e-05  ic=1.2424e-06  bc=4.1170e-07
SSBroyden2  iter 43000/50000  loss=2.3322e-05  pde=1.4655e-05  ic=1.2798e-06  bc=4.5366e-07
SSBroyden2  iter 43500/50000  loss=2.3073e-05  pde=1.5099e-05  ic=1.1268e-06  bc=4.6796e-07
SSBroyden2  iter 44000/50000  loss=2.7540e-05  pde=1.7206e-05  ic=1.4331e-06  bc=6.3370e-07
SSBroyden2  iter 44500/50000  loss=2.3148e-05  pde=1.4837e-05  ic=1.2052e-06  bc=4.5696e-07
SSBroyden2  iter 45000/50000  loss=2.6379e-05  pde=1.7469e-05  ic=1.3254e-06  bc=4.5652e-07
SSBroyden2  iter 45500/50000  loss=2.3999e-05  pde=1.4825e-05  ic=1.2993e-06  bc=5.3558e-07
SSBroyden2  iter 46000/50000  loss=2.3000e-05  pde=1.3956e-05  ic=1.3588e-06  bc=4.4986e-07
SSBroyden2  iter 46500/50000  loss=2.4073e-05  pde=1.5462e-05  ic=1.2315e-06  bc=4.9079e-07
SSBroyden2  iter 47000/50000  loss=2.1395e-05  pde=1.4280e-05  ic=9.9272e-07  bc=4.3030e-07
SSBroyden2  iter 47500/50000  loss=2.7575e-05  pde=1.6968e-05  ic=1.5507e-06  bc=5.7075e-07
SSBroyden2  iter 48000/50000  loss=2.2445e-05  pde=1.4749e-05  ic=1.1125e-06  bc=4.2667e-07
SSBroyden2  iter 48500/50000  loss=2.4160e-05  pde=1.5704e-05  ic=1.2823e-06  bc=4.0883e-07
SSBroyden2  iter 49000/50000  loss=2.1190e-05  pde=1.3649e-05  ic=1.0693e-06  bc=4.3890e-07
SSBroyden2  iter 49500/50000  loss=2.4970e-05  pde=1.4483e-05  ic=1.6411e-06  bc=4.5638e-07
SSBroyden2  iter 50000/50000  loss=2.3393e-05  pde=1.4527e-05  ic=1.3337e-06  bc=4.3959e-07

SSBroyden2 phase complete: 19493.0s
Total training time: 19762.5s

Model saved to results/v3_64_ablation/V3_I_power_2/seed_1/model.pt
Metrics saved to results/v3_64_ablation/V3_I_power_2/seed_1/metrics.npz

Mass conservation diagnostic (<U> over domain at 21 times):
  <U>(t=0.0) = -0.003360
  <U>(t=20.0) = -0.003976
  max drift       = 1.06e-03

Loading reference solution from /oscar/home/dwong33/DRP-Cahn-Hilliard-PINN/reference_solution_64.npz ...
  Per-snapshot relative L2 errors:
    t=0.0  L2_rel=1.3811e-01
    t=5.0  L2_rel=4.5963e-01
    t=10.0  L2_rel=4.2844e-01
    t=15.0  L2_rel=4.7065e-01
    t=20.0  L2_rel=5.7676e-01
  Overall relative L2 = 3.0880e-01
  Saved comparison_snapshots.png
Summary saved to results/v3_64_ablation/V3_I_power_2/seed_1/summary.json

Plots saved to results/v3_64_ablation/V3_I_power_2/seed_1/

======================================================================
EXPERIMENT COMPLETE: V3_I_power_2
  Adam: 1000 epochs, 269.5s
  BFGS: 50000 iters (SSBroyden2), 19493.0s
  Total: 19762.5s
  Final loss: 2.3393e-05
  Final relative L2: 3.9007e-01
  Iterations to L2<=0.50: 6000
  Results: results/v3_64_ablation/V3_I_power_2/seed_1/
======================================================================

========================================================================
Job finished at Mon Apr 20 07:09:48 AM EDT 2026
Exit code: 0
========================================================================
