========================================================================
SLURM Job ID:       1801250
Array Task ID:      30
Config index:       10 / 10
Config file:        configs/v3_64_ablation/V3_K_power4_combined.yaml
Seed:               1
Hostname:           node2314.oscar.ccv.brown.edu
Date:               Mon Apr 20 06:11:27 AM EDT 2026
Working directory:  /users/dwong33/DRP-Cahn-Hilliard-PINN
Python:             /oscar/home/dwong33/astrolensing/bin/python
========================================================================
======================================================================
Cahn-Hilliard PINN — Batch Training
Config: configs/v3_64_ablation/V3_K_power4_combined.yaml
Seed override: 1
======================================================================
Config : V3_K_power4_combined
  PDE  : dU/dt = 1.0*lap(lap U + 1.0*U + 1.0*U^3)
  Domain: x=[0.0,64.0], y=[0.0,64.0], t=[0.0,20.0]
  Net  : (3, 20, 20, 20, 20, 1)  activation=tanh
  Train: Adam(1000) -> SSBroyden2(50000)
  Samp : Nint=16000, N0=1000, Nb=500, RAD=on
  Device: cpu

Trainable parameters : 1361
Reference eval: /oscar/home/dwong33/DRP-Cahn-Hilliard-PINN/reference_solution_64.npz (21 times)
Phase 1 optimizer: ADAM  lr=0.001
Adam  epoch   500/1000  loss=3.1972e-02  pde=1.5335e-07  ic=6.3825e-03  bc=1.1939e-05
Adam  epoch  1000/1000  loss=2.9222e-02  pde=1.1936e-05  ic=5.8216e-03  bc=2.0422e-05

Adam phase complete: 650.6s  final loss=2.9222e-02
SSBroyden2  iter   500/50000  loss=7.7984e-03  pde=1.5877e-04  ic=1.4276e-03  bc=1.0034e-04
SSBroyden2  iter  1000/50000  loss=1.0984e-03  pde=2.1188e-04  ic=1.6058e-04  bc=1.6718e-05
SSBroyden2  iter  1500/50000  loss=3.6678e-04  pde=2.0802e-04  ic=2.8247e-05  bc=3.5037e-06
SSBroyden2  iter  2000/50000  loss=2.6958e-04  pde=1.7825e-04  ic=1.5761e-05  bc=2.5050e-06
SSBroyden2  iter  2500/50000  loss=1.9489e-04  pde=1.3727e-04  ic=9.8764e-06  bc=1.6466e-06
SSBroyden2  iter  3000/50000  loss=1.6142e-04  pde=1.0949e-04  ic=8.6567e-06  bc=1.7311e-06
SSBroyden2  iter  3500/50000  loss=1.3801e-04  pde=8.8146e-05  ic=8.0328e-06  bc=1.9403e-06
SSBroyden2  iter  4000/50000  loss=1.3100e-04  pde=8.5741e-05  ic=7.4291e-06  bc=1.6237e-06
SSBroyden2  iter  4500/50000  loss=1.3049e-04  pde=8.2445e-05  ic=7.9894e-06  bc=1.6193e-06
SSBroyden2  iter  5000/50000  loss=1.1422e-04  pde=7.5632e-05  ic=6.2959e-06  bc=1.4219e-06
SSBroyden2  iter  5500/50000  loss=1.1149e-04  pde=7.5172e-05  ic=6.0301e-06  bc=1.2327e-06
SSBroyden2  iter  6000/50000  loss=1.0637e-04  pde=7.1070e-05  ic=5.7741e-06  bc=1.2864e-06
SSBroyden2  iter  6500/50000  loss=1.0676e-04  pde=7.1335e-05  ic=5.8391e-06  bc=1.2462e-06
SSBroyden2  iter  7000/50000  loss=1.0055e-04  pde=6.9638e-05  ic=5.1434e-06  bc=1.0396e-06
SSBroyden2  iter  7500/50000  loss=9.6447e-05  pde=6.5203e-05  ic=5.1917e-06  bc=1.0571e-06
SSBroyden2  iter  8000/50000  loss=9.6829e-05  pde=6.3514e-05  ic=5.6128e-06  bc=1.0503e-06
SSBroyden2  iter  8500/50000  loss=9.4820e-05  pde=6.4024e-05  ic=5.0853e-06  bc=1.0741e-06
SSBroyden2  iter  9000/50000  loss=9.3234e-05  pde=6.0793e-05  ic=5.4072e-06  bc=1.0809e-06
SSBroyden2  iter  9500/50000  loss=9.2453e-05  pde=6.1557e-05  ic=5.2395e-06  bc=9.3970e-07
SSBroyden2  iter 10000/50000  loss=8.9071e-05  pde=6.0062e-05  ic=4.7755e-06  bc=1.0263e-06
SSBroyden2  iter 10500/50000  loss=9.1288e-05  pde=6.1789e-05  ic=4.9897e-06  bc=9.1002e-07
SSBroyden2  iter 11000/50000  loss=9.4238e-05  pde=6.1529e-05  ic=5.4870e-06  bc=1.0548e-06
SSBroyden2  iter 11500/50000  loss=8.7303e-05  pde=5.8617e-05  ic=4.8853e-06  bc=8.5184e-07
SSBroyden2  iter 12000/50000  loss=8.8652e-05  pde=5.8175e-05  ic=5.0444e-06  bc=1.0511e-06
SSBroyden2  iter 12500/50000  loss=8.5451e-05  pde=5.7067e-05  ic=4.8506e-06  bc=8.2618e-07
SSBroyden2  iter 13000/50000  loss=9.1482e-05  pde=5.8889e-05  ic=5.4759e-06  bc=1.0426e-06
SSBroyden2  iter 13500/50000  loss=8.8611e-05  pde=5.7680e-05  ic=5.1040e-06  bc=1.0822e-06
SSBroyden2  iter 14000/50000  loss=8.7078e-05  pde=5.8453e-05  ic=4.8374e-06  bc=8.8759e-07
SSBroyden2  iter 14500/50000  loss=8.5142e-05  pde=5.6041e-05  ic=4.8298e-06  bc=9.9044e-07
SSBroyden2  iter 15000/50000  loss=8.7499e-05  pde=5.6643e-05  ic=5.2226e-06  bc=9.4854e-07
SSBroyden2  iter 15500/50000  loss=8.7191e-05  pde=5.6204e-05  ic=5.2081e-06  bc=9.8936e-07
SSBroyden2  iter 16000/50000  loss=8.4169e-05  pde=5.6731e-05  ic=4.5663e-06  bc=9.2137e-07
SSBroyden2  iter 16500/50000  loss=8.4418e-05  pde=5.7553e-05  ic=4.5455e-06  bc=8.2750e-07
SSBroyden2  iter 17000/50000  loss=8.5891e-05  pde=5.6108e-05  ic=4.9908e-06  bc=9.6592e-07
SSBroyden2  iter 17500/50000  loss=8.8402e-05  pde=5.6752e-05  ic=5.4009e-06  bc=9.2904e-07
SSBroyden2  iter 18000/50000  loss=7.9709e-05  pde=5.1964e-05  ic=4.6786e-06  bc=8.7054e-07
SSBroyden2  iter 18500/50000  loss=8.4583e-05  pde=5.6226e-05  ic=4.7256e-06  bc=9.4583e-07
SSBroyden2  iter 19000/50000  loss=8.4081e-05  pde=5.5234e-05  ic=4.8402e-06  bc=9.2917e-07
SSBroyden2  iter 19500/50000  loss=8.1252e-05  pde=5.3850e-05  ic=4.5686e-06  bc=9.1195e-07
SSBroyden2  iter 20000/50000  loss=8.0499e-05  pde=5.2372e-05  ic=4.6712e-06  bc=9.5412e-07
SSBroyden2  iter 20500/50000  loss=8.5176e-05  pde=5.4493e-05  ic=5.3010e-06  bc=8.3574e-07
SSBroyden2  iter 21000/50000  loss=8.3712e-05  pde=5.3834e-05  ic=4.9438e-06  bc=1.0319e-06
SSBroyden2  iter 21500/50000  loss=8.0550e-05  pde=5.3775e-05  ic=4.5001e-06  bc=8.5506e-07
SSBroyden2  iter 22000/50000  loss=7.7944e-05  pde=5.3088e-05  ic=4.1395e-06  bc=8.3172e-07
SSBroyden2  iter 22500/50000  loss=7.9081e-05  pde=5.2167e-05  ic=4.4829e-06  bc=9.0005e-07
SSBroyden2  iter 23000/50000  loss=8.8328e-05  pde=5.2671e-05  ic=6.1372e-06  bc=9.9428e-07
SSBroyden2  iter 23500/50000  loss=7.8405e-05  pde=5.3110e-05  ic=4.2118e-06  bc=8.4715e-07
SSBroyden2  iter 24000/50000  loss=8.2326e-05  pde=5.2508e-05  ic=5.0711e-06  bc=8.9240e-07
SSBroyden2  iter 24500/50000  loss=8.2494e-05  pde=5.1353e-05  ic=5.2366e-06  bc=9.9159e-07
SSBroyden2  iter 25000/50000  loss=7.7121e-05  pde=5.0322e-05  ic=4.3957e-06  bc=9.6415e-07
SSBroyden2  iter 25500/50000  loss=8.1207e-05  pde=5.0767e-05  ic=5.2026e-06  bc=8.8538e-07
SSBroyden2  iter 26000/50000  loss=8.1427e-05  pde=5.1292e-05  ic=5.1935e-06  bc=8.3348e-07
SSBroyden2  iter 26500/50000  loss=7.5770e-05  pde=5.0953e-05  ic=4.2209e-06  bc=7.4264e-07
SSBroyden2  iter 27000/50000  loss=7.8925e-05  pde=5.3325e-05  ic=4.2758e-06  bc=8.4413e-07
SSBroyden2  iter 27500/50000  loss=7.8958e-05  pde=5.2016e-05  ic=4.5548e-06  bc=8.3356e-07
SSBroyden2  iter 28000/50000  loss=7.8679e-05  pde=5.2098e-05  ic=4.4826e-06  bc=8.3350e-07
SSBroyden2  iter 28500/50000  loss=7.7990e-05  pde=5.0858e-05  ic=4.6043e-06  bc=8.2219e-07
SSBroyden2  iter 29000/50000  loss=7.6386e-05  pde=4.9354e-05  ic=4.4959e-06  bc=9.1042e-07
SSBroyden2  iter 29500/50000  loss=7.5214e-05  pde=4.7864e-05  ic=4.5162e-06  bc=9.5386e-07
SSBroyden2  iter 30000/50000  loss=7.7152e-05  pde=5.2024e-05  ic=4.2251e-06  bc=8.0052e-07
SSBroyden2  iter 30500/50000  loss=7.5478e-05  pde=4.9656e-05  ic=4.3988e-06  bc=7.6556e-07
SSBroyden2  iter 31000/50000  loss=7.9320e-05  pde=5.1356e-05  ic=4.6748e-06  bc=9.1811e-07
SSBroyden2  iter 31500/50000  loss=7.8332e-05  pde=5.1061e-05  ic=4.4696e-06  bc=9.8463e-07
SSBroyden2  iter 32000/50000  loss=7.8782e-05  pde=5.0542e-05  ic=4.7482e-06  bc=8.9975e-07
SSBroyden2  iter 32500/50000  loss=7.6368e-05  pde=5.0300e-05  ic=4.3410e-06  bc=8.7265e-07
SSBroyden2  iter 33000/50000  loss=7.7119e-05  pde=5.0667e-05  ic=4.5301e-06  bc=7.6022e-07
SSBroyden2  iter 33500/50000  loss=7.6440e-05  pde=5.0189e-05  ic=4.4374e-06  bc=8.1284e-07
SSBroyden2  iter 34000/50000  loss=7.7216e-05  pde=4.8905e-05  ic=4.7217e-06  bc=9.4045e-07
SSBroyden2  iter 34500/50000  loss=7.8469e-05  pde=4.9881e-05  ic=4.8799e-06  bc=8.3777e-07
SSBroyden2  iter 35000/50000  loss=8.0250e-05  pde=5.2142e-05  ic=4.6988e-06  bc=9.2272e-07
SSBroyden2  iter 35500/50000  loss=7.7581e-05  pde=4.9274e-05  ic=4.7195e-06  bc=9.4183e-07
SSBroyden2  iter 36000/50000  loss=7.7156e-05  pde=4.9249e-05  ic=4.7208e-06  bc=8.6063e-07
SSBroyden2  iter 36500/50000  loss=7.6689e-05  pde=4.9041e-05  ic=4.6872e-06  bc=8.4230e-07
SSBroyden2  iter 37000/50000  loss=7.6149e-05  pde=5.0329e-05  ic=4.2751e-06  bc=8.8895e-07
SSBroyden2  iter 37500/50000  loss=7.6185e-05  pde=5.0591e-05  ic=4.3531e-06  bc=7.6560e-07
SSBroyden2  iter 38000/50000  loss=7.5901e-05  pde=5.0402e-05  ic=4.2114e-06  bc=8.8835e-07
SSBroyden2  iter 38500/50000  loss=7.5592e-05  pde=4.8169e-05  ic=4.4062e-06  bc=1.0784e-06
SSBroyden2  iter 39000/50000  loss=6.9975e-05  pde=4.7286e-05  ic=3.6662e-06  bc=8.7160e-07
SSBroyden2  iter 39500/50000  loss=7.3717e-05  pde=4.8784e-05  ic=4.1323e-06  bc=8.5434e-07
SSBroyden2  iter 40000/50000  loss=8.0940e-05  pde=4.8485e-05  ic=5.4290e-06  bc=1.0619e-06
SSBroyden2  iter 40500/50000  loss=7.7259e-05  pde=5.0642e-05  ic=4.4335e-06  bc=8.8977e-07
SSBroyden2  iter 41000/50000  loss=8.3042e-05  pde=5.1092e-05  ic=5.2735e-06  bc=1.1164e-06
SSBroyden2  iter 41500/50000  loss=7.6208e-05  pde=4.8947e-05  ic=4.4823e-06  bc=9.6995e-07
SSBroyden2  iter 42000/50000  loss=7.7562e-05  pde=4.9246e-05  ic=4.7717e-06  bc=8.9161e-07
SSBroyden2  iter 42500/50000  loss=7.5989e-05  pde=4.9248e-05  ic=4.4774e-06  bc=8.7077e-07
SSBroyden2  iter 43000/50000  loss=7.3256e-05  pde=4.9387e-05  ic=3.9415e-06  bc=8.3229e-07
SSBroyden2  iter 43500/50000  loss=7.4400e-05  pde=4.9175e-05  ic=4.1113e-06  bc=9.3370e-07
SSBroyden2  iter 44000/50000  loss=7.5282e-05  pde=4.8122e-05  ic=4.5041e-06  bc=9.2792e-07
SSBroyden2  iter 44500/50000  loss=7.7728e-05  pde=4.9363e-05  ic=4.8436e-06  bc=8.2950e-07
SSBroyden2  iter 45000/50000  loss=7.4356e-05  pde=4.9462e-05  ic=4.1273e-06  bc=8.5145e-07
SSBroyden2  iter 45500/50000  loss=7.9609e-05  pde=4.8234e-05  ic=5.2912e-06  bc=9.8379e-07
SSBroyden2  iter 46000/50000  loss=7.3901e-05  pde=4.8420e-05  ic=4.2631e-06  bc=8.3303e-07
SSBroyden2  iter 46500/50000  loss=7.5722e-05  pde=4.9663e-05  ic=4.2935e-06  bc=9.1825e-07
SSBroyden2  iter 47000/50000  loss=7.5319e-05  pde=4.8678e-05  ic=4.4045e-06  bc=9.2372e-07
SSBroyden2  iter 47500/50000  loss=7.3180e-05  pde=4.7447e-05  ic=4.2677e-06  bc=8.7904e-07
SSBroyden2  iter 48000/50000  loss=7.2861e-05  pde=4.7011e-05  ic=4.3306e-06  bc=8.3944e-07
SSBroyden2  iter 48500/50000  loss=7.5576e-05  pde=4.7342e-05  ic=4.7171e-06  bc=9.2967e-07
SSBroyden2  iter 49000/50000  loss=7.4271e-05  pde=4.9020e-05  ic=4.2720e-06  bc=7.7819e-07
SSBroyden2  iter 49500/50000  loss=7.4976e-05  pde=4.8344e-05  ic=4.4389e-06  bc=8.8752e-07
SSBroyden2  iter 50000/50000  loss=7.3720e-05  pde=4.5626e-05  ic=4.7566e-06  bc=8.6218e-07

SSBroyden2 phase complete: 32530.0s
Total training time: 33180.6s

Model saved to results/v3_64_ablation/V3_K_power4_combined/seed_1/model.pt
Metrics saved to results/v3_64_ablation/V3_K_power4_combined/seed_1/metrics.npz

Mass conservation diagnostic (<U> over domain at 21 times):
  <U>(t=0.0) = -0.003848
  <U>(t=20.0) = -0.003394
  max drift       = 8.82e-04

Loading reference solution from /oscar/home/dwong33/DRP-Cahn-Hilliard-PINN/reference_solution_64.npz ...
  Per-snapshot relative L2 errors:
    t=0.0  L2_rel=6.8238e-02
    t=5.0  L2_rel=8.5628e-01
    t=10.0  L2_rel=8.1252e-01
    t=15.0  L2_rel=7.2963e-01
    t=20.0  L2_rel=9.1828e-01
  Overall relative L2 = 5.1109e-01
  Saved comparison_snapshots.png
Summary saved to results/v3_64_ablation/V3_K_power4_combined/seed_1/summary.json

Plots saved to results/v3_64_ablation/V3_K_power4_combined/seed_1/

======================================================================
EXPERIMENT COMPLETE: V3_K_power4_combined
  Adam: 1000 epochs, 650.6s
  BFGS: 50000 iters (SSBroyden2), 32530.0s
  Total: 33180.6s
  Final loss: 7.3720e-05
  Final relative L2: 6.4897e-01
  Results: results/v3_64_ablation/V3_K_power4_combined/seed_1/
======================================================================

========================================================================
Job finished at Mon Apr 20 03:24:48 PM EDT 2026
Exit code: 0
========================================================================
