========================================================================
SLURM Job ID:       1795491
Array Task ID:      1
Config index:       0 / 10
Config file:        configs/v3_64_ablation/V3_A_nint_16k.yaml
Seed:               2
Hostname:           node2315.oscar.ccv.brown.edu
Date:               Sun Apr 19 04:52:13 PM EDT 2026
Working directory:  /users/dwong33/DRP-Cahn-Hilliard-PINN
Python:             /oscar/home/dwong33/astrolensing/bin/python
========================================================================
======================================================================
Cahn-Hilliard PINN — Batch Training
Config: configs/v3_64_ablation/V3_A_nint_16k.yaml
Seed override: 2
======================================================================
Config : V3_A_nint_16k
  PDE  : dU/dt = 1.0*lap(lap U + 1.0*U + 1.0*U^3)
  Domain: x=[0.0,64.0], y=[0.0,64.0], t=[0.0,20.0]
  Net  : (3, 20, 20, 20, 20, 1)  activation=tanh
  Train: Adam(1000) -> SSBroyden2(50000)
  Samp : Nint=16000, N0=500, Nb=500, RAD=on
  Device: cpu

Trainable parameters : 1361
Reference eval: /oscar/home/dwong33/DRP-Cahn-Hilliard-PINN/reference_solution_64.npz (21 times)
Phase 1 optimizer: ADAM  lr=0.001
Adam  epoch   500/1000  loss=3.2291e-02  pde=7.6509e-06  ic=6.4510e-03  bc=5.6535e-06
Adam  epoch  1000/1000  loss=3.1965e-02  pde=1.0021e-05  ic=6.3749e-03  bc=1.6098e-05

Adam phase complete: 850.2s  final loss=3.1965e-02
SSBroyden2  iter   500/50000  loss=1.0191e-02  pde=3.7345e-04  ic=1.9231e-03  bc=4.0518e-05
SSBroyden2  iter  1000/50000  loss=1.7192e-03  pde=4.3254e-04  ic=2.3229e-04  bc=2.5039e-05
SSBroyden2  iter  1500/50000  loss=6.3154e-04  pde=2.6249e-04  ic=6.3872e-05  bc=9.9386e-06
SSBroyden2  iter  2000/50000  loss=4.3961e-04  pde=1.6040e-04  ic=4.7593e-05  bc=8.2480e-06
SSBroyden2  iter  2500/50000  loss=3.3004e-04  pde=1.2943e-04  ic=3.1469e-05  bc=8.6532e-06
SSBroyden2  iter  3000/50000  loss=3.4718e-04  pde=1.2452e-04  ic=3.6831e-05  bc=7.7024e-06
SSBroyden2  iter  3500/50000  loss=2.2890e-04  pde=8.2579e-05  ic=2.3169e-05  bc=6.0945e-06
SSBroyden2  iter  4000/50000  loss=2.3561e-04  pde=8.0842e-05  ic=2.3704e-05  bc=7.2503e-06
SSBroyden2  iter  4500/50000  loss=2.1321e-04  pde=7.9029e-05  ic=2.0725e-05  bc=6.1120e-06
SSBroyden2  iter  5000/50000  loss=2.1724e-04  pde=8.8852e-05  ic=1.9361e-05  bc=6.3162e-06
SSBroyden2  iter  5500/50000  loss=1.6889e-04  pde=6.0328e-05  ic=1.6350e-05  bc=5.3630e-06
SSBroyden2  iter  6000/50000  loss=1.6531e-04  pde=7.2957e-05  ic=1.3400e-05  bc=5.0705e-06
SSBroyden2  iter  6500/50000  loss=1.3682e-04  pde=5.2773e-05  ic=1.2600e-05  bc=4.2094e-06
SSBroyden2  iter  7000/50000  loss=1.4582e-04  pde=5.6557e-05  ic=1.4075e-05  bc=3.7774e-06
SSBroyden2  iter  7500/50000  loss=1.2964e-04  pde=5.3796e-05  ic=1.1299e-05  bc=3.8702e-06
SSBroyden2  iter  8000/50000  loss=1.2205e-04  pde=5.2155e-05  ic=1.0718e-05  bc=3.2608e-06
SSBroyden2  iter  8500/50000  loss=1.2565e-04  pde=5.2562e-05  ic=1.1215e-05  bc=3.4024e-06
SSBroyden2  iter  9000/50000  loss=1.1816e-04  pde=5.2015e-05  ic=9.8264e-06  bc=3.4033e-06
SSBroyden2  iter  9500/50000  loss=1.1459e-04  pde=5.0767e-05  ic=9.8088e-06  bc=2.9552e-06
SSBroyden2  iter 10000/50000  loss=9.9714e-05  pde=4.6571e-05  ic=7.7683e-06  bc=2.8604e-06
SSBroyden2  iter 10500/50000  loss=9.0167e-05  pde=4.0890e-05  ic=7.3133e-06  bc=2.5422e-06
SSBroyden2  iter 11000/50000  loss=9.7088e-05  pde=4.1930e-05  ic=8.4385e-06  bc=2.5931e-06
SSBroyden2  iter 11500/50000  loss=9.8515e-05  pde=4.4494e-05  ic=7.8900e-06  bc=2.9143e-06
SSBroyden2  iter 12000/50000  loss=1.0666e-04  pde=4.9776e-05  ic=8.7918e-06  bc=2.5852e-06
SSBroyden2  iter 12500/50000  loss=9.5878e-05  pde=4.1537e-05  ic=8.6917e-06  bc=2.1764e-06
SSBroyden2  iter 13000/50000  loss=8.9344e-05  pde=3.9961e-05  ic=7.6431e-06  bc=2.2335e-06
SSBroyden2  iter 13500/50000  loss=8.3420e-05  pde=3.8582e-05  ic=6.5915e-06  bc=2.3762e-06
SSBroyden2  iter 14000/50000  loss=1.0626e-04  pde=4.4201e-05  ic=9.5287e-06  bc=2.8829e-06
SSBroyden2  iter 14500/50000  loss=7.5035e-05  pde=3.6423e-05  ic=5.7645e-06  bc=1.9579e-06
SSBroyden2  iter 15000/50000  loss=8.3540e-05  pde=3.9024e-05  ic=6.6446e-06  bc=2.2586e-06
SSBroyden2  iter 15500/50000  loss=7.3869e-05  pde=3.6895e-05  ic=5.0763e-06  bc=2.3183e-06
SSBroyden2  iter 16000/50000  loss=8.5899e-05  pde=3.9064e-05  ic=6.9966e-06  bc=2.3704e-06
SSBroyden2  iter 16500/50000  loss=7.3305e-05  pde=3.5484e-05  ic=5.4296e-06  bc=2.1346e-06
SSBroyden2  iter 17000/50000  loss=7.7096e-05  pde=3.5294e-05  ic=6.4386e-06  bc=1.9218e-06
SSBroyden2  iter 17500/50000  loss=7.9282e-05  pde=3.6898e-05  ic=6.4200e-06  bc=2.0568e-06
SSBroyden2  iter 18000/50000  loss=6.8562e-05  pde=3.2615e-05  ic=5.4068e-06  bc=1.7827e-06
SSBroyden2  iter 18500/50000  loss=6.7433e-05  pde=3.1255e-05  ic=5.7621e-06  bc=1.4736e-06
SSBroyden2  iter 19000/50000  loss=6.3906e-05  pde=3.4365e-05  ic=4.2656e-06  bc=1.6426e-06
SSBroyden2  iter 19500/50000  loss=5.9838e-05  pde=3.1157e-05  ic=4.3808e-06  bc=1.3554e-06
SSBroyden2  iter 20000/50000  loss=6.6742e-05  pde=3.7030e-05  ic=4.1826e-06  bc=1.7599e-06
SSBroyden2  iter 20500/50000  loss=7.0118e-05  pde=3.2679e-05  ic=5.6936e-06  bc=1.7943e-06
SSBroyden2  iter 21000/50000  loss=6.4128e-05  pde=3.2280e-05  ic=4.5771e-06  bc=1.7923e-06
SSBroyden2  iter 21500/50000  loss=6.5731e-05  pde=3.5046e-05  ic=4.5911e-06  bc=1.5459e-06
SSBroyden2  iter 22000/50000  loss=6.2585e-05  pde=3.2994e-05  ic=3.8758e-06  bc=2.0425e-06
SSBroyden2  iter 22500/50000  loss=6.9429e-05  pde=3.2584e-05  ic=5.6492e-06  bc=1.7198e-06
SSBroyden2  iter 23000/50000  loss=5.5517e-05  pde=3.0015e-05  ic=3.5720e-06  bc=1.5284e-06
SSBroyden2  iter 23500/50000  loss=6.0574e-05  pde=3.1095e-05  ic=4.4149e-06  bc=1.4810e-06
SSBroyden2  iter 24000/50000  loss=6.0529e-05  pde=3.0595e-05  ic=4.4660e-06  bc=1.5208e-06
SSBroyden2  iter 24500/50000  loss=6.5986e-05  pde=3.1726e-05  ic=5.5259e-06  bc=1.3261e-06
SSBroyden2  iter 25000/50000  loss=5.4347e-05  pde=2.9256e-05  ic=3.8715e-06  bc=1.1466e-06
SSBroyden2  iter 25500/50000  loss=5.5594e-05  pde=3.0038e-05  ic=3.7297e-06  bc=1.3816e-06
SSBroyden2  iter 26000/50000  loss=5.2733e-05  pde=2.9184e-05  ic=3.2607e-06  bc=1.4492e-06
SSBroyden2  iter 26500/50000  loss=5.1496e-05  pde=2.8201e-05  ic=3.2883e-06  bc=1.3706e-06
SSBroyden2  iter 27000/50000  loss=6.0175e-05  pde=3.0457e-05  ic=4.5179e-06  bc=1.4258e-06
SSBroyden2  iter 27500/50000  loss=5.7599e-05  pde=2.9094e-05  ic=4.1154e-06  bc=1.5855e-06
SSBroyden2  iter 28000/50000  loss=5.9816e-05  pde=2.7302e-05  ic=5.2514e-06  bc=1.2514e-06
SSBroyden2  iter 28500/50000  loss=4.5782e-05  pde=2.4500e-05  ic=3.1524e-06  bc=1.1039e-06
SSBroyden2  iter 29000/50000  loss=5.0492e-05  pde=2.7571e-05  ic=3.4629e-06  bc=1.1213e-06
SSBroyden2  iter 29500/50000  loss=5.7459e-05  pde=3.1955e-05  ic=3.7240e-06  bc=1.3767e-06
SSBroyden2  iter 30000/50000  loss=5.7303e-05  pde=2.7284e-05  ic=4.2022e-06  bc=1.8016e-06
SSBroyden2  iter 30500/50000  loss=5.4746e-05  pde=2.6189e-05  ic=4.3400e-06  bc=1.3714e-06
SSBroyden2  iter 31000/50000  loss=5.2686e-05  pde=2.7873e-05  ic=3.8607e-06  bc=1.1019e-06
SSBroyden2  iter 31500/50000  loss=4.6599e-05  pde=2.5446e-05  ic=3.1087e-06  bc=1.1217e-06
SSBroyden2  iter 32000/50000  loss=5.1717e-05  pde=2.7522e-05  ic=3.7101e-06  bc=1.1287e-06
SSBroyden2  iter 32500/50000  loss=4.5465e-05  pde=2.5886e-05  ic=2.7742e-06  bc=1.1416e-06
SSBroyden2  iter 33000/50000  loss=4.6429e-05  pde=2.5622e-05  ic=3.1816e-06  bc=9.7975e-07
SSBroyden2  iter 33500/50000  loss=4.6437e-05  pde=2.4705e-05  ic=3.0412e-06  bc=1.3051e-06
SSBroyden2  iter 34000/50000  loss=5.0663e-05  pde=2.7457e-05  ic=3.6295e-06  bc=1.0117e-06
SSBroyden2  iter 34500/50000  loss=4.8137e-05  pde=2.5048e-05  ic=3.7083e-06  bc=9.0958e-07
SSBroyden2  iter 35000/50000  loss=4.7572e-05  pde=2.6707e-05  ic=3.2638e-06  bc=9.0921e-07
SSBroyden2  iter 35500/50000  loss=4.3408e-05  pde=2.4368e-05  ic=2.7673e-06  bc=1.0408e-06
SSBroyden2  iter 36000/50000  loss=4.7955e-05  pde=2.5740e-05  ic=3.3814e-06  bc=1.0615e-06
SSBroyden2  iter 36500/50000  loss=4.3077e-05  pde=2.4954e-05  ic=2.7419e-06  bc=8.8255e-07
SSBroyden2  iter 37000/50000  loss=4.3067e-05  pde=2.4804e-05  ic=2.6692e-06  bc=9.8346e-07
SSBroyden2  iter 37500/50000  loss=4.3416e-05  pde=2.4903e-05  ic=2.7188e-06  bc=9.8385e-07
SSBroyden2  iter 38000/50000  loss=4.7800e-05  pde=2.7836e-05  ic=2.7973e-06  bc=1.1955e-06
SSBroyden2  iter 38500/50000  loss=4.5317e-05  pde=2.5810e-05  ic=2.9210e-06  bc=9.8049e-07
SSBroyden2  iter 39000/50000  loss=4.2129e-05  pde=2.4646e-05  ic=2.4827e-06  bc=1.0139e-06
SSBroyden2  iter 39500/50000  loss=4.1246e-05  pde=2.3174e-05  ic=2.8144e-06  bc=7.9988e-07
SSBroyden2  iter 40000/50000  loss=4.3601e-05  pde=2.4376e-05  ic=2.8974e-06  bc=9.4764e-07
SSBroyden2  iter 40500/50000  loss=4.3807e-05  pde=2.3527e-05  ic=3.2028e-06  bc=8.5318e-07
SSBroyden2  iter 41000/50000  loss=4.2127e-05  pde=2.3169e-05  ic=2.9567e-06  bc=8.3482e-07
SSBroyden2  iter 41500/50000  loss=4.1009e-05  pde=2.3238e-05  ic=2.6242e-06  bc=9.2984e-07
SSBroyden2  iter 42000/50000  loss=4.2998e-05  pde=2.4065e-05  ic=2.8199e-06  bc=9.6674e-07
SSBroyden2  iter 42500/50000  loss=4.1131e-05  pde=2.2201e-05  ic=2.7680e-06  bc=1.0180e-06
SSBroyden2  iter 43000/50000  loss=3.8726e-05  pde=2.1982e-05  ic=2.3804e-06  bc=9.6843e-07
SSBroyden2  iter 43500/50000  loss=3.9324e-05  pde=2.2688e-05  ic=2.4055e-06  bc=9.2166e-07
SSBroyden2  iter 44000/50000  loss=4.4737e-05  pde=2.1996e-05  ic=3.7180e-06  bc=8.3017e-07
SSBroyden2  iter 44500/50000  loss=3.7864e-05  pde=1.9468e-05  ic=2.9072e-06  bc=7.7200e-07
SSBroyden2  iter 45000/50000  loss=3.9845e-05  pde=2.1033e-05  ic=2.8340e-06  bc=9.2844e-07
SSBroyden2  iter 45500/50000  loss=3.8867e-05  pde=2.2264e-05  ic=2.7116e-06  bc=6.0898e-07
SSBroyden2  iter 46000/50000  loss=3.7377e-05  pde=2.1169e-05  ic=2.2612e-06  bc=9.8032e-07
SSBroyden2  iter 46500/50000  loss=4.0355e-05  pde=2.3604e-05  ic=2.4386e-06  bc=9.1151e-07
SSBroyden2  iter 47000/50000  loss=3.6963e-05  pde=2.1383e-05  ic=2.4342e-06  bc=6.8188e-07
SSBroyden2  iter 47500/50000  loss=4.0174e-05  pde=2.2980e-05  ic=2.4174e-06  bc=1.0213e-06
SSBroyden2  iter 48000/50000  loss=4.1077e-05  pde=2.4062e-05  ic=2.6465e-06  bc=7.5642e-07
SSBroyden2  iter 48500/50000  loss=3.2657e-05  pde=1.9470e-05  ic=1.9763e-06  bc=6.6096e-07
SSBroyden2  iter 49000/50000  loss=3.7661e-05  pde=2.1710e-05  ic=2.2509e-06  bc=9.3931e-07
SSBroyden2  iter 49500/50000  loss=3.1255e-05  pde=1.8771e-05  ic=1.7669e-06  bc=7.3003e-07
SSBroyden2  iter 50000/50000  loss=4.1788e-05  pde=2.3003e-05  ic=2.9206e-06  bc=8.3648e-07

SSBroyden2 phase complete: 47076.4s
Total training time: 47926.6s

Model saved to results/v3_64_ablation/V3_A_nint_16k/seed_2/model.pt
Metrics saved to results/v3_64_ablation/V3_A_nint_16k/seed_2/metrics.npz

Mass conservation diagnostic (<U> over domain at 21 times):
  <U>(t=0.0) = -0.003664
  <U>(t=20.0) = +0.007089
  max drift       = 1.08e-02

Loading reference solution from /oscar/home/dwong33/DRP-Cahn-Hilliard-PINN/reference_solution_64.npz ...
  Per-snapshot relative L2 errors:
    t=0.0  L2_rel=1.2797e-01
    t=5.0  L2_rel=4.7576e-01
    t=10.0  L2_rel=5.6295e-01
    t=15.0  L2_rel=7.1416e-01
    t=20.0  L2_rel=8.6378e-01
  Overall relative L2 = 3.8892e-01
  Saved comparison_snapshots.png
Summary saved to results/v3_64_ablation/V3_A_nint_16k/seed_2/summary.json

Plots saved to results/v3_64_ablation/V3_A_nint_16k/seed_2/

======================================================================
EXPERIMENT COMPLETE: V3_A_nint_16k
  Adam: 1000 epochs, 850.2s
  BFGS: 50000 iters (SSBroyden2), 47076.4s
  Total: 47926.6s
  Final loss: 4.1788e-05
  Final relative L2: 4.7686e-01
  Iterations to L2<=0.50: 28500
  Results: results/v3_64_ablation/V3_A_nint_16k/seed_2/
======================================================================

========================================================================
Job finished at Mon Apr 20 06:11:20 AM EDT 2026
Exit code: 0
========================================================================
