========================================================================
SLURM Job ID:       1795492
Array Task ID:      2
Config index:       0 / 10
Config file:        configs/v3_64_ablation/V3_A_nint_16k.yaml
Seed:               3
Hostname:           node2315.oscar.ccv.brown.edu
Date:               Sun Apr 19 04:52:13 PM EDT 2026
Working directory:  /users/dwong33/DRP-Cahn-Hilliard-PINN
Python:             /oscar/home/dwong33/astrolensing/bin/python
========================================================================
======================================================================
Cahn-Hilliard PINN — Batch Training
Config: configs/v3_64_ablation/V3_A_nint_16k.yaml
Seed override: 3
======================================================================
Config : V3_A_nint_16k
  PDE  : dU/dt = 1.0*lap(lap U + 1.0*U + 1.0*U^3)
  Domain: x=[0.0,64.0], y=[0.0,64.0], t=[0.0,20.0]
  Net  : (3, 20, 20, 20, 20, 1)  activation=tanh
  Train: Adam(1000) -> SSBroyden2(50000)
  Samp : Nint=16000, N0=500, Nb=500, RAD=on
  Device: cpu

Trainable parameters : 1361
Reference eval: /oscar/home/dwong33/DRP-Cahn-Hilliard-PINN/reference_solution_64.npz (21 times)
Phase 1 optimizer: ADAM  lr=0.001
Adam  epoch   500/1000  loss=3.4208e-02  pde=1.2391e-05  ic=6.8293e-03  bc=9.7127e-06
Adam  epoch  1000/1000  loss=3.0582e-02  pde=3.9152e-06  ic=6.0673e-03  bc=4.8309e-05

Adam phase complete: 864.4s  final loss=3.0582e-02
SSBroyden2  iter   500/50000  loss=1.1469e-02  pde=3.6664e-04  ic=2.1730e-03  bc=4.7454e-05
SSBroyden2  iter  1000/50000  loss=1.7529e-03  pde=3.6808e-04  ic=2.5676e-04  bc=2.0207e-05
SSBroyden2  iter  1500/50000  loss=7.7599e-04  pde=2.5473e-04  ic=9.0929e-05  bc=1.3322e-05
SSBroyden2  iter  2000/50000  loss=4.4061e-04  pde=1.6380e-04  ic=4.4621e-05  bc=1.0741e-05
SSBroyden2  iter  2500/50000  loss=3.9643e-04  pde=1.5029e-04  ic=4.0365e-05  bc=8.8631e-06
SSBroyden2  iter  3000/50000  loss=2.5492e-04  pde=8.7892e-05  ic=2.5705e-05  bc=7.7004e-06
SSBroyden2  iter  3500/50000  loss=2.0760e-04  pde=7.9761e-05  ic=2.0679e-05  bc=4.8887e-06
SSBroyden2  iter  4000/50000  loss=1.5617e-04  pde=6.6192e-05  ic=1.3449e-05  bc=4.5466e-06
SSBroyden2  iter  4500/50000  loss=1.6486e-04  pde=6.3526e-05  ic=1.5410e-05  bc=4.8573e-06
SSBroyden2  iter  5000/50000  loss=1.2742e-04  pde=5.3141e-05  ic=1.1157e-05  bc=3.6984e-06
SSBroyden2  iter  5500/50000  loss=1.4065e-04  pde=5.7245e-05  ic=1.3533e-05  bc=3.1484e-06
SSBroyden2  iter  6000/50000  loss=1.1330e-04  pde=5.2367e-05  ic=8.9103e-06  bc=3.2762e-06
SSBroyden2  iter  6500/50000  loss=1.2880e-04  pde=5.9464e-05  ic=1.1187e-05  bc=2.6807e-06
SSBroyden2  iter  7000/50000  loss=1.0828e-04  pde=4.7471e-05  ic=9.4029e-06  bc=2.7585e-06
SSBroyden2  iter  7500/50000  loss=1.1293e-04  pde=5.1667e-05  ic=8.9986e-06  bc=3.2535e-06
SSBroyden2  iter  8000/50000  loss=1.2332e-04  pde=4.8581e-05  ic=1.1701e-05  bc=3.2473e-06
SSBroyden2  iter  8500/50000  loss=1.0329e-04  pde=4.4541e-05  ic=9.0395e-06  bc=2.7102e-06
SSBroyden2  iter  9000/50000  loss=1.0547e-04  pde=4.9523e-05  ic=8.4934e-06  bc=2.6952e-06
SSBroyden2  iter  9500/50000  loss=9.2238e-05  pde=4.2263e-05  ic=7.8815e-06  bc=2.1135e-06
SSBroyden2  iter 10000/50000  loss=9.1764e-05  pde=4.0268e-05  ic=8.2060e-06  bc=2.0931e-06
SSBroyden2  iter 10500/50000  loss=9.6223e-05  pde=4.4977e-05  ic=7.5756e-06  bc=2.6736e-06
SSBroyden2  iter 11000/50000  loss=1.0724e-04  pde=4.6000e-05  ic=1.0338e-05  bc=1.9108e-06
SSBroyden2  iter 11500/50000  loss=8.3379e-05  pde=3.8277e-05  ic=6.8064e-06  bc=2.2139e-06
SSBroyden2  iter 12000/50000  loss=8.9258e-05  pde=4.4004e-05  ic=6.8959e-06  bc=2.1548e-06
SSBroyden2  iter 12500/50000  loss=8.7969e-05  pde=3.8894e-05  ic=7.7998e-06  bc=2.0150e-06
SSBroyden2  iter 13000/50000  loss=8.2574e-05  pde=3.8186e-05  ic=6.9341e-06  bc=1.9433e-06
SSBroyden2  iter 13500/50000  loss=6.8490e-05  pde=3.6440e-05  ic=5.0416e-06  bc=1.3684e-06
SSBroyden2  iter 14000/50000  loss=7.6440e-05  pde=3.7524e-05  ic=5.6343e-06  bc=2.1490e-06
SSBroyden2  iter 14500/50000  loss=7.9089e-05  pde=3.9684e-05  ic=6.2951e-06  bc=1.5858e-06
SSBroyden2  iter 15000/50000  loss=8.7079e-05  pde=3.7703e-05  ic=8.2532e-06  bc=1.6221e-06
SSBroyden2  iter 15500/50000  loss=8.6818e-05  pde=3.9465e-05  ic=7.6535e-06  bc=1.8171e-06
SSBroyden2  iter 16000/50000  loss=7.3200e-05  pde=3.7042e-05  ic=5.3553e-06  bc=1.8762e-06
SSBroyden2  iter 16500/50000  loss=6.9102e-05  pde=3.6095e-05  ic=5.0744e-06  bc=1.5271e-06
SSBroyden2  iter 17000/50000  loss=6.4838e-05  pde=3.6295e-05  ic=4.2462e-06  bc=1.4623e-06
SSBroyden2  iter 17500/50000  loss=6.8282e-05  pde=3.3702e-05  ic=4.9450e-06  bc=1.9710e-06
SSBroyden2  iter 18000/50000  loss=7.1022e-05  pde=3.4581e-05  ic=5.6186e-06  bc=1.6696e-06
SSBroyden2  iter 18500/50000  loss=6.6555e-05  pde=3.4080e-05  ic=4.9278e-06  bc=1.5671e-06
SSBroyden2  iter 19000/50000  loss=8.7728e-05  pde=3.9776e-05  ic=7.6518e-06  bc=1.9386e-06
SSBroyden2  iter 19500/50000  loss=7.4430e-05  pde=3.2427e-05  ic=6.9586e-06  bc=1.4421e-06
SSBroyden2  iter 20000/50000  loss=5.6240e-05  pde=3.0396e-05  ic=3.9176e-06  bc=1.2511e-06
SSBroyden2  iter 20500/50000  loss=6.8785e-05  pde=3.5789e-05  ic=4.8950e-06  bc=1.7041e-06
SSBroyden2  iter 21000/50000  loss=6.3823e-05  pde=3.1707e-05  ic=4.9268e-06  bc=1.4963e-06
SSBroyden2  iter 21500/50000  loss=6.0505e-05  pde=3.0654e-05  ic=4.6217e-06  bc=1.3484e-06
SSBroyden2  iter 22000/50000  loss=6.6131e-05  pde=3.3845e-05  ic=5.1298e-06  bc=1.3273e-06
SSBroyden2  iter 22500/50000  loss=6.3837e-05  pde=3.3155e-05  ic=4.4066e-06  bc=1.7300e-06
SSBroyden2  iter 23000/50000  loss=6.8091e-05  pde=3.6809e-05  ic=4.3016e-06  bc=1.9548e-06
SSBroyden2  iter 23500/50000  loss=6.6634e-05  pde=3.2781e-05  ic=5.0621e-06  bc=1.7084e-06
SSBroyden2  iter 24000/50000  loss=6.0794e-05  pde=3.3976e-05  ic=3.6847e-06  bc=1.6789e-06
SSBroyden2  iter 24500/50000  loss=6.6644e-05  pde=3.2393e-05  ic=5.1446e-06  bc=1.7056e-06
SSBroyden2  iter 25000/50000  loss=5.6546e-05  pde=2.9785e-05  ic=3.8890e-06  bc=1.4631e-06
SSBroyden2  iter 25500/50000  loss=5.9028e-05  pde=3.1925e-05  ic=4.2605e-06  bc=1.1601e-06
SSBroyden2  iter 26000/50000  loss=6.6670e-05  pde=3.5657e-05  ic=4.5946e-06  bc=1.6080e-06
SSBroyden2  iter 26500/50000  loss=6.2951e-05  pde=3.3332e-05  ic=4.6157e-06  bc=1.3081e-06
SSBroyden2  iter 27000/50000  loss=5.8680e-05  pde=3.2406e-05  ic=3.8031e-06  bc=1.4517e-06
SSBroyden2  iter 27500/50000  loss=5.7578e-05  pde=3.1429e-05  ic=4.1369e-06  bc=1.0927e-06
SSBroyden2  iter 28000/50000  loss=7.2333e-05  pde=3.6084e-05  ic=5.8227e-06  bc=1.4271e-06
SSBroyden2  iter 28500/50000  loss=6.5091e-05  pde=3.4441e-05  ic=4.5440e-06  bc=1.5861e-06
SSBroyden2  iter 29000/50000  loss=6.1412e-05  pde=3.1576e-05  ic=4.5415e-06  bc=1.4256e-06
SSBroyden2  iter 29500/50000  loss=5.5890e-05  pde=3.0770e-05  ic=3.7936e-06  bc=1.2304e-06
SSBroyden2  iter 30000/50000  loss=6.8008e-05  pde=3.2059e-05  ic=5.6442e-06  bc=1.5457e-06
SSBroyden2  iter 30500/50000  loss=6.1765e-05  pde=3.3263e-05  ic=4.4312e-06  bc=1.2691e-06
SSBroyden2  iter 31000/50000  loss=5.0520e-05  pde=2.8580e-05  ic=3.0656e-06  bc=1.3223e-06
SSBroyden2  iter 31500/50000  loss=4.9323e-05  pde=2.8447e-05  ic=3.2977e-06  bc=8.7756e-07
SSBroyden2  iter 32000/50000  loss=5.4234e-05  pde=2.9062e-05  ic=3.9041e-06  bc=1.1305e-06
SSBroyden2  iter 32500/50000  loss=5.7135e-05  pde=3.0855e-05  ic=4.1805e-06  bc=1.0754e-06
SSBroyden2  iter 33000/50000  loss=5.3752e-05  pde=2.9072e-05  ic=3.6697e-06  bc=1.2663e-06
SSBroyden2  iter 33500/50000  loss=5.2013e-05  pde=3.0813e-05  ic=3.1218e-06  bc=1.1181e-06
SSBroyden2  iter 34000/50000  loss=5.0461e-05  pde=2.8782e-05  ic=2.9457e-06  bc=1.3900e-06
SSBroyden2  iter 34500/50000  loss=5.4386e-05  pde=3.0660e-05  ic=3.1982e-06  bc=1.5470e-06
SSBroyden2  iter 35000/50000  loss=5.0394e-05  pde=2.7751e-05  ic=3.2907e-06  bc=1.2380e-06
SSBroyden2  iter 35500/50000  loss=4.9858e-05  pde=2.6432e-05  ic=3.7327e-06  bc=9.5260e-07
SSBroyden2  iter 36000/50000  loss=5.2084e-05  pde=2.7901e-05  ic=3.8455e-06  bc=9.9110e-07
SSBroyden2  iter 36500/50000  loss=5.3816e-05  pde=2.9148e-05  ic=3.9470e-06  bc=9.8641e-07
SSBroyden2  iter 37000/50000  loss=5.4967e-05  pde=2.7322e-05  ic=4.3515e-06  bc=1.1774e-06
SSBroyden2  iter 37500/50000  loss=4.1771e-05  pde=2.5423e-05  ic=2.4494e-06  bc=8.2012e-07
SSBroyden2  iter 38000/50000  loss=4.8035e-05  pde=2.7087e-05  ic=3.0733e-06  bc=1.1164e-06
SSBroyden2  iter 38500/50000  loss=4.4916e-05  pde=2.7162e-05  ic=2.5031e-06  bc=1.0476e-06
SSBroyden2  iter 39000/50000  loss=5.5256e-05  pde=2.8964e-05  ic=4.1182e-06  bc=1.1402e-06
SSBroyden2  iter 39500/50000  loss=5.0047e-05  pde=2.7998e-05  ic=3.2908e-06  bc=1.1190e-06
SSBroyden2  iter 40000/50000  loss=4.2172e-05  pde=2.5167e-05  ic=2.5505e-06  bc=8.5065e-07
SSBroyden2  iter 40500/50000  loss=5.2366e-05  pde=2.8529e-05  ic=3.5653e-06  bc=1.2020e-06
SSBroyden2  iter 41000/50000  loss=4.5694e-05  pde=2.4399e-05  ic=3.2248e-06  bc=1.0342e-06
SSBroyden2  iter 41500/50000  loss=5.0912e-05  pde=2.6321e-05  ic=3.7789e-06  bc=1.1394e-06
SSBroyden2  iter 42000/50000  loss=4.8215e-05  pde=2.8181e-05  ic=2.5550e-06  bc=1.4517e-06
SSBroyden2  iter 42500/50000  loss=4.5521e-05  pde=2.4423e-05  ic=3.1032e-06  bc=1.1162e-06
SSBroyden2  iter 43000/50000  loss=5.4607e-05  pde=2.8225e-05  ic=4.0050e-06  bc=1.2714e-06
SSBroyden2  iter 43500/50000  loss=4.4833e-05  pde=2.7491e-05  ic=2.5048e-06  bc=9.6355e-07
SSBroyden2  iter 44000/50000  loss=5.1643e-05  pde=2.8006e-05  ic=3.7681e-06  bc=9.5942e-07
SSBroyden2  iter 44500/50000  loss=4.5670e-05  pde=2.2300e-05  ic=3.4466e-06  bc=1.2274e-06
SSBroyden2  iter 45000/50000  loss=4.6747e-05  pde=2.4622e-05  ic=3.3367e-06  bc=1.0883e-06
SSBroyden2  iter 45500/50000  loss=4.2385e-05  pde=2.3299e-05  ic=2.9302e-06  bc=8.8690e-07
SSBroyden2  iter 46000/50000  loss=4.4652e-05  pde=2.4099e-05  ic=3.2005e-06  bc=9.1008e-07
SSBroyden2  iter 46500/50000  loss=4.0818e-05  pde=2.4145e-05  ic=2.5668e-06  bc=7.6785e-07
SSBroyden2  iter 47000/50000  loss=4.9344e-05  pde=2.6491e-05  ic=3.2594e-06  bc=1.3112e-06
SSBroyden2  iter 47500/50000  loss=4.4969e-05  pde=2.6153e-05  ic=2.7276e-06  bc=1.0355e-06
SSBroyden2  iter 48000/50000  loss=4.0696e-05  pde=2.5236e-05  ic=2.1755e-06  bc=9.1643e-07
SSBroyden2  iter 48500/50000  loss=5.3471e-05  pde=2.5577e-05  ic=4.2501e-06  bc=1.3287e-06
SSBroyden2  iter 49000/50000  loss=4.0647e-05  pde=2.3557e-05  ic=2.5100e-06  bc=9.0787e-07
SSBroyden2  iter 49500/50000  loss=4.1010e-05  pde=2.2713e-05  ic=2.7609e-06  bc=8.9846e-07
SSBroyden2  iter 50000/50000  loss=3.8727e-05  pde=2.4487e-05  ic=1.9700e-06  bc=8.7797e-07

SSBroyden2 phase complete: 47089.0s
Total training time: 47953.4s

Model saved to results/v3_64_ablation/V3_A_nint_16k/seed_3/model.pt
Metrics saved to results/v3_64_ablation/V3_A_nint_16k/seed_3/metrics.npz

Mass conservation diagnostic (<U> over domain at 21 times):
  <U>(t=0.0) = -0.003323
  <U>(t=20.0) = +0.013192
  max drift       = 1.65e-02

Loading reference solution from /oscar/home/dwong33/DRP-Cahn-Hilliard-PINN/reference_solution_64.npz ...
  Per-snapshot relative L2 errors:
    t=0.0  L2_rel=1.5679e-01
    t=5.0  L2_rel=5.3919e-01
    t=10.0  L2_rel=6.8232e-01
    t=15.0  L2_rel=8.8335e-01
    t=20.0  L2_rel=1.0669e+00
  Overall relative L2 = 4.6967e-01
  Saved comparison_snapshots.png
Summary saved to results/v3_64_ablation/V3_A_nint_16k/seed_3/summary.json

Plots saved to results/v3_64_ablation/V3_A_nint_16k/seed_3/

======================================================================
EXPERIMENT COMPLETE: V3_A_nint_16k
  Adam: 1000 epochs, 864.4s
  BFGS: 50000 iters (SSBroyden2), 47089.0s
  Total: 47953.4s
  Final loss: 3.8727e-05
  Final relative L2: 5.6562e-01
  Results: results/v3_64_ablation/V3_A_nint_16k/seed_3/
======================================================================

========================================================================
Job finished at Mon Apr 20 06:11:46 AM EDT 2026
Exit code: 0
========================================================================
