========================================================================
SLURM Job ID:       1795496
Array Task ID:      6
Config index:       2 / 10
Config file:        configs/v3_64_ablation/V3_C_rad_k2_0p5.yaml
Seed:               1
Hostname:           node2315.oscar.ccv.brown.edu
Date:               Sun Apr 19 04:52:13 PM EDT 2026
Working directory:  /users/dwong33/DRP-Cahn-Hilliard-PINN
Python:             /oscar/home/dwong33/astrolensing/bin/python
========================================================================
======================================================================
Cahn-Hilliard PINN — Batch Training
Config: configs/v3_64_ablation/V3_C_rad_k2_0p5.yaml
Seed override: 1
======================================================================
Config : V3_C_rad_k2_0p5
  PDE  : dU/dt = 1.0*lap(lap U + 1.0*U + 1.0*U^3)
  Domain: x=[0.0,64.0], y=[0.0,64.0], t=[0.0,20.0]
  Net  : (3, 20, 20, 20, 20, 1)  activation=tanh
  Train: Adam(1000) -> SSBroyden2(50000)
  Samp : Nint=8000, N0=500, Nb=500, RAD=on
  Device: cpu

Trainable parameters : 1361
Reference eval: /oscar/home/dwong33/DRP-Cahn-Hilliard-PINN/reference_solution_64.npz (21 times)
Phase 1 optimizer: ADAM  lr=0.001
Adam  epoch   500/1000  loss=3.0965e-02  pde=1.2062e-07  ic=6.1691e-03  bc=2.3942e-05
Adam  epoch  1000/1000  loss=3.0541e-02  pde=1.0554e-04  ic=6.0164e-03  bc=7.0700e-05

Adam phase complete: 610.9s  final loss=3.0541e-02
SSBroyden2  iter   500/50000  loss=1.2898e-02  pde=9.5926e-05  ic=2.4331e-03  bc=1.2723e-04
SSBroyden2  iter  1000/50000  loss=2.5179e-03  pde=4.3395e-04  ic=3.7863e-04  bc=3.8168e-05
SSBroyden2  iter  1500/50000  loss=8.4047e-04  pde=2.4291e-04  ic=1.0258e-04  bc=1.6930e-05
SSBroyden2  iter  2000/50000  loss=4.8091e-04  pde=1.7785e-04  ic=4.8871e-05  bc=1.1740e-05
SSBroyden2  iter  2500/50000  loss=3.5973e-04  pde=1.2668e-04  ic=4.1279e-05  bc=5.3309e-06
SSBroyden2  iter  3000/50000  loss=3.1597e-04  pde=1.3387e-04  ic=3.1437e-05  bc=4.9829e-06
SSBroyden2  iter  3500/50000  loss=3.1154e-04  pde=1.2198e-04  ic=3.1941e-05  bc=5.9714e-06
SSBroyden2  iter  4000/50000  loss=2.2978e-04  pde=9.0267e-05  ic=2.3713e-05  bc=4.1890e-06
SSBroyden2  iter  4500/50000  loss=2.2649e-04  pde=8.5749e-05  ic=2.2876e-05  bc=5.2725e-06
SSBroyden2  iter  5000/50000  loss=2.2042e-04  pde=9.4199e-05  ic=1.9571e-05  bc=5.6721e-06
SSBroyden2  iter  5500/50000  loss=2.1335e-04  pde=8.7173e-05  ic=2.0484e-05  bc=4.7526e-06
SSBroyden2  iter  6000/50000  loss=2.2158e-04  pde=9.9247e-05  ic=1.8670e-05  bc=5.7977e-06
SSBroyden2  iter  6500/50000  loss=1.9260e-04  pde=6.9721e-05  ic=2.0326e-05  bc=4.2490e-06
SSBroyden2  iter  7000/50000  loss=1.6129e-04  pde=7.8604e-05  ic=1.2647e-05  bc=3.8899e-06
SSBroyden2  iter  7500/50000  loss=1.6700e-04  pde=7.0546e-05  ic=1.5307e-05  bc=3.9850e-06
SSBroyden2  iter  8000/50000  loss=1.5516e-04  pde=6.7518e-05  ic=1.3567e-05  bc=3.9608e-06
SSBroyden2  iter  8500/50000  loss=1.6103e-04  pde=7.0935e-05  ic=1.3381e-05  bc=4.6383e-06
SSBroyden2  iter  9000/50000  loss=1.3635e-04  pde=6.8682e-05  ic=9.9450e-06  bc=3.5893e-06
SSBroyden2  iter  9500/50000  loss=1.2179e-04  pde=5.5285e-05  ic=1.0180e-05  bc=3.1208e-06
SSBroyden2  iter 10000/50000  loss=1.3140e-04  pde=6.1353e-05  ic=1.1033e-05  bc=2.9765e-06
SSBroyden2  iter 10500/50000  loss=1.1073e-04  pde=5.3737e-05  ic=8.8324e-06  bc=2.5663e-06
SSBroyden2  iter 11000/50000  loss=1.3600e-04  pde=6.1525e-05  ic=1.2099e-05  bc=2.7948e-06
SSBroyden2  iter 11500/50000  loss=1.1909e-04  pde=5.3315e-05  ic=1.0406e-05  bc=2.7487e-06
SSBroyden2  iter 12000/50000  loss=1.1874e-04  pde=5.7495e-05  ic=9.7351e-06  bc=2.5136e-06
SSBroyden2  iter 12500/50000  loss=1.2152e-04  pde=5.7211e-05  ic=9.6510e-06  bc=3.2106e-06
SSBroyden2  iter 13000/50000  loss=1.2887e-04  pde=5.6805e-05  ic=1.0679e-05  bc=3.7337e-06
SSBroyden2  iter 13500/50000  loss=1.0423e-04  pde=4.6534e-05  ic=8.2111e-06  bc=3.3277e-06
SSBroyden2  iter 14000/50000  loss=1.1290e-04  pde=5.2393e-05  ic=9.8429e-06  bc=2.2593e-06
SSBroyden2  iter 14500/50000  loss=1.1126e-04  pde=4.9934e-05  ic=9.7821e-06  bc=2.4835e-06
SSBroyden2  iter 15000/50000  loss=1.0580e-04  pde=4.8466e-05  ic=8.5987e-06  bc=2.8675e-06
SSBroyden2  iter 15500/50000  loss=1.2084e-04  pde=5.2479e-05  ic=9.7341e-06  bc=3.9377e-06
SSBroyden2  iter 16000/50000  loss=1.0297e-04  pde=5.1393e-05  ic=7.3548e-06  bc=2.9604e-06
SSBroyden2  iter 16500/50000  loss=1.0047e-04  pde=4.6472e-05  ic=8.3902e-06  bc=2.4096e-06
SSBroyden2  iter 17000/50000  loss=9.2938e-05  pde=4.6866e-05  ic=7.3883e-06  bc=1.8261e-06
SSBroyden2  iter 17500/50000  loss=8.3323e-05  pde=4.0880e-05  ic=6.0150e-06  bc=2.4736e-06
SSBroyden2  iter 18000/50000  loss=9.6574e-05  pde=4.6835e-05  ic=7.7448e-06  bc=2.2030e-06
SSBroyden2  iter 18500/50000  loss=1.0072e-04  pde=5.1857e-05  ic=7.7214e-06  bc=2.0505e-06
SSBroyden2  iter 19000/50000  loss=8.5027e-05  pde=4.3095e-05  ic=6.6468e-06  bc=1.7396e-06
SSBroyden2  iter 19500/50000  loss=9.0990e-05  pde=4.5109e-05  ic=6.7228e-06  bc=2.4534e-06
SSBroyden2  iter 20000/50000  loss=9.2935e-05  pde=4.8960e-05  ic=6.5924e-06  bc=2.2027e-06
SSBroyden2  iter 20500/50000  loss=9.2939e-05  pde=4.2699e-05  ic=7.3745e-06  bc=2.6734e-06
SSBroyden2  iter 21000/50000  loss=9.0635e-05  pde=4.3547e-05  ic=6.8772e-06  bc=2.5404e-06
SSBroyden2  iter 21500/50000  loss=8.7985e-05  pde=4.1020e-05  ic=7.2166e-06  bc=2.1763e-06
SSBroyden2  iter 22000/50000  loss=8.7914e-05  pde=4.5438e-05  ic=5.8494e-06  bc=2.6458e-06
SSBroyden2  iter 22500/50000  loss=8.2031e-05  pde=3.9220e-05  ic=6.2195e-06  bc=2.3426e-06
SSBroyden2  iter 23000/50000  loss=8.0189e-05  pde=4.2089e-05  ic=5.5453e-06  bc=2.0747e-06
SSBroyden2  iter 23500/50000  loss=9.7224e-05  pde=4.0156e-05  ic=8.2058e-06  bc=3.2076e-06
SSBroyden2  iter 24000/50000  loss=8.1200e-05  pde=3.9435e-05  ic=5.9444e-06  bc=2.4086e-06
SSBroyden2  iter 24500/50000  loss=8.4155e-05  pde=4.4518e-05  ic=6.1136e-06  bc=1.8140e-06
SSBroyden2  iter 25000/50000  loss=8.4622e-05  pde=4.0577e-05  ic=6.4813e-06  bc=2.3278e-06
SSBroyden2  iter 25500/50000  loss=8.1683e-05  pde=4.2423e-05  ic=6.0768e-06  bc=1.7751e-06
SSBroyden2  iter 26000/50000  loss=6.6377e-05  pde=3.5533e-05  ic=4.4346e-06  bc=1.7342e-06
SSBroyden2  iter 26500/50000  loss=7.3441e-05  pde=3.9405e-05  ic=4.9280e-06  bc=1.8793e-06
SSBroyden2  iter 27000/50000  loss=7.5454e-05  pde=4.1397e-05  ic=4.9612e-06  bc=1.8502e-06
SSBroyden2  iter 27500/50000  loss=8.7003e-05  pde=4.0975e-05  ic=7.1625e-06  bc=2.0431e-06
SSBroyden2  iter 28000/50000  loss=6.8123e-05  pde=3.7563e-05  ic=4.3872e-06  bc=1.7249e-06
SSBroyden2  iter 28500/50000  loss=8.2346e-05  pde=4.2105e-05  ic=5.9567e-06  bc=2.0916e-06
SSBroyden2  iter 29000/50000  loss=7.6770e-05  pde=4.2742e-05  ic=4.8820e-06  bc=1.9235e-06
SSBroyden2  iter 29500/50000  loss=7.4730e-05  pde=3.9632e-05  ic=5.2158e-06  bc=1.8039e-06
SSBroyden2  iter 30000/50000  loss=8.1768e-05  pde=4.1854e-05  ic=5.8970e-06  bc=2.0858e-06
SSBroyden2  iter 30500/50000  loss=6.3374e-05  pde=3.4797e-05  ic=4.2768e-06  bc=1.4385e-06
SSBroyden2  iter 31000/50000  loss=8.2183e-05  pde=4.2704e-05  ic=5.6839e-06  bc=2.2119e-06
SSBroyden2  iter 31500/50000  loss=8.7935e-05  pde=4.1613e-05  ic=7.6941e-06  bc=1.5703e-06
SSBroyden2  iter 32000/50000  loss=6.9642e-05  pde=3.9732e-05  ic=4.0476e-06  bc=1.9344e-06
SSBroyden2  iter 32500/50000  loss=7.1933e-05  pde=3.8071e-05  ic=4.9926e-06  bc=1.7798e-06
SSBroyden2  iter 33000/50000  loss=7.2902e-05  pde=3.8385e-05  ic=4.9934e-06  bc=1.9101e-06
SSBroyden2  iter 33500/50000  loss=8.0146e-05  pde=4.6735e-05  ic=4.9751e-06  bc=1.7072e-06
SSBroyden2  iter 34000/50000  loss=7.3131e-05  pde=3.7425e-05  ic=5.5114e-06  bc=1.6299e-06
SSBroyden2  iter 34500/50000  loss=6.9274e-05  pde=3.6985e-05  ic=4.4583e-06  bc=1.9994e-06
SSBroyden2  iter 35000/50000  loss=7.1574e-05  pde=4.0340e-05  ic=4.5289e-06  bc=1.7180e-06
SSBroyden2  iter 35500/50000  loss=8.0642e-05  pde=4.0592e-05  ic=5.3723e-06  bc=2.6377e-06
SSBroyden2  iter 36000/50000  loss=6.3337e-05  pde=3.3975e-05  ic=4.3744e-06  bc=1.4980e-06
SSBroyden2  iter 36500/50000  loss=7.8605e-05  pde=3.7680e-05  ic=5.9137e-06  bc=2.2714e-06
SSBroyden2  iter 37000/50000  loss=6.8153e-05  pde=3.7203e-05  ic=4.6847e-06  bc=1.5053e-06
SSBroyden2  iter 37500/50000  loss=7.3115e-05  pde=3.8662e-05  ic=4.6662e-06  bc=2.2243e-06
SSBroyden2  iter 38000/50000  loss=7.1037e-05  pde=3.6202e-05  ic=4.1049e-06  bc=2.8621e-06
SSBroyden2  iter 38500/50000  loss=7.4160e-05  pde=4.1143e-05  ic=4.6405e-06  bc=1.9630e-06
SSBroyden2  iter 39000/50000  loss=6.5086e-05  pde=3.3818e-05  ic=4.9299e-06  bc=1.3236e-06
SSBroyden2  iter 39500/50000  loss=7.3876e-05  pde=3.7137e-05  ic=5.6187e-06  bc=1.7291e-06
SSBroyden2  iter 40000/50000  loss=6.0646e-05  pde=3.4742e-05  ic=3.7378e-06  bc=1.4430e-06
SSBroyden2  iter 40500/50000  loss=6.7534e-05  pde=3.5142e-05  ic=4.9151e-06  bc=1.5632e-06
SSBroyden2  iter 41000/50000  loss=7.1454e-05  pde=3.7585e-05  ic=4.6282e-06  bc=2.1456e-06
SSBroyden2  iter 41500/50000  loss=6.9913e-05  pde=3.6650e-05  ic=4.7762e-06  bc=1.8764e-06
SSBroyden2  iter 42000/50000  loss=6.6901e-05  pde=3.8150e-05  ic=4.1589e-06  bc=1.5912e-06
SSBroyden2  iter 42500/50000  loss=6.6941e-05  pde=3.5809e-05  ic=4.5462e-06  bc=1.6801e-06
SSBroyden2  iter 43000/50000  loss=7.0661e-05  pde=3.5060e-05  ic=4.6728e-06  bc=2.4473e-06
SSBroyden2  iter 43500/50000  loss=6.9723e-05  pde=3.7125e-05  ic=4.2219e-06  bc=2.2977e-06
SSBroyden2  iter 44000/50000  loss=7.5152e-05  pde=3.8958e-05  ic=5.1270e-06  bc=2.1117e-06
SSBroyden2  iter 44500/50000  loss=6.2466e-05  pde=3.2999e-05  ic=4.1942e-06  bc=1.6991e-06
SSBroyden2  iter 45000/50000  loss=5.9668e-05  pde=3.1675e-05  ic=4.0661e-06  bc=1.5325e-06
SSBroyden2  iter 45500/50000  loss=7.5826e-05  pde=3.8080e-05  ic=5.9765e-06  bc=1.5727e-06
SSBroyden2  iter 46000/50000  loss=5.6675e-05  pde=3.2177e-05  ic=3.5481e-06  bc=1.3515e-06
SSBroyden2  iter 46500/50000  loss=7.0306e-05  pde=3.2515e-05  ic=5.8331e-06  bc=1.7252e-06
SSBroyden2  iter 47000/50000  loss=7.2281e-05  pde=3.6296e-05  ic=4.4695e-06  bc=2.7276e-06
SSBroyden2  iter 47500/50000  loss=7.2050e-05  pde=3.6416e-05  ic=4.6946e-06  bc=2.4322e-06
SSBroyden2  iter 48000/50000  loss=5.9878e-05  pde=3.6551e-05  ic=3.3523e-06  bc=1.3133e-06
SSBroyden2  iter 48500/50000  loss=6.6784e-05  pde=3.5246e-05  ic=4.7152e-06  bc=1.5923e-06
SSBroyden2  iter 49000/50000  loss=5.8494e-05  pde=2.9934e-05  ic=4.1174e-06  bc=1.5945e-06
SSBroyden2  iter 49500/50000  loss=5.6737e-05  pde=3.0943e-05  ic=3.8147e-06  bc=1.3442e-06
SSBroyden2  iter 50000/50000  loss=6.8422e-05  pde=3.3359e-05  ic=4.9384e-06  bc=2.0741e-06

SSBroyden2 phase complete: 43137.4s
Total training time: 43748.3s

Model saved to results/v3_64_ablation/V3_C_rad_k2_0p5/seed_1/model.pt
Metrics saved to results/v3_64_ablation/V3_C_rad_k2_0p5/seed_1/metrics.npz

Mass conservation diagnostic (<U> over domain at 21 times):
  <U>(t=0.0) = -0.003419
  <U>(t=20.0) = +0.007647
  max drift       = 1.11e-02

Loading reference solution from /oscar/home/dwong33/DRP-Cahn-Hilliard-PINN/reference_solution_64.npz ...
  Per-snapshot relative L2 errors:
    t=0.0  L2_rel=1.9169e-01
    t=5.0  L2_rel=5.3189e-01
    t=10.0  L2_rel=6.3275e-01
    t=15.0  L2_rel=7.8870e-01
    t=20.0  L2_rel=9.3839e-01
  Overall relative L2 = 4.4247e-01
  Saved comparison_snapshots.png
Summary saved to results/v3_64_ablation/V3_C_rad_k2_0p5/seed_1/summary.json

Plots saved to results/v3_64_ablation/V3_C_rad_k2_0p5/seed_1/

======================================================================
EXPERIMENT COMPLETE: V3_C_rad_k2_0p5
  Adam: 1000 epochs, 610.9s
  BFGS: 50000 iters (SSBroyden2), 43137.4s
  Total: 43748.3s
  Final loss: 6.8422e-05
  Final relative L2: 5.2997e-01
  Results: results/v3_64_ablation/V3_C_rad_k2_0p5/seed_1/
======================================================================

========================================================================
Job finished at Mon Apr 20 05:01:47 AM EDT 2026
Exit code: 0
========================================================================
