========================================================================
SLURM Job ID:       1798650
Array Task ID:      17
Config index:       5 / 10
Config file:        configs/v3_64_ablation/V3_F_combined_sampling.yaml
Seed:               3
Hostname:           node2326.oscar.ccv.brown.edu
Date:               Sun Apr 19 10:37:42 PM EDT 2026
Working directory:  /users/dwong33/DRP-Cahn-Hilliard-PINN
Python:             /oscar/home/dwong33/astrolensing/bin/python
========================================================================
======================================================================
Cahn-Hilliard PINN — Batch Training
Config: configs/v3_64_ablation/V3_F_combined_sampling.yaml
Seed override: 3
======================================================================
Config : V3_F_combined_sampling
  PDE  : dU/dt = 1.0*lap(lap U + 1.0*U + 1.0*U^3)
  Domain: x=[0.0,64.0], y=[0.0,64.0], t=[0.0,20.0]
  Net  : (3, 20, 20, 20, 20, 1)  activation=tanh
  Train: Adam(1000) -> SSBroyden2(50000)
  Samp : Nint=16000, N0=1000, Nb=500, RAD=on
  Device: cpu

Trainable parameters : 1361
Reference eval: /oscar/home/dwong33/DRP-Cahn-Hilliard-PINN/reference_solution_64.npz (21 times)
Phase 1 optimizer: ADAM  lr=0.001
Adam  epoch   500/1000  loss=3.3199e-02  pde=1.9100e-05  ic=6.6145e-03  bc=2.1576e-05
Adam  epoch  1000/1000  loss=3.1461e-02  pde=6.1196e-06  ic=6.2528e-03  bc=3.8253e-05

Adam phase complete: 876.0s  final loss=3.1461e-02
SSBroyden2  iter   500/50000  loss=1.1616e-02  pde=1.7104e-04  ic=2.2048e-03  bc=8.4086e-05
SSBroyden2  iter  1000/50000  loss=1.8002e-03  pde=3.9378e-04  ic=2.5659e-04  bc=2.4705e-05
SSBroyden2  iter  1500/50000  loss=7.3364e-04  pde=2.4069e-04  ic=8.4834e-05  bc=1.3757e-05
SSBroyden2  iter  2000/50000  loss=5.1981e-04  pde=1.5731e-04  ic=6.1323e-05  bc=1.1177e-05
SSBroyden2  iter  2500/50000  loss=3.5380e-04  pde=1.1058e-04  ic=4.1290e-05  bc=7.3531e-06
SSBroyden2  iter  3000/50000  loss=2.9015e-04  pde=1.0361e-04  ic=2.7818e-05  bc=9.4892e-06
SSBroyden2  iter  3500/50000  loss=2.5286e-04  pde=8.4416e-05  ic=2.7864e-05  bc=5.8249e-06
SSBroyden2  iter  4000/50000  loss=2.1798e-04  pde=7.7567e-05  ic=2.2895e-05  bc=5.1871e-06
SSBroyden2  iter  4500/50000  loss=1.9085e-04  pde=7.6244e-05  ic=1.8977e-05  bc=3.9450e-06
SSBroyden2  iter  5000/50000  loss=1.9157e-04  pde=6.3758e-05  ic=2.0891e-05  bc=4.6723e-06
SSBroyden2  iter  5500/50000  loss=1.5192e-04  pde=5.3851e-05  ic=1.6742e-05  bc=2.8718e-06
SSBroyden2  iter  6000/50000  loss=1.5451e-04  pde=5.7558e-05  ic=1.6541e-05  bc=2.8489e-06
SSBroyden2  iter  6500/50000  loss=1.5105e-04  pde=5.2509e-05  ic=1.6813e-05  bc=2.8954e-06
SSBroyden2  iter  7000/50000  loss=1.4297e-04  pde=5.4342e-05  ic=1.4441e-05  bc=3.2843e-06
SSBroyden2  iter  7500/50000  loss=1.2941e-04  pde=5.1424e-05  ic=1.3304e-05  bc=2.2934e-06
SSBroyden2  iter  8000/50000  loss=1.2372e-04  pde=5.0969e-05  ic=1.2462e-05  bc=2.0876e-06
SSBroyden2  iter  8500/50000  loss=1.2539e-04  pde=4.9594e-05  ic=1.2892e-05  bc=2.2671e-06
SSBroyden2  iter  9000/50000  loss=1.1149e-04  pde=4.3690e-05  ic=1.1136e-05  bc=2.4235e-06
SSBroyden2  iter  9500/50000  loss=1.0313e-04  pde=4.5951e-05  ic=9.7540e-06  bc=1.6821e-06
SSBroyden2  iter 10000/50000  loss=1.0540e-04  pde=4.5827e-05  ic=1.0173e-05  bc=1.7425e-06
SSBroyden2  iter 10500/50000  loss=8.6776e-05  pde=3.9538e-05  ic=7.8195e-06  bc=1.6282e-06
SSBroyden2  iter 11000/50000  loss=9.7588e-05  pde=4.2880e-05  ic=9.1073e-06  bc=1.8343e-06
SSBroyden2  iter 11500/50000  loss=9.5503e-05  pde=4.1942e-05  ic=8.6215e-06  bc=2.0907e-06
SSBroyden2  iter 12000/50000  loss=7.9496e-05  pde=3.8220e-05  ic=6.6596e-06  bc=1.5957e-06
SSBroyden2  iter 12500/50000  loss=7.9564e-05  pde=3.7136e-05  ic=6.7257e-06  bc=1.7599e-06
SSBroyden2  iter 13000/50000  loss=8.1066e-05  pde=3.9827e-05  ic=6.7191e-06  bc=1.5286e-06
SSBroyden2  iter 13500/50000  loss=7.8986e-05  pde=3.9489e-05  ic=6.1334e-06  bc=1.7660e-06
SSBroyden2  iter 14000/50000  loss=7.8775e-05  pde=3.7170e-05  ic=6.3092e-06  bc=2.0117e-06
SSBroyden2  iter 14500/50000  loss=7.2696e-05  pde=3.7350e-05  ic=5.9201e-06  bc=1.1491e-06
SSBroyden2  iter 15000/50000  loss=7.0192e-05  pde=3.4837e-05  ic=5.9216e-06  bc=1.1495e-06
SSBroyden2  iter 15500/50000  loss=7.3641e-05  pde=3.5301e-05  ic=6.2074e-06  bc=1.4608e-06
SSBroyden2  iter 16000/50000  loss=6.9018e-05  pde=3.4467e-05  ic=5.7614e-06  bc=1.1489e-06
SSBroyden2  iter 16500/50000  loss=7.2056e-05  pde=3.5672e-05  ic=5.9815e-06  bc=1.2953e-06
SSBroyden2  iter 17000/50000  loss=6.5276e-05  pde=3.1842e-05  ic=5.5527e-06  bc=1.1340e-06
SSBroyden2  iter 17500/50000  loss=6.5935e-05  pde=3.4130e-05  ic=5.3280e-06  bc=1.0330e-06
SSBroyden2  iter 18000/50000  loss=6.1689e-05  pde=3.2640e-05  ic=4.7157e-06  bc=1.0940e-06
SSBroyden2  iter 18500/50000  loss=6.1241e-05  pde=3.1047e-05  ic=5.0553e-06  bc=9.8337e-07
SSBroyden2  iter 19000/50000  loss=5.7326e-05  pde=2.9046e-05  ic=4.6362e-06  bc=1.0198e-06
SSBroyden2  iter 19500/50000  loss=6.1618e-05  pde=3.0315e-05  ic=5.2337e-06  bc=1.0269e-06
SSBroyden2  iter 20000/50000  loss=5.7694e-05  pde=3.0953e-05  ic=4.4928e-06  bc=8.5552e-07
SSBroyden2  iter 20500/50000  loss=5.6485e-05  pde=2.8855e-05  ic=4.4948e-06  bc=1.0311e-06
SSBroyden2  iter 21000/50000  loss=5.8985e-05  pde=2.9568e-05  ic=4.7830e-06  bc=1.1003e-06
SSBroyden2  iter 21500/50000  loss=5.9334e-05  pde=3.0029e-05  ic=4.5487e-06  bc=1.3125e-06
SSBroyden2  iter 22000/50000  loss=5.6095e-05  pde=2.9790e-05  ic=4.1348e-06  bc=1.1262e-06
SSBroyden2  iter 22500/50000  loss=5.5596e-05  pde=2.9975e-05  ic=4.2524e-06  bc=8.7171e-07
SSBroyden2  iter 23000/50000  loss=5.3829e-05  pde=2.7749e-05  ic=4.2159e-06  bc=1.0001e-06
SSBroyden2  iter 23500/50000  loss=5.2517e-05  pde=2.8669e-05  ic=3.6576e-06  bc=1.1119e-06
SSBroyden2  iter 24000/50000  loss=5.0721e-05  pde=2.6554e-05  ic=4.0024e-06  bc=8.3102e-07
SSBroyden2  iter 24500/50000  loss=5.6225e-05  pde=2.9023e-05  ic=4.5977e-06  bc=8.4263e-07
SSBroyden2  iter 25000/50000  loss=5.1499e-05  pde=2.7266e-05  ic=3.7961e-06  bc=1.0504e-06
SSBroyden2  iter 25500/50000  loss=5.8370e-05  pde=2.9234e-05  ic=4.8005e-06  bc=1.0267e-06
SSBroyden2  iter 26000/50000  loss=5.6448e-05  pde=2.8500e-05  ic=4.5826e-06  bc=1.0072e-06
SSBroyden2  iter 26500/50000  loss=4.9889e-05  pde=2.7393e-05  ic=3.5287e-06  bc=9.7067e-07
SSBroyden2  iter 27000/50000  loss=4.9710e-05  pde=2.6340e-05  ic=3.7564e-06  bc=9.1765e-07
SSBroyden2  iter 27500/50000  loss=5.1474e-05  pde=2.8164e-05  ic=3.6120e-06  bc=1.0501e-06
SSBroyden2  iter 28000/50000  loss=5.1478e-05  pde=2.7845e-05  ic=3.9832e-06  bc=7.4351e-07
SSBroyden2  iter 28500/50000  loss=4.9468e-05  pde=2.6570e-05  ic=3.7708e-06  bc=8.0889e-07
SSBroyden2  iter 29000/50000  loss=4.9983e-05  pde=2.7000e-05  ic=3.6103e-06  bc=9.8635e-07
SSBroyden2  iter 29500/50000  loss=5.0805e-05  pde=2.7487e-05  ic=3.6980e-06  bc=9.6543e-07
SSBroyden2  iter 30000/50000  loss=5.3506e-05  pde=2.6314e-05  ic=4.5694e-06  bc=8.6904e-07
SSBroyden2  iter 30500/50000  loss=4.6940e-05  pde=2.6634e-05  ic=3.2481e-06  bc=8.1314e-07
SSBroyden2  iter 31000/50000  loss=4.9459e-05  pde=2.7150e-05  ic=3.5459e-06  bc=9.1596e-07
SSBroyden2  iter 31500/50000  loss=5.0875e-05  pde=2.6908e-05  ic=3.9332e-06  bc=8.6027e-07
SSBroyden2  iter 32000/50000  loss=4.7827e-05  pde=2.7858e-05  ic=3.2702e-06  bc=7.2366e-07
SSBroyden2  iter 32500/50000  loss=4.8183e-05  pde=2.7071e-05  ic=3.3757e-06  bc=8.4662e-07
SSBroyden2  iter 33000/50000  loss=4.4730e-05  pde=2.5742e-05  ic=3.0635e-06  bc=7.3427e-07
SSBroyden2  iter 33500/50000  loss=4.6204e-05  pde=2.6056e-05  ic=3.2479e-06  bc=7.8166e-07
SSBroyden2  iter 34000/50000  loss=4.9552e-05  pde=2.8011e-05  ic=3.3675e-06  bc=9.4059e-07
SSBroyden2  iter 34500/50000  loss=4.7343e-05  pde=2.6147e-05  ic=3.3578e-06  bc=8.8141e-07
SSBroyden2  iter 35000/50000  loss=4.4432e-05  pde=2.5520e-05  ic=3.1831e-06  bc=5.9947e-07
SSBroyden2  iter 35500/50000  loss=4.8476e-05  pde=2.6312e-05  ic=3.4871e-06  bc=9.4570e-07
SSBroyden2  iter 36000/50000  loss=4.6682e-05  pde=2.6699e-05  ic=3.2644e-06  bc=7.3216e-07
SSBroyden2  iter 36500/50000  loss=5.0736e-05  pde=2.6876e-05  ic=3.7762e-06  bc=9.9593e-07
SSBroyden2  iter 37000/50000  loss=5.0295e-05  pde=2.6250e-05  ic=3.8482e-06  bc=9.6093e-07
SSBroyden2  iter 37500/50000  loss=4.4934e-05  pde=2.3910e-05  ic=3.3712e-06  bc=8.3362e-07
SSBroyden2  iter 38000/50000  loss=4.3149e-05  pde=2.5088e-05  ic=2.8566e-06  bc=7.5556e-07
SSBroyden2  iter 38500/50000  loss=4.8693e-05  pde=2.5886e-05  ic=3.8046e-06  bc=7.5670e-07
SSBroyden2  iter 39000/50000  loss=4.6675e-05  pde=2.5189e-05  ic=3.4138e-06  bc=8.8340e-07
SSBroyden2  iter 39500/50000  loss=4.4263e-05  pde=2.6123e-05  ic=2.9565e-06  bc=6.7151e-07
SSBroyden2  iter 40000/50000  loss=4.3849e-05  pde=2.5073e-05  ic=3.1033e-06  bc=6.5178e-07
SSBroyden2  iter 40500/50000  loss=4.5728e-05  pde=2.6459e-05  ic=3.2178e-06  bc=6.3589e-07
SSBroyden2  iter 41000/50000  loss=4.3261e-05  pde=2.4392e-05  ic=3.1205e-06  bc=6.5328e-07
SSBroyden2  iter 41500/50000  loss=4.5140e-05  pde=2.4269e-05  ic=3.3511e-06  bc=8.2317e-07
SSBroyden2  iter 42000/50000  loss=4.2335e-05  pde=2.4738e-05  ic=2.9120e-06  bc=6.0749e-07
SSBroyden2  iter 42500/50000  loss=4.4793e-05  pde=2.5331e-05  ic=3.2121e-06  bc=6.8037e-07
SSBroyden2  iter 43000/50000  loss=4.2447e-05  pde=2.3915e-05  ic=2.9640e-06  bc=7.4233e-07
SSBroyden2  iter 43500/50000  loss=4.6178e-05  pde=2.5133e-05  ic=3.4108e-06  bc=7.9831e-07
SSBroyden2  iter 44000/50000  loss=4.3145e-05  pde=2.4027e-05  ic=2.9824e-06  bc=8.4120e-07
SSBroyden2  iter 44500/50000  loss=4.4649e-05  pde=2.4638e-05  ic=3.2377e-06  bc=7.6440e-07
SSBroyden2  iter 45000/50000  loss=4.2772e-05  pde=2.4101e-05  ic=2.9085e-06  bc=8.2577e-07
SSBroyden2  iter 45500/50000  loss=4.1766e-05  pde=2.4482e-05  ic=2.8714e-06  bc=5.8538e-07
SSBroyden2  iter 46000/50000  loss=3.8478e-05  pde=2.3483e-05  ic=2.4189e-06  bc=5.8015e-07
SSBroyden2  iter 46500/50000  loss=4.3492e-05  pde=2.4619e-05  ic=3.0279e-06  bc=7.4671e-07
SSBroyden2  iter 47000/50000  loss=3.9246e-05  pde=2.3200e-05  ic=2.6991e-06  bc=5.1015e-07
SSBroyden2  iter 47500/50000  loss=4.3205e-05  pde=2.3044e-05  ic=3.3282e-06  bc=7.0400e-07
SSBroyden2  iter 48000/50000  loss=3.8961e-05  pde=2.3203e-05  ic=2.5214e-06  bc=6.3026e-07
SSBroyden2  iter 48500/50000  loss=4.0408e-05  pde=2.3098e-05  ic=2.8568e-06  bc=6.0517e-07
SSBroyden2  iter 49000/50000  loss=4.4584e-05  pde=2.3846e-05  ic=3.3309e-06  bc=8.1675e-07
SSBroyden2  iter 49500/50000  loss=4.0675e-05  pde=2.2409e-05  ic=2.9387e-06  bc=7.1434e-07
SSBroyden2  iter 50000/50000  loss=4.4531e-05  pde=2.3322e-05  ic=3.6519e-06  bc=5.8979e-07

SSBroyden2 phase complete: 44470.3s
Total training time: 45346.2s

Model saved to results/v3_64_ablation/V3_F_combined_sampling/seed_3/model.pt
Metrics saved to results/v3_64_ablation/V3_F_combined_sampling/seed_3/metrics.npz

Mass conservation diagnostic (<U> over domain at 21 times):
  <U>(t=0.0) = -0.004006
  <U>(t=20.0) = +0.006112
  max drift       = 1.05e-02

Loading reference solution from /oscar/home/dwong33/DRP-Cahn-Hilliard-PINN/reference_solution_64.npz ...
  Per-snapshot relative L2 errors:
    t=0.0  L2_rel=5.9251e-02
    t=5.0  L2_rel=4.5799e-01
    t=10.0  L2_rel=5.1849e-01
    t=15.0  L2_rel=6.9712e-01
    t=20.0  L2_rel=8.5983e-01
  Overall relative L2 = 3.6606e-01
  Saved comparison_snapshots.png
Summary saved to results/v3_64_ablation/V3_F_combined_sampling/seed_3/summary.json

Plots saved to results/v3_64_ablation/V3_F_combined_sampling/seed_3/

======================================================================
EXPERIMENT COMPLETE: V3_F_combined_sampling
  Adam: 1000 epochs, 876.0s
  BFGS: 50000 iters (SSBroyden2), 44470.3s
  Total: 45346.2s
  Final loss: 4.4531e-05
  Final relative L2: 4.5911e-01
  Iterations to L2<=0.50: 18500
  Results: results/v3_64_ablation/V3_F_combined_sampling/seed_3/
======================================================================

========================================================================
Job finished at Mon Apr 20 11:13:54 AM EDT 2026
Exit code: 0
========================================================================
